<?xml version="1.0" encoding="UTF-8" ?>
<testsuite tests="1" failures="1" name="environment.MigrationsTest" time="12.358" errors="0" skipped="0">
  <properties>
    <property name="java.runtime.name" value="Java(TM) SE Runtime Environment"/>
    <property name="idea.version" value="2022.3.2"/>
    <property name="java.vm.version" value="19.0.2+7-44"/>
    <property name="sun.boot.library.path" value="C:\Program Files\Java\jdk-19\bin"/>
    <property name="maven.multiModuleProjectDirectory" value="C:\Users\ga12\SpringLearning\SpringLearning"/>
    <property name="java.vm.vendor" value="Oracle Corporation"/>
    <property name="java.vendor.url" value="https://java.oracle.com/"/>
    <property name="path.separator" value=";"/>
    <property name="guice.disable.misplaced.annotation.check" value="true"/>
    <property name="java.vm.name" value="Java HotSpot(TM) 64-Bit Server VM"/>
    <property name="user.country" value="RU"/>
    <property name="sun.java.launcher" value="SUN_STANDARD"/>
    <property name="user.script" value=""/>
    <property name="sun.os.patch.level" value=""/>
    <property name="user.dir" value="C:\Users\ga12\SpringLearning\SpringLearning"/>
    <property name="java.vm.compressedOopsMode" value="32-bit"/>
    <property name="java.vm.specification.name" value="Java Virtual Machine Specification"/>
    <property name="java.runtime.version" value="19.0.2+7-44"/>
    <property name="os.arch" value="amd64"/>
    <property name="java.io.tmpdir" value="C:\Users\ga12\AppData\Local\Temp\"/>
    <property name="line.separator" value="
"/>
    <property name="java.vm.specification.vendor" value="Oracle Corporation"/>
    <property name="user.variant" value=""/>
    <property name="os.name" value="Windows 10"/>
    <property name="stderr.encoding" value="UTF-8"/>
    <property name="maven.ext.class.path" value="C:\Program Files\JetBrains\IntelliJ IDEA 2022.3.2\plugins\maven\lib\maven-event-listener.jar"/>
    <property name="classworlds.conf" value="C:\Program Files\JetBrains\IntelliJ IDEA 2022.3.2\plugins\maven\lib\maven3\bin\m2.conf"/>
    <property name="sun.jnu.encoding" value="Cp1251"/>
    <property name="stdout.encoding" value="UTF-8"/>
    <property name="java.library.path" value="C:\Program Files\Java\jdk-19\bin;C:\Windows\Sun\Java\bin;C:\Windows\system32;C:\Windows;C:\Program Files\Eclipse Adoptium\jdk-17.0.7.7-hotspot\bin;C:\Program Files\Common Files\Oracle\Java\javapath;C:\ProgramData\Oracle\Java\javapath;C:\Windows\system32;C:\Windows;C:\Windows\System32\Wbem;C:\Windows\System32\WindowsPowerShell\v1.0\;C:\Windows\System32\OpenSSH\;C:\Program Files (x86)\NVIDIA Corporation\PhysX\Common;C:\Program Files\dotnet\;C:\Program Files\Microsoft SQL Server\130\Tools\Binn\;C:\Program Files\Microsoft SQL Server\Client SDK\ODBC\170\Tools\Binn\;C:\Program Files\Common Files\Autodesk Shared\;C:\Program Files\Microsoft SQL Server\120\Tools\Binn\;C:\Program Files\apache-maven-3.9.3\bin;;C:\Program Files\Docker\Docker\resources\bin;C:\Users\ga12\AppData\Local\Programs\Python\Python311\Scripts\;C:\Users\ga12\AppData\Local\Programs\Python\Python311\;C:\Users\ga12\AppData\Local\Microsoft\WindowsApps;C:\Users\ga12\.dotnet\tools;C:\Program Files\JetBrains\CLion 2022.2.3\bin;C:\Users\ga12\AppData\Local\GitHubDesktop\bin;C:\Program Files\JetBrains\IntelliJ IDEA 2022.3.2\bin;C:\Users\ga12\AppData\Local\atom\bin;."/>
    <property name="jansi.passthrough" value="true"/>
    <property name="maven.conf" value="C:\Program Files\JetBrains\IntelliJ IDEA 2022.3.2\plugins\maven\lib\maven3/conf"/>
    <property name="jdk.debug" value="release"/>
    <property name="java.class.version" value="63.0"/>
    <property name="java.specification.name" value="Java Platform API Specification"/>
    <property name="sun.management.compiler" value="HotSpot 64-Bit Tiered Compilers"/>
    <property name="os.version" value="10.0"/>
    <property name="user.home" value="C:\Users\ga12"/>
    <property name="user.timezone" value="Europe/Moscow"/>
    <property name="file.encoding" value="UTF-8"/>
    <property name="java.specification.version" value="19"/>
    <property name="java.class.path" value="C:\Program Files\JetBrains\IntelliJ IDEA 2022.3.2\plugins\maven\lib\maven3\boot\plexus-classworlds-2.6.0.jar;C:\Program Files\JetBrains\IntelliJ IDEA 2022.3.2\plugins\maven\lib\maven3\boot\plexus-classworlds.license"/>
    <property name="user.name" value="ga12"/>
    <property name="java.vm.specification.version" value="19"/>
    <property name="sun.arch.data.model" value="64"/>
    <property name="sun.java.command" value="org.codehaus.classworlds.Launcher -Didea.version=2022.3.2 package"/>
    <property name="java.home" value="C:\Program Files\Java\jdk-19"/>
    <property name="user.language" value="ru"/>
    <property name="java.specification.vendor" value="Oracle Corporation"/>
    <property name="java.vm.info" value="mixed mode, sharing"/>
    <property name="java.version" value="19.0.2"/>
    <property name="native.encoding" value="Cp1251"/>
    <property name="java.vendor" value="Oracle Corporation"/>
    <property name="sun.stderr.encoding" value="UTF-8"/>
    <property name="maven.home" value="C:\Program Files\JetBrains\IntelliJ IDEA 2022.3.2\plugins\maven\lib\maven3"/>
    <property name="file.separator" value="\"/>
    <property name="java.version.date" value="2023-01-17"/>
    <property name="java.vendor.url.bug" value="https://bugreport.java.com/bugreport/"/>
    <property name="sun.cpu.endian" value="little"/>
    <property name="sun.io.unicode.encoding" value="UnicodeLittle"/>
    <property name="sun.stdout.encoding" value="UTF-8"/>
    <property name="sun.cpu.isalist" value="amd64"/>
  </properties>
  <testcase classname="environment.MigrationsTest" name="when_ContainerRun_TablesCreate" time="12.358">
    <failure message="
Expecting ArrayList:
  [&quot;databasechangeloglock&quot;, &quot;databasechangelog&quot;]
to contain:
  [&quot;link&quot;, &quot;chat&quot;, &quot;chat-link&quot;, &quot;databasechangelog&quot;, &quot;databasechangeloglock&quot;]
but could not find the following element(s):
  [&quot;link&quot;, &quot;chat&quot;, &quot;chat-link&quot;]
" type="java.lang.AssertionError">java.lang.AssertionError: 
Expecting ArrayList:
  [&quot;databasechangeloglock&quot;, &quot;databasechangelog&quot;]
to contain:
  [&quot;link&quot;, &quot;chat&quot;, &quot;chat-link&quot;, &quot;databasechangelog&quot;, &quot;databasechangeloglock&quot;]
but could not find the following element(s):
  [&quot;link&quot;, &quot;chat&quot;, &quot;chat-link&quot;]

	at environment.MigrationsTest.when_ContainerRun_TablesCreate(MigrationsTest.java:34)
	at java.base/jdk.internal.reflect.DirectMethodHandleAccessor.invoke(DirectMethodHandleAccessor.java:104)
	at java.base/java.lang.reflect.Method.invoke(Method.java:578)
	at org.junit.runners.model.FrameworkMethod$1.runReflectiveCall(FrameworkMethod.java:59)
	at org.junit.internal.runners.model.ReflectiveCallable.run(ReflectiveCallable.java:12)
	at org.junit.runners.model.FrameworkMethod.invokeExplosively(FrameworkMethod.java:56)
	at org.junit.internal.runners.statements.InvokeMethod.evaluate(InvokeMethod.java:17)
	at org.junit.runners.ParentRunner$3.evaluate(ParentRunner.java:306)
	at org.junit.runners.BlockJUnit4ClassRunner$1.evaluate(BlockJUnit4ClassRunner.java:100)
	at org.junit.runners.ParentRunner.runLeaf(ParentRunner.java:366)
	at org.junit.runners.BlockJUnit4ClassRunner.runChild(BlockJUnit4ClassRunner.java:103)
	at org.junit.runners.BlockJUnit4ClassRunner.runChild(BlockJUnit4ClassRunner.java:63)
	at org.junit.runners.ParentRunner$4.run(ParentRunner.java:331)
	at org.junit.runners.ParentRunner$1.schedule(ParentRunner.java:79)
	at org.junit.runners.ParentRunner.runChildren(ParentRunner.java:329)
	at org.junit.runners.ParentRunner.access$100(ParentRunner.java:66)
	at org.junit.runners.ParentRunner$2.evaluate(ParentRunner.java:293)
	at org.junit.runners.ParentRunner$3.evaluate(ParentRunner.java:306)
	at org.junit.runners.ParentRunner.run(ParentRunner.java:413)
	at org.apache.maven.surefire.junit4.JUnit4Provider.execute(JUnit4Provider.java:252)
	at org.apache.maven.surefire.junit4.JUnit4Provider.executeTestSet(JUnit4Provider.java:141)
	at org.apache.maven.surefire.junit4.JUnit4Provider.invoke(JUnit4Provider.java:112)
	at java.base/jdk.internal.reflect.DirectMethodHandleAccessor.invoke(DirectMethodHandleAccessor.java:104)
	at java.base/java.lang.reflect.Method.invoke(Method.java:578)
	at org.apache.maven.surefire.util.ReflectionUtils.invokeMethodWithArray(ReflectionUtils.java:189)
	at org.apache.maven.surefire.booter.ProviderFactory$ProviderProxy.invoke(ProviderFactory.java:165)
	at org.apache.maven.surefire.booter.ProviderFactory.invokeProvider(ProviderFactory.java:85)
	at org.apache.maven.surefire.booter.ForkedBooter.runSuitesInProcess(ForkedBooter.java:115)
	at org.apache.maven.surefire.booter.ForkedBooter.main(ForkedBooter.java:75)
</failure>
    <system-out>17:51:54.890 [main] DEBUG org.testcontainers.utility.TestcontainersConfiguration - Testcontainers configuration overrides will be loaded from file:/C:/Users/ga12/.testcontainers.properties
17:51:54.921 [main] INFO org.testcontainers.utility.ImageNameSubstitutor - Image name substitution will be performed by: DefaultImageNameSubstitutor (composite of &apos;ConfigurationFileImageNameSubstitutor&apos; and &apos;PrefixingImageNameSubstitutor&apos;)
17:51:55.625 [main] INFO org.testcontainers.dockerclient.DockerClientProviderStrategy - Loaded org.testcontainers.dockerclient.NpipeSocketClientProviderStrategy from ~/.testcontainers.properties, will try it first
17:51:55.634 [main] DEBUG org.testcontainers.dockerclient.DockerClientProviderStrategy - Trying out strategy: NpipeSocketClientProviderStrategy
17:51:56.224 [main] DEBUG org.testcontainers.shaded.com.github.dockerjava.core.command.AbstrDockerCmd - Cmd: 
17:51:56.287 [main] DEBUG com.github.dockerjava.zerodep.shaded.org.apache.hc.client5.http.impl.classic.InternalHttpClient - ex-00000001: preparing request execution
17:51:56.296 [main] DEBUG com.github.dockerjava.zerodep.shaded.org.apache.hc.client5.http.protocol.RequestAddCookies - Cookie spec selected: strict
17:51:56.303 [main] DEBUG com.github.dockerjava.zerodep.shaded.org.apache.hc.client5.http.protocol.RequestAuthCache - Auth cache not set in the context
17:51:56.303 [main] DEBUG com.github.dockerjava.zerodep.shaded.org.apache.hc.client5.http.impl.classic.ProtocolExec - ex-00000001: target auth state: UNCHALLENGED
17:51:56.305 [main] DEBUG com.github.dockerjava.zerodep.shaded.org.apache.hc.client5.http.impl.classic.ProtocolExec - ex-00000001: proxy auth state: UNCHALLENGED
17:51:56.305 [main] DEBUG com.github.dockerjava.zerodep.shaded.org.apache.hc.client5.http.impl.classic.ConnectExec - ex-00000001: acquiring connection with route {}-&gt;npipe://localhost:2375
17:51:56.305 [main] DEBUG com.github.dockerjava.zerodep.shaded.org.apache.hc.client5.http.impl.classic.InternalHttpClient - ex-00000001: acquiring endpoint (3 MINUTES)
17:51:56.314 [main] DEBUG com.github.dockerjava.zerodep.shaded.org.apache.hc.client5.http.impl.io.PoolingHttpClientConnectionManager - ex-00000001: endpoint lease request (3 MINUTES) [route: {}-&gt;npipe://localhost:2375][total available: 0; route allocated: 0 of 2147483647; total allocated: 0 of 2147483647]
17:51:56.331 [main] DEBUG com.github.dockerjava.zerodep.shaded.org.apache.hc.client5.http.impl.io.PoolingHttpClientConnectionManager - ex-00000001: endpoint leased [route: {}-&gt;npipe://localhost:2375][total available: 0; route allocated: 1 of 2147483647; total allocated: 1 of 2147483647]
17:51:56.358 [main] DEBUG com.github.dockerjava.zerodep.shaded.org.apache.hc.client5.http.impl.io.PoolingHttpClientConnectionManager - ex-00000001: acquired ep-00000000
17:51:56.359 [main] DEBUG com.github.dockerjava.zerodep.shaded.org.apache.hc.client5.http.impl.classic.InternalHttpClient - ex-00000001: acquired endpoint ep-00000000
17:51:56.359 [main] DEBUG com.github.dockerjava.zerodep.shaded.org.apache.hc.client5.http.impl.classic.ConnectExec - ex-00000001: opening connection {}-&gt;npipe://localhost:2375
17:51:56.361 [main] DEBUG com.github.dockerjava.zerodep.shaded.org.apache.hc.client5.http.impl.classic.InternalHttpClient - ep-00000000: connecting endpoint (3 MINUTES)
17:51:56.361 [main] DEBUG com.github.dockerjava.zerodep.shaded.org.apache.hc.client5.http.impl.io.PoolingHttpClientConnectionManager - ep-00000000: connecting endpoint to npipe://localhost:2375 (3 MINUTES)
17:51:56.382 [main] DEBUG com.github.dockerjava.zerodep.shaded.org.apache.hc.client5.http.impl.io.DefaultHttpClientConnectionOperator - http-outgoing-0: connecting to localhost/127.0.0.1:2375
17:51:56.390 [main] DEBUG com.github.dockerjava.zerodep.shaded.org.apache.hc.client5.http.impl.io.DefaultHttpClientConnectionOperator - http-outgoing-0: connection established 
17:51:56.393 [main] DEBUG com.github.dockerjava.zerodep.shaded.org.apache.hc.client5.http.impl.io.PoolingHttpClientConnectionManager - ep-00000000: connected http-outgoing-0
17:51:56.395 [main] DEBUG com.github.dockerjava.zerodep.shaded.org.apache.hc.client5.http.impl.classic.InternalHttpClient - ep-00000000: endpoint connected
17:51:56.398 [main] DEBUG com.github.dockerjava.zerodep.shaded.org.apache.hc.client5.http.impl.classic.MainClientExec - ex-00000001: executing GET /v1.32/info HTTP/1.1
17:51:56.400 [main] DEBUG com.github.dockerjava.zerodep.shaded.org.apache.hc.client5.http.impl.classic.InternalHttpClient - ep-00000000: start execution ex-00000001
17:51:56.400 [main] DEBUG com.github.dockerjava.zerodep.shaded.org.apache.hc.client5.http.impl.io.PoolingHttpClientConnectionManager - ep-00000000: executing exchange ex-00000001 over http-outgoing-0
17:51:56.403 [main] DEBUG com.github.dockerjava.zerodep.shaded.org.apache.hc.client5.http.headers - http-outgoing-0 &gt;&gt; GET /v1.32/info HTTP/1.1
17:51:56.403 [main] DEBUG com.github.dockerjava.zerodep.shaded.org.apache.hc.client5.http.headers - http-outgoing-0 &gt;&gt; x-tc-sid: 2e83e22e-e672-4754-b852-5ac7974dddc6
17:51:56.403 [main] DEBUG com.github.dockerjava.zerodep.shaded.org.apache.hc.client5.http.headers - http-outgoing-0 &gt;&gt; Accept-Encoding: gzip, x-gzip, deflate
17:51:56.404 [main] DEBUG com.github.dockerjava.zerodep.shaded.org.apache.hc.client5.http.headers - http-outgoing-0 &gt;&gt; Host: localhost:2375
17:51:56.404 [main] DEBUG com.github.dockerjava.zerodep.shaded.org.apache.hc.client5.http.headers - http-outgoing-0 &gt;&gt; Connection: keep-alive
17:51:56.405 [main] DEBUG com.github.dockerjava.zerodep.shaded.org.apache.hc.client5.http.headers - http-outgoing-0 &gt;&gt; User-Agent: Apache-HttpClient/5.0.3 (Java/19.0.2)
17:51:56.405 [main] DEBUG com.github.dockerjava.zerodep.shaded.org.apache.hc.client5.http.wire - http-outgoing-0 &gt;&gt; &quot;GET /v1.32/info HTTP/1.1[\r][\n]&quot;
17:51:56.406 [main] DEBUG com.github.dockerjava.zerodep.shaded.org.apache.hc.client5.http.wire - http-outgoing-0 &gt;&gt; &quot;x-tc-sid: 2e83e22e-e672-4754-b852-5ac7974dddc6[\r][\n]&quot;
17:51:56.406 [main] DEBUG com.github.dockerjava.zerodep.shaded.org.apache.hc.client5.http.wire - http-outgoing-0 &gt;&gt; &quot;Accept-Encoding: gzip, x-gzip, deflate[\r][\n]&quot;
17:51:56.407 [main] DEBUG com.github.dockerjava.zerodep.shaded.org.apache.hc.client5.http.wire - http-outgoing-0 &gt;&gt; &quot;Host: localhost:2375[\r][\n]&quot;
17:51:56.408 [main] DEBUG com.github.dockerjava.zerodep.shaded.org.apache.hc.client5.http.wire - http-outgoing-0 &gt;&gt; &quot;Connection: keep-alive[\r][\n]&quot;
17:51:56.408 [main] DEBUG com.github.dockerjava.zerodep.shaded.org.apache.hc.client5.http.wire - http-outgoing-0 &gt;&gt; &quot;User-Agent: Apache-HttpClient/5.0.3 (Java/19.0.2)[\r][\n]&quot;
17:51:56.408 [main] DEBUG com.github.dockerjava.zerodep.shaded.org.apache.hc.client5.http.wire - http-outgoing-0 &gt;&gt; &quot;[\r][\n]&quot;
17:51:56.445 [main] DEBUG com.github.dockerjava.zerodep.shaded.org.apache.hc.client5.http.wire - http-outgoing-0 &lt;&lt; &quot;HTTP/1.1 200 OK[\r][\n]&quot;
17:51:56.445 [main] DEBUG com.github.dockerjava.zerodep.shaded.org.apache.hc.client5.http.wire - http-outgoing-0 &lt;&lt; &quot;Api-Version: 1.43[\r][\n]&quot;
17:51:56.446 [main] DEBUG com.github.dockerjava.zerodep.shaded.org.apache.hc.client5.http.wire - http-outgoing-0 &lt;&lt; &quot;Content-Type: application/json[\r][\n]&quot;
17:51:56.446 [main] DEBUG com.github.dockerjava.zerodep.shaded.org.apache.hc.client5.http.wire - http-outgoing-0 &lt;&lt; &quot;Date: Mon, 14 Aug 2023 17:51:56 GMT[\r][\n]&quot;
17:51:56.446 [main] DEBUG com.github.dockerjava.zerodep.shaded.org.apache.hc.client5.http.wire - http-outgoing-0 &lt;&lt; &quot;Docker-Experimental: false[\r][\n]&quot;
17:51:56.446 [main] DEBUG com.github.dockerjava.zerodep.shaded.org.apache.hc.client5.http.wire - http-outgoing-0 &lt;&lt; &quot;Ostype: linux[\r][\n]&quot;
17:51:56.446 [main] DEBUG com.github.dockerjava.zerodep.shaded.org.apache.hc.client5.http.wire - http-outgoing-0 &lt;&lt; &quot;Server: Docker/24.0.5 (linux)[\r][\n]&quot;
17:51:56.446 [main] DEBUG com.github.dockerjava.zerodep.shaded.org.apache.hc.client5.http.wire - http-outgoing-0 &lt;&lt; &quot;Transfer-Encoding: chunked[\r][\n]&quot;
17:51:56.447 [main] DEBUG com.github.dockerjava.zerodep.shaded.org.apache.hc.client5.http.wire - http-outgoing-0 &lt;&lt; &quot;[\r][\n]&quot;
17:51:56.448 [main] DEBUG com.github.dockerjava.zerodep.shaded.org.apache.hc.client5.http.wire - http-outgoing-0 &lt;&lt; &quot;a9e[\r][\n]&quot;
17:51:56.449 [main] DEBUG com.github.dockerjava.zerodep.shaded.org.apache.hc.client5.http.wire - http-outgoing-0 &lt;&lt; &quot;{&quot;ID&quot;:&quot;a6d44dbd-78f8-4c18-bf19-bfeaf664f37a&quot;,&quot;Containers&quot;:0,&quot;ContainersRunning&quot;:0,&quot;ContainersPaused&quot;:0,&quot;ContainersStopped&quot;:0,&quot;Images&quot;:3,&quot;Driver&quot;:&quot;overlay2&quot;,&quot;DriverStatus&quot;:[[&quot;Backing Filesystem&quot;,&quot;extfs&quot;],[&quot;Supports d_type&quot;,&quot;true&quot;],[&quot;Using metacopy&quot;,&quot;false&quot;],[&quot;Native Overlay Diff&quot;,&quot;true&quot;],[&quot;userxattr&quot;,&quot;false&quot;]],&quot;Plugins&quot;:{&quot;Volume&quot;:[&quot;local&quot;],&quot;Network&quot;:[&quot;bridge&quot;,&quot;host&quot;,&quot;ipvlan&quot;,&quot;macvlan&quot;,&quot;null&quot;,&quot;overlay&quot;],&quot;Authorization&quot;:null,&quot;Log&quot;:[&quot;awslogs&quot;,&quot;fluentd&quot;,&quot;gcplogs&quot;,&quot;gelf&quot;,&quot;journald&quot;,&quot;json-file&quot;,&quot;local&quot;,&quot;logentries&quot;,&quot;splunk&quot;,&quot;syslog&quot;]},&quot;MemoryLimit&quot;:true,&quot;SwapLimit&quot;:true,&quot;KernelMemory&quot;:true,&quot;KernelMemoryTCP&quot;:true,&quot;CpuCfsPeriod&quot;:true,&quot;CpuCfsQuota&quot;:true,&quot;CPUShares&quot;:true,&quot;CPUSet&quot;:true,&quot;PidsLimit&quot;:true,&quot;IPv4Forwarding&quot;:true,&quot;BridgeNfIptables&quot;:true,&quot;BridgeNfIp6tables&quot;:true,&quot;Debug&quot;:false,&quot;NFd&quot;:84,&quot;OomKillDisable&quot;:true,&quot;NGoroutines&quot;:146,&quot;SystemTime&quot;:&quot;2023-08-14T14:50:18.098143308Z&quot;,&quot;LoggingDriver&quot;:&quot;json-file&quot;,&quot;CgroupDriver&quot;:&quot;cgroupfs&quot;,&quot;CgroupVersion&quot;:&quot;1&quot;,&quot;NEventsListener&quot;:49,&quot;KernelVersion&quot;:&quot;5.10.102.1-microsoft-standard-WSL2&quot;,&quot;OperatingSystem&quot;:&quot;Docker Desktop&quot;,&quot;OSVersion&quot;:&quot;&quot;,&quot;OSType&quot;:&quot;linux&quot;,&quot;Architecture&quot;:&quot;x86_64&quot;,&quot;IndexServerAddress&quot;:&quot;https://index.docker.io/v1/&quot;,&quot;RegistryConfig&quot;:{&quot;AllowNondistributableArtifactsCIDRs&quot;:null,&quot;AllowNondistributableArtifactsHostnames&quot;:null,&quot;InsecureRegistryCIDRs&quot;:[&quot;127.0.0.0/8&quot;],&quot;IndexConfigs&quot;:{&quot;docker.io&quot;:{&quot;Name&quot;:&quot;docker.io&quot;,&quot;Mirrors&quot;:[],&quot;Secure&quot;:true,&quot;Official&quot;:true},&quot;hubproxy.docker.internal:5555&quot;:{&quot;Name&quot;:&quot;hubproxy.docker.internal:5555&quot;,&quot;Mirrors&quot;:[],&quot;Secure&quot;:false,&quot;Official&quot;:false}},&quot;Mirrors&quot;:null},&quot;NCPU&quot;:4,&quot;MemTotal&quot;:4909346816,&quot;GenericResources&quot;:null,&quot;DockerRootDir&quot;:&quot;/var/lib/docker&quot;,&quot;HttpProxy&quot;:&quot;http.docker.internal:3128&quot;,&quot;HttpsProxy&quot;:&quot;http.docker.internal:3128&quot;,&quot;NoProxy&quot;:&quot;hubproxy.docker.internal&quot;,&quot;Name&quot;:&quot;docker-desktop&quot;,&quot;Labels&quot;:[],&quot;ExperimentalBuild&quot;:false,&quot;ServerVersion&quot;:&quot;24.0.5&quot;,&quot;Runtimes&quot;:{&quot;io.containerd.runc.v2&quot;:{&quot;path&quot;:&quot;runc&quot;},&quot;runc&quot;:{&quot;path&quot;:&quot;runc&quot;}},&quot;DefaultRuntime&quot;:&quot;runc&quot;,&quot;Swarm&quot;:{&quot;NodeID&quot;:&quot;&quot;,&quot;NodeAddr&quot;:&quot;&quot;,&quot;LocalNodeState&quot;:&quot;inactive&quot;,&quot;ControlAvailable&quot;:false,&quot;Error&quot;:&quot;&quot;,&quot;RemoteManagers&quot;:null},&quot;LiveRestoreEnabled&quot;:false,&quot;Isolation&quot;:&quot;&quot;,&quot;InitBinary&quot;:&quot;docker-init&quot;,&quot;ContainerdCommit&quot;:{&quot;ID&quot;:&quot;3dce8eb055cbb6872793272b4f20ed16117344f8&quot;,&quot;Expected&quot;:&quot;3dce8eb055cbb6872793272b4f20ed16117344f8&quot;},&quot;RuncCommit&quot;:{&quot;ID&quot;:&quot;v1.1.7-0-g860f061&quot;,&quot;Expected&quot;:&quot;v1.1.7-0-g860f061&quot;},&quot;InitCommit&quot;:{&quot;ID&quot;:&quot;de40ad0&quot;,&quot;Expected&quot;:&quot;de40ad0&quot;},&quot;SecurityOptions&quot;:[&quot;name=seccomp,profile=unconfined&quot;],&quot;Warnings&quot;:[&quot;WARNING: No blkio throttle.read_bps_device support&quot;,&quot;WARNING: No blkio throttle.write_bps_device support&quot;,&quot;WARNING: No blkio throttle.read_iops_device support&quot;,&quot;WARNING: No blkio throttle.write_iops_device support&quot;,&quot;WARNING: daemon is not using the default seccomp profile&quot;]}[\n]&quot;
17:51:56.450 [main] DEBUG com.github.dockerjava.zerodep.shaded.org.apache.hc.client5.http.wire - http-outgoing-0 &lt;&lt; &quot;[\r][\n]&quot;
17:51:56.450 [main] DEBUG com.github.dockerjava.zerodep.shaded.org.apache.hc.client5.http.wire - http-outgoing-0 &lt;&lt; &quot;0[\r][\n]&quot;
17:51:56.451 [main] DEBUG com.github.dockerjava.zerodep.shaded.org.apache.hc.client5.http.wire - http-outgoing-0 &lt;&lt; &quot;[\r][\n]&quot;
17:51:56.467 [main] DEBUG com.github.dockerjava.zerodep.shaded.org.apache.hc.client5.http.headers - http-outgoing-0 &lt;&lt; HTTP/1.1 200 OK
17:51:56.468 [main] DEBUG com.github.dockerjava.zerodep.shaded.org.apache.hc.client5.http.headers - http-outgoing-0 &lt;&lt; Api-Version: 1.43
17:51:56.468 [main] DEBUG com.github.dockerjava.zerodep.shaded.org.apache.hc.client5.http.headers - http-outgoing-0 &lt;&lt; Content-Type: application/json
17:51:56.468 [main] DEBUG com.github.dockerjava.zerodep.shaded.org.apache.hc.client5.http.headers - http-outgoing-0 &lt;&lt; Date: Mon, 14 Aug 2023 17:51:56 GMT
17:51:56.469 [main] DEBUG com.github.dockerjava.zerodep.shaded.org.apache.hc.client5.http.headers - http-outgoing-0 &lt;&lt; Docker-Experimental: false
17:51:56.472 [main] DEBUG com.github.dockerjava.zerodep.shaded.org.apache.hc.client5.http.headers - http-outgoing-0 &lt;&lt; Ostype: linux
17:51:56.472 [main] DEBUG com.github.dockerjava.zerodep.shaded.org.apache.hc.client5.http.headers - http-outgoing-0 &lt;&lt; Server: Docker/24.0.5 (linux)
17:51:56.472 [main] DEBUG com.github.dockerjava.zerodep.shaded.org.apache.hc.client5.http.headers - http-outgoing-0 &lt;&lt; Transfer-Encoding: chunked
17:51:56.514 [main] DEBUG com.github.dockerjava.zerodep.shaded.org.apache.hc.client5.http.impl.classic.MainClientExec - ex-00000001: connection can be kept alive for 3 MINUTES
17:51:56.809 [main] DEBUG com.github.dockerjava.zerodep.shaded.org.apache.hc.client5.http.impl.classic.InternalHttpClient - ep-00000000: releasing valid endpoint
17:51:56.809 [main] DEBUG com.github.dockerjava.zerodep.shaded.org.apache.hc.client5.http.impl.io.PoolingHttpClientConnectionManager - ep-00000000: releasing endpoint
17:51:56.809 [main] DEBUG com.github.dockerjava.zerodep.shaded.org.apache.hc.client5.http.impl.io.PoolingHttpClientConnectionManager - ep-00000000: connection http-outgoing-0 can be kept alive for 3 MINUTES
17:51:56.811 [main] DEBUG com.github.dockerjava.zerodep.shaded.org.apache.hc.client5.http.impl.io.PoolingHttpClientConnectionManager - ep-00000000: connection released [route: {}-&gt;npipe://localhost:2375][total available: 1; route allocated: 1 of 2147483647; total allocated: 1 of 2147483647]
17:51:56.813 [main] INFO org.testcontainers.dockerclient.DockerClientProviderStrategy - Found Docker environment with local Npipe socket (npipe:////./pipe/docker_engine)
17:51:56.814 [main] DEBUG org.testcontainers.dockerclient.DockerClientProviderStrategy - Transport type: &apos;httpclient5&apos;, Docker host: &apos;npipe:////./pipe/docker_engine&apos;
17:51:56.814 [main] DEBUG org.testcontainers.dockerclient.DockerClientProviderStrategy - Checking Docker OS type for local Npipe socket (npipe:////./pipe/docker_engine)
17:51:56.819 [main] INFO org.testcontainers.DockerClientFactory - Docker host IP address is localhost
17:51:56.819 [main] DEBUG org.testcontainers.DockerClientFactory - Docker info: {NGoroutines=146, Name=docker-desktop, Swarm={NodeID=, NodeAddr=, LocalNodeState=inactive, ControlAvailable=false, Error=, RemoteManagers=null}, RuncCommit={ID=v1.1.7-0-g860f061, Expected=v1.1.7-0-g860f061}, OSVersion=, Runtimes={io.containerd.runc.v2={path=runc}, runc={path=runc}}, ID=a6d44dbd-78f8-4c18-bf19-bfeaf664f37a, DriverStatus=[[Backing Filesystem, extfs], [Supports d_type, true], [Using metacopy, false], [Native Overlay Diff, true], [userxattr, false]], BridgeNfIptables=true, LiveRestoreEnabled=false, SystemTime=2023-08-14T14:50:18.098143308Z, NoProxy=hubproxy.docker.internal, Architecture=x86_64, NEventsListener=49, HttpsProxy=http.docker.internal:3128, Images=3, ContainersRunning=0, Labels=[], InitCommit={ID=de40ad0, Expected=de40ad0}, NFd=84, KernelVersion=5.10.102.1-microsoft-standard-WSL2, LoggingDriver=json-file, OSType=linux, SecurityOptions=[name=seccomp,profile=unconfined], ContainerdCommit={ID=3dce8eb055cbb6872793272b4f20ed16117344f8, Expected=3dce8eb055cbb6872793272b4f20ed16117344f8}, GenericResources=null, KernelMemory=true, OperatingSystem=Docker Desktop, RegistryConfig={AllowNondistributableArtifactsCIDRs=null, AllowNondistributableArtifactsHostnames=null, InsecureRegistryCIDRs=[127.0.0.0/8], IndexConfigs={docker.io={Name=docker.io, Mirrors=[], Secure=true, Official=true}, hubproxy.docker.internal:5555={Name=hubproxy.docker.internal:5555, Mirrors=[], Secure=false, Official=false}}, Mirrors=null}, ServerVersion=24.0.5, OomKillDisable=true, CpuCfsQuota=true, Containers=0, Driver=overlay2, KernelMemoryTCP=true, IPv4Forwarding=true, ExperimentalBuild=false, DockerRootDir=/var/lib/docker, CPUSet=true, CpuCfsPeriod=true, DefaultRuntime=runc, CPUShares=true, Debug=false, NCPU=4, Plugins={Volume=[local], Network=[bridge, host, ipvlan, macvlan, null, overlay], Authorization=null, Log=[awslogs, fluentd, gcplogs, gelf, journald, json-file, local, logentries, splunk, syslog]}, SwapLimit=true, CgroupDriver=cgroupfs, ContainersPaused=0, MemTotal=4909346816, IndexServerAddress=https://index.docker.io/v1/, MemoryLimit=true, HttpProxy=http.docker.internal:3128, InitBinary=docker-init, CgroupVersion=1, PidsLimit=true, Isolation=, BridgeNfIp6tables=true, Warnings=[WARNING: No blkio throttle.read_bps_device support, WARNING: No blkio throttle.write_bps_device support, WARNING: No blkio throttle.read_iops_device support, WARNING: No blkio throttle.write_iops_device support, WARNING: daemon is not using the default seccomp profile], ContainersStopped=0}
17:51:56.828 [main] DEBUG org.testcontainers.shaded.com.github.dockerjava.core.command.AbstrDockerCmd - Cmd: 
17:51:56.831 [main] DEBUG com.github.dockerjava.zerodep.shaded.org.apache.hc.client5.http.impl.classic.InternalHttpClient - ex-00000002: preparing request execution
17:51:56.832 [main] DEBUG com.github.dockerjava.zerodep.shaded.org.apache.hc.client5.http.protocol.RequestAddCookies - Cookie spec selected: strict
17:51:56.832 [main] DEBUG com.github.dockerjava.zerodep.shaded.org.apache.hc.client5.http.protocol.RequestAuthCache - Auth cache not set in the context
17:51:56.832 [main] DEBUG com.github.dockerjava.zerodep.shaded.org.apache.hc.client5.http.impl.classic.ProtocolExec - ex-00000002: target auth state: UNCHALLENGED
17:51:56.832 [main] DEBUG com.github.dockerjava.zerodep.shaded.org.apache.hc.client5.http.impl.classic.ProtocolExec - ex-00000002: proxy auth state: UNCHALLENGED
17:51:56.832 [main] DEBUG com.github.dockerjava.zerodep.shaded.org.apache.hc.client5.http.impl.classic.ConnectExec - ex-00000002: acquiring connection with route {}-&gt;npipe://localhost:2375
17:51:56.832 [main] DEBUG com.github.dockerjava.zerodep.shaded.org.apache.hc.client5.http.impl.classic.InternalHttpClient - ex-00000002: acquiring endpoint (3 MINUTES)
17:51:56.834 [main] DEBUG com.github.dockerjava.zerodep.shaded.org.apache.hc.client5.http.impl.io.PoolingHttpClientConnectionManager - ex-00000002: endpoint lease request (3 MINUTES) [route: {}-&gt;npipe://localhost:2375][total available: 1; route allocated: 1 of 2147483647; total allocated: 1 of 2147483647]
17:51:56.835 [main] DEBUG com.github.dockerjava.zerodep.shaded.org.apache.hc.client5.http.impl.io.PoolingHttpClientConnectionManager - ex-00000002: endpoint leased [route: {}-&gt;npipe://localhost:2375][total available: 0; route allocated: 1 of 2147483647; total allocated: 1 of 2147483647]
17:51:56.836 [main] DEBUG com.github.dockerjava.zerodep.shaded.org.apache.hc.client5.http.impl.io.PoolingHttpClientConnectionManager - ex-00000002: acquired ep-00000001
17:51:56.837 [main] DEBUG com.github.dockerjava.zerodep.shaded.org.apache.hc.client5.http.impl.classic.InternalHttpClient - ex-00000002: acquired endpoint ep-00000001
17:51:56.838 [main] DEBUG com.github.dockerjava.zerodep.shaded.org.apache.hc.client5.http.impl.classic.MainClientExec - ex-00000002: executing GET /v1.32/version HTTP/1.1
17:51:56.838 [main] DEBUG com.github.dockerjava.zerodep.shaded.org.apache.hc.client5.http.impl.classic.InternalHttpClient - ep-00000001: start execution ex-00000002
17:51:56.838 [main] DEBUG com.github.dockerjava.zerodep.shaded.org.apache.hc.client5.http.impl.io.PoolingHttpClientConnectionManager - ep-00000001: executing exchange ex-00000002 over http-outgoing-0
17:51:56.839 [main] DEBUG com.github.dockerjava.zerodep.shaded.org.apache.hc.client5.http.headers - http-outgoing-0 &gt;&gt; GET /v1.32/version HTTP/1.1
17:51:56.839 [main] DEBUG com.github.dockerjava.zerodep.shaded.org.apache.hc.client5.http.headers - http-outgoing-0 &gt;&gt; accept: application/json
17:51:56.839 [main] DEBUG com.github.dockerjava.zerodep.shaded.org.apache.hc.client5.http.headers - http-outgoing-0 &gt;&gt; x-tc-sid: 2e83e22e-e672-4754-b852-5ac7974dddc6
17:51:56.839 [main] DEBUG com.github.dockerjava.zerodep.shaded.org.apache.hc.client5.http.headers - http-outgoing-0 &gt;&gt; Accept-Encoding: gzip, x-gzip, deflate
17:51:56.839 [main] DEBUG com.github.dockerjava.zerodep.shaded.org.apache.hc.client5.http.headers - http-outgoing-0 &gt;&gt; Host: localhost:2375
17:51:56.839 [main] DEBUG com.github.dockerjava.zerodep.shaded.org.apache.hc.client5.http.headers - http-outgoing-0 &gt;&gt; Connection: keep-alive
17:51:56.839 [main] DEBUG com.github.dockerjava.zerodep.shaded.org.apache.hc.client5.http.headers - http-outgoing-0 &gt;&gt; User-Agent: Apache-HttpClient/5.0.3 (Java/19.0.2)
17:51:56.840 [main] DEBUG com.github.dockerjava.zerodep.shaded.org.apache.hc.client5.http.wire - http-outgoing-0 &gt;&gt; &quot;GET /v1.32/version HTTP/1.1[\r][\n]&quot;
17:51:56.840 [main] DEBUG com.github.dockerjava.zerodep.shaded.org.apache.hc.client5.http.wire - http-outgoing-0 &gt;&gt; &quot;accept: application/json[\r][\n]&quot;
17:51:56.840 [main] DEBUG com.github.dockerjava.zerodep.shaded.org.apache.hc.client5.http.wire - http-outgoing-0 &gt;&gt; &quot;x-tc-sid: 2e83e22e-e672-4754-b852-5ac7974dddc6[\r][\n]&quot;
17:51:56.840 [main] DEBUG com.github.dockerjava.zerodep.shaded.org.apache.hc.client5.http.wire - http-outgoing-0 &gt;&gt; &quot;Accept-Encoding: gzip, x-gzip, deflate[\r][\n]&quot;
17:51:56.841 [main] DEBUG com.github.dockerjava.zerodep.shaded.org.apache.hc.client5.http.wire - http-outgoing-0 &gt;&gt; &quot;Host: localhost:2375[\r][\n]&quot;
17:51:56.841 [main] DEBUG com.github.dockerjava.zerodep.shaded.org.apache.hc.client5.http.wire - http-outgoing-0 &gt;&gt; &quot;Connection: keep-alive[\r][\n]&quot;
17:51:56.842 [main] DEBUG com.github.dockerjava.zerodep.shaded.org.apache.hc.client5.http.wire - http-outgoing-0 &gt;&gt; &quot;User-Agent: Apache-HttpClient/5.0.3 (Java/19.0.2)[\r][\n]&quot;
17:51:56.845 [main] DEBUG com.github.dockerjava.zerodep.shaded.org.apache.hc.client5.http.wire - http-outgoing-0 &gt;&gt; &quot;[\r][\n]&quot;
17:51:56.851 [main] DEBUG com.github.dockerjava.zerodep.shaded.org.apache.hc.client5.http.wire - http-outgoing-0 &lt;&lt; &quot;HTTP/1.1 200 OK[\r][\n]&quot;
17:51:56.851 [main] DEBUG com.github.dockerjava.zerodep.shaded.org.apache.hc.client5.http.wire - http-outgoing-0 &lt;&lt; &quot;Api-Version: 1.43[\r][\n]&quot;
17:51:56.851 [main] DEBUG com.github.dockerjava.zerodep.shaded.org.apache.hc.client5.http.wire - http-outgoing-0 &lt;&lt; &quot;Content-Type: application/json[\r][\n]&quot;
17:51:56.851 [main] DEBUG com.github.dockerjava.zerodep.shaded.org.apache.hc.client5.http.wire - http-outgoing-0 &lt;&lt; &quot;Date: Mon, 14 Aug 2023 17:51:56 GMT[\r][\n]&quot;
17:51:56.852 [main] DEBUG com.github.dockerjava.zerodep.shaded.org.apache.hc.client5.http.wire - http-outgoing-0 &lt;&lt; &quot;Docker-Experimental: false[\r][\n]&quot;
17:51:56.852 [main] DEBUG com.github.dockerjava.zerodep.shaded.org.apache.hc.client5.http.wire - http-outgoing-0 &lt;&lt; &quot;Ostype: linux[\r][\n]&quot;
17:51:56.854 [main] DEBUG com.github.dockerjava.zerodep.shaded.org.apache.hc.client5.http.wire - http-outgoing-0 &lt;&lt; &quot;Server: Docker/24.0.5 (linux)[\r][\n]&quot;
17:51:56.854 [main] DEBUG com.github.dockerjava.zerodep.shaded.org.apache.hc.client5.http.wire - http-outgoing-0 &lt;&lt; &quot;Content-Length: 861[\r][\n]&quot;
17:51:56.854 [main] DEBUG com.github.dockerjava.zerodep.shaded.org.apache.hc.client5.http.wire - http-outgoing-0 &lt;&lt; &quot;[\r][\n]&quot;
17:51:56.854 [main] DEBUG com.github.dockerjava.zerodep.shaded.org.apache.hc.client5.http.wire - http-outgoing-0 &lt;&lt; &quot;{&quot;Platform&quot;:{&quot;Name&quot;:&quot;Docker Desktop 4.22.0 (117440)&quot;},&quot;Components&quot;:[{&quot;Name&quot;:&quot;Engine&quot;,&quot;Version&quot;:&quot;24.0.5&quot;,&quot;Details&quot;:{&quot;ApiVersion&quot;:&quot;1.43&quot;,&quot;Arch&quot;:&quot;amd64&quot;,&quot;BuildTime&quot;:&quot;2023-07-21T20:35:45.000000000+00:00&quot;,&quot;Experimental&quot;:&quot;false&quot;,&quot;GitCommit&quot;:&quot;a61e2b4&quot;,&quot;GoVersion&quot;:&quot;go1.20.6&quot;,&quot;KernelVersion&quot;:&quot;5.10.102.1-microsoft-standard-WSL2&quot;,&quot;MinAPIVersion&quot;:&quot;1.12&quot;,&quot;Os&quot;:&quot;linux&quot;}},{&quot;Name&quot;:&quot;containerd&quot;,&quot;Version&quot;:&quot;1.6.21&quot;,&quot;Details&quot;:{&quot;GitCommit&quot;:&quot;3dce8eb055cbb6872793272b4f20ed16117344f8&quot;}},{&quot;Name&quot;:&quot;runc&quot;,&quot;Version&quot;:&quot;1.1.7&quot;,&quot;Details&quot;:{&quot;GitCommit&quot;:&quot;v1.1.7-0-g860f061&quot;}},{&quot;Name&quot;:&quot;docker-init&quot;,&quot;Version&quot;:&quot;0.19.0&quot;,&quot;Details&quot;:{&quot;GitCommit&quot;:&quot;de40ad0&quot;}}],&quot;Version&quot;:&quot;24.0.5&quot;,&quot;ApiVersion&quot;:&quot;1.43&quot;,&quot;MinAPIVersion&quot;:&quot;1.12&quot;,&quot;GitCommit&quot;:&quot;a61e2b4&quot;,&quot;GoVersion&quot;:&quot;go1.20.6&quot;,&quot;Os&quot;:&quot;linux&quot;,&quot;Arch&quot;:&quot;amd64&quot;,&quot;KernelVersion&quot;:&quot;5.10.102.1-microsoft-standard-WSL2&quot;,&quot;BuildTime&quot;:&quot;2023-07-21T20:35:45.000000000+00:00&quot;}[\n]&quot;
17:51:56.855 [main] DEBUG com.github.dockerjava.zerodep.shaded.org.apache.hc.client5.http.headers - http-outgoing-0 &lt;&lt; HTTP/1.1 200 OK
17:51:56.856 [main] DEBUG com.github.dockerjava.zerodep.shaded.org.apache.hc.client5.http.headers - http-outgoing-0 &lt;&lt; Api-Version: 1.43
17:51:56.856 [main] DEBUG com.github.dockerjava.zerodep.shaded.org.apache.hc.client5.http.headers - http-outgoing-0 &lt;&lt; Content-Type: application/json
17:51:56.856 [main] DEBUG com.github.dockerjava.zerodep.shaded.org.apache.hc.client5.http.headers - http-outgoing-0 &lt;&lt; Date: Mon, 14 Aug 2023 17:51:56 GMT
17:51:56.857 [main] DEBUG com.github.dockerjava.zerodep.shaded.org.apache.hc.client5.http.headers - http-outgoing-0 &lt;&lt; Docker-Experimental: false
17:51:56.857 [main] DEBUG com.github.dockerjava.zerodep.shaded.org.apache.hc.client5.http.headers - http-outgoing-0 &lt;&lt; Ostype: linux
17:51:56.857 [main] DEBUG com.github.dockerjava.zerodep.shaded.org.apache.hc.client5.http.headers - http-outgoing-0 &lt;&lt; Server: Docker/24.0.5 (linux)
17:51:56.857 [main] DEBUG com.github.dockerjava.zerodep.shaded.org.apache.hc.client5.http.headers - http-outgoing-0 &lt;&lt; Content-Length: 861
17:51:56.858 [main] DEBUG com.github.dockerjava.zerodep.shaded.org.apache.hc.client5.http.impl.classic.MainClientExec - ex-00000002: connection can be kept alive for 3 MINUTES
17:51:56.879 [main] DEBUG com.github.dockerjava.zerodep.shaded.org.apache.hc.client5.http.impl.classic.InternalHttpClient - ep-00000001: releasing valid endpoint
17:51:56.879 [main] DEBUG com.github.dockerjava.zerodep.shaded.org.apache.hc.client5.http.impl.io.PoolingHttpClientConnectionManager - ep-00000001: releasing endpoint
17:51:56.879 [main] DEBUG com.github.dockerjava.zerodep.shaded.org.apache.hc.client5.http.impl.io.PoolingHttpClientConnectionManager - ep-00000001: connection http-outgoing-0 can be kept alive for 3 MINUTES
17:51:56.880 [main] DEBUG com.github.dockerjava.zerodep.shaded.org.apache.hc.client5.http.impl.io.PoolingHttpClientConnectionManager - ep-00000001: connection released [route: {}-&gt;npipe://localhost:2375][total available: 1; route allocated: 1 of 2147483647; total allocated: 1 of 2147483647]
17:51:56.880 [main] DEBUG org.testcontainers.DockerClientFactory - Docker version: {Components=[{Name=Engine, Version=24.0.5, Details={ApiVersion=1.43, Arch=amd64, BuildTime=2023-07-21T20:35:45.000000000+00:00, Experimental=false, GitCommit=a61e2b4, GoVersion=go1.20.6, KernelVersion=5.10.102.1-microsoft-standard-WSL2, MinAPIVersion=1.12, Os=linux}}, {Name=containerd, Version=1.6.21, Details={GitCommit=3dce8eb055cbb6872793272b4f20ed16117344f8}}, {Name=runc, Version=1.1.7, Details={GitCommit=v1.1.7-0-g860f061}}, {Name=docker-init, Version=0.19.0, Details={GitCommit=de40ad0}}], KernelVersion=5.10.102.1-microsoft-standard-WSL2, ApiVersion=1.43, Platform={Name=Docker Desktop 4.22.0 (117440)}, GitCommit=a61e2b4, Os=linux, Version=24.0.5, MinAPIVersion=1.12, Arch=amd64, GoVersion=go1.20.6, BuildTime=2023-07-21T20:35:45.000000000+00:00}
17:51:56.881 [main] INFO org.testcontainers.DockerClientFactory - Connected to docker: 
  Server Version: 24.0.5
  API Version: 1.43
  Operating System: Docker Desktop
  Total Memory: 4681 MB
17:51:56.907 [main] DEBUG org.testcontainers.utility.RyukResourceReaper - Ryuk is enabled
17:51:56.914 [main] DEBUG org.testcontainers.utility.PrefixingImageNameSubstitutor - No prefix is configured
17:51:56.914 [main] DEBUG org.testcontainers.utility.ImageNameSubstitutor - Did not find a substitute image for testcontainers/ryuk:0.4.0 (using image substitutor: DefaultImageNameSubstitutor (composite of &apos;ConfigurationFileImageNameSubstitutor&apos; and &apos;PrefixingImageNameSubstitutor&apos;))
17:51:56.920 [main] DEBUG org.testcontainers.shaded.com.github.dockerjava.core.command.AbstrDockerCmd - Cmd: ListImagesCmdImpl[filters=org.testcontainers.shaded.com.github.dockerjava.core.util.FiltersBuilder@0,imageNameFilter=&lt;null&gt;,showAll=false]
17:51:56.928 [main] DEBUG com.github.dockerjava.zerodep.shaded.org.apache.hc.client5.http.impl.classic.InternalHttpClient - ex-00000003: preparing request execution
17:51:56.928 [main] DEBUG com.github.dockerjava.zerodep.shaded.org.apache.hc.client5.http.protocol.RequestAddCookies - Cookie spec selected: strict
17:51:56.928 [main] DEBUG com.github.dockerjava.zerodep.shaded.org.apache.hc.client5.http.protocol.RequestAuthCache - Auth cache not set in the context
17:51:56.928 [main] DEBUG com.github.dockerjava.zerodep.shaded.org.apache.hc.client5.http.impl.classic.ProtocolExec - ex-00000003: target auth state: UNCHALLENGED
17:51:56.928 [main] DEBUG com.github.dockerjava.zerodep.shaded.org.apache.hc.client5.http.impl.classic.ProtocolExec - ex-00000003: proxy auth state: UNCHALLENGED
17:51:56.929 [main] DEBUG com.github.dockerjava.zerodep.shaded.org.apache.hc.client5.http.impl.classic.ConnectExec - ex-00000003: acquiring connection with route {}-&gt;npipe://localhost:2375
17:51:56.929 [main] DEBUG com.github.dockerjava.zerodep.shaded.org.apache.hc.client5.http.impl.classic.InternalHttpClient - ex-00000003: acquiring endpoint (3 MINUTES)
17:51:56.929 [main] DEBUG com.github.dockerjava.zerodep.shaded.org.apache.hc.client5.http.impl.io.PoolingHttpClientConnectionManager - ex-00000003: endpoint lease request (3 MINUTES) [route: {}-&gt;npipe://localhost:2375][total available: 1; route allocated: 1 of 2147483647; total allocated: 1 of 2147483647]
17:51:56.929 [main] DEBUG com.github.dockerjava.zerodep.shaded.org.apache.hc.client5.http.impl.io.PoolingHttpClientConnectionManager - ex-00000003: endpoint leased [route: {}-&gt;npipe://localhost:2375][total available: 0; route allocated: 1 of 2147483647; total allocated: 1 of 2147483647]
17:51:56.930 [main] DEBUG com.github.dockerjava.zerodep.shaded.org.apache.hc.client5.http.impl.io.PoolingHttpClientConnectionManager - ex-00000003: acquired ep-00000002
17:51:56.930 [main] DEBUG com.github.dockerjava.zerodep.shaded.org.apache.hc.client5.http.impl.classic.InternalHttpClient - ex-00000003: acquired endpoint ep-00000002
17:51:56.930 [main] DEBUG com.github.dockerjava.zerodep.shaded.org.apache.hc.client5.http.impl.classic.MainClientExec - ex-00000003: executing GET /v1.32/images/json HTTP/1.1
17:51:56.931 [main] DEBUG com.github.dockerjava.zerodep.shaded.org.apache.hc.client5.http.impl.classic.InternalHttpClient - ep-00000002: start execution ex-00000003
17:51:56.932 [main] DEBUG com.github.dockerjava.zerodep.shaded.org.apache.hc.client5.http.impl.io.PoolingHttpClientConnectionManager - ep-00000002: executing exchange ex-00000003 over http-outgoing-0
17:51:56.933 [main] DEBUG com.github.dockerjava.zerodep.shaded.org.apache.hc.client5.http.headers - http-outgoing-0 &gt;&gt; GET /v1.32/images/json HTTP/1.1
17:51:56.933 [main] DEBUG com.github.dockerjava.zerodep.shaded.org.apache.hc.client5.http.headers - http-outgoing-0 &gt;&gt; accept: application/json
17:51:56.933 [main] DEBUG com.github.dockerjava.zerodep.shaded.org.apache.hc.client5.http.headers - http-outgoing-0 &gt;&gt; x-tc-sid: 2e83e22e-e672-4754-b852-5ac7974dddc6
17:51:56.933 [main] DEBUG com.github.dockerjava.zerodep.shaded.org.apache.hc.client5.http.headers - http-outgoing-0 &gt;&gt; Accept-Encoding: gzip, x-gzip, deflate
17:51:56.933 [main] DEBUG com.github.dockerjava.zerodep.shaded.org.apache.hc.client5.http.headers - http-outgoing-0 &gt;&gt; Host: localhost:2375
17:51:56.933 [main] DEBUG com.github.dockerjava.zerodep.shaded.org.apache.hc.client5.http.headers - http-outgoing-0 &gt;&gt; Connection: keep-alive
17:51:56.933 [main] DEBUG com.github.dockerjava.zerodep.shaded.org.apache.hc.client5.http.headers - http-outgoing-0 &gt;&gt; User-Agent: Apache-HttpClient/5.0.3 (Java/19.0.2)
17:51:56.933 [main] DEBUG com.github.dockerjava.zerodep.shaded.org.apache.hc.client5.http.wire - http-outgoing-0 &gt;&gt; &quot;GET /v1.32/images/json HTTP/1.1[\r][\n]&quot;
17:51:56.934 [main] DEBUG com.github.dockerjava.zerodep.shaded.org.apache.hc.client5.http.wire - http-outgoing-0 &gt;&gt; &quot;accept: application/json[\r][\n]&quot;
17:51:56.934 [main] DEBUG com.github.dockerjava.zerodep.shaded.org.apache.hc.client5.http.wire - http-outgoing-0 &gt;&gt; &quot;x-tc-sid: 2e83e22e-e672-4754-b852-5ac7974dddc6[\r][\n]&quot;
17:51:56.934 [main] DEBUG com.github.dockerjava.zerodep.shaded.org.apache.hc.client5.http.wire - http-outgoing-0 &gt;&gt; &quot;Accept-Encoding: gzip, x-gzip, deflate[\r][\n]&quot;
17:51:56.934 [main] DEBUG com.github.dockerjava.zerodep.shaded.org.apache.hc.client5.http.wire - http-outgoing-0 &gt;&gt; &quot;Host: localhost:2375[\r][\n]&quot;
17:51:56.934 [main] DEBUG com.github.dockerjava.zerodep.shaded.org.apache.hc.client5.http.wire - http-outgoing-0 &gt;&gt; &quot;Connection: keep-alive[\r][\n]&quot;
17:51:56.935 [main] DEBUG com.github.dockerjava.zerodep.shaded.org.apache.hc.client5.http.wire - http-outgoing-0 &gt;&gt; &quot;User-Agent: Apache-HttpClient/5.0.3 (Java/19.0.2)[\r][\n]&quot;
17:51:56.935 [main] DEBUG com.github.dockerjava.zerodep.shaded.org.apache.hc.client5.http.wire - http-outgoing-0 &gt;&gt; &quot;[\r][\n]&quot;
17:51:56.937 [main] DEBUG com.github.dockerjava.zerodep.shaded.org.apache.hc.client5.http.wire - http-outgoing-0 &lt;&lt; &quot;HTTP/1.1 200 OK[\r][\n]&quot;
17:51:56.937 [main] DEBUG com.github.dockerjava.zerodep.shaded.org.apache.hc.client5.http.wire - http-outgoing-0 &lt;&lt; &quot;Api-Version: 1.43[\r][\n]&quot;
17:51:56.937 [main] DEBUG com.github.dockerjava.zerodep.shaded.org.apache.hc.client5.http.wire - http-outgoing-0 &lt;&lt; &quot;Content-Type: application/json[\r][\n]&quot;
17:51:56.937 [main] DEBUG com.github.dockerjava.zerodep.shaded.org.apache.hc.client5.http.wire - http-outgoing-0 &lt;&lt; &quot;Date: Mon, 14 Aug 2023 17:51:56 GMT[\r][\n]&quot;
17:51:56.937 [main] DEBUG com.github.dockerjava.zerodep.shaded.org.apache.hc.client5.http.wire - http-outgoing-0 &lt;&lt; &quot;Docker-Experimental: false[\r][\n]&quot;
17:51:56.937 [main] DEBUG com.github.dockerjava.zerodep.shaded.org.apache.hc.client5.http.wire - http-outgoing-0 &lt;&lt; &quot;Ostype: linux[\r][\n]&quot;
17:51:56.937 [main] DEBUG com.github.dockerjava.zerodep.shaded.org.apache.hc.client5.http.wire - http-outgoing-0 &lt;&lt; &quot;Server: Docker/24.0.5 (linux)[\r][\n]&quot;
17:51:56.937 [main] DEBUG com.github.dockerjava.zerodep.shaded.org.apache.hc.client5.http.wire - http-outgoing-0 &lt;&lt; &quot;Content-Length: 1066[\r][\n]&quot;
17:51:56.938 [main] DEBUG com.github.dockerjava.zerodep.shaded.org.apache.hc.client5.http.wire - http-outgoing-0 &lt;&lt; &quot;[\r][\n]&quot;
17:51:56.938 [main] DEBUG com.github.dockerjava.zerodep.shaded.org.apache.hc.client5.http.wire - http-outgoing-0 &lt;&lt; &quot;[{&quot;Containers&quot;:-1,&quot;Created&quot;:1690541281,&quot;Id&quot;:&quot;sha256:8769343ac885ab5fe04ba515dc06f92e6959e75357b328303f15849acf9ccd0d&quot;,&quot;Labels&quot;:null,&quot;ParentId&quot;:&quot;&quot;,&quot;RepoDigests&quot;:[&quot;postgres@sha256:8775adb39f0db45cf4cdb3601380312ee5e9c4f53af0f89b7dc5cd4c9a78e4e8&quot;],&quot;RepoTags&quot;:[&quot;postgres:15&quot;],&quot;SharedSize&quot;:-1,&quot;Size&quot;:411836535,&quot;VirtualSize&quot;:411836535},{&quot;Containers&quot;:-1,&quot;Created&quot;:1678438354,&quot;Id&quot;:&quot;sha256:2e306eb8aa06255c4f736b2bcf446760cae7cf9e947651ba8272f34c3e94ffa7&quot;,&quot;Labels&quot;:{&quot;org.testcontainers.ryuk&quot;:&quot;true&quot;},&quot;ParentId&quot;:&quot;&quot;,&quot;RepoDigests&quot;:[&quot;testcontainers/ryuk@sha256:b874cc015594f275ad3ffb6a135c015c52ce04a2eba377c963abe25a84628167&quot;],&quot;RepoTags&quot;:[&quot;testcontainers/ryuk:0.4.0&quot;],&quot;SharedSize&quot;:-1,&quot;Size&quot;:12686755,&quot;VirtualSize&quot;:12686755},{&quot;Containers&quot;:-1,&quot;Created&quot;:1670360279,&quot;Id&quot;:&quot;sha256:d7ac8f6532072d0f927f2ae376db9bfa2fd955c4c317e5914edc65000901b76a&quot;,&quot;Labels&quot;:null,&quot;ParentId&quot;:&quot;&quot;,&quot;RepoDigests&quot;:[&quot;liquibase/liquibase@sha256:5a942ca2f0bf2ddd39186f9e7f28af6a1972a76a36c9d20e63176b4ee1df2949&quot;],&quot;RepoTags&quot;:[&quot;liquibase/liquibase:4.18&quot;],&quot;SharedSize&quot;:-1,&quot;Size&quot;:434404164,&quot;VirtualSize&quot;:434404164}][\n]&quot;
17:51:56.938 [main] DEBUG com.github.dockerjava.zerodep.shaded.org.apache.hc.client5.http.headers - http-outgoing-0 &lt;&lt; HTTP/1.1 200 OK
17:51:56.939 [main] DEBUG com.github.dockerjava.zerodep.shaded.org.apache.hc.client5.http.headers - http-outgoing-0 &lt;&lt; Api-Version: 1.43
17:51:56.939 [main] DEBUG com.github.dockerjava.zerodep.shaded.org.apache.hc.client5.http.headers - http-outgoing-0 &lt;&lt; Content-Type: application/json
17:51:56.939 [main] DEBUG com.github.dockerjava.zerodep.shaded.org.apache.hc.client5.http.headers - http-outgoing-0 &lt;&lt; Date: Mon, 14 Aug 2023 17:51:56 GMT
17:51:56.939 [main] DEBUG com.github.dockerjava.zerodep.shaded.org.apache.hc.client5.http.headers - http-outgoing-0 &lt;&lt; Docker-Experimental: false
17:51:56.939 [main] DEBUG com.github.dockerjava.zerodep.shaded.org.apache.hc.client5.http.headers - http-outgoing-0 &lt;&lt; Ostype: linux
17:51:56.939 [main] DEBUG com.github.dockerjava.zerodep.shaded.org.apache.hc.client5.http.headers - http-outgoing-0 &lt;&lt; Server: Docker/24.0.5 (linux)
17:51:56.939 [main] DEBUG com.github.dockerjava.zerodep.shaded.org.apache.hc.client5.http.headers - http-outgoing-0 &lt;&lt; Content-Length: 1066
17:51:56.939 [main] DEBUG com.github.dockerjava.zerodep.shaded.org.apache.hc.client5.http.impl.classic.MainClientExec - ex-00000003: connection can be kept alive for 3 MINUTES
17:51:56.950 [main] DEBUG com.github.dockerjava.zerodep.shaded.org.apache.hc.client5.http.impl.classic.InternalHttpClient - ep-00000002: releasing valid endpoint
17:51:56.950 [main] DEBUG com.github.dockerjava.zerodep.shaded.org.apache.hc.client5.http.impl.io.PoolingHttpClientConnectionManager - ep-00000002: releasing endpoint
17:51:56.950 [main] DEBUG com.github.dockerjava.zerodep.shaded.org.apache.hc.client5.http.impl.io.PoolingHttpClientConnectionManager - ep-00000002: connection http-outgoing-0 can be kept alive for 3 MINUTES
17:51:56.951 [main] DEBUG com.github.dockerjava.zerodep.shaded.org.apache.hc.client5.http.impl.io.PoolingHttpClientConnectionManager - ep-00000002: connection released [route: {}-&gt;npipe://localhost:2375][total available: 1; route allocated: 1 of 2147483647; total allocated: 1 of 2147483647]
17:51:56.958 [main] DEBUG org.testcontainers.images.AbstractImagePullPolicy - Using locally available and not pulling image: testcontainers/ryuk:0.4.0
17:51:56.958 [main] DEBUG tc.testcontainers/ryuk:0.4.0 - Starting container: testcontainers/ryuk:0.4.0
17:51:56.961 [main] DEBUG tc.testcontainers/ryuk:0.4.0 - Trying to start container: testcontainers/ryuk:0.4.0 (attempt 1/1)
17:51:56.961 [main] DEBUG tc.testcontainers/ryuk:0.4.0 - Starting container: testcontainers/ryuk:0.4.0
17:51:56.961 [main] INFO tc.testcontainers/ryuk:0.4.0 - Creating container for image: testcontainers/ryuk:0.4.0
17:51:56.972 [main] DEBUG org.testcontainers.utility.RegistryAuthLocator - Looking up auth config for image: testcontainers/ryuk:0.4.0 at registry: https://index.docker.io/v1/
17:51:56.974 [main] DEBUG org.testcontainers.utility.RegistryAuthLocator - RegistryAuthLocator has configFile: C:\Users\ga12\.docker\config.json (exists) configEnv: DOCKER_AUTH_CONFIG (does not exist) and commandPathPrefix: 
17:51:56.974 [main] DEBUG org.testcontainers.utility.RegistryAuthLocator - RegistryAuthLocator reading from configFile: C:\Users\ga12\.docker\config.json
17:51:56.975 [main] DEBUG org.testcontainers.utility.RegistryAuthLocator - registryName [https://index.docker.io/v1/] for dockerImageName [testcontainers/ryuk:0.4.0]
17:51:56.975 [main] DEBUG org.testcontainers.utility.RegistryAuthLocator - Executing docker credential provider: docker-credential-desktop to locate auth config for: https://index.docker.io/v1/
17:51:56.997 [main] DEBUG org.testcontainers.shaded.org.zeroturnaround.exec.ProcessExecutor - Executing [cmd, /c, docker-credential-desktop, get].
17:51:57.009 [main] DEBUG org.testcontainers.shaded.org.zeroturnaround.exec.ProcessExecutor - Started Process[pid=3692, exitValue=&quot;not exited&quot;]
17:51:57.289 [WaitForProcess-Process[pid=3692, exitValue=&quot;not exited&quot;]] DEBUG org.testcontainers.shaded.org.zeroturnaround.exec.WaitForProcess - Process[pid=3692, exitValue=1] stopped with exit code 1
17:51:57.293 [main] DEBUG org.testcontainers.shaded.org.zeroturnaround.exec.ProcessExecutor - Executing [cmd, /c, docker-credential-desktop, get].
17:51:57.296 [main] DEBUG org.testcontainers.shaded.org.zeroturnaround.exec.ProcessExecutor - Started Process[pid=5496, exitValue=&quot;not exited&quot;]
17:51:57.412 [WaitForProcess-Process[pid=5496, exitValue=&quot;not exited&quot;]] DEBUG org.testcontainers.shaded.org.zeroturnaround.exec.WaitForProcess - Process[pid=5496, exitValue=1] stopped with exit code 1
17:51:57.412 [main] DEBUG org.testcontainers.utility.RegistryAuthLocator - Got credentials not found error message from docker credential helper - credentials not found in native keychain
17:51:57.413 [main] INFO org.testcontainers.utility.RegistryAuthLocator - Credential helper/store (docker-credential-desktop) does not have credentials for https://index.docker.io/v1/
17:51:57.414 [main] DEBUG org.testcontainers.utility.RegistryAuthLocator - No matching Auth Configs - falling back to defaultAuthConfig [null]
17:51:57.414 [main] DEBUG org.testcontainers.dockerclient.AuthDelegatingDockerClientConfig - Effective auth config [null]
17:51:57.438 [main] DEBUG org.testcontainers.shaded.com.github.dockerjava.core.command.AbstrDockerCmd - Cmd: org.testcontainers.shaded.com.github.dockerjava.core.command.CreateContainerCmdImpl@3f446bef[aliases=&lt;null&gt;,argsEscaped=&lt;null&gt;,attachStderr=&lt;null&gt;,attachStdin=&lt;null&gt;,attachStdout=&lt;null&gt;,authConfig=&lt;null&gt;,cmd={},domainName=&lt;null&gt;,entrypoint=&lt;null&gt;,env={},exposedPorts=ExposedPorts(exposedPorts=[8080/tcp]),healthcheck=&lt;null&gt;,hostConfig=HostConfig(binds=[//var/run/docker.sock:/var/run/docker.sock:rw], blkioWeight=null, blkioWeightDevice=null, blkioDeviceReadBps=null, blkioDeviceWriteBps=null, blkioDeviceReadIOps=null, blkioDeviceWriteIOps=null, memorySwappiness=null, nanoCPUs=null, capAdd=null, capDrop=null, containerIDFile=null, cpuPeriod=null, cpuRealtimePeriod=null, cpuRealtimeRuntime=null, cpuShares=null, cpuQuota=null, cpusetCpus=null, cpusetMems=null, devices=null, deviceCgroupRules=null, deviceRequests=null, diskQuota=null, dns=null, dnsOptions=null, dnsSearch=null, extraHosts=[], groupAdd=null, ipcMode=null, cgroup=null, links=[], logConfig=LogConfig(type=null, config=null), lxcConf=null, memory=null, memorySwap=null, memoryReservation=null, kernelMemory=null, networkMode=null, oomKillDisable=null, init=null, autoRemove=true, oomScoreAdj=null, portBindings={8080/tcp=[Lcom.github.dockerjava.api.model.Ports$Binding;@55e8ec2f}, privileged=false, publishAllPorts=null, readonlyRootfs=null, restartPolicy=null, ulimits=null, cpuCount=null, cpuPercent=null, ioMaximumIOps=null, ioMaximumBandwidth=null, volumesFrom=[], mounts=null, pidMode=null, isolation=null, securityOpts=null, storageOpt=null, cgroupParent=null, volumeDriver=null, shmSize=null, pidsLimit=null, runtime=null, tmpFs=null, utSMode=null, usernsMode=null, sysctls=null, consoleSize=null, cgroupnsMode=null),hostName=&lt;null&gt;,image=testcontainers/ryuk:0.4.0,ipv4Address=&lt;null&gt;,ipv6Address=&lt;null&gt;,labels={org.testcontainers=true, org.testcontainers.lang=java, org.testcontainers.version=1.18.0},macAddress=&lt;null&gt;,name=testcontainers-ryuk-2e83e22e-e672-4754-b852-5ac7974dddc6,networkDisabled=&lt;null&gt;,networkingConfig=&lt;null&gt;,onBuild=&lt;null&gt;,platform=&lt;null&gt;,portSpecs=&lt;null&gt;,shell=&lt;null&gt;,stdInOnce=&lt;null&gt;,stdinOpen=&lt;null&gt;,stopSignal=&lt;null&gt;,stopTimeout=&lt;null&gt;,tty=&lt;null&gt;,user=&lt;null&gt;,volumes=Volumes(volumes=[]),workingDir=&lt;null&gt;]
17:51:57.668 [main] DEBUG com.github.dockerjava.zerodep.shaded.org.apache.hc.client5.http.impl.classic.InternalHttpClient - ex-00000004: preparing request execution
17:51:57.668 [main] DEBUG com.github.dockerjava.zerodep.shaded.org.apache.hc.client5.http.protocol.RequestAddCookies - Cookie spec selected: strict
17:51:57.669 [main] DEBUG com.github.dockerjava.zerodep.shaded.org.apache.hc.client5.http.protocol.RequestAuthCache - Auth cache not set in the context
17:51:57.669 [main] DEBUG com.github.dockerjava.zerodep.shaded.org.apache.hc.client5.http.impl.classic.ProtocolExec - ex-00000004: target auth state: UNCHALLENGED
17:51:57.670 [main] DEBUG com.github.dockerjava.zerodep.shaded.org.apache.hc.client5.http.impl.classic.ProtocolExec - ex-00000004: proxy auth state: UNCHALLENGED
17:51:57.670 [main] DEBUG com.github.dockerjava.zerodep.shaded.org.apache.hc.client5.http.impl.classic.ConnectExec - ex-00000004: acquiring connection with route {}-&gt;npipe://localhost:2375
17:51:57.670 [main] DEBUG com.github.dockerjava.zerodep.shaded.org.apache.hc.client5.http.impl.classic.InternalHttpClient - ex-00000004: acquiring endpoint (3 MINUTES)
17:51:57.671 [main] DEBUG com.github.dockerjava.zerodep.shaded.org.apache.hc.client5.http.impl.io.PoolingHttpClientConnectionManager - ex-00000004: endpoint lease request (3 MINUTES) [route: {}-&gt;npipe://localhost:2375][total available: 1; route allocated: 1 of 2147483647; total allocated: 1 of 2147483647]
17:51:57.671 [main] DEBUG com.github.dockerjava.zerodep.shaded.org.apache.hc.client5.http.impl.io.PoolingHttpClientConnectionManager - ex-00000004: endpoint leased [route: {}-&gt;npipe://localhost:2375][total available: 0; route allocated: 1 of 2147483647; total allocated: 1 of 2147483647]
17:51:57.672 [main] DEBUG com.github.dockerjava.zerodep.shaded.org.apache.hc.client5.http.impl.io.PoolingHttpClientConnectionManager - ex-00000004: acquired ep-00000003
17:51:57.672 [main] DEBUG com.github.dockerjava.zerodep.shaded.org.apache.hc.client5.http.impl.classic.InternalHttpClient - ex-00000004: acquired endpoint ep-00000003
17:51:57.672 [main] DEBUG com.github.dockerjava.zerodep.shaded.org.apache.hc.client5.http.impl.classic.MainClientExec - ex-00000004: executing POST /v1.32/containers/create?name=testcontainers-ryuk-2e83e22e-e672-4754-b852-5ac7974dddc6 HTTP/1.1
17:51:57.672 [main] DEBUG com.github.dockerjava.zerodep.shaded.org.apache.hc.client5.http.impl.classic.InternalHttpClient - ep-00000003: start execution ex-00000004
17:51:57.672 [main] DEBUG com.github.dockerjava.zerodep.shaded.org.apache.hc.client5.http.impl.io.PoolingHttpClientConnectionManager - ep-00000003: executing exchange ex-00000004 over http-outgoing-0
17:51:57.672 [main] DEBUG com.github.dockerjava.zerodep.shaded.org.apache.hc.client5.http.headers - http-outgoing-0 &gt;&gt; POST /v1.32/containers/create?name=testcontainers-ryuk-2e83e22e-e672-4754-b852-5ac7974dddc6 HTTP/1.1
17:51:57.673 [main] DEBUG com.github.dockerjava.zerodep.shaded.org.apache.hc.client5.http.headers - http-outgoing-0 &gt;&gt; accept: application/json
17:51:57.673 [main] DEBUG com.github.dockerjava.zerodep.shaded.org.apache.hc.client5.http.headers - http-outgoing-0 &gt;&gt; content-type: application/json
17:51:57.673 [main] DEBUG com.github.dockerjava.zerodep.shaded.org.apache.hc.client5.http.headers - http-outgoing-0 &gt;&gt; x-tc-sid: 2e83e22e-e672-4754-b852-5ac7974dddc6
17:51:57.673 [main] DEBUG com.github.dockerjava.zerodep.shaded.org.apache.hc.client5.http.headers - http-outgoing-0 &gt;&gt; Accept-Encoding: gzip, x-gzip, deflate
17:51:57.673 [main] DEBUG com.github.dockerjava.zerodep.shaded.org.apache.hc.client5.http.headers - http-outgoing-0 &gt;&gt; Content-Length: 1956
17:51:57.673 [main] DEBUG com.github.dockerjava.zerodep.shaded.org.apache.hc.client5.http.headers - http-outgoing-0 &gt;&gt; Host: localhost:2375
17:51:57.673 [main] DEBUG com.github.dockerjava.zerodep.shaded.org.apache.hc.client5.http.headers - http-outgoing-0 &gt;&gt; Connection: keep-alive
17:51:57.673 [main] DEBUG com.github.dockerjava.zerodep.shaded.org.apache.hc.client5.http.headers - http-outgoing-0 &gt;&gt; User-Agent: Apache-HttpClient/5.0.3 (Java/19.0.2)
17:51:57.674 [main] DEBUG com.github.dockerjava.zerodep.shaded.org.apache.hc.client5.http.wire - http-outgoing-0 &gt;&gt; &quot;POST /v1.32/containers/create?name=testcontainers-ryuk-2e83e22e-e672-4754-b852-5ac7974dddc6 HTTP/1.1[\r][\n]&quot;
17:51:57.674 [main] DEBUG com.github.dockerjava.zerodep.shaded.org.apache.hc.client5.http.wire - http-outgoing-0 &gt;&gt; &quot;accept: application/json[\r][\n]&quot;
17:51:57.674 [main] DEBUG com.github.dockerjava.zerodep.shaded.org.apache.hc.client5.http.wire - http-outgoing-0 &gt;&gt; &quot;content-type: application/json[\r][\n]&quot;
17:51:57.674 [main] DEBUG com.github.dockerjava.zerodep.shaded.org.apache.hc.client5.http.wire - http-outgoing-0 &gt;&gt; &quot;x-tc-sid: 2e83e22e-e672-4754-b852-5ac7974dddc6[\r][\n]&quot;
17:51:57.674 [main] DEBUG com.github.dockerjava.zerodep.shaded.org.apache.hc.client5.http.wire - http-outgoing-0 &gt;&gt; &quot;Accept-Encoding: gzip, x-gzip, deflate[\r][\n]&quot;
17:51:57.674 [main] DEBUG com.github.dockerjava.zerodep.shaded.org.apache.hc.client5.http.wire - http-outgoing-0 &gt;&gt; &quot;Content-Length: 1956[\r][\n]&quot;
17:51:57.674 [main] DEBUG com.github.dockerjava.zerodep.shaded.org.apache.hc.client5.http.wire - http-outgoing-0 &gt;&gt; &quot;Host: localhost:2375[\r][\n]&quot;
17:51:57.675 [main] DEBUG com.github.dockerjava.zerodep.shaded.org.apache.hc.client5.http.wire - http-outgoing-0 &gt;&gt; &quot;Connection: keep-alive[\r][\n]&quot;
17:51:57.676 [main] DEBUG com.github.dockerjava.zerodep.shaded.org.apache.hc.client5.http.wire - http-outgoing-0 &gt;&gt; &quot;User-Agent: Apache-HttpClient/5.0.3 (Java/19.0.2)[\r][\n]&quot;
17:51:57.676 [main] DEBUG com.github.dockerjava.zerodep.shaded.org.apache.hc.client5.http.wire - http-outgoing-0 &gt;&gt; &quot;[\r][\n]&quot;
17:51:57.677 [main] DEBUG com.github.dockerjava.zerodep.shaded.org.apache.hc.client5.http.wire - http-outgoing-0 &gt;&gt; &quot;{&quot;Hostname&quot;:null,&quot;Domainname&quot;:null,&quot;User&quot;:null,&quot;AttachStdin&quot;:null,&quot;AttachStdout&quot;:null,&quot;AttachStderr&quot;:null,&quot;PortSpecs&quot;:null,&quot;Tty&quot;:null,&quot;OpenStdin&quot;:null,&quot;StdinOnce&quot;:null,&quot;Env&quot;:[],&quot;Cmd&quot;:[],&quot;Healthcheck&quot;:null,&quot;ArgsEscaped&quot;:null,&quot;Entrypoint&quot;:null,&quot;Image&quot;:&quot;testcontainers/ryuk:0.4.0&quot;,&quot;Volumes&quot;:{},&quot;WorkingDir&quot;:null,&quot;MacAddress&quot;:null,&quot;OnBuild&quot;:null,&quot;NetworkDisabled&quot;:null,&quot;ExposedPorts&quot;:{&quot;8080/tcp&quot;:{}},&quot;StopSignal&quot;:null,&quot;StopTimeout&quot;:null,&quot;HostConfig&quot;:{&quot;Binds&quot;:[&quot;//var/run/docker.sock:/var/run/docker.sock:rw&quot;],&quot;BlkioWeight&quot;:null,&quot;BlkioWeightDevice&quot;:null,&quot;BlkioDeviceReadBps&quot;:null,&quot;BlkioDeviceWriteBps&quot;:null,&quot;BlkioDeviceReadIOps&quot;:null,&quot;BlkioDeviceWriteIOps&quot;:null,&quot;MemorySwappiness&quot;:null,&quot;NanoCpus&quot;:null,&quot;CapAdd&quot;:null,&quot;CapDrop&quot;:null,&quot;ContainerIDFile&quot;:null,&quot;CpuPeriod&quot;:null,&quot;CpuRealtimePeriod&quot;:null,&quot;CpuRealtimeRuntime&quot;:null,&quot;CpuShares&quot;:null,&quot;CpuQuota&quot;:null,&quot;CpusetCpus&quot;:null,&quot;CpusetMems&quot;:null,&quot;Devices&quot;:null,&quot;DeviceCgroupRules&quot;:null,&quot;DeviceRequests&quot;:null,&quot;DiskQuota&quot;:null,&quot;Dns&quot;:null,&quot;DnsOptions&quot;:null,&quot;DnsSearch&quot;:null,&quot;ExtraHosts&quot;:[],&quot;GroupAdd&quot;:null,&quot;IpcMode&quot;:null,&quot;Cgroup&quot;:null,&quot;Links&quot;:[],&quot;LogConfig&quot;:null,&quot;LxcConf&quot;:null,&quot;Memory&quot;:null,&quot;MemorySwap&quot;:null,&quot;MemoryReservation&quot;:null,&quot;KernelMemory&quot;:null,&quot;NetworkMode&quot;:null,&quot;OomKillDisable&quot;:null,&quot;Init&quot;:null,&quot;AutoRemove&quot;:true,&quot;OomScoreAdj&quot;:null,&quot;PortBindings&quot;:{&quot;8080/tcp&quot;:[{&quot;HostIp&quot;:&quot;&quot;,&quot;HostPort&quot;:&quot;&quot;}]},&quot;Privileged&quot;:false,&quot;PublishAllPorts&quot;:null,&quot;ReadonlyRootfs&quot;:null,&quot;RestartPolicy&quot;:null,&quot;Ulimits&quot;:null,&quot;CpuCount&quot;:null,&quot;CpuPercent&quot;:null,&quot;IOMaximumIOps&quot;:null,&quot;IOMaximumBandwidth&quot;:null,&quot;VolumesFrom&quot;:[],&quot;Mounts&quot;:null,&quot;PidMode&quot;:null,&quot;Isolation&quot;:null,&quot;SecurityOpt&quot;:null,&quot;StorageOpt&quot;:null,&quot;CgroupParent&quot;:null,&quot;VolumeDriver&quot;:null,&quot;ShmSize&quot;:null,&quot;PidsLimit&quot;:null,&quot;Runtime&quot;:null,&quot;Tmpfs&quot;:null,&quot;UTSMode&quot;:null,&quot;UsernsMode&quot;:null,&quot;Sysctls&quot;:null,&quot;ConsoleSize&quot;:null,&quot;CgroupnsMode&quot;:null},&quot;Labels&quot;:{&quot;org.testcontainers&quot;:&quot;true&quot;,&quot;org.testcontainers.lang&quot;:&quot;java&quot;,&quot;org.testcontainers.version&quot;:&quot;1.18.0&quot;},&quot;Shell&quot;:null,&quot;NetworkingConfig&quot;:null}&quot;
17:51:58.021 [main] DEBUG com.github.dockerjava.zerodep.shaded.org.apache.hc.client5.http.wire - http-outgoing-0 &lt;&lt; &quot;HTTP/1.1 201 Created[\r][\n]&quot;
17:51:58.021 [main] DEBUG com.github.dockerjava.zerodep.shaded.org.apache.hc.client5.http.wire - http-outgoing-0 &lt;&lt; &quot;Api-Version: 1.43[\r][\n]&quot;
17:51:58.021 [main] DEBUG com.github.dockerjava.zerodep.shaded.org.apache.hc.client5.http.wire - http-outgoing-0 &lt;&lt; &quot;Content-Type: application/json[\r][\n]&quot;
17:51:58.022 [main] DEBUG com.github.dockerjava.zerodep.shaded.org.apache.hc.client5.http.wire - http-outgoing-0 &lt;&lt; &quot;Date: Mon, 14 Aug 2023 14:51:58 GMT[\r][\n]&quot;
17:51:58.023 [main] DEBUG com.github.dockerjava.zerodep.shaded.org.apache.hc.client5.http.wire - http-outgoing-0 &lt;&lt; &quot;Docker-Experimental: false[\r][\n]&quot;
17:51:58.024 [main] DEBUG com.github.dockerjava.zerodep.shaded.org.apache.hc.client5.http.wire - http-outgoing-0 &lt;&lt; &quot;Ostype: linux[\r][\n]&quot;
17:51:58.024 [main] DEBUG com.github.dockerjava.zerodep.shaded.org.apache.hc.client5.http.wire - http-outgoing-0 &lt;&lt; &quot;Server: Docker/24.0.5 (linux)[\r][\n]&quot;
17:51:58.024 [main] DEBUG com.github.dockerjava.zerodep.shaded.org.apache.hc.client5.http.wire - http-outgoing-0 &lt;&lt; &quot;Transfer-Encoding: chunked[\r][\n]&quot;
17:51:58.024 [main] DEBUG com.github.dockerjava.zerodep.shaded.org.apache.hc.client5.http.wire - http-outgoing-0 &lt;&lt; &quot;[\r][\n]&quot;
17:51:58.025 [main] DEBUG com.github.dockerjava.zerodep.shaded.org.apache.hc.client5.http.headers - http-outgoing-0 &lt;&lt; HTTP/1.1 201 Created
17:51:58.026 [main] DEBUG com.github.dockerjava.zerodep.shaded.org.apache.hc.client5.http.headers - http-outgoing-0 &lt;&lt; Api-Version: 1.43
17:51:58.026 [main] DEBUG com.github.dockerjava.zerodep.shaded.org.apache.hc.client5.http.headers - http-outgoing-0 &lt;&lt; Content-Type: application/json
17:51:58.026 [main] DEBUG com.github.dockerjava.zerodep.shaded.org.apache.hc.client5.http.headers - http-outgoing-0 &lt;&lt; Date: Mon, 14 Aug 2023 14:51:58 GMT
17:51:58.026 [main] DEBUG com.github.dockerjava.zerodep.shaded.org.apache.hc.client5.http.headers - http-outgoing-0 &lt;&lt; Docker-Experimental: false
17:51:58.027 [main] DEBUG com.github.dockerjava.zerodep.shaded.org.apache.hc.client5.http.headers - http-outgoing-0 &lt;&lt; Ostype: linux
17:51:58.027 [main] DEBUG com.github.dockerjava.zerodep.shaded.org.apache.hc.client5.http.headers - http-outgoing-0 &lt;&lt; Server: Docker/24.0.5 (linux)
17:51:58.027 [main] DEBUG com.github.dockerjava.zerodep.shaded.org.apache.hc.client5.http.headers - http-outgoing-0 &lt;&lt; Transfer-Encoding: chunked
17:51:58.028 [main] DEBUG com.github.dockerjava.zerodep.shaded.org.apache.hc.client5.http.impl.classic.MainClientExec - ex-00000004: connection can be kept alive for 3 MINUTES
17:51:58.029 [main] DEBUG com.github.dockerjava.zerodep.shaded.org.apache.hc.client5.http.wire - http-outgoing-0 &lt;&lt; &quot;58[\r][\n]&quot;
17:51:58.029 [main] DEBUG com.github.dockerjava.zerodep.shaded.org.apache.hc.client5.http.wire - http-outgoing-0 &lt;&lt; &quot;{&quot;Id&quot;:&quot;756033ee79ab57e91b9cf9d0c1380d4f5608593bd818cd36553c00638141fa40&quot;,&quot;Warnings&quot;:[]}[\n]&quot;
17:51:58.029 [main] DEBUG com.github.dockerjava.zerodep.shaded.org.apache.hc.client5.http.wire - http-outgoing-0 &lt;&lt; &quot;[\r][\n]&quot;
17:51:58.029 [main] DEBUG com.github.dockerjava.zerodep.shaded.org.apache.hc.client5.http.wire - http-outgoing-0 &lt;&lt; &quot;0[\r][\n]&quot;
17:51:58.029 [main] DEBUG com.github.dockerjava.zerodep.shaded.org.apache.hc.client5.http.wire - http-outgoing-0 &lt;&lt; &quot;[\r][\n]&quot;
17:51:58.031 [main] DEBUG com.github.dockerjava.zerodep.shaded.org.apache.hc.client5.http.impl.classic.InternalHttpClient - ep-00000003: releasing valid endpoint
17:51:58.032 [main] DEBUG com.github.dockerjava.zerodep.shaded.org.apache.hc.client5.http.impl.io.PoolingHttpClientConnectionManager - ep-00000003: releasing endpoint
17:51:58.032 [main] DEBUG com.github.dockerjava.zerodep.shaded.org.apache.hc.client5.http.impl.io.PoolingHttpClientConnectionManager - ep-00000003: connection http-outgoing-0 can be kept alive for 3 MINUTES
17:51:58.032 [main] DEBUG com.github.dockerjava.zerodep.shaded.org.apache.hc.client5.http.impl.io.PoolingHttpClientConnectionManager - ep-00000003: connection released [route: {}-&gt;npipe://localhost:2375][total available: 1; route allocated: 1 of 2147483647; total allocated: 1 of 2147483647]
17:51:58.040 [main] INFO tc.testcontainers/ryuk:0.4.0 - Container testcontainers/ryuk:0.4.0 is starting: 756033ee79ab57e91b9cf9d0c1380d4f5608593bd818cd36553c00638141fa40
17:51:58.042 [main] DEBUG org.testcontainers.shaded.com.github.dockerjava.core.command.AbstrDockerCmd - Cmd: 756033ee79ab57e91b9cf9d0c1380d4f5608593bd818cd36553c00638141fa40
17:51:58.046 [main] DEBUG com.github.dockerjava.zerodep.shaded.org.apache.hc.client5.http.impl.classic.InternalHttpClient - ex-00000005: preparing request execution
17:51:58.047 [main] DEBUG com.github.dockerjava.zerodep.shaded.org.apache.hc.client5.http.protocol.RequestAddCookies - Cookie spec selected: strict
17:51:58.047 [main] DEBUG com.github.dockerjava.zerodep.shaded.org.apache.hc.client5.http.protocol.RequestAuthCache - Auth cache not set in the context
17:51:58.047 [main] DEBUG com.github.dockerjava.zerodep.shaded.org.apache.hc.client5.http.impl.classic.ProtocolExec - ex-00000005: target auth state: UNCHALLENGED
17:51:58.047 [main] DEBUG com.github.dockerjava.zerodep.shaded.org.apache.hc.client5.http.impl.classic.ProtocolExec - ex-00000005: proxy auth state: UNCHALLENGED
17:51:58.047 [main] DEBUG com.github.dockerjava.zerodep.shaded.org.apache.hc.client5.http.impl.classic.ConnectExec - ex-00000005: acquiring connection with route {}-&gt;npipe://localhost:2375
17:51:58.047 [main] DEBUG com.github.dockerjava.zerodep.shaded.org.apache.hc.client5.http.impl.classic.InternalHttpClient - ex-00000005: acquiring endpoint (3 MINUTES)
17:51:58.048 [main] DEBUG com.github.dockerjava.zerodep.shaded.org.apache.hc.client5.http.impl.io.PoolingHttpClientConnectionManager - ex-00000005: endpoint lease request (3 MINUTES) [route: {}-&gt;npipe://localhost:2375][total available: 1; route allocated: 1 of 2147483647; total allocated: 1 of 2147483647]
17:51:58.048 [main] DEBUG com.github.dockerjava.zerodep.shaded.org.apache.hc.client5.http.impl.io.PoolingHttpClientConnectionManager - ex-00000005: endpoint leased [route: {}-&gt;npipe://localhost:2375][total available: 0; route allocated: 1 of 2147483647; total allocated: 1 of 2147483647]
17:51:58.048 [main] DEBUG com.github.dockerjava.zerodep.shaded.org.apache.hc.client5.http.impl.io.PoolingHttpClientConnectionManager - ex-00000005: acquired ep-00000004
17:51:58.048 [main] DEBUG com.github.dockerjava.zerodep.shaded.org.apache.hc.client5.http.impl.classic.InternalHttpClient - ex-00000005: acquired endpoint ep-00000004
17:51:58.049 [main] DEBUG com.github.dockerjava.zerodep.shaded.org.apache.hc.client5.http.impl.classic.MainClientExec - ex-00000005: executing POST /v1.32/containers/756033ee79ab57e91b9cf9d0c1380d4f5608593bd818cd36553c00638141fa40/start HTTP/1.1
17:51:58.049 [main] DEBUG com.github.dockerjava.zerodep.shaded.org.apache.hc.client5.http.impl.classic.InternalHttpClient - ep-00000004: start execution ex-00000005
17:51:58.049 [main] DEBUG com.github.dockerjava.zerodep.shaded.org.apache.hc.client5.http.impl.io.PoolingHttpClientConnectionManager - ep-00000004: executing exchange ex-00000005 over http-outgoing-0
17:51:58.049 [main] DEBUG com.github.dockerjava.zerodep.shaded.org.apache.hc.client5.http.headers - http-outgoing-0 &gt;&gt; POST /v1.32/containers/756033ee79ab57e91b9cf9d0c1380d4f5608593bd818cd36553c00638141fa40/start HTTP/1.1
17:51:58.049 [main] DEBUG com.github.dockerjava.zerodep.shaded.org.apache.hc.client5.http.headers - http-outgoing-0 &gt;&gt; accept: application/json
17:51:58.049 [main] DEBUG com.github.dockerjava.zerodep.shaded.org.apache.hc.client5.http.headers - http-outgoing-0 &gt;&gt; content-type: application/json
17:51:58.049 [main] DEBUG com.github.dockerjava.zerodep.shaded.org.apache.hc.client5.http.headers - http-outgoing-0 &gt;&gt; x-tc-sid: 2e83e22e-e672-4754-b852-5ac7974dddc6
17:51:58.049 [main] DEBUG com.github.dockerjava.zerodep.shaded.org.apache.hc.client5.http.headers - http-outgoing-0 &gt;&gt; Accept-Encoding: gzip, x-gzip, deflate
17:51:58.050 [main] DEBUG com.github.dockerjava.zerodep.shaded.org.apache.hc.client5.http.headers - http-outgoing-0 &gt;&gt; Host: localhost:2375
17:51:58.050 [main] DEBUG com.github.dockerjava.zerodep.shaded.org.apache.hc.client5.http.headers - http-outgoing-0 &gt;&gt; Connection: keep-alive
17:51:58.050 [main] DEBUG com.github.dockerjava.zerodep.shaded.org.apache.hc.client5.http.headers - http-outgoing-0 &gt;&gt; User-Agent: Apache-HttpClient/5.0.3 (Java/19.0.2)
17:51:58.050 [main] DEBUG com.github.dockerjava.zerodep.shaded.org.apache.hc.client5.http.wire - http-outgoing-0 &gt;&gt; &quot;POST /v1.32/containers/756033ee79ab57e91b9cf9d0c1380d4f5608593bd818cd36553c00638141fa40/start HTTP/1.1[\r][\n]&quot;
17:51:58.050 [main] DEBUG com.github.dockerjava.zerodep.shaded.org.apache.hc.client5.http.wire - http-outgoing-0 &gt;&gt; &quot;accept: application/json[\r][\n]&quot;
17:51:58.050 [main] DEBUG com.github.dockerjava.zerodep.shaded.org.apache.hc.client5.http.wire - http-outgoing-0 &gt;&gt; &quot;content-type: application/json[\r][\n]&quot;
17:51:58.051 [main] DEBUG com.github.dockerjava.zerodep.shaded.org.apache.hc.client5.http.wire - http-outgoing-0 &gt;&gt; &quot;x-tc-sid: 2e83e22e-e672-4754-b852-5ac7974dddc6[\r][\n]&quot;
17:51:58.051 [main] DEBUG com.github.dockerjava.zerodep.shaded.org.apache.hc.client5.http.wire - http-outgoing-0 &gt;&gt; &quot;Accept-Encoding: gzip, x-gzip, deflate[\r][\n]&quot;
17:51:58.051 [main] DEBUG com.github.dockerjava.zerodep.shaded.org.apache.hc.client5.http.wire - http-outgoing-0 &gt;&gt; &quot;Host: localhost:2375[\r][\n]&quot;
17:51:58.051 [main] DEBUG com.github.dockerjava.zerodep.shaded.org.apache.hc.client5.http.wire - http-outgoing-0 &gt;&gt; &quot;Connection: keep-alive[\r][\n]&quot;
17:51:58.052 [main] DEBUG com.github.dockerjava.zerodep.shaded.org.apache.hc.client5.http.wire - http-outgoing-0 &gt;&gt; &quot;User-Agent: Apache-HttpClient/5.0.3 (Java/19.0.2)[\r][\n]&quot;
17:51:58.053 [main] DEBUG com.github.dockerjava.zerodep.shaded.org.apache.hc.client5.http.wire - http-outgoing-0 &gt;&gt; &quot;[\r][\n]&quot;
17:51:58.940 [main] DEBUG com.github.dockerjava.zerodep.shaded.org.apache.hc.client5.http.wire - http-outgoing-0 &lt;&lt; &quot;HTTP/1.1 204 No Content[\r][\n]&quot;
17:51:58.942 [main] DEBUG com.github.dockerjava.zerodep.shaded.org.apache.hc.client5.http.wire - http-outgoing-0 &lt;&lt; &quot;Api-Version: 1.43[\r][\n]&quot;
17:51:58.942 [main] DEBUG com.github.dockerjava.zerodep.shaded.org.apache.hc.client5.http.wire - http-outgoing-0 &lt;&lt; &quot;Date: Mon, 14 Aug 2023 14:51:58 GMT[\r][\n]&quot;
17:51:58.943 [main] DEBUG com.github.dockerjava.zerodep.shaded.org.apache.hc.client5.http.wire - http-outgoing-0 &lt;&lt; &quot;Docker-Experimental: false[\r][\n]&quot;
17:51:58.943 [main] DEBUG com.github.dockerjava.zerodep.shaded.org.apache.hc.client5.http.wire - http-outgoing-0 &lt;&lt; &quot;Ostype: linux[\r][\n]&quot;
17:51:58.943 [main] DEBUG com.github.dockerjava.zerodep.shaded.org.apache.hc.client5.http.wire - http-outgoing-0 &lt;&lt; &quot;Server: Docker/24.0.5 (linux)[\r][\n]&quot;
17:51:58.943 [main] DEBUG com.github.dockerjava.zerodep.shaded.org.apache.hc.client5.http.wire - http-outgoing-0 &lt;&lt; &quot;[\r][\n]&quot;
17:51:58.943 [main] DEBUG com.github.dockerjava.zerodep.shaded.org.apache.hc.client5.http.headers - http-outgoing-0 &lt;&lt; HTTP/1.1 204 No Content
17:51:58.944 [main] DEBUG com.github.dockerjava.zerodep.shaded.org.apache.hc.client5.http.headers - http-outgoing-0 &lt;&lt; Api-Version: 1.43
17:51:58.945 [main] DEBUG com.github.dockerjava.zerodep.shaded.org.apache.hc.client5.http.headers - http-outgoing-0 &lt;&lt; Date: Mon, 14 Aug 2023 14:51:58 GMT
17:51:58.946 [main] DEBUG com.github.dockerjava.zerodep.shaded.org.apache.hc.client5.http.headers - http-outgoing-0 &lt;&lt; Docker-Experimental: false
17:51:58.946 [main] DEBUG com.github.dockerjava.zerodep.shaded.org.apache.hc.client5.http.headers - http-outgoing-0 &lt;&lt; Ostype: linux
17:51:58.946 [main] DEBUG com.github.dockerjava.zerodep.shaded.org.apache.hc.client5.http.headers - http-outgoing-0 &lt;&lt; Server: Docker/24.0.5 (linux)
17:51:58.947 [main] DEBUG com.github.dockerjava.zerodep.shaded.org.apache.hc.client5.http.impl.classic.MainClientExec - ex-00000005: connection can be kept alive for 3 MINUTES
17:51:58.948 [main] DEBUG com.github.dockerjava.zerodep.shaded.org.apache.hc.client5.http.impl.classic.InternalHttpClient - ep-00000004: releasing valid endpoint
17:51:58.948 [main] DEBUG com.github.dockerjava.zerodep.shaded.org.apache.hc.client5.http.impl.io.PoolingHttpClientConnectionManager - ep-00000004: releasing endpoint
17:51:58.949 [main] DEBUG com.github.dockerjava.zerodep.shaded.org.apache.hc.client5.http.impl.io.PoolingHttpClientConnectionManager - ep-00000004: connection http-outgoing-0 can be kept alive for 3 MINUTES
17:51:58.950 [main] DEBUG com.github.dockerjava.zerodep.shaded.org.apache.hc.client5.http.impl.io.PoolingHttpClientConnectionManager - ep-00000004: connection released [route: {}-&gt;npipe://localhost:2375][total available: 1; route allocated: 1 of 2147483647; total allocated: 1 of 2147483647]
17:51:58.994 [main] DEBUG org.testcontainers.shaded.com.github.dockerjava.core.command.AbstrDockerCmd - Cmd: 756033ee79ab57e91b9cf9d0c1380d4f5608593bd818cd36553c00638141fa40,false
17:51:59.004 [main] DEBUG org.testcontainers.shaded.com.github.dockerjava.core.exec.InspectContainerCmdExec - GET: DefaultWebTarget{path=[/containers/756033ee79ab57e91b9cf9d0c1380d4f5608593bd818cd36553c00638141fa40/json], queryParams={}}
17:51:59.005 [main] DEBUG com.github.dockerjava.zerodep.shaded.org.apache.hc.client5.http.impl.classic.InternalHttpClient - ex-00000006: preparing request execution
17:51:59.005 [main] DEBUG com.github.dockerjava.zerodep.shaded.org.apache.hc.client5.http.protocol.RequestAddCookies - Cookie spec selected: strict
17:51:59.005 [main] DEBUG com.github.dockerjava.zerodep.shaded.org.apache.hc.client5.http.protocol.RequestAuthCache - Auth cache not set in the context
17:51:59.006 [main] DEBUG com.github.dockerjava.zerodep.shaded.org.apache.hc.client5.http.impl.classic.ProtocolExec - ex-00000006: target auth state: UNCHALLENGED
17:51:59.006 [main] DEBUG com.github.dockerjava.zerodep.shaded.org.apache.hc.client5.http.impl.classic.ProtocolExec - ex-00000006: proxy auth state: UNCHALLENGED
17:51:59.006 [main] DEBUG com.github.dockerjava.zerodep.shaded.org.apache.hc.client5.http.impl.classic.ConnectExec - ex-00000006: acquiring connection with route {}-&gt;npipe://localhost:2375
17:51:59.007 [main] DEBUG com.github.dockerjava.zerodep.shaded.org.apache.hc.client5.http.impl.classic.InternalHttpClient - ex-00000006: acquiring endpoint (3 MINUTES)
17:51:59.007 [main] DEBUG com.github.dockerjava.zerodep.shaded.org.apache.hc.client5.http.impl.io.PoolingHttpClientConnectionManager - ex-00000006: endpoint lease request (3 MINUTES) [route: {}-&gt;npipe://localhost:2375][total available: 1; route allocated: 1 of 2147483647; total allocated: 1 of 2147483647]
17:51:59.008 [main] DEBUG com.github.dockerjava.zerodep.shaded.org.apache.hc.client5.http.impl.io.PoolingHttpClientConnectionManager - ex-00000006: endpoint leased [route: {}-&gt;npipe://localhost:2375][total available: 0; route allocated: 1 of 2147483647; total allocated: 1 of 2147483647]
17:51:59.008 [main] DEBUG com.github.dockerjava.zerodep.shaded.org.apache.hc.client5.http.impl.io.PoolingHttpClientConnectionManager - ex-00000006: acquired ep-00000005
17:51:59.008 [main] DEBUG com.github.dockerjava.zerodep.shaded.org.apache.hc.client5.http.impl.classic.InternalHttpClient - ex-00000006: acquired endpoint ep-00000005
17:51:59.008 [main] DEBUG com.github.dockerjava.zerodep.shaded.org.apache.hc.client5.http.impl.classic.MainClientExec - ex-00000006: executing GET /v1.32/containers/756033ee79ab57e91b9cf9d0c1380d4f5608593bd818cd36553c00638141fa40/json HTTP/1.1
17:51:59.009 [main] DEBUG com.github.dockerjava.zerodep.shaded.org.apache.hc.client5.http.impl.classic.InternalHttpClient - ep-00000005: start execution ex-00000006
17:51:59.010 [main] DEBUG com.github.dockerjava.zerodep.shaded.org.apache.hc.client5.http.impl.io.PoolingHttpClientConnectionManager - ep-00000005: executing exchange ex-00000006 over http-outgoing-0
17:51:59.010 [main] DEBUG com.github.dockerjava.zerodep.shaded.org.apache.hc.client5.http.headers - http-outgoing-0 &gt;&gt; GET /v1.32/containers/756033ee79ab57e91b9cf9d0c1380d4f5608593bd818cd36553c00638141fa40/json HTTP/1.1
17:51:59.010 [main] DEBUG com.github.dockerjava.zerodep.shaded.org.apache.hc.client5.http.headers - http-outgoing-0 &gt;&gt; accept: application/json
17:51:59.010 [main] DEBUG com.github.dockerjava.zerodep.shaded.org.apache.hc.client5.http.headers - http-outgoing-0 &gt;&gt; x-tc-sid: 2e83e22e-e672-4754-b852-5ac7974dddc6
17:51:59.010 [main] DEBUG com.github.dockerjava.zerodep.shaded.org.apache.hc.client5.http.headers - http-outgoing-0 &gt;&gt; Accept-Encoding: gzip, x-gzip, deflate
17:51:59.010 [main] DEBUG com.github.dockerjava.zerodep.shaded.org.apache.hc.client5.http.headers - http-outgoing-0 &gt;&gt; Host: localhost:2375
17:51:59.010 [main] DEBUG com.github.dockerjava.zerodep.shaded.org.apache.hc.client5.http.headers - http-outgoing-0 &gt;&gt; Connection: keep-alive
17:51:59.010 [main] DEBUG com.github.dockerjava.zerodep.shaded.org.apache.hc.client5.http.headers - http-outgoing-0 &gt;&gt; User-Agent: Apache-HttpClient/5.0.3 (Java/19.0.2)
17:51:59.010 [main] DEBUG com.github.dockerjava.zerodep.shaded.org.apache.hc.client5.http.wire - http-outgoing-0 &gt;&gt; &quot;GET /v1.32/containers/756033ee79ab57e91b9cf9d0c1380d4f5608593bd818cd36553c00638141fa40/json HTTP/1.1[\r][\n]&quot;
17:51:59.013 [main] DEBUG com.github.dockerjava.zerodep.shaded.org.apache.hc.client5.http.wire - http-outgoing-0 &gt;&gt; &quot;accept: application/json[\r][\n]&quot;
17:51:59.014 [main] DEBUG com.github.dockerjava.zerodep.shaded.org.apache.hc.client5.http.wire - http-outgoing-0 &gt;&gt; &quot;x-tc-sid: 2e83e22e-e672-4754-b852-5ac7974dddc6[\r][\n]&quot;
17:51:59.015 [main] DEBUG com.github.dockerjava.zerodep.shaded.org.apache.hc.client5.http.wire - http-outgoing-0 &gt;&gt; &quot;Accept-Encoding: gzip, x-gzip, deflate[\r][\n]&quot;
17:51:59.015 [main] DEBUG com.github.dockerjava.zerodep.shaded.org.apache.hc.client5.http.wire - http-outgoing-0 &gt;&gt; &quot;Host: localhost:2375[\r][\n]&quot;
17:51:59.015 [main] DEBUG com.github.dockerjava.zerodep.shaded.org.apache.hc.client5.http.wire - http-outgoing-0 &gt;&gt; &quot;Connection: keep-alive[\r][\n]&quot;
17:51:59.015 [main] DEBUG com.github.dockerjava.zerodep.shaded.org.apache.hc.client5.http.wire - http-outgoing-0 &gt;&gt; &quot;User-Agent: Apache-HttpClient/5.0.3 (Java/19.0.2)[\r][\n]&quot;
17:51:59.015 [main] DEBUG com.github.dockerjava.zerodep.shaded.org.apache.hc.client5.http.wire - http-outgoing-0 &gt;&gt; &quot;[\r][\n]&quot;
17:51:59.107 [main] DEBUG com.github.dockerjava.zerodep.shaded.org.apache.hc.client5.http.wire - http-outgoing-0 &lt;&lt; &quot;HTTP/1.1 200 OK[\r][\n]&quot;
17:51:59.107 [main] DEBUG com.github.dockerjava.zerodep.shaded.org.apache.hc.client5.http.wire - http-outgoing-0 &lt;&lt; &quot;Api-Version: 1.43[\r][\n]&quot;
17:51:59.107 [main] DEBUG com.github.dockerjava.zerodep.shaded.org.apache.hc.client5.http.wire - http-outgoing-0 &lt;&lt; &quot;Content-Type: application/json[\r][\n]&quot;
17:51:59.107 [main] DEBUG com.github.dockerjava.zerodep.shaded.org.apache.hc.client5.http.wire - http-outgoing-0 &lt;&lt; &quot;Date: Mon, 14 Aug 2023 14:51:59 GMT[\r][\n]&quot;
17:51:59.108 [main] DEBUG com.github.dockerjava.zerodep.shaded.org.apache.hc.client5.http.wire - http-outgoing-0 &lt;&lt; &quot;Docker-Experimental: false[\r][\n]&quot;
17:51:59.108 [main] DEBUG com.github.dockerjava.zerodep.shaded.org.apache.hc.client5.http.wire - http-outgoing-0 &lt;&lt; &quot;Ostype: linux[\r][\n]&quot;
17:51:59.108 [main] DEBUG com.github.dockerjava.zerodep.shaded.org.apache.hc.client5.http.wire - http-outgoing-0 &lt;&lt; &quot;Server: Docker/24.0.5 (linux)[\r][\n]&quot;
17:51:59.108 [main] DEBUG com.github.dockerjava.zerodep.shaded.org.apache.hc.client5.http.wire - http-outgoing-0 &lt;&lt; &quot;Transfer-Encoding: chunked[\r][\n]&quot;
17:51:59.109 [main] DEBUG com.github.dockerjava.zerodep.shaded.org.apache.hc.client5.http.wire - http-outgoing-0 &lt;&lt; &quot;[\r][\n]&quot;
17:51:59.109 [main] DEBUG com.github.dockerjava.zerodep.shaded.org.apache.hc.client5.http.headers - http-outgoing-0 &lt;&lt; HTTP/1.1 200 OK
17:51:59.109 [main] DEBUG com.github.dockerjava.zerodep.shaded.org.apache.hc.client5.http.headers - http-outgoing-0 &lt;&lt; Api-Version: 1.43
17:51:59.110 [main] DEBUG com.github.dockerjava.zerodep.shaded.org.apache.hc.client5.http.headers - http-outgoing-0 &lt;&lt; Content-Type: application/json
17:51:59.110 [main] DEBUG com.github.dockerjava.zerodep.shaded.org.apache.hc.client5.http.headers - http-outgoing-0 &lt;&lt; Date: Mon, 14 Aug 2023 14:51:59 GMT
17:51:59.111 [main] DEBUG com.github.dockerjava.zerodep.shaded.org.apache.hc.client5.http.headers - http-outgoing-0 &lt;&lt; Docker-Experimental: false
17:51:59.112 [main] DEBUG com.github.dockerjava.zerodep.shaded.org.apache.hc.client5.http.headers - http-outgoing-0 &lt;&lt; Ostype: linux
17:51:59.112 [main] DEBUG com.github.dockerjava.zerodep.shaded.org.apache.hc.client5.http.headers - http-outgoing-0 &lt;&lt; Server: Docker/24.0.5 (linux)
17:51:59.112 [main] DEBUG com.github.dockerjava.zerodep.shaded.org.apache.hc.client5.http.headers - http-outgoing-0 &lt;&lt; Transfer-Encoding: chunked
17:51:59.112 [main] DEBUG com.github.dockerjava.zerodep.shaded.org.apache.hc.client5.http.impl.classic.MainClientExec - ex-00000006: connection can be kept alive for 3 MINUTES
17:51:59.137 [main] DEBUG com.github.dockerjava.zerodep.shaded.org.apache.hc.client5.http.wire - http-outgoing-0 &lt;&lt; &quot;1418[\r][\n]&quot;
17:51:59.138 [main] DEBUG com.github.dockerjava.zerodep.shaded.org.apache.hc.client5.http.wire - http-outgoing-0 &lt;&lt; &quot;{&quot;Id&quot;:&quot;756033ee79ab57e91b9cf9d0c1380d4f5608593bd818cd36553c00638141fa40&quot;,&quot;Created&quot;:&quot;2023-08-14T14:51:57.846856881Z&quot;,&quot;Path&quot;:&quot;/bin/ryuk&quot;,&quot;Args&quot;:[],&quot;State&quot;:{&quot;Status&quot;:&quot;running&quot;,&quot;Running&quot;:true,&quot;Paused&quot;:false,&quot;Restarting&quot;:false,&quot;OOMKilled&quot;:false,&quot;Dead&quot;:false,&quot;Pid&quot;:7712,&quot;ExitCode&quot;:0,&quot;Error&quot;:&quot;&quot;,&quot;StartedAt&quot;:&quot;2023-08-14T14:51:58.923425405Z&quot;,&quot;FinishedAt&quot;:&quot;0001-01-01T00:00:00Z&quot;},&quot;Image&quot;:&quot;sha256:2e306eb8aa06255c4f736b2bcf446760cae7cf9e947651ba8272f34c3e94ffa7&quot;,&quot;ResolvConfPath&quot;:&quot;/var/lib/docker/containers/756033ee79ab57e91b9cf9d0c1380d4f5608593bd818cd36553c00638141fa40/resolv.conf&quot;,&quot;HostnamePath&quot;:&quot;/var/lib/docker/containers/756033ee79ab57e91b9cf9d0c1380d4f5608593bd818cd36553c00638141fa40/hostname&quot;,&quot;HostsPath&quot;:&quot;/var/lib/docker/containers/756033ee79ab57e91b9cf9d0c1380d4f5608593bd818cd36553c00638141fa40/hosts&quot;,&quot;LogPath&quot;:&quot;/var/lib/docker/containers/756033ee79ab57e91b9cf9d0c1380d4f5608593bd818cd36553c00638141fa40/756033ee79ab57e91b9cf9d0c1380d4f5608593bd818cd36553c00638141fa40-json.log&quot;,&quot;Name&quot;:&quot;/testcontainers-ryuk-2e83e22e-e672-4754-b852-5ac7974dddc6&quot;,&quot;RestartCount&quot;:0,&quot;Driver&quot;:&quot;overlay2&quot;,&quot;Platform&quot;:&quot;linux&quot;,&quot;MountLabel&quot;:&quot;&quot;,&quot;ProcessLabel&quot;:&quot;&quot;,&quot;AppArmorProfile&quot;:&quot;&quot;,&quot;ExecIDs&quot;:null,&quot;HostConfig&quot;:{&quot;Binds&quot;:[&quot;//var/run/docker.sock:/var/run/docker.sock:rw&quot;],&quot;ContainerIDFile&quot;:&quot;&quot;,&quot;LogConfig&quot;:{&quot;Type&quot;:&quot;json-file&quot;,&quot;Config&quot;:{}},&quot;NetworkMode&quot;:&quot;default&quot;,&quot;PortBindings&quot;:{&quot;8080/tcp&quot;:[{&quot;HostIp&quot;:&quot;0.0.0.0&quot;,&quot;HostPort&quot;:&quot;0&quot;}]},&quot;RestartPolicy&quot;:{&quot;Name&quot;:&quot;&quot;,&quot;MaximumRetryCount&quot;:0},&quot;AutoRemove&quot;:true,&quot;VolumeDriver&quot;:&quot;&quot;,&quot;VolumesFrom&quot;:[],&quot;ConsoleSize&quot;:[0,0],&quot;CapAdd&quot;:null,&quot;CapDrop&quot;:null,&quot;CgroupnsMode&quot;:&quot;host&quot;,&quot;Dns&quot;:null,&quot;DnsOptions&quot;:null,&quot;DnsSearch&quot;:null,&quot;ExtraHosts&quot;:[],&quot;GroupAdd&quot;:null,&quot;IpcMode&quot;:&quot;shareable&quot;,&quot;Cgroup&quot;:&quot;&quot;,&quot;Links&quot;:null,&quot;OomScoreAdj&quot;:0,&quot;PidMode&quot;:&quot;&quot;,&quot;Privileged&quot;:false,&quot;PublishAllPorts&quot;:false,&quot;ReadonlyRootfs&quot;:false,&quot;SecurityOpt&quot;:null,&quot;UTSMode&quot;:&quot;&quot;,&quot;UsernsMode&quot;:&quot;&quot;,&quot;ShmSize&quot;:67108864,&quot;Runtime&quot;:&quot;runc&quot;,&quot;Isolation&quot;:&quot;&quot;,&quot;CpuShares&quot;:0,&quot;Memory&quot;:0,&quot;NanoCpus&quot;:0,&quot;CgroupParent&quot;:&quot;&quot;,&quot;BlkioWeight&quot;:0,&quot;BlkioWeightDevice&quot;:null,&quot;BlkioDeviceReadBps&quot;:null,&quot;BlkioDeviceWriteBps&quot;:null,&quot;BlkioDeviceReadIOps&quot;:null,&quot;BlkioDeviceWriteIOps&quot;:null,&quot;CpuPeriod&quot;:0,&quot;CpuQuota&quot;:0,&quot;CpuRealtimePeriod&quot;:0,&quot;CpuRealtimeRuntime&quot;:0,&quot;CpusetCpus&quot;:&quot;&quot;,&quot;CpusetMems&quot;:&quot;&quot;,&quot;Devices&quot;:null,&quot;DeviceCgroupRules&quot;:null,&quot;DeviceRequests&quot;:null,&quot;MemoryReservation&quot;:0,&quot;MemorySwap&quot;:0,&quot;MemorySwappiness&quot;:null,&quot;OomKillDisable&quot;:false,&quot;PidsLimit&quot;:null,&quot;Ulimits&quot;:null,&quot;CpuCount&quot;:0,&quot;CpuPercent&quot;:0,&quot;IOMaximumIOps&quot;:0,&quot;IOMaximumBandwidth&quot;:0,&quot;MaskedPaths&quot;:[&quot;/proc/asound&quot;,&quot;/proc/acpi&quot;,&quot;/proc/kcore&quot;,&quot;/proc/keys&quot;,&quot;/proc/latency_stats&quot;,&quot;/proc/timer_list&quot;,&quot;/proc/timer_stats&quot;,&quot;/proc/sched_debug&quot;,&quot;/proc/scsi&quot;,&quot;/sys/firmware&quot;],&quot;ReadonlyPaths&quot;:[&quot;/proc/bus&quot;,&quot;/proc/fs&quot;,&quot;/proc/irq&quot;,&quot;/proc/sys&quot;,&quot;/proc/sysrq-trigger&quot;]},&quot;GraphDriver&quot;:{&quot;Data&quot;:{&quot;LowerDir&quot;:&quot;/var/lib/docker/overlay2/d9f4d65ced1fe890aedadce3f755fcf9d86393ee7eee41e7e4929ce50c9bdfc0-init/diff:/var/lib/docker/overlay2/0dd6f8abae3960e03ca359b001692924651ab0d8a24b6db2eb0d81f750f38517/diff:/var/lib/docker/overlay2/50e2473800c8f1c216ecd07f94eaa7a8d9fd4bce22e8f45a943485a39d2de3e0/diff:/var/lib/docker/overlay2/ff6f7e7aa39f67af64f0510bad1169758798a46ae7cec05d3f3d29f87dc14456/diff&quot;,&quot;MergedDir&quot;:&quot;/var/lib/docker/overlay2/d9f4d65ced1fe890aedadce3f755fcf9d86393ee7eee41e7e4929ce50c9bdfc0/merged&quot;,&quot;UpperDir&quot;:&quot;/var/lib/docker/overlay2/d9f4d65ced1fe890aedadce3f755fcf9d86393ee7eee41e7e4929ce50c9bdfc0/diff&quot;,&quot;WorkDir&quot;:&quot;/var/lib/docker/overlay2/d9f4d65ced1fe890aedadce3f755fcf9d86393ee7eee41e7e4929ce50c9bdfc0/work&quot;},&quot;Name&quot;:&quot;overlay2&quot;},&quot;Mounts&quot;:[{&quot;Type&quot;:&quot;bind&quot;,&quot;Source&quot;:&quot;//var/run/docker.sock&quot;,&quot;Destination&quot;:&quot;/var/run/docker.sock&quot;,&quot;Mode&quot;:&quot;rw&quot;,&quot;RW&quot;:true,&quot;Propagation&quot;:&quot;rprivate&quot;}],&quot;Config&quot;:{&quot;Hostname&quot;:&quot;756033ee79ab&quot;,&quot;Domainname&quot;:&quot;&quot;,&quot;User&quot;:&quot;&quot;,&quot;AttachStdin&quot;:false,&quot;AttachStdout&quot;:false,&quot;AttachStderr&quot;:false,&quot;ExposedPorts&quot;:{&quot;8080/tcp&quot;:{}},&quot;Tty&quot;:false,&quot;OpenStdin&quot;:false,&quot;StdinOnce&quot;:false,&quot;Env&quot;:[&quot;PATH=/usr/local/sbin:/usr/local/bin:/usr/sbin:/usr/bin:/sbin:/bin&quot;],&quot;Cmd&quot;:[&quot;/bin/ryuk&quot;],&quot;Image&quot;:&quot;testcontainers/ryuk:0.4.0&quot;,&quot;Volumes&quot;:null,&quot;WorkingDir&quot;:&quot;&quot;,&quot;Entrypoint&quot;:null,&quot;OnBuild&quot;:null,&quot;Labels&quot;:{&quot;org.testcontainers&quot;:&quot;true&quot;,&quot;org.testcontainers.&quot;
17:51:59.364 [main] DEBUG com.github.dockerjava.zerodep.shaded.org.apache.hc.client5.http.wire - http-outgoing-0 &lt;&lt; &quot;lang&quot;:&quot;java&quot;,&quot;org.testcontainers.ryuk&quot;:&quot;true&quot;,&quot;org.testcontainers.version&quot;:&quot;1.18.0&quot;}},&quot;NetworkSettings&quot;:{&quot;Bridge&quot;:&quot;&quot;,&quot;SandboxID&quot;:&quot;37d9fb59a599c6964f9ace12a5c002f821458f2d0ac4a3f4d1213956e4422edf&quot;,&quot;HairpinMode&quot;:false,&quot;LinkLocalIPv6Address&quot;:&quot;&quot;,&quot;LinkLocalIPv6PrefixLen&quot;:0,&quot;Ports&quot;:{&quot;8080/tcp&quot;:[]},&quot;SandboxKey&quot;:&quot;/var/run/docker/netns/37d9fb59a599&quot;,&quot;SecondaryIPAddresses&quot;:null,&quot;SecondaryIPv6Addresses&quot;:null,&quot;EndpointID&quot;:&quot;929d727d7faf6fe561cd7302ab5bbc1cd5903b97d4bcabeb77f1cff8cdba2681&quot;,&quot;Gateway&quot;:&quot;172.17.0.1&quot;,&quot;GlobalIPv6Address&quot;:&quot;&quot;,&quot;GlobalIPv6PrefixLen&quot;:0,&quot;IPAddress&quot;:&quot;172.17.0.2&quot;,&quot;IPPrefixLen&quot;:16,&quot;IPv6Gateway&quot;:&quot;&quot;,&quot;MacAddress&quot;:&quot;02:42:ac:11:00:02&quot;,&quot;Networks&quot;:{&quot;bridge&quot;:{&quot;IPAMConfig&quot;:null,&quot;Links&quot;:null,&quot;Aliases&quot;:null,&quot;NetworkID&quot;:&quot;52c31e85ea75c595e3a95f61ddbe4f8a610c03ec2e886abb9d94ac66fb31b4c3&quot;,&quot;EndpointID&quot;:&quot;929d727d7faf6fe561cd7302ab5bbc1cd5903b97d4bcabeb77f1cff8cdba2681&quot;,&quot;Gateway&quot;:&quot;172.17.0.1&quot;,&quot;IPAddress&quot;:&quot;172.17.0.2&quot;,&quot;IPPrefixLen&quot;:16,&quot;IPv6Gateway&quot;:&quot;&quot;,&quot;GlobalIPv6Address&quot;:&quot;&quot;,&quot;GlobalIPv6PrefixLen&quot;:0,&quot;MacAddress&quot;:&quot;02:42:ac:11:00:02&quot;,&quot;DriverOpts&quot;:null}}}}[\n]&quot;
17:51:59.427 [main] DEBUG com.github.dockerjava.zerodep.shaded.org.apache.hc.client5.http.wire - http-outgoing-0 &lt;&lt; &quot;[\r][\n]&quot;
17:51:59.427 [main] DEBUG com.github.dockerjava.zerodep.shaded.org.apache.hc.client5.http.wire - http-outgoing-0 &lt;&lt; &quot;0[\r][\n]&quot;
17:51:59.427 [main] DEBUG com.github.dockerjava.zerodep.shaded.org.apache.hc.client5.http.wire - http-outgoing-0 &lt;&lt; &quot;[\r][\n]&quot;
17:51:59.427 [main] DEBUG com.github.dockerjava.zerodep.shaded.org.apache.hc.client5.http.impl.classic.InternalHttpClient - ep-00000005: releasing valid endpoint
17:51:59.429 [main] DEBUG com.github.dockerjava.zerodep.shaded.org.apache.hc.client5.http.impl.io.PoolingHttpClientConnectionManager - ep-00000005: releasing endpoint
17:51:59.429 [main] DEBUG com.github.dockerjava.zerodep.shaded.org.apache.hc.client5.http.impl.io.PoolingHttpClientConnectionManager - ep-00000005: connection http-outgoing-0 can be kept alive for 3 MINUTES
17:51:59.429 [main] DEBUG com.github.dockerjava.zerodep.shaded.org.apache.hc.client5.http.impl.io.PoolingHttpClientConnectionManager - ep-00000005: connection released [route: {}-&gt;npipe://localhost:2375][total available: 1; route allocated: 1 of 2147483647; total allocated: 1 of 2147483647]
17:51:59.438 [main] DEBUG org.testcontainers.shaded.com.github.dockerjava.core.command.AbstrDockerCmd - Cmd: 756033ee79ab57e91b9cf9d0c1380d4f5608593bd818cd36553c00638141fa40,false
17:51:59.438 [main] DEBUG org.testcontainers.shaded.com.github.dockerjava.core.exec.InspectContainerCmdExec - GET: DefaultWebTarget{path=[/containers/756033ee79ab57e91b9cf9d0c1380d4f5608593bd818cd36553c00638141fa40/json], queryParams={}}
17:51:59.438 [main] DEBUG com.github.dockerjava.zerodep.shaded.org.apache.hc.client5.http.impl.classic.InternalHttpClient - ex-00000007: preparing request execution
17:51:59.438 [main] DEBUG com.github.dockerjava.zerodep.shaded.org.apache.hc.client5.http.protocol.RequestAddCookies - Cookie spec selected: strict
17:51:59.438 [main] DEBUG com.github.dockerjava.zerodep.shaded.org.apache.hc.client5.http.protocol.RequestAuthCache - Auth cache not set in the context
17:51:59.438 [main] DEBUG com.github.dockerjava.zerodep.shaded.org.apache.hc.client5.http.impl.classic.ProtocolExec - ex-00000007: target auth state: UNCHALLENGED
17:51:59.439 [main] DEBUG com.github.dockerjava.zerodep.shaded.org.apache.hc.client5.http.impl.classic.ProtocolExec - ex-00000007: proxy auth state: UNCHALLENGED
17:51:59.439 [main] DEBUG com.github.dockerjava.zerodep.shaded.org.apache.hc.client5.http.impl.classic.ConnectExec - ex-00000007: acquiring connection with route {}-&gt;npipe://localhost:2375
17:51:59.439 [main] DEBUG com.github.dockerjava.zerodep.shaded.org.apache.hc.client5.http.impl.classic.InternalHttpClient - ex-00000007: acquiring endpoint (3 MINUTES)
17:51:59.439 [main] DEBUG com.github.dockerjava.zerodep.shaded.org.apache.hc.client5.http.impl.io.PoolingHttpClientConnectionManager - ex-00000007: endpoint lease request (3 MINUTES) [route: {}-&gt;npipe://localhost:2375][total available: 1; route allocated: 1 of 2147483647; total allocated: 1 of 2147483647]
17:51:59.439 [main] DEBUG com.github.dockerjava.zerodep.shaded.org.apache.hc.client5.http.impl.io.PoolingHttpClientConnectionManager - ex-00000007: endpoint leased [route: {}-&gt;npipe://localhost:2375][total available: 0; route allocated: 1 of 2147483647; total allocated: 1 of 2147483647]
17:51:59.440 [main] DEBUG com.github.dockerjava.zerodep.shaded.org.apache.hc.client5.http.impl.io.PoolingHttpClientConnectionManager - ex-00000007: acquired ep-00000006
17:51:59.440 [main] DEBUG com.github.dockerjava.zerodep.shaded.org.apache.hc.client5.http.impl.classic.InternalHttpClient - ex-00000007: acquired endpoint ep-00000006
17:51:59.440 [main] DEBUG com.github.dockerjava.zerodep.shaded.org.apache.hc.client5.http.impl.classic.MainClientExec - ex-00000007: executing GET /v1.32/containers/756033ee79ab57e91b9cf9d0c1380d4f5608593bd818cd36553c00638141fa40/json HTTP/1.1
17:51:59.441 [main] DEBUG com.github.dockerjava.zerodep.shaded.org.apache.hc.client5.http.impl.classic.InternalHttpClient - ep-00000006: start execution ex-00000007
17:51:59.441 [main] DEBUG com.github.dockerjava.zerodep.shaded.org.apache.hc.client5.http.impl.io.PoolingHttpClientConnectionManager - ep-00000006: executing exchange ex-00000007 over http-outgoing-0
17:51:59.443 [main] DEBUG com.github.dockerjava.zerodep.shaded.org.apache.hc.client5.http.headers - http-outgoing-0 &gt;&gt; GET /v1.32/containers/756033ee79ab57e91b9cf9d0c1380d4f5608593bd818cd36553c00638141fa40/json HTTP/1.1
17:51:59.443 [main] DEBUG com.github.dockerjava.zerodep.shaded.org.apache.hc.client5.http.headers - http-outgoing-0 &gt;&gt; accept: application/json
17:51:59.443 [main] DEBUG com.github.dockerjava.zerodep.shaded.org.apache.hc.client5.http.headers - http-outgoing-0 &gt;&gt; x-tc-sid: 2e83e22e-e672-4754-b852-5ac7974dddc6
17:51:59.443 [main] DEBUG com.github.dockerjava.zerodep.shaded.org.apache.hc.client5.http.headers - http-outgoing-0 &gt;&gt; Accept-Encoding: gzip, x-gzip, deflate
17:51:59.443 [main] DEBUG com.github.dockerjava.zerodep.shaded.org.apache.hc.client5.http.headers - http-outgoing-0 &gt;&gt; Host: localhost:2375
17:51:59.443 [main] DEBUG com.github.dockerjava.zerodep.shaded.org.apache.hc.client5.http.headers - http-outgoing-0 &gt;&gt; Connection: keep-alive
17:51:59.443 [main] DEBUG com.github.dockerjava.zerodep.shaded.org.apache.hc.client5.http.headers - http-outgoing-0 &gt;&gt; User-Agent: Apache-HttpClient/5.0.3 (Java/19.0.2)
17:51:59.443 [main] DEBUG com.github.dockerjava.zerodep.shaded.org.apache.hc.client5.http.wire - http-outgoing-0 &gt;&gt; &quot;GET /v1.32/containers/756033ee79ab57e91b9cf9d0c1380d4f5608593bd818cd36553c00638141fa40/json HTTP/1.1[\r][\n]&quot;
17:51:59.443 [main] DEBUG com.github.dockerjava.zerodep.shaded.org.apache.hc.client5.http.wire - http-outgoing-0 &gt;&gt; &quot;accept: application/json[\r][\n]&quot;
17:51:59.446 [main] DEBUG com.github.dockerjava.zerodep.shaded.org.apache.hc.client5.http.wire - http-outgoing-0 &gt;&gt; &quot;x-tc-sid: 2e83e22e-e672-4754-b852-5ac7974dddc6[\r][\n]&quot;
17:51:59.446 [main] DEBUG com.github.dockerjava.zerodep.shaded.org.apache.hc.client5.http.wire - http-outgoing-0 &gt;&gt; &quot;Accept-Encoding: gzip, x-gzip, deflate[\r][\n]&quot;
17:51:59.446 [main] DEBUG com.github.dockerjava.zerodep.shaded.org.apache.hc.client5.http.wire - http-outgoing-0 &gt;&gt; &quot;Host: localhost:2375[\r][\n]&quot;
17:51:59.446 [main] DEBUG com.github.dockerjava.zerodep.shaded.org.apache.hc.client5.http.wire - http-outgoing-0 &gt;&gt; &quot;Connection: keep-alive[\r][\n]&quot;
17:51:59.447 [main] DEBUG com.github.dockerjava.zerodep.shaded.org.apache.hc.client5.http.wire - http-outgoing-0 &gt;&gt; &quot;User-Agent: Apache-HttpClient/5.0.3 (Java/19.0.2)[\r][\n]&quot;
17:51:59.449 [main] DEBUG com.github.dockerjava.zerodep.shaded.org.apache.hc.client5.http.wire - http-outgoing-0 &gt;&gt; &quot;[\r][\n]&quot;
17:51:59.455 [main] DEBUG com.github.dockerjava.zerodep.shaded.org.apache.hc.client5.http.wire - http-outgoing-0 &lt;&lt; &quot;HTTP/1.1 200 OK[\r][\n]&quot;
17:51:59.456 [main] DEBUG com.github.dockerjava.zerodep.shaded.org.apache.hc.client5.http.wire - http-outgoing-0 &lt;&lt; &quot;Api-Version: 1.43[\r][\n]&quot;
17:51:59.456 [main] DEBUG com.github.dockerjava.zerodep.shaded.org.apache.hc.client5.http.wire - http-outgoing-0 &lt;&lt; &quot;Content-Type: application/json[\r][\n]&quot;
17:51:59.456 [main] DEBUG com.github.dockerjava.zerodep.shaded.org.apache.hc.client5.http.wire - http-outgoing-0 &lt;&lt; &quot;Date: Mon, 14 Aug 2023 14:51:59 GMT[\r][\n]&quot;
17:51:59.456 [main] DEBUG com.github.dockerjava.zerodep.shaded.org.apache.hc.client5.http.wire - http-outgoing-0 &lt;&lt; &quot;Docker-Experimental: false[\r][\n]&quot;
17:51:59.457 [main] DEBUG com.github.dockerjava.zerodep.shaded.org.apache.hc.client5.http.wire - http-outgoing-0 &lt;&lt; &quot;Ostype: linux[\r][\n]&quot;
17:51:59.457 [main] DEBUG com.github.dockerjava.zerodep.shaded.org.apache.hc.client5.http.wire - http-outgoing-0 &lt;&lt; &quot;Server: Docker/24.0.5 (linux)[\r][\n]&quot;
17:51:59.457 [main] DEBUG com.github.dockerjava.zerodep.shaded.org.apache.hc.client5.http.wire - http-outgoing-0 &lt;&lt; &quot;Transfer-Encoding: chunked[\r][\n]&quot;
17:51:59.457 [main] DEBUG com.github.dockerjava.zerodep.shaded.org.apache.hc.client5.http.wire - http-outgoing-0 &lt;&lt; &quot;[\r][\n]&quot;
17:51:59.458 [main] DEBUG com.github.dockerjava.zerodep.shaded.org.apache.hc.client5.http.headers - http-outgoing-0 &lt;&lt; HTTP/1.1 200 OK
17:51:59.458 [main] DEBUG com.github.dockerjava.zerodep.shaded.org.apache.hc.client5.http.headers - http-outgoing-0 &lt;&lt; Api-Version: 1.43
17:51:59.458 [main] DEBUG com.github.dockerjava.zerodep.shaded.org.apache.hc.client5.http.headers - http-outgoing-0 &lt;&lt; Content-Type: application/json
17:51:59.458 [main] DEBUG com.github.dockerjava.zerodep.shaded.org.apache.hc.client5.http.headers - http-outgoing-0 &lt;&lt; Date: Mon, 14 Aug 2023 14:51:59 GMT
17:51:59.458 [main] DEBUG com.github.dockerjava.zerodep.shaded.org.apache.hc.client5.http.headers - http-outgoing-0 &lt;&lt; Docker-Experimental: false
17:51:59.458 [main] DEBUG com.github.dockerjava.zerodep.shaded.org.apache.hc.client5.http.headers - http-outgoing-0 &lt;&lt; Ostype: linux
17:51:59.458 [main] DEBUG com.github.dockerjava.zerodep.shaded.org.apache.hc.client5.http.headers - http-outgoing-0 &lt;&lt; Server: Docker/24.0.5 (linux)
17:51:59.458 [main] DEBUG com.github.dockerjava.zerodep.shaded.org.apache.hc.client5.http.headers - http-outgoing-0 &lt;&lt; Transfer-Encoding: chunked
17:51:59.459 [main] DEBUG com.github.dockerjava.zerodep.shaded.org.apache.hc.client5.http.impl.classic.MainClientExec - ex-00000007: connection can be kept alive for 3 MINUTES
17:51:59.462 [main] DEBUG com.github.dockerjava.zerodep.shaded.org.apache.hc.client5.http.wire - http-outgoing-0 &lt;&lt; &quot;143f[\r][\n]&quot;
17:51:59.463 [main] DEBUG com.github.dockerjava.zerodep.shaded.org.apache.hc.client5.http.wire - http-outgoing-0 &lt;&lt; &quot;{&quot;Id&quot;:&quot;756033ee79ab57e91b9cf9d0c1380d4f5608593bd818cd36553c00638141fa40&quot;,&quot;Created&quot;:&quot;2023-08-14T14:51:57.846856881Z&quot;,&quot;Path&quot;:&quot;/bin/ryuk&quot;,&quot;Args&quot;:[],&quot;State&quot;:{&quot;Status&quot;:&quot;running&quot;,&quot;Running&quot;:true,&quot;Paused&quot;:false,&quot;Restarting&quot;:false,&quot;OOMKilled&quot;:false,&quot;Dead&quot;:false,&quot;Pid&quot;:7712,&quot;ExitCode&quot;:0,&quot;Error&quot;:&quot;&quot;,&quot;StartedAt&quot;:&quot;2023-08-14T14:51:58.923425405Z&quot;,&quot;FinishedAt&quot;:&quot;0001-01-01T00:00:00Z&quot;},&quot;Image&quot;:&quot;sha256:2e306eb8aa06255c4f736b2bcf446760cae7cf9e947651ba8272f34c3e94ffa7&quot;,&quot;ResolvConfPath&quot;:&quot;/var/lib/docker/containers/756033ee79ab57e91b9cf9d0c1380d4f5608593bd818cd36553c00638141fa40/resolv.conf&quot;,&quot;HostnamePath&quot;:&quot;/var/lib/docker/containers/756033ee79ab57e91b9cf9d0c1380d4f5608593bd818cd36553c00638141fa40/hostname&quot;,&quot;HostsPath&quot;:&quot;/var/lib/docker/containers/756033ee79ab57e91b9cf9d0c1380d4f5608593bd818cd36553c00638141fa40/hosts&quot;,&quot;LogPath&quot;:&quot;/var/lib/docker/containers/756033ee79ab57e91b9cf9d0c1380d4f5608593bd818cd36553c00638141fa40/756033ee79ab57e91b9cf9d0c1380d4f5608593bd818cd36553c00638141fa40-json.log&quot;,&quot;Name&quot;:&quot;/testcontainers-ryuk-2e83e22e-e672-4754-b852-5ac7974dddc6&quot;,&quot;RestartCount&quot;:0,&quot;Driver&quot;:&quot;overlay2&quot;,&quot;Platform&quot;:&quot;linux&quot;,&quot;MountLabel&quot;:&quot;&quot;,&quot;ProcessLabel&quot;:&quot;&quot;,&quot;AppArmorProfile&quot;:&quot;&quot;,&quot;ExecIDs&quot;:null,&quot;HostConfig&quot;:{&quot;Binds&quot;:[&quot;//var/run/docker.sock:/var/run/docker.sock:rw&quot;],&quot;ContainerIDFile&quot;:&quot;&quot;,&quot;LogConfig&quot;:{&quot;Type&quot;:&quot;json-file&quot;,&quot;Config&quot;:{}},&quot;NetworkMode&quot;:&quot;default&quot;,&quot;PortBindings&quot;:{&quot;8080/tcp&quot;:[{&quot;HostIp&quot;:&quot;0.0.0.0&quot;,&quot;HostPort&quot;:&quot;0&quot;}]},&quot;RestartPolicy&quot;:{&quot;Name&quot;:&quot;&quot;,&quot;MaximumRetryCount&quot;:0},&quot;AutoRemove&quot;:true,&quot;VolumeDriver&quot;:&quot;&quot;,&quot;VolumesFrom&quot;:[],&quot;ConsoleSize&quot;:[0,0],&quot;CapAdd&quot;:null,&quot;CapDrop&quot;:null,&quot;CgroupnsMode&quot;:&quot;host&quot;,&quot;Dns&quot;:null,&quot;DnsOptions&quot;:null,&quot;DnsSearch&quot;:null,&quot;ExtraHosts&quot;:[],&quot;GroupAdd&quot;:null,&quot;IpcMode&quot;:&quot;shareable&quot;,&quot;Cgroup&quot;:&quot;&quot;,&quot;Links&quot;:null,&quot;OomScoreAdj&quot;:0,&quot;PidMode&quot;:&quot;&quot;,&quot;Privileged&quot;:false,&quot;PublishAllPorts&quot;:false,&quot;ReadonlyRootfs&quot;:false,&quot;SecurityOpt&quot;:null,&quot;UTSMode&quot;:&quot;&quot;,&quot;UsernsMode&quot;:&quot;&quot;,&quot;ShmSize&quot;:67108864,&quot;Runtime&quot;:&quot;runc&quot;,&quot;Isolation&quot;:&quot;&quot;,&quot;CpuShares&quot;:0,&quot;Memory&quot;:0,&quot;NanoCpus&quot;:0,&quot;CgroupParent&quot;:&quot;&quot;,&quot;BlkioWeight&quot;:0,&quot;BlkioWeightDevice&quot;:null,&quot;BlkioDeviceReadBps&quot;:null,&quot;BlkioDeviceWriteBps&quot;:null,&quot;BlkioDeviceReadIOps&quot;:null,&quot;BlkioDeviceWriteIOps&quot;:null,&quot;CpuPeriod&quot;:0,&quot;CpuQuota&quot;:0,&quot;CpuRealtimePeriod&quot;:0,&quot;CpuRealtimeRuntime&quot;:0,&quot;CpusetCpus&quot;:&quot;&quot;,&quot;CpusetMems&quot;:&quot;&quot;,&quot;Devices&quot;:null,&quot;DeviceCgroupRules&quot;:null,&quot;DeviceRequests&quot;:null,&quot;MemoryReservation&quot;:0,&quot;MemorySwap&quot;:0,&quot;MemorySwappiness&quot;:null,&quot;OomKillDisable&quot;:false,&quot;PidsLimit&quot;:null,&quot;Ulimits&quot;:null,&quot;CpuCount&quot;:0,&quot;CpuPercent&quot;:0,&quot;IOMaximumIOps&quot;:0,&quot;IOMaximumBandwidth&quot;:0,&quot;MaskedPaths&quot;:[&quot;/proc/asound&quot;,&quot;/proc/acpi&quot;,&quot;/proc/kcore&quot;,&quot;/proc/keys&quot;,&quot;/proc/latency_stats&quot;,&quot;/proc/timer_list&quot;,&quot;/proc/timer_stats&quot;,&quot;/proc/sched_debug&quot;,&quot;/proc/scsi&quot;,&quot;/sys/firmware&quot;],&quot;ReadonlyPaths&quot;:[&quot;/proc/bus&quot;,&quot;/proc/fs&quot;,&quot;/proc/irq&quot;,&quot;/proc/sys&quot;,&quot;/proc/sysrq-trigger&quot;]},&quot;GraphDriver&quot;:{&quot;Data&quot;:{&quot;LowerDir&quot;:&quot;/var/lib/docker/overlay2/d9f4d65ced1fe890aedadce3f755fcf9d86393ee7eee41e7e4929ce50c9bdfc0-init/diff:/var/lib/docker/overlay2/0dd6f8abae3960e03ca359b001692924651ab0d8a24b6db2eb0d81f750f38517/diff:/var/lib/docker/overlay2/50e2473800c8f1c216ecd07f94eaa7a8d9fd4bce22e8f45a943485a39d2de3e0/diff:/var/lib/docker/overlay2/ff6f7e7aa39f67af64f0510bad1169758798a46ae7cec05d3f3d29f87dc14456/diff&quot;,&quot;MergedDir&quot;:&quot;/var/lib/docker/overlay2/d9f4d65ced1fe890aedadce3f755fcf9d86393ee7eee41e7e4929ce50c9bdfc0/merged&quot;,&quot;UpperDir&quot;:&quot;/var/lib/docker/overlay2/d9f4d65ced1fe890aedadce3f755fcf9d86393ee7eee41e7e4929ce50c9bdfc0/diff&quot;,&quot;WorkDir&quot;:&quot;/var/lib/docker/overlay2/d9f4d65ced1fe890aedadce3f755fcf9d86393ee7eee41e7e4929ce50c9bdfc0/work&quot;},&quot;Name&quot;:&quot;overlay2&quot;},&quot;Mounts&quot;:[{&quot;Type&quot;:&quot;bind&quot;,&quot;Source&quot;:&quot;//var/run/docker.sock&quot;,&quot;Destination&quot;:&quot;/var/run/docker.sock&quot;,&quot;Mode&quot;:&quot;rw&quot;,&quot;RW&quot;:true,&quot;Propagation&quot;:&quot;rprivate&quot;}],&quot;Config&quot;:{&quot;Hostname&quot;:&quot;756033ee79ab&quot;,&quot;Domainname&quot;:&quot;&quot;,&quot;User&quot;:&quot;&quot;,&quot;AttachStdin&quot;:false,&quot;AttachStdout&quot;:false,&quot;AttachStderr&quot;:false,&quot;ExposedPorts&quot;:{&quot;8080/tcp&quot;:{}},&quot;Tty&quot;:false,&quot;OpenStdin&quot;:false,&quot;StdinOnce&quot;:false,&quot;Env&quot;:[&quot;PATH=/usr/local/sbin:/usr/local/bin:/usr/sbin:/usr/bin:/sbin:/bin&quot;],&quot;Cmd&quot;:[&quot;/bin/ryuk&quot;],&quot;Image&quot;:&quot;testcontainers/ryuk:0.4.0&quot;,&quot;Volumes&quot;:null,&quot;WorkingDir&quot;:&quot;&quot;,&quot;Entrypoint&quot;:null,&quot;OnBuild&quot;:null,&quot;Labels&quot;:{&quot;org.testcontainers&quot;:&quot;true&quot;,&quot;org.testcontainers.&quot;
17:51:59.465 [main] DEBUG com.github.dockerjava.zerodep.shaded.org.apache.hc.client5.http.wire - http-outgoing-0 &lt;&lt; &quot;lang&quot;:&quot;java&quot;,&quot;org.testcontainers.ryuk&quot;:&quot;true&quot;,&quot;org.testcontainers.version&quot;:&quot;1.18.0&quot;}},&quot;NetworkSettings&quot;:{&quot;Bridge&quot;:&quot;&quot;,&quot;SandboxID&quot;:&quot;37d9fb59a599c6964f9ace12a5c002f821458f2d0ac4a3f4d1213956e4422edf&quot;,&quot;HairpinMode&quot;:false,&quot;LinkLocalIPv6Address&quot;:&quot;&quot;,&quot;LinkLocalIPv6PrefixLen&quot;:0,&quot;Ports&quot;:{&quot;8080/tcp&quot;:[{&quot;HostIp&quot;:&quot;0.0.0.0&quot;,&quot;HostPort&quot;:&quot;13619&quot;}]},&quot;SandboxKey&quot;:&quot;/var/run/docker/netns/37d9fb59a599&quot;,&quot;SecondaryIPAddresses&quot;:null,&quot;SecondaryIPv6Addresses&quot;:null,&quot;EndpointID&quot;:&quot;929d727d7faf6fe561cd7302ab5bbc1cd5903b97d4bcabeb77f1cff8cdba2681&quot;,&quot;Gateway&quot;:&quot;172.17.0.1&quot;,&quot;GlobalIPv6Address&quot;:&quot;&quot;,&quot;GlobalIPv6PrefixLen&quot;:0,&quot;IPAddress&quot;:&quot;172.17.0.2&quot;,&quot;IPPrefixLen&quot;:16,&quot;IPv6Gateway&quot;:&quot;&quot;,&quot;MacAddress&quot;:&quot;02:42:ac:11:00:02&quot;,&quot;Networks&quot;:{&quot;bridge&quot;:{&quot;IPAMConfig&quot;:null,&quot;Links&quot;:null,&quot;Aliases&quot;:null,&quot;NetworkID&quot;:&quot;52c31e85ea75c595e3a95f61ddbe4f8a610c03ec2e886abb9d94ac66fb31b4c3&quot;,&quot;EndpointID&quot;:&quot;929d727d7faf6fe561cd7302ab5bbc1cd5903b97d4bcabeb77f1cff8cdba2681&quot;,&quot;Gateway&quot;:&quot;172.17.0.1&quot;,&quot;IPAddress&quot;:&quot;172.17.0.2&quot;,&quot;IPPrefixLen&quot;:16,&quot;IPv6Gateway&quot;:&quot;&quot;,&quot;GlobalIPv6Address&quot;:&quot;&quot;,&quot;GlobalIPv6PrefixLen&quot;:0,&quot;MacAddress&quot;:&quot;02:42:ac:11:00:02&quot;,&quot;DriverOpts&quot;:null}}}}[\n]&quot;
17:51:59.469 [main] DEBUG com.github.dockerjava.zerodep.shaded.org.apache.hc.client5.http.wire - http-outgoing-0 &lt;&lt; &quot;[\r][\n]&quot;
17:51:59.469 [main] DEBUG com.github.dockerjava.zerodep.shaded.org.apache.hc.client5.http.wire - http-outgoing-0 &lt;&lt; &quot;0[\r][\n]&quot;
17:51:59.469 [main] DEBUG com.github.dockerjava.zerodep.shaded.org.apache.hc.client5.http.wire - http-outgoing-0 &lt;&lt; &quot;[\r][\n]&quot;
17:51:59.469 [main] DEBUG com.github.dockerjava.zerodep.shaded.org.apache.hc.client5.http.impl.classic.InternalHttpClient - ep-00000006: releasing valid endpoint
17:51:59.469 [main] DEBUG com.github.dockerjava.zerodep.shaded.org.apache.hc.client5.http.impl.io.PoolingHttpClientConnectionManager - ep-00000006: releasing endpoint
17:51:59.469 [main] DEBUG com.github.dockerjava.zerodep.shaded.org.apache.hc.client5.http.impl.io.PoolingHttpClientConnectionManager - ep-00000006: connection http-outgoing-0 can be kept alive for 3 MINUTES
17:51:59.469 [main] DEBUG com.github.dockerjava.zerodep.shaded.org.apache.hc.client5.http.impl.io.PoolingHttpClientConnectionManager - ep-00000006: connection released [route: {}-&gt;npipe://localhost:2375][total available: 1; route allocated: 1 of 2147483647; total allocated: 1 of 2147483647]
17:51:59.472 [main] DEBUG org.testcontainers.shaded.com.github.dockerjava.core.command.AbstrDockerCmd - Cmd: sha256:2e306eb8aa06255c4f736b2bcf446760cae7cf9e947651ba8272f34c3e94ffa7
17:51:59.475 [main] DEBUG com.github.dockerjava.zerodep.shaded.org.apache.hc.client5.http.impl.classic.InternalHttpClient - ex-00000008: preparing request execution
17:51:59.475 [main] DEBUG com.github.dockerjava.zerodep.shaded.org.apache.hc.client5.http.protocol.RequestAddCookies - Cookie spec selected: strict
17:51:59.475 [main] DEBUG com.github.dockerjava.zerodep.shaded.org.apache.hc.client5.http.protocol.RequestAuthCache - Auth cache not set in the context
17:51:59.475 [main] DEBUG com.github.dockerjava.zerodep.shaded.org.apache.hc.client5.http.impl.classic.ProtocolExec - ex-00000008: target auth state: UNCHALLENGED
17:51:59.475 [main] DEBUG com.github.dockerjava.zerodep.shaded.org.apache.hc.client5.http.impl.classic.ProtocolExec - ex-00000008: proxy auth state: UNCHALLENGED
17:51:59.475 [main] DEBUG com.github.dockerjava.zerodep.shaded.org.apache.hc.client5.http.impl.classic.ConnectExec - ex-00000008: acquiring connection with route {}-&gt;npipe://localhost:2375
17:51:59.475 [main] DEBUG com.github.dockerjava.zerodep.shaded.org.apache.hc.client5.http.impl.classic.InternalHttpClient - ex-00000008: acquiring endpoint (3 MINUTES)
17:51:59.475 [main] DEBUG com.github.dockerjava.zerodep.shaded.org.apache.hc.client5.http.impl.io.PoolingHttpClientConnectionManager - ex-00000008: endpoint lease request (3 MINUTES) [route: {}-&gt;npipe://localhost:2375][total available: 1; route allocated: 1 of 2147483647; total allocated: 1 of 2147483647]
17:51:59.475 [main] DEBUG com.github.dockerjava.zerodep.shaded.org.apache.hc.client5.http.impl.io.PoolingHttpClientConnectionManager - ex-00000008: endpoint leased [route: {}-&gt;npipe://localhost:2375][total available: 0; route allocated: 1 of 2147483647; total allocated: 1 of 2147483647]
17:51:59.476 [main] DEBUG com.github.dockerjava.zerodep.shaded.org.apache.hc.client5.http.impl.io.PoolingHttpClientConnectionManager - ex-00000008: acquired ep-00000007
17:51:59.476 [main] DEBUG com.github.dockerjava.zerodep.shaded.org.apache.hc.client5.http.impl.classic.InternalHttpClient - ex-00000008: acquired endpoint ep-00000007
17:51:59.476 [main] DEBUG com.github.dockerjava.zerodep.shaded.org.apache.hc.client5.http.impl.classic.MainClientExec - ex-00000008: executing GET /v1.32/images/sha256:2e306eb8aa06255c4f736b2bcf446760cae7cf9e947651ba8272f34c3e94ffa7/json HTTP/1.1
17:51:59.476 [main] DEBUG com.github.dockerjava.zerodep.shaded.org.apache.hc.client5.http.impl.classic.InternalHttpClient - ep-00000007: start execution ex-00000008
17:51:59.476 [main] DEBUG com.github.dockerjava.zerodep.shaded.org.apache.hc.client5.http.impl.io.PoolingHttpClientConnectionManager - ep-00000007: executing exchange ex-00000008 over http-outgoing-0
17:51:59.476 [main] DEBUG com.github.dockerjava.zerodep.shaded.org.apache.hc.client5.http.headers - http-outgoing-0 &gt;&gt; GET /v1.32/images/sha256:2e306eb8aa06255c4f736b2bcf446760cae7cf9e947651ba8272f34c3e94ffa7/json HTTP/1.1
17:51:59.476 [main] DEBUG com.github.dockerjava.zerodep.shaded.org.apache.hc.client5.http.headers - http-outgoing-0 &gt;&gt; accept: application/json
17:51:59.476 [main] DEBUG com.github.dockerjava.zerodep.shaded.org.apache.hc.client5.http.headers - http-outgoing-0 &gt;&gt; x-tc-sid: 2e83e22e-e672-4754-b852-5ac7974dddc6
17:51:59.476 [main] DEBUG com.github.dockerjava.zerodep.shaded.org.apache.hc.client5.http.headers - http-outgoing-0 &gt;&gt; Accept-Encoding: gzip, x-gzip, deflate
17:51:59.476 [main] DEBUG com.github.dockerjava.zerodep.shaded.org.apache.hc.client5.http.headers - http-outgoing-0 &gt;&gt; Host: localhost:2375
17:51:59.476 [main] DEBUG com.github.dockerjava.zerodep.shaded.org.apache.hc.client5.http.headers - http-outgoing-0 &gt;&gt; Connection: keep-alive
17:51:59.476 [main] DEBUG com.github.dockerjava.zerodep.shaded.org.apache.hc.client5.http.headers - http-outgoing-0 &gt;&gt; User-Agent: Apache-HttpClient/5.0.3 (Java/19.0.2)
17:51:59.476 [main] DEBUG com.github.dockerjava.zerodep.shaded.org.apache.hc.client5.http.wire - http-outgoing-0 &gt;&gt; &quot;GET /v1.32/images/sha256:2e306eb8aa06255c4f736b2bcf446760cae7cf9e947651ba8272f34c3e94ffa7/json HTTP/1.1[\r][\n]&quot;
17:51:59.476 [main] DEBUG com.github.dockerjava.zerodep.shaded.org.apache.hc.client5.http.wire - http-outgoing-0 &gt;&gt; &quot;accept: application/json[\r][\n]&quot;
17:51:59.476 [main] DEBUG com.github.dockerjava.zerodep.shaded.org.apache.hc.client5.http.wire - http-outgoing-0 &gt;&gt; &quot;x-tc-sid: 2e83e22e-e672-4754-b852-5ac7974dddc6[\r][\n]&quot;
17:51:59.476 [main] DEBUG com.github.dockerjava.zerodep.shaded.org.apache.hc.client5.http.wire - http-outgoing-0 &gt;&gt; &quot;Accept-Encoding: gzip, x-gzip, deflate[\r][\n]&quot;
17:51:59.476 [main] DEBUG com.github.dockerjava.zerodep.shaded.org.apache.hc.client5.http.wire - http-outgoing-0 &gt;&gt; &quot;Host: localhost:2375[\r][\n]&quot;
17:51:59.476 [main] DEBUG com.github.dockerjava.zerodep.shaded.org.apache.hc.client5.http.wire - http-outgoing-0 &gt;&gt; &quot;Connection: keep-alive[\r][\n]&quot;
17:51:59.476 [main] DEBUG com.github.dockerjava.zerodep.shaded.org.apache.hc.client5.http.wire - http-outgoing-0 &gt;&gt; &quot;User-Agent: Apache-HttpClient/5.0.3 (Java/19.0.2)[\r][\n]&quot;
17:51:59.476 [main] DEBUG com.github.dockerjava.zerodep.shaded.org.apache.hc.client5.http.wire - http-outgoing-0 &gt;&gt; &quot;[\r][\n]&quot;
17:51:59.487 [main] DEBUG com.github.dockerjava.zerodep.shaded.org.apache.hc.client5.http.wire - http-outgoing-0 &lt;&lt; &quot;HTTP/1.1 200 OK[\r][\n]&quot;
17:51:59.487 [main] DEBUG com.github.dockerjava.zerodep.shaded.org.apache.hc.client5.http.wire - http-outgoing-0 &lt;&lt; &quot;Api-Version: 1.43[\r][\n]&quot;
17:51:59.487 [main] DEBUG com.github.dockerjava.zerodep.shaded.org.apache.hc.client5.http.wire - http-outgoing-0 &lt;&lt; &quot;Content-Type: application/json[\r][\n]&quot;
17:51:59.487 [main] DEBUG com.github.dockerjava.zerodep.shaded.org.apache.hc.client5.http.wire - http-outgoing-0 &lt;&lt; &quot;Date: Mon, 14 Aug 2023 14:51:59 GMT[\r][\n]&quot;
17:51:59.487 [main] DEBUG com.github.dockerjava.zerodep.shaded.org.apache.hc.client5.http.wire - http-outgoing-0 &lt;&lt; &quot;Docker-Experimental: false[\r][\n]&quot;
17:51:59.487 [main] DEBUG com.github.dockerjava.zerodep.shaded.org.apache.hc.client5.http.wire - http-outgoing-0 &lt;&lt; &quot;Ostype: linux[\r][\n]&quot;
17:51:59.487 [main] DEBUG com.github.dockerjava.zerodep.shaded.org.apache.hc.client5.http.wire - http-outgoing-0 &lt;&lt; &quot;Server: Docker/24.0.5 (linux)[\r][\n]&quot;
17:51:59.487 [main] DEBUG com.github.dockerjava.zerodep.shaded.org.apache.hc.client5.http.wire - http-outgoing-0 &lt;&lt; &quot;Transfer-Encoding: chunked[\r][\n]&quot;
17:51:59.487 [main] DEBUG com.github.dockerjava.zerodep.shaded.org.apache.hc.client5.http.wire - http-outgoing-0 &lt;&lt; &quot;[\r][\n]&quot;
17:51:59.487 [main] DEBUG com.github.dockerjava.zerodep.shaded.org.apache.hc.client5.http.headers - http-outgoing-0 &lt;&lt; HTTP/1.1 200 OK
17:51:59.488 [main] DEBUG com.github.dockerjava.zerodep.shaded.org.apache.hc.client5.http.headers - http-outgoing-0 &lt;&lt; Api-Version: 1.43
17:51:59.488 [main] DEBUG com.github.dockerjava.zerodep.shaded.org.apache.hc.client5.http.headers - http-outgoing-0 &lt;&lt; Content-Type: application/json
17:51:59.488 [main] DEBUG com.github.dockerjava.zerodep.shaded.org.apache.hc.client5.http.headers - http-outgoing-0 &lt;&lt; Date: Mon, 14 Aug 2023 14:51:59 GMT
17:51:59.488 [main] DEBUG com.github.dockerjava.zerodep.shaded.org.apache.hc.client5.http.headers - http-outgoing-0 &lt;&lt; Docker-Experimental: false
17:51:59.488 [main] DEBUG com.github.dockerjava.zerodep.shaded.org.apache.hc.client5.http.headers - http-outgoing-0 &lt;&lt; Ostype: linux
17:51:59.488 [main] DEBUG com.github.dockerjava.zerodep.shaded.org.apache.hc.client5.http.headers - http-outgoing-0 &lt;&lt; Server: Docker/24.0.5 (linux)
17:51:59.488 [main] DEBUG com.github.dockerjava.zerodep.shaded.org.apache.hc.client5.http.headers - http-outgoing-0 &lt;&lt; Transfer-Encoding: chunked
17:51:59.488 [main] DEBUG com.github.dockerjava.zerodep.shaded.org.apache.hc.client5.http.impl.classic.MainClientExec - ex-00000008: connection can be kept alive for 3 MINUTES
17:51:59.490 [main] DEBUG com.github.dockerjava.zerodep.shaded.org.apache.hc.client5.http.wire - http-outgoing-0 &lt;&lt; &quot;7d0[\r][\n]&quot;
17:51:59.490 [main] DEBUG com.github.dockerjava.zerodep.shaded.org.apache.hc.client5.http.wire - http-outgoing-0 &lt;&lt; &quot;{&quot;Id&quot;:&quot;sha256:2e306eb8aa06255c4f736b2bcf446760cae7cf9e947651ba8272f34c3e94ffa7&quot;,&quot;RepoTags&quot;:[&quot;testcontainers/ryuk:0.4.0&quot;],&quot;RepoDigests&quot;:[&quot;testcontainers/ryuk@sha256:b874cc015594f275ad3ffb6a135c015c52ce04a2eba377c963abe25a84628167&quot;],&quot;Parent&quot;:&quot;&quot;,&quot;Comment&quot;:&quot;buildkit.dockerfile.v0&quot;,&quot;Created&quot;:&quot;2023-03-10T08:52:34.25883392Z&quot;,&quot;Container&quot;:&quot;&quot;,&quot;ContainerConfig&quot;:{&quot;Hostname&quot;:&quot;&quot;,&quot;Domainname&quot;:&quot;&quot;,&quot;User&quot;:&quot;&quot;,&quot;AttachStdin&quot;:false,&quot;AttachStdout&quot;:false,&quot;AttachStderr&quot;:false,&quot;Tty&quot;:false,&quot;OpenStdin&quot;:false,&quot;StdinOnce&quot;:false,&quot;Env&quot;:null,&quot;Cmd&quot;:null,&quot;Image&quot;:&quot;&quot;,&quot;Volumes&quot;:null,&quot;WorkingDir&quot;:&quot;&quot;,&quot;Entrypoint&quot;:null,&quot;OnBuild&quot;:null,&quot;Labels&quot;:null},&quot;DockerVersion&quot;:&quot;&quot;,&quot;Author&quot;:&quot;&quot;,&quot;Config&quot;:{&quot;Hostname&quot;:&quot;&quot;,&quot;Domainname&quot;:&quot;&quot;,&quot;User&quot;:&quot;&quot;,&quot;AttachStdin&quot;:false,&quot;AttachStdout&quot;:false,&quot;AttachStderr&quot;:false,&quot;Tty&quot;:false,&quot;OpenStdin&quot;:false,&quot;StdinOnce&quot;:false,&quot;Env&quot;:[&quot;PATH=/usr/local/sbin:/usr/local/bin:/usr/sbin:/usr/bin:/sbin:/bin&quot;],&quot;Cmd&quot;:[&quot;/bin/ryuk&quot;],&quot;ArgsEscaped&quot;:true,&quot;Image&quot;:&quot;&quot;,&quot;Volumes&quot;:null,&quot;WorkingDir&quot;:&quot;&quot;,&quot;Entrypoint&quot;:null,&quot;OnBuild&quot;:null,&quot;Labels&quot;:{&quot;org.testcontainers.ryuk&quot;:&quot;true&quot;}},&quot;Architecture&quot;:&quot;amd64&quot;,&quot;Os&quot;:&quot;linux&quot;,&quot;Size&quot;:12686755,&quot;VirtualSize&quot;:12686755,&quot;GraphDriver&quot;:{&quot;Data&quot;:{&quot;LowerDir&quot;:&quot;/var/lib/docker/overlay2/50e2473800c8f1c216ecd07f94eaa7a8d9fd4bce22e8f45a943485a39d2de3e0/diff:/var/lib/docker/overlay2/ff6f7e7aa39f67af64f0510bad1169758798a46ae7cec05d3f3d29f87dc14456/diff&quot;,&quot;MergedDir&quot;:&quot;/var/lib/docker/overlay2/0dd6f8abae3960e03ca359b001692924651ab0d8a24b6db2eb0d81f750f38517/merged&quot;,&quot;UpperDir&quot;:&quot;/var/lib/docker/overlay2/0dd6f8abae3960e03ca359b001692924651ab0d8a24b6db2eb0d81f750f38517/diff&quot;,&quot;WorkDir&quot;:&quot;/var/lib/docker/overlay2/0dd6f8abae3960e03ca359b001692924651ab0d8a24b6db2eb0d81f750f38517/work&quot;},&quot;Name&quot;:&quot;overlay2&quot;},&quot;RootFS&quot;:{&quot;Type&quot;:&quot;layers&quot;,&quot;Layers&quot;:[&quot;sha256:aa5968d388b8652cd305e0e037751228967839d83d0cafbde5debf0b092e7c42&quot;,&quot;sha256:6d08dd370737a028ad651b84342c3e8e85def7e0922541aa72ede230b3d90039&quot;,&quot;sha256:93bfb50e817e1087615aa3bc1c11db5ed05f158593d3d86cf433afcf1d44911b&quot;]},&quot;Metadata&quot;:{&quot;LastTagTime&quot;:&quot;0001-01-01T00:00:00Z&quot;}}[\n]&quot;
17:51:59.491 [main] DEBUG com.github.dockerjava.zerodep.shaded.org.apache.hc.client5.http.wire - http-outgoing-0 &lt;&lt; &quot;[\r][\n]&quot;
17:51:59.504 [main] DEBUG com.github.dockerjava.zerodep.shaded.org.apache.hc.client5.http.wire - http-outgoing-0 &lt;&lt; &quot;0[\r][\n]&quot;
17:51:59.505 [main] DEBUG com.github.dockerjava.zerodep.shaded.org.apache.hc.client5.http.wire - http-outgoing-0 &lt;&lt; &quot;[\r][\n]&quot;
17:51:59.505 [main] DEBUG com.github.dockerjava.zerodep.shaded.org.apache.hc.client5.http.impl.classic.InternalHttpClient - ep-00000007: releasing valid endpoint
17:51:59.505 [main] DEBUG com.github.dockerjava.zerodep.shaded.org.apache.hc.client5.http.impl.io.PoolingHttpClientConnectionManager - ep-00000007: releasing endpoint
17:51:59.505 [main] DEBUG com.github.dockerjava.zerodep.shaded.org.apache.hc.client5.http.impl.io.PoolingHttpClientConnectionManager - ep-00000007: connection http-outgoing-0 can be kept alive for 3 MINUTES
17:51:59.505 [main] DEBUG com.github.dockerjava.zerodep.shaded.org.apache.hc.client5.http.impl.io.PoolingHttpClientConnectionManager - ep-00000007: connection released [route: {}-&gt;npipe://localhost:2375][total available: 1; route allocated: 1 of 2147483647; total allocated: 1 of 2147483647]
17:51:59.506 [main] DEBUG org.testcontainers.shaded.com.github.dockerjava.core.command.AbstrDockerCmd - Cmd: 
17:51:59.507 [main] DEBUG com.github.dockerjava.zerodep.shaded.org.apache.hc.client5.http.impl.classic.InternalHttpClient - ex-00000009: preparing request execution
17:51:59.507 [main] DEBUG com.github.dockerjava.zerodep.shaded.org.apache.hc.client5.http.protocol.RequestAddCookies - Cookie spec selected: strict
17:51:59.507 [main] DEBUG com.github.dockerjava.zerodep.shaded.org.apache.hc.client5.http.protocol.RequestAuthCache - Auth cache not set in the context
17:51:59.507 [main] DEBUG com.github.dockerjava.zerodep.shaded.org.apache.hc.client5.http.impl.classic.ProtocolExec - ex-00000009: target auth state: UNCHALLENGED
17:51:59.507 [main] DEBUG com.github.dockerjava.zerodep.shaded.org.apache.hc.client5.http.impl.classic.ProtocolExec - ex-00000009: proxy auth state: UNCHALLENGED
17:51:59.507 [main] DEBUG com.github.dockerjava.zerodep.shaded.org.apache.hc.client5.http.impl.classic.ConnectExec - ex-00000009: acquiring connection with route {}-&gt;npipe://localhost:2375
17:51:59.507 [main] DEBUG com.github.dockerjava.zerodep.shaded.org.apache.hc.client5.http.impl.classic.InternalHttpClient - ex-00000009: acquiring endpoint (3 MINUTES)
17:51:59.508 [main] DEBUG com.github.dockerjava.zerodep.shaded.org.apache.hc.client5.http.impl.io.PoolingHttpClientConnectionManager - ex-00000009: endpoint lease request (3 MINUTES) [route: {}-&gt;npipe://localhost:2375][total available: 1; route allocated: 1 of 2147483647; total allocated: 1 of 2147483647]
17:51:59.508 [main] DEBUG com.github.dockerjava.zerodep.shaded.org.apache.hc.client5.http.impl.io.PoolingHttpClientConnectionManager - ex-00000009: endpoint leased [route: {}-&gt;npipe://localhost:2375][total available: 0; route allocated: 1 of 2147483647; total allocated: 1 of 2147483647]
17:51:59.508 [main] DEBUG com.github.dockerjava.zerodep.shaded.org.apache.hc.client5.http.impl.io.PoolingHttpClientConnectionManager - ex-00000009: acquired ep-00000008
17:51:59.508 [main] DEBUG com.github.dockerjava.zerodep.shaded.org.apache.hc.client5.http.impl.classic.InternalHttpClient - ex-00000009: acquired endpoint ep-00000008
17:51:59.508 [main] DEBUG com.github.dockerjava.zerodep.shaded.org.apache.hc.client5.http.impl.classic.MainClientExec - ex-00000009: executing GET /v1.32/version HTTP/1.1
17:51:59.508 [main] DEBUG com.github.dockerjava.zerodep.shaded.org.apache.hc.client5.http.impl.classic.InternalHttpClient - ep-00000008: start execution ex-00000009
17:51:59.508 [main] DEBUG com.github.dockerjava.zerodep.shaded.org.apache.hc.client5.http.impl.io.PoolingHttpClientConnectionManager - ep-00000008: executing exchange ex-00000009 over http-outgoing-0
17:51:59.508 [main] DEBUG com.github.dockerjava.zerodep.shaded.org.apache.hc.client5.http.headers - http-outgoing-0 &gt;&gt; GET /v1.32/version HTTP/1.1
17:51:59.508 [main] DEBUG com.github.dockerjava.zerodep.shaded.org.apache.hc.client5.http.headers - http-outgoing-0 &gt;&gt; accept: application/json
17:51:59.508 [main] DEBUG com.github.dockerjava.zerodep.shaded.org.apache.hc.client5.http.headers - http-outgoing-0 &gt;&gt; x-tc-sid: 2e83e22e-e672-4754-b852-5ac7974dddc6
17:51:59.508 [main] DEBUG com.github.dockerjava.zerodep.shaded.org.apache.hc.client5.http.headers - http-outgoing-0 &gt;&gt; Accept-Encoding: gzip, x-gzip, deflate
17:51:59.508 [main] DEBUG com.github.dockerjava.zerodep.shaded.org.apache.hc.client5.http.headers - http-outgoing-0 &gt;&gt; Host: localhost:2375
17:51:59.509 [main] DEBUG com.github.dockerjava.zerodep.shaded.org.apache.hc.client5.http.headers - http-outgoing-0 &gt;&gt; Connection: keep-alive
17:51:59.509 [main] DEBUG com.github.dockerjava.zerodep.shaded.org.apache.hc.client5.http.headers - http-outgoing-0 &gt;&gt; User-Agent: Apache-HttpClient/5.0.3 (Java/19.0.2)
17:51:59.509 [main] DEBUG com.github.dockerjava.zerodep.shaded.org.apache.hc.client5.http.wire - http-outgoing-0 &gt;&gt; &quot;GET /v1.32/version HTTP/1.1[\r][\n]&quot;
17:51:59.509 [main] DEBUG com.github.dockerjava.zerodep.shaded.org.apache.hc.client5.http.wire - http-outgoing-0 &gt;&gt; &quot;accept: application/json[\r][\n]&quot;
17:51:59.509 [main] DEBUG com.github.dockerjava.zerodep.shaded.org.apache.hc.client5.http.wire - http-outgoing-0 &gt;&gt; &quot;x-tc-sid: 2e83e22e-e672-4754-b852-5ac7974dddc6[\r][\n]&quot;
17:51:59.509 [main] DEBUG com.github.dockerjava.zerodep.shaded.org.apache.hc.client5.http.wire - http-outgoing-0 &gt;&gt; &quot;Accept-Encoding: gzip, x-gzip, deflate[\r][\n]&quot;
17:51:59.509 [main] DEBUG com.github.dockerjava.zerodep.shaded.org.apache.hc.client5.http.wire - http-outgoing-0 &gt;&gt; &quot;Host: localhost:2375[\r][\n]&quot;
17:51:59.509 [main] DEBUG com.github.dockerjava.zerodep.shaded.org.apache.hc.client5.http.wire - http-outgoing-0 &gt;&gt; &quot;Connection: keep-alive[\r][\n]&quot;
17:51:59.509 [main] DEBUG com.github.dockerjava.zerodep.shaded.org.apache.hc.client5.http.wire - http-outgoing-0 &gt;&gt; &quot;User-Agent: Apache-HttpClient/5.0.3 (Java/19.0.2)[\r][\n]&quot;
17:51:59.509 [main] DEBUG com.github.dockerjava.zerodep.shaded.org.apache.hc.client5.http.wire - http-outgoing-0 &gt;&gt; &quot;[\r][\n]&quot;
17:51:59.529 [main] DEBUG com.github.dockerjava.zerodep.shaded.org.apache.hc.client5.http.wire - http-outgoing-0 &lt;&lt; &quot;HTTP/1.1 200 OK[\r][\n]&quot;
17:51:59.530 [main] DEBUG com.github.dockerjava.zerodep.shaded.org.apache.hc.client5.http.wire - http-outgoing-0 &lt;&lt; &quot;Api-Version: 1.43[\r][\n]&quot;
17:51:59.530 [main] DEBUG com.github.dockerjava.zerodep.shaded.org.apache.hc.client5.http.wire - http-outgoing-0 &lt;&lt; &quot;Content-Type: application/json[\r][\n]&quot;
17:51:59.530 [main] DEBUG com.github.dockerjava.zerodep.shaded.org.apache.hc.client5.http.wire - http-outgoing-0 &lt;&lt; &quot;Date: Mon, 14 Aug 2023 14:51:59 GMT[\r][\n]&quot;
17:51:59.530 [main] DEBUG com.github.dockerjava.zerodep.shaded.org.apache.hc.client5.http.wire - http-outgoing-0 &lt;&lt; &quot;Docker-Experimental: false[\r][\n]&quot;
17:51:59.530 [main] DEBUG com.github.dockerjava.zerodep.shaded.org.apache.hc.client5.http.wire - http-outgoing-0 &lt;&lt; &quot;Ostype: linux[\r][\n]&quot;
17:51:59.530 [main] DEBUG com.github.dockerjava.zerodep.shaded.org.apache.hc.client5.http.wire - http-outgoing-0 &lt;&lt; &quot;Server: Docker/24.0.5 (linux)[\r][\n]&quot;
17:51:59.531 [main] DEBUG com.github.dockerjava.zerodep.shaded.org.apache.hc.client5.http.wire - http-outgoing-0 &lt;&lt; &quot;Transfer-Encoding: chunked[\r][\n]&quot;
17:51:59.531 [main] DEBUG com.github.dockerjava.zerodep.shaded.org.apache.hc.client5.http.wire - http-outgoing-0 &lt;&lt; &quot;[\r][\n]&quot;
17:51:59.531 [main] DEBUG com.github.dockerjava.zerodep.shaded.org.apache.hc.client5.http.headers - http-outgoing-0 &lt;&lt; HTTP/1.1 200 OK
17:51:59.531 [main] DEBUG com.github.dockerjava.zerodep.shaded.org.apache.hc.client5.http.headers - http-outgoing-0 &lt;&lt; Api-Version: 1.43
17:51:59.531 [main] DEBUG com.github.dockerjava.zerodep.shaded.org.apache.hc.client5.http.headers - http-outgoing-0 &lt;&lt; Content-Type: application/json
17:51:59.531 [main] DEBUG com.github.dockerjava.zerodep.shaded.org.apache.hc.client5.http.headers - http-outgoing-0 &lt;&lt; Date: Mon, 14 Aug 2023 14:51:59 GMT
17:51:59.531 [main] DEBUG com.github.dockerjava.zerodep.shaded.org.apache.hc.client5.http.headers - http-outgoing-0 &lt;&lt; Docker-Experimental: false
17:51:59.531 [main] DEBUG com.github.dockerjava.zerodep.shaded.org.apache.hc.client5.http.headers - http-outgoing-0 &lt;&lt; Ostype: linux
17:51:59.532 [main] DEBUG com.github.dockerjava.zerodep.shaded.org.apache.hc.client5.http.headers - http-outgoing-0 &lt;&lt; Server: Docker/24.0.5 (linux)
17:51:59.532 [main] DEBUG com.github.dockerjava.zerodep.shaded.org.apache.hc.client5.http.headers - http-outgoing-0 &lt;&lt; Transfer-Encoding: chunked
17:51:59.532 [main] DEBUG com.github.dockerjava.zerodep.shaded.org.apache.hc.client5.http.impl.classic.MainClientExec - ex-00000009: connection can be kept alive for 3 MINUTES
17:51:59.533 [main] DEBUG com.github.dockerjava.zerodep.shaded.org.apache.hc.client5.http.wire - http-outgoing-0 &lt;&lt; &quot;35d[\r][\n]&quot;
17:51:59.533 [main] DEBUG com.github.dockerjava.zerodep.shaded.org.apache.hc.client5.http.wire - http-outgoing-0 &lt;&lt; &quot;{&quot;Platform&quot;:{&quot;Name&quot;:&quot;Docker Desktop 4.22.0 (117440)&quot;},&quot;Components&quot;:[{&quot;Name&quot;:&quot;Engine&quot;,&quot;Version&quot;:&quot;24.0.5&quot;,&quot;Details&quot;:{&quot;ApiVersion&quot;:&quot;1.43&quot;,&quot;Arch&quot;:&quot;amd64&quot;,&quot;BuildTime&quot;:&quot;2023-07-21T20:35:45.000000000+00:00&quot;,&quot;Experimental&quot;:&quot;false&quot;,&quot;GitCommit&quot;:&quot;a61e2b4&quot;,&quot;GoVersion&quot;:&quot;go1.20.6&quot;,&quot;KernelVersion&quot;:&quot;5.10.102.1-microsoft-standard-WSL2&quot;,&quot;MinAPIVersion&quot;:&quot;1.12&quot;,&quot;Os&quot;:&quot;linux&quot;}},{&quot;Name&quot;:&quot;containerd&quot;,&quot;Version&quot;:&quot;1.6.21&quot;,&quot;Details&quot;:{&quot;GitCommit&quot;:&quot;3dce8eb055cbb6872793272b4f20ed16117344f8&quot;}},{&quot;Name&quot;:&quot;runc&quot;,&quot;Version&quot;:&quot;1.1.7&quot;,&quot;Details&quot;:{&quot;GitCommit&quot;:&quot;v1.1.7-0-g860f061&quot;}},{&quot;Name&quot;:&quot;docker-init&quot;,&quot;Version&quot;:&quot;0.19.0&quot;,&quot;Details&quot;:{&quot;GitCommit&quot;:&quot;de40ad0&quot;}}],&quot;Version&quot;:&quot;24.0.5&quot;,&quot;ApiVersion&quot;:&quot;1.43&quot;,&quot;MinAPIVersion&quot;:&quot;1.12&quot;,&quot;GitCommit&quot;:&quot;a61e2b4&quot;,&quot;GoVersion&quot;:&quot;go1.20.6&quot;,&quot;Os&quot;:&quot;linux&quot;,&quot;Arch&quot;:&quot;amd64&quot;,&quot;KernelVersion&quot;:&quot;5.10.102.1-microsoft-standard-WSL2&quot;,&quot;BuildTime&quot;:&quot;2023-07-21T20:35:45.000000000+00:00&quot;}[\n]&quot;
17:51:59.534 [main] DEBUG com.github.dockerjava.zerodep.shaded.org.apache.hc.client5.http.wire - http-outgoing-0 &lt;&lt; &quot;[\r][\n]&quot;
17:51:59.536 [main] DEBUG com.github.dockerjava.zerodep.shaded.org.apache.hc.client5.http.wire - http-outgoing-0 &lt;&lt; &quot;0[\r][\n]&quot;
17:51:59.537 [main] DEBUG com.github.dockerjava.zerodep.shaded.org.apache.hc.client5.http.wire - http-outgoing-0 &lt;&lt; &quot;[\r][\n]&quot;
17:51:59.537 [main] DEBUG com.github.dockerjava.zerodep.shaded.org.apache.hc.client5.http.impl.classic.InternalHttpClient - ep-00000008: releasing valid endpoint
17:51:59.537 [main] DEBUG com.github.dockerjava.zerodep.shaded.org.apache.hc.client5.http.impl.io.PoolingHttpClientConnectionManager - ep-00000008: releasing endpoint
17:51:59.537 [main] DEBUG com.github.dockerjava.zerodep.shaded.org.apache.hc.client5.http.impl.io.PoolingHttpClientConnectionManager - ep-00000008: connection http-outgoing-0 can be kept alive for 3 MINUTES
17:51:59.537 [main] DEBUG com.github.dockerjava.zerodep.shaded.org.apache.hc.client5.http.impl.io.PoolingHttpClientConnectionManager - ep-00000008: connection released [route: {}-&gt;npipe://localhost:2375][total available: 1; route allocated: 1 of 2147483647; total allocated: 1 of 2147483647]
17:51:59.553 [docker-java-stream-210160142] DEBUG com.github.dockerjava.zerodep.shaded.org.apache.hc.client5.http.impl.classic.InternalHttpClient - ex-0000000A: preparing request execution
17:51:59.554 [docker-java-stream-210160142] DEBUG com.github.dockerjava.zerodep.shaded.org.apache.hc.client5.http.protocol.RequestAddCookies - Cookie spec selected: strict
17:51:59.554 [docker-java-stream-210160142] DEBUG com.github.dockerjava.zerodep.shaded.org.apache.hc.client5.http.protocol.RequestAuthCache - Auth cache not set in the context
17:51:59.554 [docker-java-stream-210160142] DEBUG com.github.dockerjava.zerodep.shaded.org.apache.hc.client5.http.impl.classic.ProtocolExec - ex-0000000A: target auth state: UNCHALLENGED
17:51:59.554 [docker-java-stream-210160142] DEBUG com.github.dockerjava.zerodep.shaded.org.apache.hc.client5.http.impl.classic.ProtocolExec - ex-0000000A: proxy auth state: UNCHALLENGED
17:51:59.554 [docker-java-stream-210160142] DEBUG com.github.dockerjava.zerodep.shaded.org.apache.hc.client5.http.impl.classic.ConnectExec - ex-0000000A: acquiring connection with route {}-&gt;npipe://localhost:2375
17:51:59.555 [docker-java-stream-210160142] DEBUG com.github.dockerjava.zerodep.shaded.org.apache.hc.client5.http.impl.classic.InternalHttpClient - ex-0000000A: acquiring endpoint (3 MINUTES)
17:51:59.555 [docker-java-stream-210160142] DEBUG com.github.dockerjava.zerodep.shaded.org.apache.hc.client5.http.impl.io.PoolingHttpClientConnectionManager - ex-0000000A: endpoint lease request (3 MINUTES) [route: {}-&gt;npipe://localhost:2375][total available: 1; route allocated: 1 of 2147483647; total allocated: 1 of 2147483647]
17:51:59.555 [docker-java-stream-210160142] DEBUG com.github.dockerjava.zerodep.shaded.org.apache.hc.client5.http.impl.io.PoolingHttpClientConnectionManager - ex-0000000A: endpoint leased [route: {}-&gt;npipe://localhost:2375][total available: 0; route allocated: 1 of 2147483647; total allocated: 1 of 2147483647]
17:51:59.556 [docker-java-stream-210160142] DEBUG com.github.dockerjava.zerodep.shaded.org.apache.hc.client5.http.impl.io.PoolingHttpClientConnectionManager - ex-0000000A: acquired ep-00000009
17:51:59.556 [docker-java-stream-210160142] DEBUG com.github.dockerjava.zerodep.shaded.org.apache.hc.client5.http.impl.classic.InternalHttpClient - ex-0000000A: acquired endpoint ep-00000009
17:51:59.556 [docker-java-stream-210160142] DEBUG com.github.dockerjava.zerodep.shaded.org.apache.hc.client5.http.impl.classic.MainClientExec - ex-0000000A: executing GET /v1.32/containers/756033ee79ab57e91b9cf9d0c1380d4f5608593bd818cd36553c00638141fa40/logs?stdout=true&amp;stderr=true&amp;follow=true&amp;since=0 HTTP/1.1
17:51:59.556 [docker-java-stream-210160142] DEBUG com.github.dockerjava.zerodep.shaded.org.apache.hc.client5.http.impl.classic.InternalHttpClient - ep-00000009: start execution ex-0000000A
17:51:59.556 [docker-java-stream-210160142] DEBUG com.github.dockerjava.zerodep.shaded.org.apache.hc.client5.http.impl.io.PoolingHttpClientConnectionManager - ep-00000009: executing exchange ex-0000000A over http-outgoing-0
17:51:59.557 [docker-java-stream-210160142] DEBUG com.github.dockerjava.zerodep.shaded.org.apache.hc.client5.http.headers - http-outgoing-0 &gt;&gt; GET /v1.32/containers/756033ee79ab57e91b9cf9d0c1380d4f5608593bd818cd36553c00638141fa40/logs?stdout=true&amp;stderr=true&amp;follow=true&amp;since=0 HTTP/1.1
17:51:59.557 [docker-java-stream-210160142] DEBUG com.github.dockerjava.zerodep.shaded.org.apache.hc.client5.http.headers - http-outgoing-0 &gt;&gt; x-tc-sid: 2e83e22e-e672-4754-b852-5ac7974dddc6
17:51:59.557 [docker-java-stream-210160142] DEBUG com.github.dockerjava.zerodep.shaded.org.apache.hc.client5.http.headers - http-outgoing-0 &gt;&gt; Accept-Encoding: gzip, x-gzip, deflate
17:51:59.557 [docker-java-stream-210160142] DEBUG com.github.dockerjava.zerodep.shaded.org.apache.hc.client5.http.headers - http-outgoing-0 &gt;&gt; Host: localhost:2375
17:51:59.557 [docker-java-stream-210160142] DEBUG com.github.dockerjava.zerodep.shaded.org.apache.hc.client5.http.headers - http-outgoing-0 &gt;&gt; Connection: keep-alive
17:51:59.557 [docker-java-stream-210160142] DEBUG com.github.dockerjava.zerodep.shaded.org.apache.hc.client5.http.headers - http-outgoing-0 &gt;&gt; User-Agent: Apache-HttpClient/5.0.3 (Java/19.0.2)
17:51:59.557 [docker-java-stream-210160142] DEBUG com.github.dockerjava.zerodep.shaded.org.apache.hc.client5.http.wire - http-outgoing-0 &gt;&gt; &quot;GET /v1.32/containers/756033ee79ab57e91b9cf9d0c1380d4f5608593bd818cd36553c00638141fa40/logs?stdout=true&amp;stderr=true&amp;follow=true&amp;since=0 HTTP/1.1[\r][\n]&quot;
17:51:59.557 [docker-java-stream-210160142] DEBUG com.github.dockerjava.zerodep.shaded.org.apache.hc.client5.http.wire - http-outgoing-0 &gt;&gt; &quot;x-tc-sid: 2e83e22e-e672-4754-b852-5ac7974dddc6[\r][\n]&quot;
17:51:59.557 [docker-java-stream-210160142] DEBUG com.github.dockerjava.zerodep.shaded.org.apache.hc.client5.http.wire - http-outgoing-0 &gt;&gt; &quot;Accept-Encoding: gzip, x-gzip, deflate[\r][\n]&quot;
17:51:59.557 [docker-java-stream-210160142] DEBUG com.github.dockerjava.zerodep.shaded.org.apache.hc.client5.http.wire - http-outgoing-0 &gt;&gt; &quot;Host: localhost:2375[\r][\n]&quot;
17:51:59.557 [docker-java-stream-210160142] DEBUG com.github.dockerjava.zerodep.shaded.org.apache.hc.client5.http.wire - http-outgoing-0 &gt;&gt; &quot;Connection: keep-alive[\r][\n]&quot;
17:51:59.558 [docker-java-stream-210160142] DEBUG com.github.dockerjava.zerodep.shaded.org.apache.hc.client5.http.wire - http-outgoing-0 &gt;&gt; &quot;User-Agent: Apache-HttpClient/5.0.3 (Java/19.0.2)[\r][\n]&quot;
17:51:59.558 [docker-java-stream-210160142] DEBUG com.github.dockerjava.zerodep.shaded.org.apache.hc.client5.http.wire - http-outgoing-0 &gt;&gt; &quot;[\r][\n]&quot;
17:51:59.563 [docker-java-stream-210160142] DEBUG com.github.dockerjava.zerodep.shaded.org.apache.hc.client5.http.wire - http-outgoing-0 &lt;&lt; &quot;HTTP/1.1 200 OK[\r][\n]&quot;
17:51:59.563 [docker-java-stream-210160142] DEBUG com.github.dockerjava.zerodep.shaded.org.apache.hc.client5.http.wire - http-outgoing-0 &lt;&lt; &quot;Api-Version: 1.43[\r][\n]&quot;
17:51:59.563 [docker-java-stream-210160142] DEBUG com.github.dockerjava.zerodep.shaded.org.apache.hc.client5.http.wire - http-outgoing-0 &lt;&lt; &quot;Content-Type: application/vnd.docker.raw-stream[\r][\n]&quot;
17:51:59.563 [docker-java-stream-210160142] DEBUG com.github.dockerjava.zerodep.shaded.org.apache.hc.client5.http.wire - http-outgoing-0 &lt;&lt; &quot;Date: Mon, 14 Aug 2023 14:51:59 GMT[\r][\n]&quot;
17:51:59.563 [docker-java-stream-210160142] DEBUG com.github.dockerjava.zerodep.shaded.org.apache.hc.client5.http.wire - http-outgoing-0 &lt;&lt; &quot;Docker-Experimental: false[\r][\n]&quot;
17:51:59.563 [docker-java-stream-210160142] DEBUG com.github.dockerjava.zerodep.shaded.org.apache.hc.client5.http.wire - http-outgoing-0 &lt;&lt; &quot;Ostype: linux[\r][\n]&quot;
17:51:59.563 [docker-java-stream-210160142] DEBUG com.github.dockerjava.zerodep.shaded.org.apache.hc.client5.http.wire - http-outgoing-0 &lt;&lt; &quot;Server: Docker/24.0.5 (linux)[\r][\n]&quot;
17:51:59.563 [docker-java-stream-210160142] DEBUG com.github.dockerjava.zerodep.shaded.org.apache.hc.client5.http.wire - http-outgoing-0 &lt;&lt; &quot;Transfer-Encoding: chunked[\r][\n]&quot;
17:51:59.563 [docker-java-stream-210160142] DEBUG com.github.dockerjava.zerodep.shaded.org.apache.hc.client5.http.wire - http-outgoing-0 &lt;&lt; &quot;[\r][\n]&quot;
17:51:59.564 [docker-java-stream-210160142] DEBUG com.github.dockerjava.zerodep.shaded.org.apache.hc.client5.http.headers - http-outgoing-0 &lt;&lt; HTTP/1.1 200 OK
17:51:59.564 [docker-java-stream-210160142] DEBUG com.github.dockerjava.zerodep.shaded.org.apache.hc.client5.http.headers - http-outgoing-0 &lt;&lt; Api-Version: 1.43
17:51:59.564 [docker-java-stream-210160142] DEBUG com.github.dockerjava.zerodep.shaded.org.apache.hc.client5.http.headers - http-outgoing-0 &lt;&lt; Content-Type: application/vnd.docker.raw-stream
17:51:59.564 [docker-java-stream-210160142] DEBUG com.github.dockerjava.zerodep.shaded.org.apache.hc.client5.http.headers - http-outgoing-0 &lt;&lt; Date: Mon, 14 Aug 2023 14:51:59 GMT
17:51:59.564 [docker-java-stream-210160142] DEBUG com.github.dockerjava.zerodep.shaded.org.apache.hc.client5.http.headers - http-outgoing-0 &lt;&lt; Docker-Experimental: false
17:51:59.564 [docker-java-stream-210160142] DEBUG com.github.dockerjava.zerodep.shaded.org.apache.hc.client5.http.headers - http-outgoing-0 &lt;&lt; Ostype: linux
17:51:59.564 [docker-java-stream-210160142] DEBUG com.github.dockerjava.zerodep.shaded.org.apache.hc.client5.http.headers - http-outgoing-0 &lt;&lt; Server: Docker/24.0.5 (linux)
17:51:59.564 [docker-java-stream-210160142] DEBUG com.github.dockerjava.zerodep.shaded.org.apache.hc.client5.http.headers - http-outgoing-0 &lt;&lt; Transfer-Encoding: chunked
17:51:59.565 [docker-java-stream-210160142] DEBUG com.github.dockerjava.zerodep.shaded.org.apache.hc.client5.http.impl.classic.MainClientExec - ex-0000000A: connection can be kept alive for 3 MINUTES
17:51:59.567 [docker-java-stream-210160142] DEBUG com.github.dockerjava.zerodep.shaded.org.apache.hc.client5.http.wire - http-outgoing-0 &lt;&lt; &quot;c0[\r][\n]&quot;
17:51:59.567 [docker-java-stream-210160142] DEBUG com.github.dockerjava.zerodep.shaded.org.apache.hc.client5.http.wire - http-outgoing-0 &lt;&lt; &quot;[0x2][0x0][0x0][0x0][0x0][0x0][0x0]&amp;2023/08/14 14:51:59 Pinging Docker...[\n]&quot;
17:51:59.567 [docker-java-stream-210160142] DEBUG com.github.dockerjava.zerodep.shaded.org.apache.hc.client5.http.wire - http-outgoing-0 &lt;&lt; &quot;[0x2][0x0][0x0][0x0][0x0][0x0][0x0]02023/08/14 14:51:59 Docker daemon is available![\n]&quot;
17:51:59.567 [docker-java-stream-210160142] DEBUG com.github.dockerjava.zerodep.shaded.org.apache.hc.client5.http.wire - http-outgoing-0 &lt;&lt; &quot;[0x2][0x0][0x0][0x0][0x0][0x0][0x0]-2023/08/14 14:51:59 Starting on port 8080...[\n]&quot;
17:51:59.567 [docker-java-stream-210160142] DEBUG com.github.dockerjava.zerodep.shaded.org.apache.hc.client5.http.wire - http-outgoing-0 &lt;&lt; &quot;[0x2][0x0][0x0][0x0][0x0][0x0][0x0][0x1d]2023/08/14 14:51:59 Started![\n]&quot;
17:51:59.567 [docker-java-stream-210160142] DEBUG com.github.dockerjava.zerodep.shaded.org.apache.hc.client5.http.wire - http-outgoing-0 &lt;&lt; &quot;[\r][\n]&quot;
17:51:59.572 [main] DEBUG org.testcontainers.containers.output.WaitingConsumer - STDERR: 2023/08/14 14:51:59 Pinging Docker...
17:51:59.572 [main] DEBUG org.testcontainers.containers.output.WaitingConsumer - STDERR: 2023/08/14 14:51:59 Started!
17:51:59.574 [main] DEBUG com.github.dockerjava.zerodep.shaded.org.apache.hc.client5.http.impl.classic.InternalHttpClient - ep-00000009: cancel
17:51:59.575 [main] DEBUG com.github.dockerjava.zerodep.shaded.org.apache.hc.client5.http.impl.io.DefaultManagedHttpClientConnection - http-outgoing-0: close connection IMMEDIATE
17:51:59.576 [main] DEBUG com.github.dockerjava.zerodep.shaded.org.apache.hc.client5.http.impl.classic.InternalHttpClient - ep-00000009: endpoint closed
17:51:59.576 [main] DEBUG com.github.dockerjava.zerodep.shaded.org.apache.hc.client5.http.impl.classic.InternalHttpClient - ep-00000009: discarding endpoint
17:51:59.576 [main] DEBUG com.github.dockerjava.zerodep.shaded.org.apache.hc.client5.http.impl.io.PoolingHttpClientConnectionManager - ep-00000009: releasing endpoint
17:51:59.576 [main] DEBUG com.github.dockerjava.zerodep.shaded.org.apache.hc.client5.http.impl.io.PoolingHttpClientConnectionManager - ep-00000009: connection is not kept alive
17:51:59.576 [main] DEBUG com.github.dockerjava.zerodep.shaded.org.apache.hc.client5.http.impl.io.PoolingHttpClientConnectionManager - ep-00000009: connection released [route: {}-&gt;npipe://localhost:2375][total available: 0; route allocated: 0 of 2147483647; total allocated: 0 of 2147483647]
17:51:59.576 [docker-java-stream-210160142] DEBUG com.github.dockerjava.zerodep.shaded.org.apache.hc.client5.http.wire - http-outgoing-0 &lt;&lt; &quot;end of stream&quot;
17:51:59.580 [main] DEBUG com.github.dockerjava.zerodep.shaded.org.apache.hc.client5.http.wire - http-outgoing-0 &lt;&lt; &quot;[read] I/O error: java.nio.channels.ClosedChannelException&quot;
17:51:59.580 [main] DEBUG com.github.dockerjava.zerodep.ApacheDockerHttpClientImpl$ApacheResponse - Failed to close the response
java.io.IOException: java.nio.channels.ClosedChannelException
	at java.base/java.nio.channels.Channels$1.read(Channels.java:166)
	at com.github.dockerjava.zerodep.shaded.org.apache.hc.client5.http.impl.io.LoggingInputStream.read(LoggingInputStream.java:81)
	at com.github.dockerjava.zerodep.shaded.org.apache.hc.core5.http.impl.io.SessionInputBufferImpl.fillBuffer(SessionInputBufferImpl.java:149)
	at com.github.dockerjava.zerodep.shaded.org.apache.hc.core5.http.impl.io.SessionInputBufferImpl.readLine(SessionInputBufferImpl.java:280)
	at com.github.dockerjava.zerodep.shaded.org.apache.hc.core5.http.impl.io.ChunkedInputStream.getChunkSize(ChunkedInputStream.java:261)
	at com.github.dockerjava.zerodep.shaded.org.apache.hc.core5.http.impl.io.ChunkedInputStream.nextChunk(ChunkedInputStream.java:222)
	at com.github.dockerjava.zerodep.shaded.org.apache.hc.core5.http.impl.io.ChunkedInputStream.read(ChunkedInputStream.java:147)
	at com.github.dockerjava.zerodep.shaded.org.apache.hc.core5.http.impl.io.ChunkedInputStream.close(ChunkedInputStream.java:314)
	at com.github.dockerjava.zerodep.shaded.org.apache.hc.core5.io.Closer.close(Closer.java:48)
	at com.github.dockerjava.zerodep.shaded.org.apache.hc.core5.http.impl.io.IncomingHttpEntity.close(IncomingHttpEntity.java:111)
	at com.github.dockerjava.zerodep.shaded.org.apache.hc.core5.http.io.entity.HttpEntityWrapper.close(HttpEntityWrapper.java:120)
	at com.github.dockerjava.zerodep.shaded.org.apache.hc.core5.io.Closer.close(Closer.java:48)
	at com.github.dockerjava.zerodep.shaded.org.apache.hc.core5.http.message.BasicClassicHttpResponse.close(BasicClassicHttpResponse.java:93)
	at com.github.dockerjava.zerodep.shaded.org.apache.hc.client5.http.impl.classic.CloseableHttpResponse.close(CloseableHttpResponse.java:200)
	at com.github.dockerjava.zerodep.ApacheDockerHttpClientImpl$ApacheResponse.close(ApacheDockerHttpClientImpl.java:256)
	at org.testcontainers.shaded.com.github.dockerjava.core.DefaultInvocationBuilder.lambda$null$0(DefaultInvocationBuilder.java:272)
	at com.github.dockerjava.api.async.ResultCallbackTemplate.close(ResultCallbackTemplate.java:77)
	at org.testcontainers.containers.output.FrameConsumerResultCallback.close(FrameConsumerResultCallback.java:69)
	at org.testcontainers.containers.wait.strategy.LogMessageWaitStrategy.waitUntilReady(LogMessageWaitStrategy.java:49)
	at org.testcontainers.containers.wait.strategy.AbstractWaitStrategy.waitUntilReady(AbstractWaitStrategy.java:52)
	at org.testcontainers.containers.GenericContainer.waitUntilContainerStarted(GenericContainer.java:964)
	at org.testcontainers.containers.GenericContainer.tryStart(GenericContainer.java:490)
	at org.testcontainers.containers.GenericContainer.lambda$doStart$0(GenericContainer.java:344)
	at org.rnorth.ducttape.unreliables.Unreliables.retryUntilSuccess(Unreliables.java:81)
	at org.testcontainers.containers.GenericContainer.doStart(GenericContainer.java:334)
	at org.testcontainers.containers.GenericContainer.start(GenericContainer.java:322)
	at org.testcontainers.utility.RyukResourceReaper.maybeStart(RyukResourceReaper.java:78)
	at org.testcontainers.utility.RyukResourceReaper.init(RyukResourceReaper.java:42)
	at org.testcontainers.DockerClientFactory.client(DockerClientFactory.java:224)
	at org.testcontainers.DockerClientFactory$1.getDockerClient(DockerClientFactory.java:104)
	at com.github.dockerjava.api.DockerClientDelegate.authConfig(DockerClientDelegate.java:109)
	at org.testcontainers.containers.GenericContainer.start(GenericContainer.java:321)
	at environment.IntegrationEnvironment.&lt;clinit&gt;(IntegrationEnvironment.java:31)
	at java.base/jdk.internal.misc.Unsafe.ensureClassInitialized0(Native Method)
	at java.base/jdk.internal.misc.Unsafe.ensureClassInitialized(Unsafe.java:1160)
	at java.base/jdk.internal.reflect.MethodHandleAccessorFactory.ensureClassInitialized(MethodHandleAccessorFactory.java:300)
	at java.base/jdk.internal.reflect.MethodHandleAccessorFactory.newConstructorAccessor(MethodHandleAccessorFactory.java:103)
	at java.base/jdk.internal.reflect.ReflectionFactory.newConstructorAccessor(ReflectionFactory.java:201)
	at java.base/java.lang.reflect.Constructor.acquireConstructorAccessor(Constructor.java:547)
	at java.base/java.lang.reflect.Constructor.newInstanceWithCaller(Constructor.java:497)
	at java.base/java.lang.reflect.Constructor.newInstance(Constructor.java:484)
	at org.junit.runners.BlockJUnit4ClassRunner.createTest(BlockJUnit4ClassRunner.java:250)
	at org.junit.runners.BlockJUnit4ClassRunner.createTest(BlockJUnit4ClassRunner.java:260)
	at org.junit.runners.BlockJUnit4ClassRunner$2.runReflectiveCall(BlockJUnit4ClassRunner.java:309)
	at org.junit.internal.runners.model.ReflectiveCallable.run(ReflectiveCallable.java:12)
	at org.junit.runners.BlockJUnit4ClassRunner.methodBlock(BlockJUnit4ClassRunner.java:306)
	at org.junit.runners.BlockJUnit4ClassRunner$1.evaluate(BlockJUnit4ClassRunner.java:100)
	at org.junit.runners.ParentRunner.runLeaf(ParentRunner.java:366)
	at org.junit.runners.BlockJUnit4ClassRunner.runChild(BlockJUnit4ClassRunner.java:103)
	at org.junit.runners.BlockJUnit4ClassRunner.runChild(BlockJUnit4ClassRunner.java:63)
	at org.junit.runners.ParentRunner$4.run(ParentRunner.java:331)
	at org.junit.runners.ParentRunner$1.schedule(ParentRunner.java:79)
	at org.junit.runners.ParentRunner.runChildren(ParentRunner.java:329)
	at org.junit.runners.ParentRunner.access$100(ParentRunner.java:66)
	at org.junit.runners.ParentRunner$2.evaluate(ParentRunner.java:293)
	at org.junit.runners.ParentRunner$3.evaluate(ParentRunner.java:306)
	at org.junit.runners.ParentRunner.run(ParentRunner.java:413)
	at org.apache.maven.surefire.junit4.JUnit4Provider.execute(JUnit4Provider.java:252)
	at org.apache.maven.surefire.junit4.JUnit4Provider.executeTestSet(JUnit4Provider.java:141)
	at org.apache.maven.surefire.junit4.JUnit4Provider.invoke(JUnit4Provider.java:112)
	at java.base/jdk.internal.reflect.DirectMethodHandleAccessor.invoke(DirectMethodHandleAccessor.java:104)
	at java.base/java.lang.reflect.Method.invoke(Method.java:578)
	at org.apache.maven.surefire.util.ReflectionUtils.invokeMethodWithArray(ReflectionUtils.java:189)
	at org.apache.maven.surefire.booter.ProviderFactory$ProviderProxy.invoke(ProviderFactory.java:165)
	at org.apache.maven.surefire.booter.ProviderFactory.invokeProvider(ProviderFactory.java:85)
	at org.apache.maven.surefire.booter.ForkedBooter.runSuitesInProcess(ForkedBooter.java:115)
	at org.apache.maven.surefire.booter.ForkedBooter.main(ForkedBooter.java:75)
Caused by: java.nio.channels.ClosedChannelException: null
	at java.base/sun.nio.ch.WindowsAsynchronousFileChannelImpl.implRead(WindowsAsynchronousFileChannelImpl.java:521)
	at java.base/sun.nio.ch.AsynchronousFileChannelImpl.read(AsynchronousFileChannelImpl.java:229)
	at com.github.dockerjava.transport.NamedPipeSocket$AsynchronousFileByteChannel.read(NamedPipeSocket.java:117)
	at java.base/java.nio.channels.Channels$1.read(Channels.java:164)
	... 66 common frames omitted
17:51:59.591 [main] INFO tc.testcontainers/ryuk:0.4.0 - Container testcontainers/ryuk:0.4.0 started in PT2.6835404S
17:51:59.598 [docker-java-stream-210160142] DEBUG com.github.dockerjava.zerodep.shaded.org.apache.hc.client5.http.wire - http-outgoing-0 &lt;&lt; &quot;[read] I/O error: java.nio.channels.ClosedChannelException&quot;
17:51:59.599 [docker-java-stream-210160142] DEBUG com.github.dockerjava.zerodep.ApacheDockerHttpClientImpl$ApacheResponse - Failed to close the response
java.io.IOException: java.nio.channels.ClosedChannelException
	at java.base/java.nio.channels.Channels$1.read(Channels.java:166)
	at com.github.dockerjava.zerodep.shaded.org.apache.hc.client5.http.impl.io.LoggingInputStream.read(LoggingInputStream.java:81)
	at com.github.dockerjava.zerodep.shaded.org.apache.hc.core5.http.impl.io.SessionInputBufferImpl.fillBuffer(SessionInputBufferImpl.java:149)
	at com.github.dockerjava.zerodep.shaded.org.apache.hc.core5.http.impl.io.SessionInputBufferImpl.readLine(SessionInputBufferImpl.java:280)
	at com.github.dockerjava.zerodep.shaded.org.apache.hc.core5.http.impl.io.ChunkedInputStream.getChunkSize(ChunkedInputStream.java:261)
	at com.github.dockerjava.zerodep.shaded.org.apache.hc.core5.http.impl.io.ChunkedInputStream.nextChunk(ChunkedInputStream.java:222)
	at com.github.dockerjava.zerodep.shaded.org.apache.hc.core5.http.impl.io.ChunkedInputStream.read(ChunkedInputStream.java:147)
	at com.github.dockerjava.zerodep.shaded.org.apache.hc.core5.http.impl.io.ChunkedInputStream.close(ChunkedInputStream.java:314)
	at com.github.dockerjava.zerodep.shaded.org.apache.hc.core5.io.Closer.close(Closer.java:48)
	at com.github.dockerjava.zerodep.shaded.org.apache.hc.core5.http.impl.io.IncomingHttpEntity.close(IncomingHttpEntity.java:111)
	at com.github.dockerjava.zerodep.shaded.org.apache.hc.core5.http.io.entity.HttpEntityWrapper.close(HttpEntityWrapper.java:120)
	at com.github.dockerjava.zerodep.shaded.org.apache.hc.core5.io.Closer.close(Closer.java:48)
	at com.github.dockerjava.zerodep.shaded.org.apache.hc.core5.http.message.BasicClassicHttpResponse.close(BasicClassicHttpResponse.java:93)
	at com.github.dockerjava.zerodep.shaded.org.apache.hc.client5.http.impl.classic.CloseableHttpResponse.close(CloseableHttpResponse.java:200)
	at com.github.dockerjava.zerodep.ApacheDockerHttpClientImpl$ApacheResponse.close(ApacheDockerHttpClientImpl.java:256)
	at org.testcontainers.shaded.com.github.dockerjava.core.DefaultInvocationBuilder.lambda$executeAndStream$1(DefaultInvocationBuilder.java:277)
	at java.base/java.lang.Thread.run(Thread.java:1589)
Caused by: java.nio.channels.ClosedChannelException: null
	at java.base/sun.nio.ch.WindowsAsynchronousFileChannelImpl.implRead(WindowsAsynchronousFileChannelImpl.java:521)
	at java.base/sun.nio.ch.AsynchronousFileChannelImpl.read(AsynchronousFileChannelImpl.java:229)
	at com.github.dockerjava.transport.NamedPipeSocket$AsynchronousFileByteChannel.read(NamedPipeSocket.java:117)
	at java.base/java.nio.channels.Channels$1.read(Channels.java:164)
	... 16 common frames omitted
17:51:59.624 [testcontainers-ryuk] DEBUG org.testcontainers.utility.ResourceReaper - Sending &apos;label=org.testcontainers%3Dtrue&amp;label=org.testcontainers.lang%3Djava&amp;label=org.testcontainers.version%3D1.18.0&amp;label=org.testcontainers.sessionId%3D2e83e22e-e672-4754-b852-5ac7974dddc6&apos; to Ryuk
17:51:59.654 [testcontainers-ryuk] DEBUG org.testcontainers.utility.RyukResourceReaper - Received &apos;ACK&apos; from Ryuk
17:51:59.654 [main] INFO org.testcontainers.utility.RyukResourceReaper - Ryuk started - will monitor and terminate Testcontainers containers on JVM exit
17:51:59.654 [main] DEBUG org.testcontainers.DockerClientFactory - Checks are enabled
17:51:59.654 [main] INFO org.testcontainers.DockerClientFactory - Checking the system...
17:51:59.655 [main] INFO org.testcontainers.DockerClientFactory - ✔︎ Docker server version should be at least 1.6.0
17:51:59.656 [main] DEBUG org.testcontainers.utility.PrefixingImageNameSubstitutor - No prefix is configured
17:51:59.656 [main] DEBUG org.testcontainers.utility.ImageNameSubstitutor - Did not find a substitute image for postgres:15 (using image substitutor: DefaultImageNameSubstitutor (composite of &apos;ConfigurationFileImageNameSubstitutor&apos; and &apos;PrefixingImageNameSubstitutor&apos;))
17:51:59.656 [main] DEBUG org.testcontainers.images.AbstractImagePullPolicy - Using locally available and not pulling image: postgres:15
17:51:59.656 [main] DEBUG tc.postgres:15 - Starting container: postgres:15
17:51:59.656 [main] DEBUG tc.postgres:15 - Trying to start container: postgres:15 (attempt 1/1)
17:51:59.656 [main] DEBUG tc.postgres:15 - Starting container: postgres:15
17:51:59.656 [main] INFO tc.postgres:15 - Creating container for image: postgres:15
17:51:59.658 [main] DEBUG org.testcontainers.utility.RegistryAuthLocator - Looking up auth config for image: postgres:15 at registry: https://index.docker.io/v1/
17:51:59.658 [main] DEBUG org.testcontainers.utility.RegistryAuthLocator - No matching Auth Configs - falling back to defaultAuthConfig [null]
17:51:59.659 [main] DEBUG org.testcontainers.dockerclient.AuthDelegatingDockerClientConfig - Effective auth config [null]
17:51:59.659 [main] DEBUG org.testcontainers.shaded.com.github.dockerjava.core.command.AbstrDockerCmd - Cmd: org.testcontainers.shaded.com.github.dockerjava.core.command.CreateContainerCmdImpl@2f2bf0e2[aliases=&lt;null&gt;,argsEscaped=&lt;null&gt;,attachStderr=&lt;null&gt;,attachStdin=&lt;null&gt;,attachStdout=&lt;null&gt;,authConfig=&lt;null&gt;,cmd={postgres,-c,fsync=off},domainName=&lt;null&gt;,entrypoint=&lt;null&gt;,env={POSTGRES_USER=test,POSTGRES_PASSWORD=test,POSTGRES_DB=test},exposedPorts=ExposedPorts(exposedPorts=[5432/tcp]),healthcheck=&lt;null&gt;,hostConfig=HostConfig(binds=[], blkioWeight=null, blkioWeightDevice=null, blkioDeviceReadBps=null, blkioDeviceWriteBps=null, blkioDeviceReadIOps=null, blkioDeviceWriteIOps=null, memorySwappiness=null, nanoCPUs=null, capAdd=null, capDrop=null, containerIDFile=null, cpuPeriod=null, cpuRealtimePeriod=null, cpuRealtimeRuntime=null, cpuShares=null, cpuQuota=null, cpusetCpus=null, cpusetMems=null, devices=null, deviceCgroupRules=null, deviceRequests=null, diskQuota=null, dns=null, dnsOptions=null, dnsSearch=null, extraHosts=[], groupAdd=null, ipcMode=null, cgroup=null, links=[], logConfig=LogConfig(type=null, config=null), lxcConf=null, memory=null, memorySwap=null, memoryReservation=null, kernelMemory=null, networkMode=null, oomKillDisable=null, init=null, autoRemove=null, oomScoreAdj=null, portBindings={5432/tcp=[Lcom.github.dockerjava.api.model.Ports$Binding;@363f6148}, privileged=null, publishAllPorts=null, readonlyRootfs=null, restartPolicy=null, ulimits=null, cpuCount=null, cpuPercent=null, ioMaximumIOps=null, ioMaximumBandwidth=null, volumesFrom=[], mounts=null, pidMode=null, isolation=null, securityOpts=null, storageOpt=null, cgroupParent=null, volumeDriver=null, shmSize=null, pidsLimit=null, runtime=null, tmpFs=null, utSMode=null, usernsMode=null, sysctls=null, consoleSize=null, cgroupnsMode=null),hostName=&lt;null&gt;,image=postgres:15,ipv4Address=&lt;null&gt;,ipv6Address=&lt;null&gt;,labels={org.testcontainers=true, org.testcontainers.lang=java, org.testcontainers.version=1.18.0, org.testcontainers.sessionId=2e83e22e-e672-4754-b852-5ac7974dddc6},macAddress=&lt;null&gt;,name=&lt;null&gt;,networkDisabled=&lt;null&gt;,networkingConfig=&lt;null&gt;,onBuild=&lt;null&gt;,platform=&lt;null&gt;,portSpecs=&lt;null&gt;,shell=&lt;null&gt;,stdInOnce=&lt;null&gt;,stdinOpen=&lt;null&gt;,stopSignal=&lt;null&gt;,stopTimeout=&lt;null&gt;,tty=&lt;null&gt;,user=&lt;null&gt;,volumes=Volumes(volumes=[]),workingDir=&lt;null&gt;]
17:51:59.675 [main] DEBUG com.github.dockerjava.zerodep.shaded.org.apache.hc.client5.http.impl.classic.InternalHttpClient - ex-0000000B: preparing request execution
17:51:59.676 [main] DEBUG com.github.dockerjava.zerodep.shaded.org.apache.hc.client5.http.protocol.RequestAddCookies - Cookie spec selected: strict
17:51:59.677 [main] DEBUG com.github.dockerjava.zerodep.shaded.org.apache.hc.client5.http.protocol.RequestAuthCache - Auth cache not set in the context
17:51:59.677 [main] DEBUG com.github.dockerjava.zerodep.shaded.org.apache.hc.client5.http.impl.classic.ProtocolExec - ex-0000000B: target auth state: UNCHALLENGED
17:51:59.679 [main] DEBUG com.github.dockerjava.zerodep.shaded.org.apache.hc.client5.http.impl.classic.ProtocolExec - ex-0000000B: proxy auth state: UNCHALLENGED
17:51:59.681 [main] DEBUG com.github.dockerjava.zerodep.shaded.org.apache.hc.client5.http.impl.classic.ConnectExec - ex-0000000B: acquiring connection with route {}-&gt;npipe://localhost:2375
17:51:59.682 [main] DEBUG com.github.dockerjava.zerodep.shaded.org.apache.hc.client5.http.impl.classic.InternalHttpClient - ex-0000000B: acquiring endpoint (3 MINUTES)
17:51:59.685 [main] DEBUG com.github.dockerjava.zerodep.shaded.org.apache.hc.client5.http.impl.io.PoolingHttpClientConnectionManager - ex-0000000B: endpoint lease request (3 MINUTES) [route: {}-&gt;npipe://localhost:2375][total available: 0; route allocated: 0 of 2147483647; total allocated: 0 of 2147483647]
17:51:59.687 [main] DEBUG com.github.dockerjava.zerodep.shaded.org.apache.hc.client5.http.impl.io.PoolingHttpClientConnectionManager - ex-0000000B: endpoint leased [route: {}-&gt;npipe://localhost:2375][total available: 0; route allocated: 1 of 2147483647; total allocated: 1 of 2147483647]
17:51:59.692 [main] DEBUG com.github.dockerjava.zerodep.shaded.org.apache.hc.client5.http.impl.io.PoolingHttpClientConnectionManager - ex-0000000B: acquired ep-0000000A
17:51:59.695 [main] DEBUG com.github.dockerjava.zerodep.shaded.org.apache.hc.client5.http.impl.classic.InternalHttpClient - ex-0000000B: acquired endpoint ep-0000000A
17:51:59.696 [main] DEBUG com.github.dockerjava.zerodep.shaded.org.apache.hc.client5.http.impl.classic.ConnectExec - ex-0000000B: opening connection {}-&gt;npipe://localhost:2375
17:51:59.696 [main] DEBUG com.github.dockerjava.zerodep.shaded.org.apache.hc.client5.http.impl.classic.InternalHttpClient - ep-0000000A: connecting endpoint (3 MINUTES)
17:51:59.697 [main] DEBUG com.github.dockerjava.zerodep.shaded.org.apache.hc.client5.http.impl.io.PoolingHttpClientConnectionManager - ep-0000000A: connecting endpoint to npipe://localhost:2375 (3 MINUTES)
17:51:59.699 [main] DEBUG com.github.dockerjava.zerodep.shaded.org.apache.hc.client5.http.impl.io.DefaultHttpClientConnectionOperator - http-outgoing-1: connecting to localhost/127.0.0.1:2375
17:51:59.700 [main] DEBUG com.github.dockerjava.zerodep.shaded.org.apache.hc.client5.http.impl.io.DefaultHttpClientConnectionOperator - http-outgoing-1: connection established 
17:51:59.700 [main] DEBUG com.github.dockerjava.zerodep.shaded.org.apache.hc.client5.http.impl.io.PoolingHttpClientConnectionManager - ep-0000000A: connected http-outgoing-1
17:51:59.700 [main] DEBUG com.github.dockerjava.zerodep.shaded.org.apache.hc.client5.http.impl.classic.InternalHttpClient - ep-0000000A: endpoint connected
17:51:59.700 [main] DEBUG com.github.dockerjava.zerodep.shaded.org.apache.hc.client5.http.impl.classic.MainClientExec - ex-0000000B: executing POST /v1.32/containers/create HTTP/1.1
17:51:59.701 [main] DEBUG com.github.dockerjava.zerodep.shaded.org.apache.hc.client5.http.impl.classic.InternalHttpClient - ep-0000000A: start execution ex-0000000B
17:51:59.701 [main] DEBUG com.github.dockerjava.zerodep.shaded.org.apache.hc.client5.http.impl.io.PoolingHttpClientConnectionManager - ep-0000000A: executing exchange ex-0000000B over http-outgoing-1
17:51:59.702 [main] DEBUG com.github.dockerjava.zerodep.shaded.org.apache.hc.client5.http.headers - http-outgoing-1 &gt;&gt; POST /v1.32/containers/create HTTP/1.1
17:51:59.703 [main] DEBUG com.github.dockerjava.zerodep.shaded.org.apache.hc.client5.http.headers - http-outgoing-1 &gt;&gt; accept: application/json
17:51:59.704 [main] DEBUG com.github.dockerjava.zerodep.shaded.org.apache.hc.client5.http.headers - http-outgoing-1 &gt;&gt; content-type: application/json
17:51:59.705 [main] DEBUG com.github.dockerjava.zerodep.shaded.org.apache.hc.client5.http.headers - http-outgoing-1 &gt;&gt; x-tc-sid: 2e83e22e-e672-4754-b852-5ac7974dddc6
17:51:59.705 [main] DEBUG com.github.dockerjava.zerodep.shaded.org.apache.hc.client5.http.headers - http-outgoing-1 &gt;&gt; Accept-Encoding: gzip, x-gzip, deflate
17:51:59.705 [main] DEBUG com.github.dockerjava.zerodep.shaded.org.apache.hc.client5.http.headers - http-outgoing-1 &gt;&gt; Content-Length: 2055
17:51:59.705 [main] DEBUG com.github.dockerjava.zerodep.shaded.org.apache.hc.client5.http.headers - http-outgoing-1 &gt;&gt; Host: localhost:2375
17:51:59.705 [main] DEBUG com.github.dockerjava.zerodep.shaded.org.apache.hc.client5.http.headers - http-outgoing-1 &gt;&gt; Connection: keep-alive
17:51:59.705 [main] DEBUG com.github.dockerjava.zerodep.shaded.org.apache.hc.client5.http.headers - http-outgoing-1 &gt;&gt; User-Agent: Apache-HttpClient/5.0.3 (Java/19.0.2)
17:51:59.706 [main] DEBUG com.github.dockerjava.zerodep.shaded.org.apache.hc.client5.http.wire - http-outgoing-1 &gt;&gt; &quot;POST /v1.32/containers/create HTTP/1.1[\r][\n]&quot;
17:51:59.706 [main] DEBUG com.github.dockerjava.zerodep.shaded.org.apache.hc.client5.http.wire - http-outgoing-1 &gt;&gt; &quot;accept: application/json[\r][\n]&quot;
17:51:59.706 [main] DEBUG com.github.dockerjava.zerodep.shaded.org.apache.hc.client5.http.wire - http-outgoing-1 &gt;&gt; &quot;content-type: application/json[\r][\n]&quot;
17:51:59.706 [main] DEBUG com.github.dockerjava.zerodep.shaded.org.apache.hc.client5.http.wire - http-outgoing-1 &gt;&gt; &quot;x-tc-sid: 2e83e22e-e672-4754-b852-5ac7974dddc6[\r][\n]&quot;
17:51:59.707 [main] DEBUG com.github.dockerjava.zerodep.shaded.org.apache.hc.client5.http.wire - http-outgoing-1 &gt;&gt; &quot;Accept-Encoding: gzip, x-gzip, deflate[\r][\n]&quot;
17:51:59.707 [main] DEBUG com.github.dockerjava.zerodep.shaded.org.apache.hc.client5.http.wire - http-outgoing-1 &gt;&gt; &quot;Content-Length: 2055[\r][\n]&quot;
17:51:59.707 [main] DEBUG com.github.dockerjava.zerodep.shaded.org.apache.hc.client5.http.wire - http-outgoing-1 &gt;&gt; &quot;Host: localhost:2375[\r][\n]&quot;
17:51:59.707 [main] DEBUG com.github.dockerjava.zerodep.shaded.org.apache.hc.client5.http.wire - http-outgoing-1 &gt;&gt; &quot;Connection: keep-alive[\r][\n]&quot;
17:51:59.707 [main] DEBUG com.github.dockerjava.zerodep.shaded.org.apache.hc.client5.http.wire - http-outgoing-1 &gt;&gt; &quot;User-Agent: Apache-HttpClient/5.0.3 (Java/19.0.2)[\r][\n]&quot;
17:51:59.707 [main] DEBUG com.github.dockerjava.zerodep.shaded.org.apache.hc.client5.http.wire - http-outgoing-1 &gt;&gt; &quot;[\r][\n]&quot;
17:51:59.707 [main] DEBUG com.github.dockerjava.zerodep.shaded.org.apache.hc.client5.http.wire - http-outgoing-1 &gt;&gt; &quot;{&quot;Hostname&quot;:null,&quot;Domainname&quot;:null,&quot;User&quot;:null,&quot;AttachStdin&quot;:null,&quot;AttachStdout&quot;:null,&quot;AttachStderr&quot;:null,&quot;PortSpecs&quot;:null,&quot;Tty&quot;:null,&quot;OpenStdin&quot;:null,&quot;StdinOnce&quot;:null,&quot;Env&quot;:[&quot;POSTGRES_USER=test&quot;,&quot;POSTGRES_PASSWORD=test&quot;,&quot;POSTGRES_DB=test&quot;],&quot;Cmd&quot;:[&quot;postgres&quot;,&quot;-c&quot;,&quot;fsync=off&quot;],&quot;Healthcheck&quot;:null,&quot;ArgsEscaped&quot;:null,&quot;Entrypoint&quot;:null,&quot;Image&quot;:&quot;postgres:15&quot;,&quot;Volumes&quot;:{},&quot;WorkingDir&quot;:null,&quot;MacAddress&quot;:null,&quot;OnBuild&quot;:null,&quot;NetworkDisabled&quot;:null,&quot;ExposedPorts&quot;:{&quot;5432/tcp&quot;:{}},&quot;StopSignal&quot;:null,&quot;StopTimeout&quot;:null,&quot;HostConfig&quot;:{&quot;Binds&quot;:[],&quot;BlkioWeight&quot;:null,&quot;BlkioWeightDevice&quot;:null,&quot;BlkioDeviceReadBps&quot;:null,&quot;BlkioDeviceWriteBps&quot;:null,&quot;BlkioDeviceReadIOps&quot;:null,&quot;BlkioDeviceWriteIOps&quot;:null,&quot;MemorySwappiness&quot;:null,&quot;NanoCpus&quot;:null,&quot;CapAdd&quot;:null,&quot;CapDrop&quot;:null,&quot;ContainerIDFile&quot;:null,&quot;CpuPeriod&quot;:null,&quot;CpuRealtimePeriod&quot;:null,&quot;CpuRealtimeRuntime&quot;:null,&quot;CpuShares&quot;:null,&quot;CpuQuota&quot;:null,&quot;CpusetCpus&quot;:null,&quot;CpusetMems&quot;:null,&quot;Devices&quot;:null,&quot;DeviceCgroupRules&quot;:null,&quot;DeviceRequests&quot;:null,&quot;DiskQuota&quot;:null,&quot;Dns&quot;:null,&quot;DnsOptions&quot;:null,&quot;DnsSearch&quot;:null,&quot;ExtraHosts&quot;:[],&quot;GroupAdd&quot;:null,&quot;IpcMode&quot;:null,&quot;Cgroup&quot;:null,&quot;Links&quot;:[],&quot;LogConfig&quot;:null,&quot;LxcConf&quot;:null,&quot;Memory&quot;:null,&quot;MemorySwap&quot;:null,&quot;MemoryReservation&quot;:null,&quot;KernelMemory&quot;:null,&quot;NetworkMode&quot;:null,&quot;OomKillDisable&quot;:null,&quot;Init&quot;:null,&quot;AutoRemove&quot;:null,&quot;OomScoreAdj&quot;:null,&quot;PortBindings&quot;:{&quot;5432/tcp&quot;:[{&quot;HostIp&quot;:&quot;&quot;,&quot;HostPort&quot;:&quot;&quot;}]},&quot;Privileged&quot;:null,&quot;PublishAllPorts&quot;:null,&quot;ReadonlyRootfs&quot;:null,&quot;RestartPolicy&quot;:null,&quot;Ulimits&quot;:null,&quot;CpuCount&quot;:null,&quot;CpuPercent&quot;:null,&quot;IOMaximumIOps&quot;:null,&quot;IOMaximumBandwidth&quot;:null,&quot;VolumesFrom&quot;:[],&quot;Mounts&quot;:null,&quot;PidMode&quot;:null,&quot;Isolation&quot;:null,&quot;SecurityOpt&quot;:null,&quot;StorageOpt&quot;:null,&quot;CgroupParent&quot;:null,&quot;VolumeDriver&quot;:null,&quot;ShmSize&quot;:null,&quot;PidsLimit&quot;:null,&quot;Runtime&quot;:null,&quot;Tmpfs&quot;:null,&quot;UTSMode&quot;:null,&quot;UsernsMode&quot;:null,&quot;Sysctls&quot;:null,&quot;ConsoleSize&quot;:null,&quot;CgroupnsMode&quot;:null},&quot;Labels&quot;:{&quot;org.testcontainers&quot;:&quot;true&quot;,&quot;org.testcontainers.lang&quot;:&quot;java&quot;,&quot;org.testcontainers.version&quot;:&quot;1.18.0&quot;,&quot;org.testcontainers.sessionId&quot;:&quot;2e83e22e-e672-4754-b852-5ac7974dddc6&quot;},&quot;Shell&quot;:null,&quot;NetworkingConfig&quot;:null}&quot;
17:52:00.218 [main] DEBUG com.github.dockerjava.zerodep.shaded.org.apache.hc.client5.http.wire - http-outgoing-1 &lt;&lt; &quot;HTTP/1.1 201 Created[\r][\n]&quot;
17:52:00.218 [main] DEBUG com.github.dockerjava.zerodep.shaded.org.apache.hc.client5.http.wire - http-outgoing-1 &lt;&lt; &quot;Api-Version: 1.43[\r][\n]&quot;
17:52:00.218 [main] DEBUG com.github.dockerjava.zerodep.shaded.org.apache.hc.client5.http.wire - http-outgoing-1 &lt;&lt; &quot;Content-Type: application/json[\r][\n]&quot;
17:52:00.218 [main] DEBUG com.github.dockerjava.zerodep.shaded.org.apache.hc.client5.http.wire - http-outgoing-1 &lt;&lt; &quot;Date: Mon, 14 Aug 2023 14:52:00 GMT[\r][\n]&quot;
17:52:00.219 [main] DEBUG com.github.dockerjava.zerodep.shaded.org.apache.hc.client5.http.wire - http-outgoing-1 &lt;&lt; &quot;Docker-Experimental: false[\r][\n]&quot;
17:52:00.220 [main] DEBUG com.github.dockerjava.zerodep.shaded.org.apache.hc.client5.http.wire - http-outgoing-1 &lt;&lt; &quot;Ostype: linux[\r][\n]&quot;
17:52:00.220 [main] DEBUG com.github.dockerjava.zerodep.shaded.org.apache.hc.client5.http.wire - http-outgoing-1 &lt;&lt; &quot;Server: Docker/24.0.5 (linux)[\r][\n]&quot;
17:52:00.220 [main] DEBUG com.github.dockerjava.zerodep.shaded.org.apache.hc.client5.http.wire - http-outgoing-1 &lt;&lt; &quot;Transfer-Encoding: chunked[\r][\n]&quot;
17:52:00.221 [main] DEBUG com.github.dockerjava.zerodep.shaded.org.apache.hc.client5.http.wire - http-outgoing-1 &lt;&lt; &quot;[\r][\n]&quot;
17:52:00.221 [main] DEBUG com.github.dockerjava.zerodep.shaded.org.apache.hc.client5.http.headers - http-outgoing-1 &lt;&lt; HTTP/1.1 201 Created
17:52:00.221 [main] DEBUG com.github.dockerjava.zerodep.shaded.org.apache.hc.client5.http.headers - http-outgoing-1 &lt;&lt; Api-Version: 1.43
17:52:00.221 [main] DEBUG com.github.dockerjava.zerodep.shaded.org.apache.hc.client5.http.headers - http-outgoing-1 &lt;&lt; Content-Type: application/json
17:52:00.221 [main] DEBUG com.github.dockerjava.zerodep.shaded.org.apache.hc.client5.http.headers - http-outgoing-1 &lt;&lt; Date: Mon, 14 Aug 2023 14:52:00 GMT
17:52:00.222 [main] DEBUG com.github.dockerjava.zerodep.shaded.org.apache.hc.client5.http.headers - http-outgoing-1 &lt;&lt; Docker-Experimental: false
17:52:00.222 [main] DEBUG com.github.dockerjava.zerodep.shaded.org.apache.hc.client5.http.headers - http-outgoing-1 &lt;&lt; Ostype: linux
17:52:00.222 [main] DEBUG com.github.dockerjava.zerodep.shaded.org.apache.hc.client5.http.headers - http-outgoing-1 &lt;&lt; Server: Docker/24.0.5 (linux)
17:52:00.222 [main] DEBUG com.github.dockerjava.zerodep.shaded.org.apache.hc.client5.http.headers - http-outgoing-1 &lt;&lt; Transfer-Encoding: chunked
17:52:00.222 [main] DEBUG com.github.dockerjava.zerodep.shaded.org.apache.hc.client5.http.impl.classic.MainClientExec - ex-0000000B: connection can be kept alive for 3 MINUTES
17:52:00.223 [main] DEBUG com.github.dockerjava.zerodep.shaded.org.apache.hc.client5.http.wire - http-outgoing-1 &lt;&lt; &quot;58[\r][\n]&quot;
17:52:00.223 [main] DEBUG com.github.dockerjava.zerodep.shaded.org.apache.hc.client5.http.wire - http-outgoing-1 &lt;&lt; &quot;{&quot;Id&quot;:&quot;d8da33608e1740d342c7f0b7e96795f6fc52371e302aa3ab5a23f3df8e814781&quot;,&quot;Warnings&quot;:[]}[\n]&quot;
17:52:00.223 [main] DEBUG com.github.dockerjava.zerodep.shaded.org.apache.hc.client5.http.wire - http-outgoing-1 &lt;&lt; &quot;[\r][\n]&quot;
17:52:00.224 [main] DEBUG com.github.dockerjava.zerodep.shaded.org.apache.hc.client5.http.wire - http-outgoing-1 &lt;&lt; &quot;0[\r][\n]&quot;
17:52:00.224 [main] DEBUG com.github.dockerjava.zerodep.shaded.org.apache.hc.client5.http.wire - http-outgoing-1 &lt;&lt; &quot;[\r][\n]&quot;
17:52:00.225 [main] DEBUG com.github.dockerjava.zerodep.shaded.org.apache.hc.client5.http.impl.classic.InternalHttpClient - ep-0000000A: releasing valid endpoint
17:52:00.225 [main] DEBUG com.github.dockerjava.zerodep.shaded.org.apache.hc.client5.http.impl.io.PoolingHttpClientConnectionManager - ep-0000000A: releasing endpoint
17:52:00.225 [main] DEBUG com.github.dockerjava.zerodep.shaded.org.apache.hc.client5.http.impl.io.PoolingHttpClientConnectionManager - ep-0000000A: connection http-outgoing-1 can be kept alive for 3 MINUTES
17:52:00.225 [main] DEBUG com.github.dockerjava.zerodep.shaded.org.apache.hc.client5.http.impl.io.PoolingHttpClientConnectionManager - ep-0000000A: connection released [route: {}-&gt;npipe://localhost:2375][total available: 1; route allocated: 1 of 2147483647; total allocated: 1 of 2147483647]
17:52:00.225 [main] INFO tc.postgres:15 - Container postgres:15 is starting: d8da33608e1740d342c7f0b7e96795f6fc52371e302aa3ab5a23f3df8e814781
17:52:00.225 [main] DEBUG org.testcontainers.shaded.com.github.dockerjava.core.command.AbstrDockerCmd - Cmd: d8da33608e1740d342c7f0b7e96795f6fc52371e302aa3ab5a23f3df8e814781
17:52:00.226 [main] DEBUG com.github.dockerjava.zerodep.shaded.org.apache.hc.client5.http.impl.classic.InternalHttpClient - ex-0000000C: preparing request execution
17:52:00.226 [main] DEBUG com.github.dockerjava.zerodep.shaded.org.apache.hc.client5.http.protocol.RequestAddCookies - Cookie spec selected: strict
17:52:00.226 [main] DEBUG com.github.dockerjava.zerodep.shaded.org.apache.hc.client5.http.protocol.RequestAuthCache - Auth cache not set in the context
17:52:00.227 [main] DEBUG com.github.dockerjava.zerodep.shaded.org.apache.hc.client5.http.impl.classic.ProtocolExec - ex-0000000C: target auth state: UNCHALLENGED
17:52:00.227 [main] DEBUG com.github.dockerjava.zerodep.shaded.org.apache.hc.client5.http.impl.classic.ProtocolExec - ex-0000000C: proxy auth state: UNCHALLENGED
17:52:00.227 [main] DEBUG com.github.dockerjava.zerodep.shaded.org.apache.hc.client5.http.impl.classic.ConnectExec - ex-0000000C: acquiring connection with route {}-&gt;npipe://localhost:2375
17:52:00.227 [main] DEBUG com.github.dockerjava.zerodep.shaded.org.apache.hc.client5.http.impl.classic.InternalHttpClient - ex-0000000C: acquiring endpoint (3 MINUTES)
17:52:00.227 [main] DEBUG com.github.dockerjava.zerodep.shaded.org.apache.hc.client5.http.impl.io.PoolingHttpClientConnectionManager - ex-0000000C: endpoint lease request (3 MINUTES) [route: {}-&gt;npipe://localhost:2375][total available: 1; route allocated: 1 of 2147483647; total allocated: 1 of 2147483647]
17:52:00.228 [main] DEBUG com.github.dockerjava.zerodep.shaded.org.apache.hc.client5.http.impl.io.PoolingHttpClientConnectionManager - ex-0000000C: endpoint leased [route: {}-&gt;npipe://localhost:2375][total available: 0; route allocated: 1 of 2147483647; total allocated: 1 of 2147483647]
17:52:00.228 [main] DEBUG com.github.dockerjava.zerodep.shaded.org.apache.hc.client5.http.impl.io.PoolingHttpClientConnectionManager - ex-0000000C: acquired ep-0000000B
17:52:00.228 [main] DEBUG com.github.dockerjava.zerodep.shaded.org.apache.hc.client5.http.impl.classic.InternalHttpClient - ex-0000000C: acquired endpoint ep-0000000B
17:52:00.228 [main] DEBUG com.github.dockerjava.zerodep.shaded.org.apache.hc.client5.http.impl.classic.MainClientExec - ex-0000000C: executing POST /v1.32/containers/d8da33608e1740d342c7f0b7e96795f6fc52371e302aa3ab5a23f3df8e814781/start HTTP/1.1
17:52:00.228 [main] DEBUG com.github.dockerjava.zerodep.shaded.org.apache.hc.client5.http.impl.classic.InternalHttpClient - ep-0000000B: start execution ex-0000000C
17:52:00.228 [main] DEBUG com.github.dockerjava.zerodep.shaded.org.apache.hc.client5.http.impl.io.PoolingHttpClientConnectionManager - ep-0000000B: executing exchange ex-0000000C over http-outgoing-1
17:52:00.229 [main] DEBUG com.github.dockerjava.zerodep.shaded.org.apache.hc.client5.http.headers - http-outgoing-1 &gt;&gt; POST /v1.32/containers/d8da33608e1740d342c7f0b7e96795f6fc52371e302aa3ab5a23f3df8e814781/start HTTP/1.1
17:52:00.229 [main] DEBUG com.github.dockerjava.zerodep.shaded.org.apache.hc.client5.http.headers - http-outgoing-1 &gt;&gt; accept: application/json
17:52:00.229 [main] DEBUG com.github.dockerjava.zerodep.shaded.org.apache.hc.client5.http.headers - http-outgoing-1 &gt;&gt; content-type: application/json
17:52:00.229 [main] DEBUG com.github.dockerjava.zerodep.shaded.org.apache.hc.client5.http.headers - http-outgoing-1 &gt;&gt; x-tc-sid: 2e83e22e-e672-4754-b852-5ac7974dddc6
17:52:00.229 [main] DEBUG com.github.dockerjava.zerodep.shaded.org.apache.hc.client5.http.headers - http-outgoing-1 &gt;&gt; Accept-Encoding: gzip, x-gzip, deflate
17:52:00.229 [main] DEBUG com.github.dockerjava.zerodep.shaded.org.apache.hc.client5.http.headers - http-outgoing-1 &gt;&gt; Host: localhost:2375
17:52:00.229 [main] DEBUG com.github.dockerjava.zerodep.shaded.org.apache.hc.client5.http.headers - http-outgoing-1 &gt;&gt; Connection: keep-alive
17:52:00.229 [main] DEBUG com.github.dockerjava.zerodep.shaded.org.apache.hc.client5.http.headers - http-outgoing-1 &gt;&gt; User-Agent: Apache-HttpClient/5.0.3 (Java/19.0.2)
17:52:00.229 [main] DEBUG com.github.dockerjava.zerodep.shaded.org.apache.hc.client5.http.wire - http-outgoing-1 &gt;&gt; &quot;POST /v1.32/containers/d8da33608e1740d342c7f0b7e96795f6fc52371e302aa3ab5a23f3df8e814781/start HTTP/1.1[\r][\n]&quot;
17:52:00.230 [main] DEBUG com.github.dockerjava.zerodep.shaded.org.apache.hc.client5.http.wire - http-outgoing-1 &gt;&gt; &quot;accept: application/json[\r][\n]&quot;
17:52:00.230 [main] DEBUG com.github.dockerjava.zerodep.shaded.org.apache.hc.client5.http.wire - http-outgoing-1 &gt;&gt; &quot;content-type: application/json[\r][\n]&quot;
17:52:00.230 [main] DEBUG com.github.dockerjava.zerodep.shaded.org.apache.hc.client5.http.wire - http-outgoing-1 &gt;&gt; &quot;x-tc-sid: 2e83e22e-e672-4754-b852-5ac7974dddc6[\r][\n]&quot;
17:52:00.231 [main] DEBUG com.github.dockerjava.zerodep.shaded.org.apache.hc.client5.http.wire - http-outgoing-1 &gt;&gt; &quot;Accept-Encoding: gzip, x-gzip, deflate[\r][\n]&quot;
17:52:00.231 [main] DEBUG com.github.dockerjava.zerodep.shaded.org.apache.hc.client5.http.wire - http-outgoing-1 &gt;&gt; &quot;Host: localhost:2375[\r][\n]&quot;
17:52:00.231 [main] DEBUG com.github.dockerjava.zerodep.shaded.org.apache.hc.client5.http.wire - http-outgoing-1 &gt;&gt; &quot;Connection: keep-alive[\r][\n]&quot;
17:52:00.231 [main] DEBUG com.github.dockerjava.zerodep.shaded.org.apache.hc.client5.http.wire - http-outgoing-1 &gt;&gt; &quot;User-Agent: Apache-HttpClient/5.0.3 (Java/19.0.2)[\r][\n]&quot;
17:52:00.231 [main] DEBUG com.github.dockerjava.zerodep.shaded.org.apache.hc.client5.http.wire - http-outgoing-1 &gt;&gt; &quot;[\r][\n]&quot;
17:52:00.930 [main] DEBUG com.github.dockerjava.zerodep.shaded.org.apache.hc.client5.http.wire - http-outgoing-1 &lt;&lt; &quot;HTTP/1.1 204 No Content[\r][\n]&quot;
17:52:00.930 [main] DEBUG com.github.dockerjava.zerodep.shaded.org.apache.hc.client5.http.wire - http-outgoing-1 &lt;&lt; &quot;Api-Version: 1.43[\r][\n]&quot;
17:52:00.930 [main] DEBUG com.github.dockerjava.zerodep.shaded.org.apache.hc.client5.http.wire - http-outgoing-1 &lt;&lt; &quot;Date: Mon, 14 Aug 2023 14:52:00 GMT[\r][\n]&quot;
17:52:00.930 [main] DEBUG com.github.dockerjava.zerodep.shaded.org.apache.hc.client5.http.wire - http-outgoing-1 &lt;&lt; &quot;Docker-Experimental: false[\r][\n]&quot;
17:52:00.930 [main] DEBUG com.github.dockerjava.zerodep.shaded.org.apache.hc.client5.http.wire - http-outgoing-1 &lt;&lt; &quot;Ostype: linux[\r][\n]&quot;
17:52:00.930 [main] DEBUG com.github.dockerjava.zerodep.shaded.org.apache.hc.client5.http.wire - http-outgoing-1 &lt;&lt; &quot;Server: Docker/24.0.5 (linux)[\r][\n]&quot;
17:52:00.930 [main] DEBUG com.github.dockerjava.zerodep.shaded.org.apache.hc.client5.http.wire - http-outgoing-1 &lt;&lt; &quot;[\r][\n]&quot;
17:52:00.930 [main] DEBUG com.github.dockerjava.zerodep.shaded.org.apache.hc.client5.http.headers - http-outgoing-1 &lt;&lt; HTTP/1.1 204 No Content
17:52:00.930 [main] DEBUG com.github.dockerjava.zerodep.shaded.org.apache.hc.client5.http.headers - http-outgoing-1 &lt;&lt; Api-Version: 1.43
17:52:00.930 [main] DEBUG com.github.dockerjava.zerodep.shaded.org.apache.hc.client5.http.headers - http-outgoing-1 &lt;&lt; Date: Mon, 14 Aug 2023 14:52:00 GMT
17:52:00.930 [main] DEBUG com.github.dockerjava.zerodep.shaded.org.apache.hc.client5.http.headers - http-outgoing-1 &lt;&lt; Docker-Experimental: false
17:52:00.930 [main] DEBUG com.github.dockerjava.zerodep.shaded.org.apache.hc.client5.http.headers - http-outgoing-1 &lt;&lt; Ostype: linux
17:52:00.930 [main] DEBUG com.github.dockerjava.zerodep.shaded.org.apache.hc.client5.http.headers - http-outgoing-1 &lt;&lt; Server: Docker/24.0.5 (linux)
17:52:00.931 [main] DEBUG com.github.dockerjava.zerodep.shaded.org.apache.hc.client5.http.impl.classic.MainClientExec - ex-0000000C: connection can be kept alive for 3 MINUTES
17:52:00.931 [main] DEBUG com.github.dockerjava.zerodep.shaded.org.apache.hc.client5.http.impl.classic.InternalHttpClient - ep-0000000B: releasing valid endpoint
17:52:00.931 [main] DEBUG com.github.dockerjava.zerodep.shaded.org.apache.hc.client5.http.impl.io.PoolingHttpClientConnectionManager - ep-0000000B: releasing endpoint
17:52:00.934 [main] DEBUG com.github.dockerjava.zerodep.shaded.org.apache.hc.client5.http.impl.io.PoolingHttpClientConnectionManager - ep-0000000B: connection http-outgoing-1 can be kept alive for 3 MINUTES
17:52:00.935 [main] DEBUG com.github.dockerjava.zerodep.shaded.org.apache.hc.client5.http.impl.io.PoolingHttpClientConnectionManager - ep-0000000B: connection released [route: {}-&gt;npipe://localhost:2375][total available: 1; route allocated: 1 of 2147483647; total allocated: 1 of 2147483647]
17:52:00.935 [main] DEBUG org.testcontainers.shaded.com.github.dockerjava.core.command.AbstrDockerCmd - Cmd: d8da33608e1740d342c7f0b7e96795f6fc52371e302aa3ab5a23f3df8e814781,false
17:52:00.937 [main] DEBUG org.testcontainers.shaded.com.github.dockerjava.core.exec.InspectContainerCmdExec - GET: DefaultWebTarget{path=[/containers/d8da33608e1740d342c7f0b7e96795f6fc52371e302aa3ab5a23f3df8e814781/json], queryParams={}}
17:52:00.938 [main] DEBUG com.github.dockerjava.zerodep.shaded.org.apache.hc.client5.http.impl.classic.InternalHttpClient - ex-0000000D: preparing request execution
17:52:00.938 [main] DEBUG com.github.dockerjava.zerodep.shaded.org.apache.hc.client5.http.protocol.RequestAddCookies - Cookie spec selected: strict
17:52:00.939 [main] DEBUG com.github.dockerjava.zerodep.shaded.org.apache.hc.client5.http.protocol.RequestAuthCache - Auth cache not set in the context
17:52:00.941 [main] DEBUG com.github.dockerjava.zerodep.shaded.org.apache.hc.client5.http.impl.classic.ProtocolExec - ex-0000000D: target auth state: UNCHALLENGED
17:52:00.941 [main] DEBUG com.github.dockerjava.zerodep.shaded.org.apache.hc.client5.http.impl.classic.ProtocolExec - ex-0000000D: proxy auth state: UNCHALLENGED
17:52:00.941 [main] DEBUG com.github.dockerjava.zerodep.shaded.org.apache.hc.client5.http.impl.classic.ConnectExec - ex-0000000D: acquiring connection with route {}-&gt;npipe://localhost:2375
17:52:00.941 [main] DEBUG com.github.dockerjava.zerodep.shaded.org.apache.hc.client5.http.impl.classic.InternalHttpClient - ex-0000000D: acquiring endpoint (3 MINUTES)
17:52:00.942 [main] DEBUG com.github.dockerjava.zerodep.shaded.org.apache.hc.client5.http.impl.io.PoolingHttpClientConnectionManager - ex-0000000D: endpoint lease request (3 MINUTES) [route: {}-&gt;npipe://localhost:2375][total available: 1; route allocated: 1 of 2147483647; total allocated: 1 of 2147483647]
17:52:00.942 [main] DEBUG com.github.dockerjava.zerodep.shaded.org.apache.hc.client5.http.impl.io.PoolingHttpClientConnectionManager - ex-0000000D: endpoint leased [route: {}-&gt;npipe://localhost:2375][total available: 0; route allocated: 1 of 2147483647; total allocated: 1 of 2147483647]
17:52:00.942 [main] DEBUG com.github.dockerjava.zerodep.shaded.org.apache.hc.client5.http.impl.io.PoolingHttpClientConnectionManager - ex-0000000D: acquired ep-0000000C
17:52:00.943 [main] DEBUG com.github.dockerjava.zerodep.shaded.org.apache.hc.client5.http.impl.classic.InternalHttpClient - ex-0000000D: acquired endpoint ep-0000000C
17:52:00.943 [main] DEBUG com.github.dockerjava.zerodep.shaded.org.apache.hc.client5.http.impl.classic.MainClientExec - ex-0000000D: executing GET /v1.32/containers/d8da33608e1740d342c7f0b7e96795f6fc52371e302aa3ab5a23f3df8e814781/json HTTP/1.1
17:52:00.943 [main] DEBUG com.github.dockerjava.zerodep.shaded.org.apache.hc.client5.http.impl.classic.InternalHttpClient - ep-0000000C: start execution ex-0000000D
17:52:00.944 [main] DEBUG com.github.dockerjava.zerodep.shaded.org.apache.hc.client5.http.impl.io.PoolingHttpClientConnectionManager - ep-0000000C: executing exchange ex-0000000D over http-outgoing-1
17:52:00.949 [main] DEBUG com.github.dockerjava.zerodep.shaded.org.apache.hc.client5.http.headers - http-outgoing-1 &gt;&gt; GET /v1.32/containers/d8da33608e1740d342c7f0b7e96795f6fc52371e302aa3ab5a23f3df8e814781/json HTTP/1.1
17:52:00.949 [main] DEBUG com.github.dockerjava.zerodep.shaded.org.apache.hc.client5.http.headers - http-outgoing-1 &gt;&gt; accept: application/json
17:52:00.949 [main] DEBUG com.github.dockerjava.zerodep.shaded.org.apache.hc.client5.http.headers - http-outgoing-1 &gt;&gt; x-tc-sid: 2e83e22e-e672-4754-b852-5ac7974dddc6
17:52:00.950 [main] DEBUG com.github.dockerjava.zerodep.shaded.org.apache.hc.client5.http.headers - http-outgoing-1 &gt;&gt; Accept-Encoding: gzip, x-gzip, deflate
17:52:00.950 [main] DEBUG com.github.dockerjava.zerodep.shaded.org.apache.hc.client5.http.headers - http-outgoing-1 &gt;&gt; Host: localhost:2375
17:52:00.950 [main] DEBUG com.github.dockerjava.zerodep.shaded.org.apache.hc.client5.http.headers - http-outgoing-1 &gt;&gt; Connection: keep-alive
17:52:00.950 [main] DEBUG com.github.dockerjava.zerodep.shaded.org.apache.hc.client5.http.headers - http-outgoing-1 &gt;&gt; User-Agent: Apache-HttpClient/5.0.3 (Java/19.0.2)
17:52:00.950 [main] DEBUG com.github.dockerjava.zerodep.shaded.org.apache.hc.client5.http.wire - http-outgoing-1 &gt;&gt; &quot;GET /v1.32/containers/d8da33608e1740d342c7f0b7e96795f6fc52371e302aa3ab5a23f3df8e814781/json HTTP/1.1[\r][\n]&quot;
17:52:00.950 [main] DEBUG com.github.dockerjava.zerodep.shaded.org.apache.hc.client5.http.wire - http-outgoing-1 &gt;&gt; &quot;accept: application/json[\r][\n]&quot;
17:52:00.950 [main] DEBUG com.github.dockerjava.zerodep.shaded.org.apache.hc.client5.http.wire - http-outgoing-1 &gt;&gt; &quot;x-tc-sid: 2e83e22e-e672-4754-b852-5ac7974dddc6[\r][\n]&quot;
17:52:00.951 [main] DEBUG com.github.dockerjava.zerodep.shaded.org.apache.hc.client5.http.wire - http-outgoing-1 &gt;&gt; &quot;Accept-Encoding: gzip, x-gzip, deflate[\r][\n]&quot;
17:52:00.951 [main] DEBUG com.github.dockerjava.zerodep.shaded.org.apache.hc.client5.http.wire - http-outgoing-1 &gt;&gt; &quot;Host: localhost:2375[\r][\n]&quot;
17:52:00.952 [main] DEBUG com.github.dockerjava.zerodep.shaded.org.apache.hc.client5.http.wire - http-outgoing-1 &gt;&gt; &quot;Connection: keep-alive[\r][\n]&quot;
17:52:00.952 [main] DEBUG com.github.dockerjava.zerodep.shaded.org.apache.hc.client5.http.wire - http-outgoing-1 &gt;&gt; &quot;User-Agent: Apache-HttpClient/5.0.3 (Java/19.0.2)[\r][\n]&quot;
17:52:00.952 [main] DEBUG com.github.dockerjava.zerodep.shaded.org.apache.hc.client5.http.wire - http-outgoing-1 &gt;&gt; &quot;[\r][\n]&quot;
17:52:00.963 [main] DEBUG com.github.dockerjava.zerodep.shaded.org.apache.hc.client5.http.wire - http-outgoing-1 &lt;&lt; &quot;HTTP/1.1 200 OK[\r][\n]&quot;
17:52:00.963 [main] DEBUG com.github.dockerjava.zerodep.shaded.org.apache.hc.client5.http.wire - http-outgoing-1 &lt;&lt; &quot;Api-Version: 1.43[\r][\n]&quot;
17:52:00.963 [main] DEBUG com.github.dockerjava.zerodep.shaded.org.apache.hc.client5.http.wire - http-outgoing-1 &lt;&lt; &quot;Content-Type: application/json[\r][\n]&quot;
17:52:00.963 [main] DEBUG com.github.dockerjava.zerodep.shaded.org.apache.hc.client5.http.wire - http-outgoing-1 &lt;&lt; &quot;Date: Mon, 14 Aug 2023 14:52:00 GMT[\r][\n]&quot;
17:52:00.963 [main] DEBUG com.github.dockerjava.zerodep.shaded.org.apache.hc.client5.http.wire - http-outgoing-1 &lt;&lt; &quot;Docker-Experimental: false[\r][\n]&quot;
17:52:00.963 [main] DEBUG com.github.dockerjava.zerodep.shaded.org.apache.hc.client5.http.wire - http-outgoing-1 &lt;&lt; &quot;Ostype: linux[\r][\n]&quot;
17:52:00.963 [main] DEBUG com.github.dockerjava.zerodep.shaded.org.apache.hc.client5.http.wire - http-outgoing-1 &lt;&lt; &quot;Server: Docker/24.0.5 (linux)[\r][\n]&quot;
17:52:00.963 [main] DEBUG com.github.dockerjava.zerodep.shaded.org.apache.hc.client5.http.wire - http-outgoing-1 &lt;&lt; &quot;Transfer-Encoding: chunked[\r][\n]&quot;
17:52:00.963 [main] DEBUG com.github.dockerjava.zerodep.shaded.org.apache.hc.client5.http.wire - http-outgoing-1 &lt;&lt; &quot;[\r][\n]&quot;
17:52:00.963 [main] DEBUG com.github.dockerjava.zerodep.shaded.org.apache.hc.client5.http.headers - http-outgoing-1 &lt;&lt; HTTP/1.1 200 OK
17:52:00.963 [main] DEBUG com.github.dockerjava.zerodep.shaded.org.apache.hc.client5.http.headers - http-outgoing-1 &lt;&lt; Api-Version: 1.43
17:52:00.963 [main] DEBUG com.github.dockerjava.zerodep.shaded.org.apache.hc.client5.http.headers - http-outgoing-1 &lt;&lt; Content-Type: application/json
17:52:00.963 [main] DEBUG com.github.dockerjava.zerodep.shaded.org.apache.hc.client5.http.headers - http-outgoing-1 &lt;&lt; Date: Mon, 14 Aug 2023 14:52:00 GMT
17:52:00.963 [main] DEBUG com.github.dockerjava.zerodep.shaded.org.apache.hc.client5.http.headers - http-outgoing-1 &lt;&lt; Docker-Experimental: false
17:52:00.964 [main] DEBUG com.github.dockerjava.zerodep.shaded.org.apache.hc.client5.http.headers - http-outgoing-1 &lt;&lt; Ostype: linux
17:52:00.964 [main] DEBUG com.github.dockerjava.zerodep.shaded.org.apache.hc.client5.http.headers - http-outgoing-1 &lt;&lt; Server: Docker/24.0.5 (linux)
17:52:00.964 [main] DEBUG com.github.dockerjava.zerodep.shaded.org.apache.hc.client5.http.headers - http-outgoing-1 &lt;&lt; Transfer-Encoding: chunked
17:52:00.964 [main] DEBUG com.github.dockerjava.zerodep.shaded.org.apache.hc.client5.http.impl.classic.MainClientExec - ex-0000000D: connection can be kept alive for 3 MINUTES
17:52:00.970 [main] DEBUG com.github.dockerjava.zerodep.shaded.org.apache.hc.client5.http.wire - http-outgoing-1 &lt;&lt; &quot;19a0[\r][\n]&quot;
17:52:00.971 [main] DEBUG com.github.dockerjava.zerodep.shaded.org.apache.hc.client5.http.wire - http-outgoing-1 &lt;&lt; &quot;{&quot;Id&quot;:&quot;d8da33608e1740d342c7f0b7e96795f6fc52371e302aa3ab5a23f3df8e814781&quot;,&quot;Created&quot;:&quot;2023-08-14T14:51:59.719583861Z&quot;,&quot;Path&quot;:&quot;docker-entrypoint.sh&quot;,&quot;Args&quot;:[&quot;postgres&quot;,&quot;-c&quot;,&quot;fsync=off&quot;],&quot;State&quot;:{&quot;Status&quot;:&quot;running&quot;,&quot;Running&quot;:true,&quot;Paused&quot;:false,&quot;Restarting&quot;:false,&quot;OOMKilled&quot;:false,&quot;Dead&quot;:false,&quot;Pid&quot;:7784,&quot;ExitCode&quot;:0,&quot;Error&quot;:&quot;&quot;,&quot;StartedAt&quot;:&quot;2023-08-14T14:52:00.917732491Z&quot;,&quot;FinishedAt&quot;:&quot;0001-01-01T00:00:00Z&quot;},&quot;Image&quot;:&quot;sha256:8769343ac885ab5fe04ba515dc06f92e6959e75357b328303f15849acf9ccd0d&quot;,&quot;ResolvConfPath&quot;:&quot;/var/lib/docker/containers/d8da33608e1740d342c7f0b7e96795f6fc52371e302aa3ab5a23f3df8e814781/resolv.conf&quot;,&quot;HostnamePath&quot;:&quot;/var/lib/docker/containers/d8da33608e1740d342c7f0b7e96795f6fc52371e302aa3ab5a23f3df8e814781/hostname&quot;,&quot;HostsPath&quot;:&quot;/var/lib/docker/containers/d8da33608e1740d342c7f0b7e96795f6fc52371e302aa3ab5a23f3df8e814781/hosts&quot;,&quot;LogPath&quot;:&quot;/var/lib/docker/containers/d8da33608e1740d342c7f0b7e96795f6fc52371e302aa3ab5a23f3df8e814781/d8da33608e1740d342c7f0b7e96795f6fc52371e302aa3ab5a23f3df8e814781-json.log&quot;,&quot;Name&quot;:&quot;/inspiring_hugle&quot;,&quot;RestartCount&quot;:0,&quot;Driver&quot;:&quot;overlay2&quot;,&quot;Platform&quot;:&quot;linux&quot;,&quot;MountLabel&quot;:&quot;&quot;,&quot;ProcessLabel&quot;:&quot;&quot;,&quot;AppArmorProfile&quot;:&quot;&quot;,&quot;ExecIDs&quot;:null,&quot;HostConfig&quot;:{&quot;Binds&quot;:[],&quot;ContainerIDFile&quot;:&quot;&quot;,&quot;LogConfig&quot;:{&quot;Type&quot;:&quot;json-file&quot;,&quot;Config&quot;:{}},&quot;NetworkMode&quot;:&quot;default&quot;,&quot;PortBindings&quot;:{&quot;5432/tcp&quot;:[{&quot;HostIp&quot;:&quot;0.0.0.0&quot;,&quot;HostPort&quot;:&quot;0&quot;}]},&quot;RestartPolicy&quot;:{&quot;Name&quot;:&quot;&quot;,&quot;MaximumRetryCount&quot;:0},&quot;AutoRemove&quot;:false,&quot;VolumeDriver&quot;:&quot;&quot;,&quot;VolumesFrom&quot;:[],&quot;ConsoleSize&quot;:[0,0],&quot;CapAdd&quot;:null,&quot;CapDrop&quot;:null,&quot;CgroupnsMode&quot;:&quot;host&quot;,&quot;Dns&quot;:null,&quot;DnsOptions&quot;:null,&quot;DnsSearch&quot;:null,&quot;ExtraHosts&quot;:[],&quot;GroupAdd&quot;:null,&quot;IpcMode&quot;:&quot;shareable&quot;,&quot;Cgroup&quot;:&quot;&quot;,&quot;Links&quot;:null,&quot;OomScoreAdj&quot;:0,&quot;PidMode&quot;:&quot;&quot;,&quot;Privileged&quot;:false,&quot;PublishAllPorts&quot;:false,&quot;ReadonlyRootfs&quot;:false,&quot;SecurityOpt&quot;:null,&quot;UTSMode&quot;:&quot;&quot;,&quot;UsernsMode&quot;:&quot;&quot;,&quot;ShmSize&quot;:67108864,&quot;Runtime&quot;:&quot;runc&quot;,&quot;Isolation&quot;:&quot;&quot;,&quot;CpuShares&quot;:0,&quot;Memory&quot;:0,&quot;NanoCpus&quot;:0,&quot;CgroupParent&quot;:&quot;&quot;,&quot;BlkioWeight&quot;:0,&quot;BlkioWeightDevice&quot;:null,&quot;BlkioDeviceReadBps&quot;:null,&quot;BlkioDeviceWriteBps&quot;:null,&quot;BlkioDeviceReadIOps&quot;:null,&quot;BlkioDeviceWriteIOps&quot;:null,&quot;CpuPeriod&quot;:0,&quot;CpuQuota&quot;:0,&quot;CpuRealtimePeriod&quot;:0,&quot;CpuRealtimeRuntime&quot;:0,&quot;CpusetCpus&quot;:&quot;&quot;,&quot;CpusetMems&quot;:&quot;&quot;,&quot;Devices&quot;:null,&quot;DeviceCgroupRules&quot;:null,&quot;DeviceRequests&quot;:null,&quot;MemoryReservation&quot;:0,&quot;MemorySwap&quot;:0,&quot;MemorySwappiness&quot;:null,&quot;OomKillDisable&quot;:false,&quot;PidsLimit&quot;:null,&quot;Ulimits&quot;:null,&quot;CpuCount&quot;:0,&quot;CpuPercent&quot;:0,&quot;IOMaximumIOps&quot;:0,&quot;IOMaximumBandwidth&quot;:0,&quot;MaskedPaths&quot;:[&quot;/proc/asound&quot;,&quot;/proc/acpi&quot;,&quot;/proc/kcore&quot;,&quot;/proc/keys&quot;,&quot;/proc/latency_stats&quot;,&quot;/proc/timer_list&quot;,&quot;/proc/timer_stats&quot;,&quot;/proc/sched_debug&quot;,&quot;/proc/scsi&quot;,&quot;/sys/firmware&quot;],&quot;ReadonlyPaths&quot;:[&quot;/proc/bus&quot;,&quot;/proc/fs&quot;,&quot;/proc/irq&quot;,&quot;/proc/sys&quot;,&quot;/proc/sysrq-trigger&quot;]},&quot;GraphDriver&quot;:{&quot;Data&quot;:{&quot;LowerDir&quot;:&quot;/var/lib/docker/overlay2/eb1267fc5ff7277d2a6e0f6a3a5b6e6f2bf20645737a356929b53ad00011f045-init/diff:/var/lib/docker/overlay2/10682d70bc98d6da5ae8213424567b26981a865c0950d22e1007448d64351c69/diff:/var/lib/docker/overlay2/e5a81675bf0e39bbafe7db2805e5ffb0f628caf03c3cbb7dcdcc1b5fd6e92a69/diff:/var/lib/docker/overlay2/2e50940abe8c1e447965e8e824b619e4c76b6533940b129fb94d37de737edc60/diff:/var/lib/docker/overlay2/beb269d4329337748a76b72868dddff9138187eab9178a2c68e2a56080df8120/diff:/var/lib/docker/overlay2/9e7ed3d4ea071cba748735c1ae5975d3472b9bbe38db47ed95488fe71a08b6b1/diff:/var/lib/docker/overlay2/9aa75570901263e0b7b3756d3d24ab0ddd62a42412f41cc28f6bf75705b2f943/diff:/var/lib/docker/overlay2/1898bce9615f1b1c7da26a99828ddf42ea853368a5ff221f5b857d6a8a625100/diff:/var/lib/docker/overlay2/058a4d5d15fcc50be267e00bd11012f7a98c9f6e8ff1ca03439c57d5e3cafa3f/diff:/var/lib/docker/overlay2/93c3ac468b7a63e4a54599792f625f4d1a65bed107c959d94371c837a8378ac6/diff:/var/lib/docker/overlay2/e93a85f236d3021a1bb04b88635b81fa5dcfeb0969102bd34f547acc4e7ebcae/diff:/var/lib/docker/overlay2/f1b2b0159e13ebcb80273253853381438c8ce87ce25e57454ff7a7b3c50daabf/diff:/var/lib/docker/overlay2/17d7a0141dd7be01be6ddbd62c61ac1082d2390ed19456b518d516b8ae015b5f/diff:/var/lib/docker/overlay2/61aff595f5535c8fbe158fefe720c9975ef868689ba17bc4ddc9cdda37f91357/diff&quot;,&quot;MergedDir&quot;:&quot;/var/lib/docker/overlay2/eb1267fc&quot;
17:52:00.972 [main] DEBUG com.github.dockerjava.zerodep.shaded.org.apache.hc.client5.http.wire - http-outgoing-1 &lt;&lt; &quot;5ff7277d2a6e0f6a3a5b6e6f2bf20645737a356929b53ad00011f045/merged&quot;,&quot;UpperDir&quot;:&quot;/var/lib/docker/overlay2/eb1267fc5ff7277d2a6e0f6a3a5b6e6f2bf20645737a356929b53ad00011f045/diff&quot;,&quot;WorkDir&quot;:&quot;/var/lib/docker/overlay2/eb1267fc5ff7277d2a6e0f6a3a5b6e6f2bf20645737a356929b53ad00011f045/work&quot;},&quot;Name&quot;:&quot;overlay2&quot;},&quot;Mounts&quot;:[{&quot;Type&quot;:&quot;volume&quot;,&quot;Name&quot;:&quot;518a91e3ef040a3fdc3e5396cafbebeda500d55f7f8d857622f78cc3ecf76a47&quot;,&quot;Source&quot;:&quot;/var/lib/docker/volumes/518a91e3ef040a3fdc3e5396cafbebeda500d55f7f8d857622f78cc3ecf76a47/_data&quot;,&quot;Destination&quot;:&quot;/var/lib/postgresql/data&quot;,&quot;Driver&quot;:&quot;local&quot;,&quot;Mode&quot;:&quot;&quot;,&quot;RW&quot;:true,&quot;Propagation&quot;:&quot;&quot;}],&quot;Config&quot;:{&quot;Hostname&quot;:&quot;d8da33608e17&quot;,&quot;Domainname&quot;:&quot;&quot;,&quot;User&quot;:&quot;&quot;,&quot;AttachStdin&quot;:false,&quot;AttachStdout&quot;:false,&quot;AttachStderr&quot;:false,&quot;ExposedPorts&quot;:{&quot;5432/tcp&quot;:{}},&quot;Tty&quot;:false,&quot;OpenStdin&quot;:false,&quot;StdinOnce&quot;:false,&quot;Env&quot;:[&quot;POSTGRES_USER=test&quot;,&quot;POSTGRES_PASSWORD=test&quot;,&quot;POSTGRES_DB=test&quot;,&quot;PATH=/usr/local/sbin:/usr/local/bin:/usr/sbin:/usr/bin:/sbin:/bin:/usr/lib/postgresql/15/bin&quot;,&quot;GOSU_VERSION=1.16&quot;,&quot;LANG=en_US.utf8&quot;,&quot;PG_MAJOR=15&quot;,&quot;PG_VERSION=15.3-1.pgdg120+1&quot;,&quot;PGDATA=/var/lib/postgresql/data&quot;],&quot;Cmd&quot;:[&quot;postgres&quot;,&quot;-c&quot;,&quot;fsync=off&quot;],&quot;Image&quot;:&quot;postgres:15&quot;,&quot;Volumes&quot;:{&quot;/var/lib/postgresql/data&quot;:{}},&quot;WorkingDir&quot;:&quot;&quot;,&quot;Entrypoint&quot;:[&quot;docker-entrypoint.sh&quot;],&quot;OnBuild&quot;:null,&quot;Labels&quot;:{&quot;org.testcontainers&quot;:&quot;true&quot;,&quot;org.testcontainers.lang&quot;:&quot;java&quot;,&quot;org.testcontainers.sessionId&quot;:&quot;2e83e22e-e672-4754-b852-5ac7974dddc6&quot;,&quot;org.testcontainers.version&quot;:&quot;1.18.0&quot;},&quot;StopSignal&quot;:&quot;SIGINT&quot;},&quot;NetworkSettings&quot;:{&quot;Bridge&quot;:&quot;&quot;,&quot;SandboxID&quot;:&quot;203cfce7924fbb03c88c884345e3e84127216f8e2f8b6cf54f7d028e598cc01b&quot;,&quot;HairpinMode&quot;:false,&quot;LinkLocalIPv6Address&quot;:&quot;&quot;,&quot;LinkLocalIPv6PrefixLen&quot;:0,&quot;Ports&quot;:{&quot;5432/tcp&quot;:[{&quot;HostIp&quot;:&quot;0.0.0.0&quot;,&quot;HostPort&quot;:&quot;13621&quot;}]},&quot;SandboxKey&quot;:&quot;/var/run/docker/netns/203cfce7924f&quot;,&quot;SecondaryIPAddresses&quot;:null,&quot;SecondaryIPv6Addresses&quot;:null,&quot;EndpointID&quot;:&quot;090f4cd28ec7e936e0a6c2c3b102b86565772e9ed6bf0566cb667ca0e6c66ff2&quot;,&quot;Gateway&quot;:&quot;172.17.0.1&quot;,&quot;GlobalIPv6Address&quot;:&quot;&quot;,&quot;GlobalIPv6PrefixLen&quot;:0,&quot;IPAddress&quot;:&quot;172.17.0.3&quot;,&quot;IPPrefixLen&quot;:16,&quot;IPv6Gateway&quot;:&quot;&quot;,&quot;MacAddress&quot;:&quot;02:42:ac:11:00:03&quot;,&quot;Networks&quot;:{&quot;bridge&quot;:{&quot;IPAMConfig&quot;:null,&quot;Links&quot;:null,&quot;Aliases&quot;:null,&quot;NetworkID&quot;:&quot;52c31e85ea75c595e3a95f61ddbe4f8a610c03ec2e886abb9d94ac66fb31b4c3&quot;,&quot;EndpointID&quot;:&quot;090f4cd28ec7e936e0a6c2c3b102b86565772e9ed6bf0566cb667ca0e6c66ff2&quot;,&quot;Gateway&quot;:&quot;172.17.0.1&quot;,&quot;IPAddress&quot;:&quot;172.17.0.3&quot;,&quot;IPPrefixLen&quot;:16,&quot;IPv6Gateway&quot;:&quot;&quot;,&quot;GlobalIPv6Address&quot;:&quot;&quot;,&quot;GlobalIPv6PrefixLen&quot;:0,&quot;MacAddress&quot;:&quot;02:42:ac:11:00:03&quot;,&quot;DriverOpts&quot;:null}}}}[\n]&quot;
17:52:00.978 [main] DEBUG com.github.dockerjava.zerodep.shaded.org.apache.hc.client5.http.wire - http-outgoing-1 &lt;&lt; &quot;[\r][\n]&quot;
17:52:00.978 [main] DEBUG com.github.dockerjava.zerodep.shaded.org.apache.hc.client5.http.wire - http-outgoing-1 &lt;&lt; &quot;0[\r][\n]&quot;
17:52:00.978 [main] DEBUG com.github.dockerjava.zerodep.shaded.org.apache.hc.client5.http.wire - http-outgoing-1 &lt;&lt; &quot;[\r][\n]&quot;
17:52:00.979 [main] DEBUG com.github.dockerjava.zerodep.shaded.org.apache.hc.client5.http.impl.classic.InternalHttpClient - ep-0000000C: releasing valid endpoint
17:52:00.979 [main] DEBUG com.github.dockerjava.zerodep.shaded.org.apache.hc.client5.http.impl.io.PoolingHttpClientConnectionManager - ep-0000000C: releasing endpoint
17:52:00.979 [main] DEBUG com.github.dockerjava.zerodep.shaded.org.apache.hc.client5.http.impl.io.PoolingHttpClientConnectionManager - ep-0000000C: connection http-outgoing-1 can be kept alive for 3 MINUTES
17:52:00.979 [main] DEBUG com.github.dockerjava.zerodep.shaded.org.apache.hc.client5.http.impl.io.PoolingHttpClientConnectionManager - ep-0000000C: connection released [route: {}-&gt;npipe://localhost:2375][total available: 1; route allocated: 1 of 2147483647; total allocated: 1 of 2147483647]
17:52:00.979 [main] DEBUG org.testcontainers.shaded.com.github.dockerjava.core.command.AbstrDockerCmd - Cmd: sha256:8769343ac885ab5fe04ba515dc06f92e6959e75357b328303f15849acf9ccd0d
17:52:00.980 [main] DEBUG com.github.dockerjava.zerodep.shaded.org.apache.hc.client5.http.impl.classic.InternalHttpClient - ex-0000000E: preparing request execution
17:52:00.980 [main] DEBUG com.github.dockerjava.zerodep.shaded.org.apache.hc.client5.http.protocol.RequestAddCookies - Cookie spec selected: strict
17:52:00.980 [main] DEBUG com.github.dockerjava.zerodep.shaded.org.apache.hc.client5.http.protocol.RequestAuthCache - Auth cache not set in the context
17:52:00.980 [main] DEBUG com.github.dockerjava.zerodep.shaded.org.apache.hc.client5.http.impl.classic.ProtocolExec - ex-0000000E: target auth state: UNCHALLENGED
17:52:00.980 [main] DEBUG com.github.dockerjava.zerodep.shaded.org.apache.hc.client5.http.impl.classic.ProtocolExec - ex-0000000E: proxy auth state: UNCHALLENGED
17:52:00.980 [main] DEBUG com.github.dockerjava.zerodep.shaded.org.apache.hc.client5.http.impl.classic.ConnectExec - ex-0000000E: acquiring connection with route {}-&gt;npipe://localhost:2375
17:52:00.980 [main] DEBUG com.github.dockerjava.zerodep.shaded.org.apache.hc.client5.http.impl.classic.InternalHttpClient - ex-0000000E: acquiring endpoint (3 MINUTES)
17:52:00.981 [main] DEBUG com.github.dockerjava.zerodep.shaded.org.apache.hc.client5.http.impl.io.PoolingHttpClientConnectionManager - ex-0000000E: endpoint lease request (3 MINUTES) [route: {}-&gt;npipe://localhost:2375][total available: 1; route allocated: 1 of 2147483647; total allocated: 1 of 2147483647]
17:52:00.981 [main] DEBUG com.github.dockerjava.zerodep.shaded.org.apache.hc.client5.http.impl.io.PoolingHttpClientConnectionManager - ex-0000000E: endpoint leased [route: {}-&gt;npipe://localhost:2375][total available: 0; route allocated: 1 of 2147483647; total allocated: 1 of 2147483647]
17:52:00.981 [main] DEBUG com.github.dockerjava.zerodep.shaded.org.apache.hc.client5.http.impl.io.PoolingHttpClientConnectionManager - ex-0000000E: acquired ep-0000000D
17:52:00.981 [main] DEBUG com.github.dockerjava.zerodep.shaded.org.apache.hc.client5.http.impl.classic.InternalHttpClient - ex-0000000E: acquired endpoint ep-0000000D
17:52:00.981 [main] DEBUG com.github.dockerjava.zerodep.shaded.org.apache.hc.client5.http.impl.classic.MainClientExec - ex-0000000E: executing GET /v1.32/images/sha256:8769343ac885ab5fe04ba515dc06f92e6959e75357b328303f15849acf9ccd0d/json HTTP/1.1
17:52:00.981 [main] DEBUG com.github.dockerjava.zerodep.shaded.org.apache.hc.client5.http.impl.classic.InternalHttpClient - ep-0000000D: start execution ex-0000000E
17:52:00.981 [main] DEBUG com.github.dockerjava.zerodep.shaded.org.apache.hc.client5.http.impl.io.PoolingHttpClientConnectionManager - ep-0000000D: executing exchange ex-0000000E over http-outgoing-1
17:52:00.982 [main] DEBUG com.github.dockerjava.zerodep.shaded.org.apache.hc.client5.http.headers - http-outgoing-1 &gt;&gt; GET /v1.32/images/sha256:8769343ac885ab5fe04ba515dc06f92e6959e75357b328303f15849acf9ccd0d/json HTTP/1.1
17:52:00.982 [main] DEBUG com.github.dockerjava.zerodep.shaded.org.apache.hc.client5.http.headers - http-outgoing-1 &gt;&gt; accept: application/json
17:52:00.982 [main] DEBUG com.github.dockerjava.zerodep.shaded.org.apache.hc.client5.http.headers - http-outgoing-1 &gt;&gt; x-tc-sid: 2e83e22e-e672-4754-b852-5ac7974dddc6
17:52:00.982 [main] DEBUG com.github.dockerjava.zerodep.shaded.org.apache.hc.client5.http.headers - http-outgoing-1 &gt;&gt; Accept-Encoding: gzip, x-gzip, deflate
17:52:00.982 [main] DEBUG com.github.dockerjava.zerodep.shaded.org.apache.hc.client5.http.headers - http-outgoing-1 &gt;&gt; Host: localhost:2375
17:52:00.982 [main] DEBUG com.github.dockerjava.zerodep.shaded.org.apache.hc.client5.http.headers - http-outgoing-1 &gt;&gt; Connection: keep-alive
17:52:00.982 [main] DEBUG com.github.dockerjava.zerodep.shaded.org.apache.hc.client5.http.headers - http-outgoing-1 &gt;&gt; User-Agent: Apache-HttpClient/5.0.3 (Java/19.0.2)
17:52:00.982 [main] DEBUG com.github.dockerjava.zerodep.shaded.org.apache.hc.client5.http.wire - http-outgoing-1 &gt;&gt; &quot;GET /v1.32/images/sha256:8769343ac885ab5fe04ba515dc06f92e6959e75357b328303f15849acf9ccd0d/json HTTP/1.1[\r][\n]&quot;
17:52:00.982 [main] DEBUG com.github.dockerjava.zerodep.shaded.org.apache.hc.client5.http.wire - http-outgoing-1 &gt;&gt; &quot;accept: application/json[\r][\n]&quot;
17:52:00.982 [main] DEBUG com.github.dockerjava.zerodep.shaded.org.apache.hc.client5.http.wire - http-outgoing-1 &gt;&gt; &quot;x-tc-sid: 2e83e22e-e672-4754-b852-5ac7974dddc6[\r][\n]&quot;
17:52:00.982 [main] DEBUG com.github.dockerjava.zerodep.shaded.org.apache.hc.client5.http.wire - http-outgoing-1 &gt;&gt; &quot;Accept-Encoding: gzip, x-gzip, deflate[\r][\n]&quot;
17:52:00.982 [main] DEBUG com.github.dockerjava.zerodep.shaded.org.apache.hc.client5.http.wire - http-outgoing-1 &gt;&gt; &quot;Host: localhost:2375[\r][\n]&quot;
17:52:00.982 [main] DEBUG com.github.dockerjava.zerodep.shaded.org.apache.hc.client5.http.wire - http-outgoing-1 &gt;&gt; &quot;Connection: keep-alive[\r][\n]&quot;
17:52:00.982 [main] DEBUG com.github.dockerjava.zerodep.shaded.org.apache.hc.client5.http.wire - http-outgoing-1 &gt;&gt; &quot;User-Agent: Apache-HttpClient/5.0.3 (Java/19.0.2)[\r][\n]&quot;
17:52:00.982 [main] DEBUG com.github.dockerjava.zerodep.shaded.org.apache.hc.client5.http.wire - http-outgoing-1 &gt;&gt; &quot;[\r][\n]&quot;
17:52:01.004 [main] DEBUG com.github.dockerjava.zerodep.shaded.org.apache.hc.client5.http.wire - http-outgoing-1 &lt;&lt; &quot;HTTP/1.1 200 OK[\r][\n]&quot;
17:52:01.004 [main] DEBUG com.github.dockerjava.zerodep.shaded.org.apache.hc.client5.http.wire - http-outgoing-1 &lt;&lt; &quot;Api-Version: 1.43[\r][\n]&quot;
17:52:01.004 [main] DEBUG com.github.dockerjava.zerodep.shaded.org.apache.hc.client5.http.wire - http-outgoing-1 &lt;&lt; &quot;Content-Type: application/json[\r][\n]&quot;
17:52:01.005 [main] DEBUG com.github.dockerjava.zerodep.shaded.org.apache.hc.client5.http.wire - http-outgoing-1 &lt;&lt; &quot;Date: Mon, 14 Aug 2023 14:52:00 GMT[\r][\n]&quot;
17:52:01.005 [main] DEBUG com.github.dockerjava.zerodep.shaded.org.apache.hc.client5.http.wire - http-outgoing-1 &lt;&lt; &quot;Docker-Experimental: false[\r][\n]&quot;
17:52:01.005 [main] DEBUG com.github.dockerjava.zerodep.shaded.org.apache.hc.client5.http.wire - http-outgoing-1 &lt;&lt; &quot;Ostype: linux[\r][\n]&quot;
17:52:01.005 [main] DEBUG com.github.dockerjava.zerodep.shaded.org.apache.hc.client5.http.wire - http-outgoing-1 &lt;&lt; &quot;Server: Docker/24.0.5 (linux)[\r][\n]&quot;
17:52:01.005 [main] DEBUG com.github.dockerjava.zerodep.shaded.org.apache.hc.client5.http.wire - http-outgoing-1 &lt;&lt; &quot;Transfer-Encoding: chunked[\r][\n]&quot;
17:52:01.005 [main] DEBUG com.github.dockerjava.zerodep.shaded.org.apache.hc.client5.http.wire - http-outgoing-1 &lt;&lt; &quot;[\r][\n]&quot;
17:52:01.005 [main] DEBUG com.github.dockerjava.zerodep.shaded.org.apache.hc.client5.http.headers - http-outgoing-1 &lt;&lt; HTTP/1.1 200 OK
17:52:01.005 [main] DEBUG com.github.dockerjava.zerodep.shaded.org.apache.hc.client5.http.headers - http-outgoing-1 &lt;&lt; Api-Version: 1.43
17:52:01.005 [main] DEBUG com.github.dockerjava.zerodep.shaded.org.apache.hc.client5.http.headers - http-outgoing-1 &lt;&lt; Content-Type: application/json
17:52:01.005 [main] DEBUG com.github.dockerjava.zerodep.shaded.org.apache.hc.client5.http.headers - http-outgoing-1 &lt;&lt; Date: Mon, 14 Aug 2023 14:52:00 GMT
17:52:01.005 [main] DEBUG com.github.dockerjava.zerodep.shaded.org.apache.hc.client5.http.headers - http-outgoing-1 &lt;&lt; Docker-Experimental: false
17:52:01.005 [main] DEBUG com.github.dockerjava.zerodep.shaded.org.apache.hc.client5.http.headers - http-outgoing-1 &lt;&lt; Ostype: linux
17:52:01.005 [main] DEBUG com.github.dockerjava.zerodep.shaded.org.apache.hc.client5.http.headers - http-outgoing-1 &lt;&lt; Server: Docker/24.0.5 (linux)
17:52:01.005 [main] DEBUG com.github.dockerjava.zerodep.shaded.org.apache.hc.client5.http.headers - http-outgoing-1 &lt;&lt; Transfer-Encoding: chunked
17:52:01.005 [main] DEBUG com.github.dockerjava.zerodep.shaded.org.apache.hc.client5.http.impl.classic.MainClientExec - ex-0000000E: connection can be kept alive for 3 MINUTES
17:52:01.008 [main] DEBUG com.github.dockerjava.zerodep.shaded.org.apache.hc.client5.http.wire - http-outgoing-1 &lt;&lt; &quot;113e[\r][\n]&quot;
17:52:01.009 [main] DEBUG com.github.dockerjava.zerodep.shaded.org.apache.hc.client5.http.wire - http-outgoing-1 &lt;&lt; &quot;{&quot;Id&quot;:&quot;sha256:8769343ac885ab5fe04ba515dc06f92e6959e75357b328303f15849acf9ccd0d&quot;,&quot;RepoTags&quot;:[&quot;postgres:15&quot;],&quot;RepoDigests&quot;:[&quot;postgres@sha256:8775adb39f0db45cf4cdb3601380312ee5e9c4f53af0f89b7dc5cd4c9a78e4e8&quot;],&quot;Parent&quot;:&quot;&quot;,&quot;Comment&quot;:&quot;&quot;,&quot;Created&quot;:&quot;2023-07-28T10:48:01.352393243Z&quot;,&quot;Container&quot;:&quot;bb2e63033c792ea31acb37b9f71f2aa2f94d209c73d816365bd530f15b3ca799&quot;,&quot;ContainerConfig&quot;:{&quot;Hostname&quot;:&quot;bb2e63033c79&quot;,&quot;Domainname&quot;:&quot;&quot;,&quot;User&quot;:&quot;&quot;,&quot;AttachStdin&quot;:false,&quot;AttachStdout&quot;:false,&quot;AttachStderr&quot;:false,&quot;ExposedPorts&quot;:{&quot;5432/tcp&quot;:{}},&quot;Tty&quot;:false,&quot;OpenStdin&quot;:false,&quot;StdinOnce&quot;:false,&quot;Env&quot;:[&quot;PATH=/usr/local/sbin:/usr/local/bin:/usr/sbin:/usr/bin:/sbin:/bin:/usr/lib/postgresql/15/bin&quot;,&quot;GOSU_VERSION=1.16&quot;,&quot;LANG=en_US.utf8&quot;,&quot;PG_MAJOR=15&quot;,&quot;PG_VERSION=15.3-1.pgdg120+1&quot;,&quot;PGDATA=/var/lib/postgresql/data&quot;],&quot;Cmd&quot;:[&quot;/bin/sh&quot;,&quot;-c&quot;,&quot;#(nop) &quot;,&quot;CMD [\&quot;postgres\&quot;]&quot;],&quot;Image&quot;:&quot;sha256:3eccbe54ca2e1053d000fed0f694d00e6a69a7256a726f443ca9d045a273a640&quot;,&quot;Volumes&quot;:{&quot;/var/lib/postgresql/data&quot;:{}},&quot;WorkingDir&quot;:&quot;&quot;,&quot;Entrypoint&quot;:[&quot;docker-entrypoint.sh&quot;],&quot;OnBuild&quot;:null,&quot;Labels&quot;:{},&quot;StopSignal&quot;:&quot;SIGINT&quot;},&quot;DockerVersion&quot;:&quot;20.10.23&quot;,&quot;Author&quot;:&quot;&quot;,&quot;Config&quot;:{&quot;Hostname&quot;:&quot;&quot;,&quot;Domainname&quot;:&quot;&quot;,&quot;User&quot;:&quot;&quot;,&quot;AttachStdin&quot;:false,&quot;AttachStdout&quot;:false,&quot;AttachStderr&quot;:false,&quot;ExposedPorts&quot;:{&quot;5432/tcp&quot;:{}},&quot;Tty&quot;:false,&quot;OpenStdin&quot;:false,&quot;StdinOnce&quot;:false,&quot;Env&quot;:[&quot;PATH=/usr/local/sbin:/usr/local/bin:/usr/sbin:/usr/bin:/sbin:/bin:/usr/lib/postgresql/15/bin&quot;,&quot;GOSU_VERSION=1.16&quot;,&quot;LANG=en_US.utf8&quot;,&quot;PG_MAJOR=15&quot;,&quot;PG_VERSION=15.3-1.pgdg120+1&quot;,&quot;PGDATA=/var/lib/postgresql/data&quot;],&quot;Cmd&quot;:[&quot;postgres&quot;],&quot;Image&quot;:&quot;sha256:3eccbe54ca2e1053d000fed0f694d00e6a69a7256a726f443ca9d045a273a640&quot;,&quot;Volumes&quot;:{&quot;/var/lib/postgresql/data&quot;:{}},&quot;WorkingDir&quot;:&quot;&quot;,&quot;Entrypoint&quot;:[&quot;docker-entrypoint.sh&quot;],&quot;OnBuild&quot;:null,&quot;Labels&quot;:null,&quot;StopSignal&quot;:&quot;SIGINT&quot;},&quot;Architecture&quot;:&quot;amd64&quot;,&quot;Os&quot;:&quot;linux&quot;,&quot;Size&quot;:411836535,&quot;VirtualSize&quot;:411836535,&quot;GraphDriver&quot;:{&quot;Data&quot;:{&quot;LowerDir&quot;:&quot;/var/lib/docker/overlay2/e5a81675bf0e39bbafe7db2805e5ffb0f628caf03c3cbb7dcdcc1b5fd6e92a69/diff:/var/lib/docker/overlay2/2e50940abe8c1e447965e8e824b619e4c76b6533940b129fb94d37de737edc60/diff:/var/lib/docker/overlay2/beb269d4329337748a76b72868dddff9138187eab9178a2c68e2a56080df8120/diff:/var/lib/docker/overlay2/9e7ed3d4ea071cba748735c1ae5975d3472b9bbe38db47ed95488fe71a08b6b1/diff:/var/lib/docker/overlay2/9aa75570901263e0b7b3756d3d24ab0ddd62a42412f41cc28f6bf75705b2f943/diff:/var/lib/docker/overlay2/1898bce9615f1b1c7da26a99828ddf42ea853368a5ff221f5b857d6a8a625100/diff:/var/lib/docker/overlay2/058a4d5d15fcc50be267e00bd11012f7a98c9f6e8ff1ca03439c57d5e3cafa3f/diff:/var/lib/docker/overlay2/93c3ac468b7a63e4a54599792f625f4d1a65bed107c959d94371c837a8378ac6/diff:/var/lib/docker/overlay2/e93a85f236d3021a1bb04b88635b81fa5dcfeb0969102bd34f547acc4e7ebcae/diff:/var/lib/docker/overlay2/f1b2b0159e13ebcb80273253853381438c8ce87ce25e57454ff7a7b3c50daabf/diff:/var/lib/docker/overlay2/17d7a0141dd7be01be6ddbd62c61ac1082d2390ed19456b518d516b8ae015b5f/diff:/var/lib/docker/overlay2/61aff595f5535c8fbe158fefe720c9975ef868689ba17bc4ddc9cdda37f91357/diff&quot;,&quot;MergedDir&quot;:&quot;/var/lib/docker/overlay2/10682d70bc98d6da5ae8213424567b26981a865c0950d22e1007448d64351c69/merged&quot;,&quot;UpperDir&quot;:&quot;/var/lib/docker/overlay2/10682d70bc98d6da5ae8213424567b26981a865c0950d22e1007448d64351c69/diff&quot;,&quot;WorkDir&quot;:&quot;/var/lib/docker/overlay2/10682d70bc98d6da5ae8213424567b26981a865c0950d22e1007448d64351c69/work&quot;},&quot;Name&quot;:&quot;overlay2&quot;},&quot;RootFS&quot;:{&quot;Type&quot;:&quot;layers&quot;,&quot;Layers&quot;:[&quot;sha256:c6e34807c2d51444c41c15f4fda65847faa2f43c9b4b976a2f6f476eca7429ce&quot;,&quot;sha256:a014511bc8c246825c7aa85361d0904349331f9d60c0b10a3e4ce932aebe232d&quot;,&quot;sha256:aabef479524d85b54c8e41b7ab2c441a3b39ea3c81c36e464c264c3386487935&quot;,&quot;sha256:b9dd30974b553384f0edb645db268fa4a7b912f4d093ccd047983c7b8f1ea871&quot;,&quot;sha256:adab9cb1029430eb6c3d9832ae779daf65e52c5a536cbe992dc4ff587f0633c9&quot;,&quot;sha256:e49f832d248fc0807bc2c451c63d6b79a643a154e43d0c35b67b68c4e5baffdb&quot;,&quot;sha256:9f1d5955e19782f41c915583feb5f864006e95f4ad41d4499e090b96b97b6f65&quot;,&quot;sha256:84186af28e30e8725b05d3e15523e5f3842c4f5b8af8a1eb9eda28604b252ba0&quot;,&quot;sha256:58dea2a32c05b317adad991d47771a31a3ae9b82dde0e6c6e0cd7487fc753083&quot;,&quot;sha256:81fe0d4b5ba67e759&quot;
17:52:01.010 [main] DEBUG com.github.dockerjava.zerodep.shaded.org.apache.hc.client5.http.wire - http-outgoing-1 &lt;&lt; &quot;1c37e46caa13f8d9e60f03f45ebf43d82d211bfca77594e&quot;,&quot;sha256:49ffffe399ad483c607172214fd999a4ff528325c14749bf9655d804521b1b64&quot;,&quot;sha256:c7770965cd6d984052ebc5391f9aeac5c435bc276487bc7186be2dfbc6ebf390&quot;,&quot;sha256:883fdc759c6fbfb162dd0f964341f499f2d5f58af8562297104447bd25383bae&quot;]},&quot;Metadata&quot;:{&quot;LastTagTime&quot;:&quot;0001-01-01T00:00:00Z&quot;}}[\n]&quot;
17:52:01.010 [main] DEBUG com.github.dockerjava.zerodep.shaded.org.apache.hc.client5.http.wire - http-outgoing-1 &lt;&lt; &quot;[\r][\n]&quot;
17:52:01.013 [main] DEBUG com.github.dockerjava.zerodep.shaded.org.apache.hc.client5.http.wire - http-outgoing-1 &lt;&lt; &quot;0[\r][\n]&quot;
17:52:01.014 [main] DEBUG com.github.dockerjava.zerodep.shaded.org.apache.hc.client5.http.wire - http-outgoing-1 &lt;&lt; &quot;[\r][\n]&quot;
17:52:01.015 [main] DEBUG com.github.dockerjava.zerodep.shaded.org.apache.hc.client5.http.impl.classic.InternalHttpClient - ep-0000000D: releasing valid endpoint
17:52:01.015 [main] DEBUG com.github.dockerjava.zerodep.shaded.org.apache.hc.client5.http.impl.io.PoolingHttpClientConnectionManager - ep-0000000D: releasing endpoint
17:52:01.015 [main] DEBUG com.github.dockerjava.zerodep.shaded.org.apache.hc.client5.http.impl.io.PoolingHttpClientConnectionManager - ep-0000000D: connection http-outgoing-1 can be kept alive for 3 MINUTES
17:52:01.015 [main] DEBUG com.github.dockerjava.zerodep.shaded.org.apache.hc.client5.http.impl.io.PoolingHttpClientConnectionManager - ep-0000000D: connection released [route: {}-&gt;npipe://localhost:2375][total available: 1; route allocated: 1 of 2147483647; total allocated: 1 of 2147483647]
17:52:01.015 [main] DEBUG org.testcontainers.shaded.com.github.dockerjava.core.command.AbstrDockerCmd - Cmd: 
17:52:01.016 [main] DEBUG com.github.dockerjava.zerodep.shaded.org.apache.hc.client5.http.impl.classic.InternalHttpClient - ex-0000000F: preparing request execution
17:52:01.016 [main] DEBUG com.github.dockerjava.zerodep.shaded.org.apache.hc.client5.http.protocol.RequestAddCookies - Cookie spec selected: strict
17:52:01.016 [main] DEBUG com.github.dockerjava.zerodep.shaded.org.apache.hc.client5.http.protocol.RequestAuthCache - Auth cache not set in the context
17:52:01.016 [main] DEBUG com.github.dockerjava.zerodep.shaded.org.apache.hc.client5.http.impl.classic.ProtocolExec - ex-0000000F: target auth state: UNCHALLENGED
17:52:01.016 [main] DEBUG com.github.dockerjava.zerodep.shaded.org.apache.hc.client5.http.impl.classic.ProtocolExec - ex-0000000F: proxy auth state: UNCHALLENGED
17:52:01.016 [main] DEBUG com.github.dockerjava.zerodep.shaded.org.apache.hc.client5.http.impl.classic.ConnectExec - ex-0000000F: acquiring connection with route {}-&gt;npipe://localhost:2375
17:52:01.017 [main] DEBUG com.github.dockerjava.zerodep.shaded.org.apache.hc.client5.http.impl.classic.InternalHttpClient - ex-0000000F: acquiring endpoint (3 MINUTES)
17:52:01.017 [main] DEBUG com.github.dockerjava.zerodep.shaded.org.apache.hc.client5.http.impl.io.PoolingHttpClientConnectionManager - ex-0000000F: endpoint lease request (3 MINUTES) [route: {}-&gt;npipe://localhost:2375][total available: 1; route allocated: 1 of 2147483647; total allocated: 1 of 2147483647]
17:52:01.017 [main] DEBUG com.github.dockerjava.zerodep.shaded.org.apache.hc.client5.http.impl.io.PoolingHttpClientConnectionManager - ex-0000000F: endpoint leased [route: {}-&gt;npipe://localhost:2375][total available: 0; route allocated: 1 of 2147483647; total allocated: 1 of 2147483647]
17:52:01.017 [main] DEBUG com.github.dockerjava.zerodep.shaded.org.apache.hc.client5.http.impl.io.PoolingHttpClientConnectionManager - ex-0000000F: acquired ep-0000000E
17:52:01.017 [main] DEBUG com.github.dockerjava.zerodep.shaded.org.apache.hc.client5.http.impl.classic.InternalHttpClient - ex-0000000F: acquired endpoint ep-0000000E
17:52:01.017 [main] DEBUG com.github.dockerjava.zerodep.shaded.org.apache.hc.client5.http.impl.classic.MainClientExec - ex-0000000F: executing GET /v1.32/version HTTP/1.1
17:52:01.017 [main] DEBUG com.github.dockerjava.zerodep.shaded.org.apache.hc.client5.http.impl.classic.InternalHttpClient - ep-0000000E: start execution ex-0000000F
17:52:01.017 [main] DEBUG com.github.dockerjava.zerodep.shaded.org.apache.hc.client5.http.impl.io.PoolingHttpClientConnectionManager - ep-0000000E: executing exchange ex-0000000F over http-outgoing-1
17:52:01.017 [main] DEBUG com.github.dockerjava.zerodep.shaded.org.apache.hc.client5.http.headers - http-outgoing-1 &gt;&gt; GET /v1.32/version HTTP/1.1
17:52:01.017 [main] DEBUG com.github.dockerjava.zerodep.shaded.org.apache.hc.client5.http.headers - http-outgoing-1 &gt;&gt; accept: application/json
17:52:01.018 [main] DEBUG com.github.dockerjava.zerodep.shaded.org.apache.hc.client5.http.headers - http-outgoing-1 &gt;&gt; x-tc-sid: 2e83e22e-e672-4754-b852-5ac7974dddc6
17:52:01.018 [main] DEBUG com.github.dockerjava.zerodep.shaded.org.apache.hc.client5.http.headers - http-outgoing-1 &gt;&gt; Accept-Encoding: gzip, x-gzip, deflate
17:52:01.018 [main] DEBUG com.github.dockerjava.zerodep.shaded.org.apache.hc.client5.http.headers - http-outgoing-1 &gt;&gt; Host: localhost:2375
17:52:01.018 [main] DEBUG com.github.dockerjava.zerodep.shaded.org.apache.hc.client5.http.headers - http-outgoing-1 &gt;&gt; Connection: keep-alive
17:52:01.018 [main] DEBUG com.github.dockerjava.zerodep.shaded.org.apache.hc.client5.http.headers - http-outgoing-1 &gt;&gt; User-Agent: Apache-HttpClient/5.0.3 (Java/19.0.2)
17:52:01.018 [main] DEBUG com.github.dockerjava.zerodep.shaded.org.apache.hc.client5.http.wire - http-outgoing-1 &gt;&gt; &quot;GET /v1.32/version HTTP/1.1[\r][\n]&quot;
17:52:01.018 [main] DEBUG com.github.dockerjava.zerodep.shaded.org.apache.hc.client5.http.wire - http-outgoing-1 &gt;&gt; &quot;accept: application/json[\r][\n]&quot;
17:52:01.018 [main] DEBUG com.github.dockerjava.zerodep.shaded.org.apache.hc.client5.http.wire - http-outgoing-1 &gt;&gt; &quot;x-tc-sid: 2e83e22e-e672-4754-b852-5ac7974dddc6[\r][\n]&quot;
17:52:01.018 [main] DEBUG com.github.dockerjava.zerodep.shaded.org.apache.hc.client5.http.wire - http-outgoing-1 &gt;&gt; &quot;Accept-Encoding: gzip, x-gzip, deflate[\r][\n]&quot;
17:52:01.018 [main] DEBUG com.github.dockerjava.zerodep.shaded.org.apache.hc.client5.http.wire - http-outgoing-1 &gt;&gt; &quot;Host: localhost:2375[\r][\n]&quot;
17:52:01.018 [main] DEBUG com.github.dockerjava.zerodep.shaded.org.apache.hc.client5.http.wire - http-outgoing-1 &gt;&gt; &quot;Connection: keep-alive[\r][\n]&quot;
17:52:01.018 [main] DEBUG com.github.dockerjava.zerodep.shaded.org.apache.hc.client5.http.wire - http-outgoing-1 &gt;&gt; &quot;User-Agent: Apache-HttpClient/5.0.3 (Java/19.0.2)[\r][\n]&quot;
17:52:01.018 [main] DEBUG com.github.dockerjava.zerodep.shaded.org.apache.hc.client5.http.wire - http-outgoing-1 &gt;&gt; &quot;[\r][\n]&quot;
17:52:01.065 [main] DEBUG com.github.dockerjava.zerodep.shaded.org.apache.hc.client5.http.wire - http-outgoing-1 &lt;&lt; &quot;HTTP/1.1 200 OK[\r][\n]&quot;
17:52:01.065 [main] DEBUG com.github.dockerjava.zerodep.shaded.org.apache.hc.client5.http.wire - http-outgoing-1 &lt;&lt; &quot;Api-Version: 1.43[\r][\n]&quot;
17:52:01.065 [main] DEBUG com.github.dockerjava.zerodep.shaded.org.apache.hc.client5.http.wire - http-outgoing-1 &lt;&lt; &quot;Content-Type: application/json[\r][\n]&quot;
17:52:01.065 [main] DEBUG com.github.dockerjava.zerodep.shaded.org.apache.hc.client5.http.wire - http-outgoing-1 &lt;&lt; &quot;Date: Mon, 14 Aug 2023 14:52:01 GMT[\r][\n]&quot;
17:52:01.065 [main] DEBUG com.github.dockerjava.zerodep.shaded.org.apache.hc.client5.http.wire - http-outgoing-1 &lt;&lt; &quot;Docker-Experimental: false[\r][\n]&quot;
17:52:01.065 [main] DEBUG com.github.dockerjava.zerodep.shaded.org.apache.hc.client5.http.wire - http-outgoing-1 &lt;&lt; &quot;Ostype: linux[\r][\n]&quot;
17:52:01.065 [main] DEBUG com.github.dockerjava.zerodep.shaded.org.apache.hc.client5.http.wire - http-outgoing-1 &lt;&lt; &quot;Server: Docker/24.0.5 (linux)[\r][\n]&quot;
17:52:01.065 [main] DEBUG com.github.dockerjava.zerodep.shaded.org.apache.hc.client5.http.wire - http-outgoing-1 &lt;&lt; &quot;Transfer-Encoding: chunked[\r][\n]&quot;
17:52:01.065 [main] DEBUG com.github.dockerjava.zerodep.shaded.org.apache.hc.client5.http.wire - http-outgoing-1 &lt;&lt; &quot;[\r][\n]&quot;
17:52:01.066 [main] DEBUG com.github.dockerjava.zerodep.shaded.org.apache.hc.client5.http.headers - http-outgoing-1 &lt;&lt; HTTP/1.1 200 OK
17:52:01.066 [main] DEBUG com.github.dockerjava.zerodep.shaded.org.apache.hc.client5.http.headers - http-outgoing-1 &lt;&lt; Api-Version: 1.43
17:52:01.066 [main] DEBUG com.github.dockerjava.zerodep.shaded.org.apache.hc.client5.http.headers - http-outgoing-1 &lt;&lt; Content-Type: application/json
17:52:01.066 [main] DEBUG com.github.dockerjava.zerodep.shaded.org.apache.hc.client5.http.headers - http-outgoing-1 &lt;&lt; Date: Mon, 14 Aug 2023 14:52:01 GMT
17:52:01.066 [main] DEBUG com.github.dockerjava.zerodep.shaded.org.apache.hc.client5.http.headers - http-outgoing-1 &lt;&lt; Docker-Experimental: false
17:52:01.066 [main] DEBUG com.github.dockerjava.zerodep.shaded.org.apache.hc.client5.http.headers - http-outgoing-1 &lt;&lt; Ostype: linux
17:52:01.067 [main] DEBUG com.github.dockerjava.zerodep.shaded.org.apache.hc.client5.http.headers - http-outgoing-1 &lt;&lt; Server: Docker/24.0.5 (linux)
17:52:01.067 [main] DEBUG com.github.dockerjava.zerodep.shaded.org.apache.hc.client5.http.headers - http-outgoing-1 &lt;&lt; Transfer-Encoding: chunked
17:52:01.067 [main] DEBUG com.github.dockerjava.zerodep.shaded.org.apache.hc.client5.http.impl.classic.MainClientExec - ex-0000000F: connection can be kept alive for 3 MINUTES
17:52:01.067 [main] DEBUG com.github.dockerjava.zerodep.shaded.org.apache.hc.client5.http.wire - http-outgoing-1 &lt;&lt; &quot;35d[\r][\n]&quot;
17:52:01.068 [main] DEBUG com.github.dockerjava.zerodep.shaded.org.apache.hc.client5.http.wire - http-outgoing-1 &lt;&lt; &quot;{&quot;Platform&quot;:{&quot;Name&quot;:&quot;Docker Desktop 4.22.0 (117440)&quot;},&quot;Components&quot;:[{&quot;Name&quot;:&quot;Engine&quot;,&quot;Version&quot;:&quot;24.0.5&quot;,&quot;Details&quot;:{&quot;ApiVersion&quot;:&quot;1.43&quot;,&quot;Arch&quot;:&quot;amd64&quot;,&quot;BuildTime&quot;:&quot;2023-07-21T20:35:45.000000000+00:00&quot;,&quot;Experimental&quot;:&quot;false&quot;,&quot;GitCommit&quot;:&quot;a61e2b4&quot;,&quot;GoVersion&quot;:&quot;go1.20.6&quot;,&quot;KernelVersion&quot;:&quot;5.10.102.1-microsoft-standard-WSL2&quot;,&quot;MinAPIVersion&quot;:&quot;1.12&quot;,&quot;Os&quot;:&quot;linux&quot;}},{&quot;Name&quot;:&quot;containerd&quot;,&quot;Version&quot;:&quot;1.6.21&quot;,&quot;Details&quot;:{&quot;GitCommit&quot;:&quot;3dce8eb055cbb6872793272b4f20ed16117344f8&quot;}},{&quot;Name&quot;:&quot;runc&quot;,&quot;Version&quot;:&quot;1.1.7&quot;,&quot;Details&quot;:{&quot;GitCommit&quot;:&quot;v1.1.7-0-g860f061&quot;}},{&quot;Name&quot;:&quot;docker-init&quot;,&quot;Version&quot;:&quot;0.19.0&quot;,&quot;Details&quot;:{&quot;GitCommit&quot;:&quot;de40ad0&quot;}}],&quot;Version&quot;:&quot;24.0.5&quot;,&quot;ApiVersion&quot;:&quot;1.43&quot;,&quot;MinAPIVersion&quot;:&quot;1.12&quot;,&quot;GitCommit&quot;:&quot;a61e2b4&quot;,&quot;GoVersion&quot;:&quot;go1.20.6&quot;,&quot;Os&quot;:&quot;linux&quot;,&quot;Arch&quot;:&quot;amd64&quot;,&quot;KernelVersion&quot;:&quot;5.10.102.1-microsoft-standard-WSL2&quot;,&quot;BuildTime&quot;:&quot;2023-07-21T20:35:45.000000000+00:00&quot;}[\n]&quot;
17:52:01.069 [main] DEBUG com.github.dockerjava.zerodep.shaded.org.apache.hc.client5.http.wire - http-outgoing-1 &lt;&lt; &quot;[\r][\n]&quot;
17:52:01.070 [main] DEBUG com.github.dockerjava.zerodep.shaded.org.apache.hc.client5.http.wire - http-outgoing-1 &lt;&lt; &quot;0[\r][\n]&quot;
17:52:01.070 [main] DEBUG com.github.dockerjava.zerodep.shaded.org.apache.hc.client5.http.wire - http-outgoing-1 &lt;&lt; &quot;[\r][\n]&quot;
17:52:01.070 [main] DEBUG com.github.dockerjava.zerodep.shaded.org.apache.hc.client5.http.impl.classic.InternalHttpClient - ep-0000000E: releasing valid endpoint
17:52:01.070 [main] DEBUG com.github.dockerjava.zerodep.shaded.org.apache.hc.client5.http.impl.io.PoolingHttpClientConnectionManager - ep-0000000E: releasing endpoint
17:52:01.070 [main] DEBUG com.github.dockerjava.zerodep.shaded.org.apache.hc.client5.http.impl.io.PoolingHttpClientConnectionManager - ep-0000000E: connection http-outgoing-1 can be kept alive for 3 MINUTES
17:52:01.071 [main] DEBUG com.github.dockerjava.zerodep.shaded.org.apache.hc.client5.http.impl.io.PoolingHttpClientConnectionManager - ep-0000000E: connection released [route: {}-&gt;npipe://localhost:2375][total available: 1; route allocated: 1 of 2147483647; total allocated: 1 of 2147483647]
17:52:01.072 [docker-java-stream-506992285] DEBUG com.github.dockerjava.zerodep.shaded.org.apache.hc.client5.http.impl.classic.InternalHttpClient - ex-00000010: preparing request execution
17:52:01.072 [docker-java-stream-506992285] DEBUG com.github.dockerjava.zerodep.shaded.org.apache.hc.client5.http.protocol.RequestAddCookies - Cookie spec selected: strict
17:52:01.072 [docker-java-stream-506992285] DEBUG com.github.dockerjava.zerodep.shaded.org.apache.hc.client5.http.protocol.RequestAuthCache - Auth cache not set in the context
17:52:01.072 [docker-java-stream-506992285] DEBUG com.github.dockerjava.zerodep.shaded.org.apache.hc.client5.http.impl.classic.ProtocolExec - ex-00000010: target auth state: UNCHALLENGED
17:52:01.072 [docker-java-stream-506992285] DEBUG com.github.dockerjava.zerodep.shaded.org.apache.hc.client5.http.impl.classic.ProtocolExec - ex-00000010: proxy auth state: UNCHALLENGED
17:52:01.072 [docker-java-stream-506992285] DEBUG com.github.dockerjava.zerodep.shaded.org.apache.hc.client5.http.impl.classic.ConnectExec - ex-00000010: acquiring connection with route {}-&gt;npipe://localhost:2375
17:52:01.072 [docker-java-stream-506992285] DEBUG com.github.dockerjava.zerodep.shaded.org.apache.hc.client5.http.impl.classic.InternalHttpClient - ex-00000010: acquiring endpoint (3 MINUTES)
17:52:01.074 [docker-java-stream-506992285] DEBUG com.github.dockerjava.zerodep.shaded.org.apache.hc.client5.http.impl.io.PoolingHttpClientConnectionManager - ex-00000010: endpoint lease request (3 MINUTES) [route: {}-&gt;npipe://localhost:2375][total available: 1; route allocated: 1 of 2147483647; total allocated: 1 of 2147483647]
17:52:01.074 [docker-java-stream-506992285] DEBUG com.github.dockerjava.zerodep.shaded.org.apache.hc.client5.http.impl.io.PoolingHttpClientConnectionManager - ex-00000010: endpoint leased [route: {}-&gt;npipe://localhost:2375][total available: 0; route allocated: 1 of 2147483647; total allocated: 1 of 2147483647]
17:52:01.075 [docker-java-stream-506992285] DEBUG com.github.dockerjava.zerodep.shaded.org.apache.hc.client5.http.impl.io.PoolingHttpClientConnectionManager - ex-00000010: acquired ep-0000000F
17:52:01.075 [docker-java-stream-506992285] DEBUG com.github.dockerjava.zerodep.shaded.org.apache.hc.client5.http.impl.classic.InternalHttpClient - ex-00000010: acquired endpoint ep-0000000F
17:52:01.075 [docker-java-stream-506992285] DEBUG com.github.dockerjava.zerodep.shaded.org.apache.hc.client5.http.impl.classic.MainClientExec - ex-00000010: executing GET /v1.32/containers/d8da33608e1740d342c7f0b7e96795f6fc52371e302aa3ab5a23f3df8e814781/logs?stdout=true&amp;stderr=true&amp;follow=true&amp;since=0 HTTP/1.1
17:52:01.075 [docker-java-stream-506992285] DEBUG com.github.dockerjava.zerodep.shaded.org.apache.hc.client5.http.impl.classic.InternalHttpClient - ep-0000000F: start execution ex-00000010
17:52:01.075 [docker-java-stream-506992285] DEBUG com.github.dockerjava.zerodep.shaded.org.apache.hc.client5.http.impl.io.PoolingHttpClientConnectionManager - ep-0000000F: executing exchange ex-00000010 over http-outgoing-1
17:52:01.075 [docker-java-stream-506992285] DEBUG com.github.dockerjava.zerodep.shaded.org.apache.hc.client5.http.headers - http-outgoing-1 &gt;&gt; GET /v1.32/containers/d8da33608e1740d342c7f0b7e96795f6fc52371e302aa3ab5a23f3df8e814781/logs?stdout=true&amp;stderr=true&amp;follow=true&amp;since=0 HTTP/1.1
17:52:01.075 [docker-java-stream-506992285] DEBUG com.github.dockerjava.zerodep.shaded.org.apache.hc.client5.http.headers - http-outgoing-1 &gt;&gt; x-tc-sid: 2e83e22e-e672-4754-b852-5ac7974dddc6
17:52:01.075 [docker-java-stream-506992285] DEBUG com.github.dockerjava.zerodep.shaded.org.apache.hc.client5.http.headers - http-outgoing-1 &gt;&gt; Accept-Encoding: gzip, x-gzip, deflate
17:52:01.075 [docker-java-stream-506992285] DEBUG com.github.dockerjava.zerodep.shaded.org.apache.hc.client5.http.headers - http-outgoing-1 &gt;&gt; Host: localhost:2375
17:52:01.075 [docker-java-stream-506992285] DEBUG com.github.dockerjava.zerodep.shaded.org.apache.hc.client5.http.headers - http-outgoing-1 &gt;&gt; Connection: keep-alive
17:52:01.075 [docker-java-stream-506992285] DEBUG com.github.dockerjava.zerodep.shaded.org.apache.hc.client5.http.headers - http-outgoing-1 &gt;&gt; User-Agent: Apache-HttpClient/5.0.3 (Java/19.0.2)
17:52:01.075 [docker-java-stream-506992285] DEBUG com.github.dockerjava.zerodep.shaded.org.apache.hc.client5.http.wire - http-outgoing-1 &gt;&gt; &quot;GET /v1.32/containers/d8da33608e1740d342c7f0b7e96795f6fc52371e302aa3ab5a23f3df8e814781/logs?stdout=true&amp;stderr=true&amp;follow=true&amp;since=0 HTTP/1.1[\r][\n]&quot;
17:52:01.076 [docker-java-stream-506992285] DEBUG com.github.dockerjava.zerodep.shaded.org.apache.hc.client5.http.wire - http-outgoing-1 &gt;&gt; &quot;x-tc-sid: 2e83e22e-e672-4754-b852-5ac7974dddc6[\r][\n]&quot;
17:52:01.076 [docker-java-stream-506992285] DEBUG com.github.dockerjava.zerodep.shaded.org.apache.hc.client5.http.wire - http-outgoing-1 &gt;&gt; &quot;Accept-Encoding: gzip, x-gzip, deflate[\r][\n]&quot;
17:52:01.076 [docker-java-stream-506992285] DEBUG com.github.dockerjava.zerodep.shaded.org.apache.hc.client5.http.wire - http-outgoing-1 &gt;&gt; &quot;Host: localhost:2375[\r][\n]&quot;
17:52:01.076 [docker-java-stream-506992285] DEBUG com.github.dockerjava.zerodep.shaded.org.apache.hc.client5.http.wire - http-outgoing-1 &gt;&gt; &quot;Connection: keep-alive[\r][\n]&quot;
17:52:01.076 [docker-java-stream-506992285] DEBUG com.github.dockerjava.zerodep.shaded.org.apache.hc.client5.http.wire - http-outgoing-1 &gt;&gt; &quot;User-Agent: Apache-HttpClient/5.0.3 (Java/19.0.2)[\r][\n]&quot;
17:52:01.076 [docker-java-stream-506992285] DEBUG com.github.dockerjava.zerodep.shaded.org.apache.hc.client5.http.wire - http-outgoing-1 &gt;&gt; &quot;[\r][\n]&quot;
17:52:01.084 [docker-java-stream-506992285] DEBUG com.github.dockerjava.zerodep.shaded.org.apache.hc.client5.http.wire - http-outgoing-1 &lt;&lt; &quot;HTTP/1.1 200 OK[\r][\n]&quot;
17:52:01.084 [docker-java-stream-506992285] DEBUG com.github.dockerjava.zerodep.shaded.org.apache.hc.client5.http.wire - http-outgoing-1 &lt;&lt; &quot;Api-Version: 1.43[\r][\n]&quot;
17:52:01.084 [docker-java-stream-506992285] DEBUG com.github.dockerjava.zerodep.shaded.org.apache.hc.client5.http.wire - http-outgoing-1 &lt;&lt; &quot;Content-Type: application/vnd.docker.raw-stream[\r][\n]&quot;
17:52:01.084 [docker-java-stream-506992285] DEBUG com.github.dockerjava.zerodep.shaded.org.apache.hc.client5.http.wire - http-outgoing-1 &lt;&lt; &quot;Date: Mon, 14 Aug 2023 14:52:01 GMT[\r][\n]&quot;
17:52:01.084 [docker-java-stream-506992285] DEBUG com.github.dockerjava.zerodep.shaded.org.apache.hc.client5.http.wire - http-outgoing-1 &lt;&lt; &quot;Docker-Experimental: false[\r][\n]&quot;
17:52:01.084 [docker-java-stream-506992285] DEBUG com.github.dockerjava.zerodep.shaded.org.apache.hc.client5.http.wire - http-outgoing-1 &lt;&lt; &quot;Ostype: linux[\r][\n]&quot;
17:52:01.085 [docker-java-stream-506992285] DEBUG com.github.dockerjava.zerodep.shaded.org.apache.hc.client5.http.wire - http-outgoing-1 &lt;&lt; &quot;Server: Docker/24.0.5 (linux)[\r][\n]&quot;
17:52:01.086 [docker-java-stream-506992285] DEBUG com.github.dockerjava.zerodep.shaded.org.apache.hc.client5.http.wire - http-outgoing-1 &lt;&lt; &quot;Transfer-Encoding: chunked[\r][\n]&quot;
17:52:01.086 [docker-java-stream-506992285] DEBUG com.github.dockerjava.zerodep.shaded.org.apache.hc.client5.http.wire - http-outgoing-1 &lt;&lt; &quot;[\r][\n]&quot;
17:52:01.086 [docker-java-stream-506992285] DEBUG com.github.dockerjava.zerodep.shaded.org.apache.hc.client5.http.headers - http-outgoing-1 &lt;&lt; HTTP/1.1 200 OK
17:52:01.086 [docker-java-stream-506992285] DEBUG com.github.dockerjava.zerodep.shaded.org.apache.hc.client5.http.headers - http-outgoing-1 &lt;&lt; Api-Version: 1.43
17:52:01.087 [docker-java-stream-506992285] DEBUG com.github.dockerjava.zerodep.shaded.org.apache.hc.client5.http.headers - http-outgoing-1 &lt;&lt; Content-Type: application/vnd.docker.raw-stream
17:52:01.087 [docker-java-stream-506992285] DEBUG com.github.dockerjava.zerodep.shaded.org.apache.hc.client5.http.headers - http-outgoing-1 &lt;&lt; Date: Mon, 14 Aug 2023 14:52:01 GMT
17:52:01.087 [docker-java-stream-506992285] DEBUG com.github.dockerjava.zerodep.shaded.org.apache.hc.client5.http.headers - http-outgoing-1 &lt;&lt; Docker-Experimental: false
17:52:01.087 [docker-java-stream-506992285] DEBUG com.github.dockerjava.zerodep.shaded.org.apache.hc.client5.http.headers - http-outgoing-1 &lt;&lt; Ostype: linux
17:52:01.087 [docker-java-stream-506992285] DEBUG com.github.dockerjava.zerodep.shaded.org.apache.hc.client5.http.headers - http-outgoing-1 &lt;&lt; Server: Docker/24.0.5 (linux)
17:52:01.087 [docker-java-stream-506992285] DEBUG com.github.dockerjava.zerodep.shaded.org.apache.hc.client5.http.headers - http-outgoing-1 &lt;&lt; Transfer-Encoding: chunked
17:52:01.089 [docker-java-stream-506992285] DEBUG com.github.dockerjava.zerodep.shaded.org.apache.hc.client5.http.impl.classic.MainClientExec - ex-00000010: connection can be kept alive for 3 MINUTES
17:52:01.442 [docker-java-stream-506992285] DEBUG com.github.dockerjava.zerodep.shaded.org.apache.hc.client5.http.wire - http-outgoing-1 &lt;&lt; &quot;93[\r][\n]&quot;
17:52:01.443 [docker-java-stream-506992285] DEBUG com.github.dockerjava.zerodep.shaded.org.apache.hc.client5.http.wire - http-outgoing-1 &lt;&lt; &quot;[0x1][0x0][0x0][0x0][0x0][0x0][0x0]NThe files belonging to this database system will be owned by user &quot;postgres&quot;.[\n]&quot;
17:52:01.443 [docker-java-stream-506992285] DEBUG com.github.dockerjava.zerodep.shaded.org.apache.hc.client5.http.wire - http-outgoing-1 &lt;&lt; &quot;[0x1][0x0][0x0][0x0][0x0][0x0][0x0],This user must also own the server process.[\n]&quot;
17:52:01.443 [docker-java-stream-506992285] DEBUG com.github.dockerjava.zerodep.shaded.org.apache.hc.client5.http.wire - http-outgoing-1 &lt;&lt; &quot;[0x1][0x0][0x0][0x0][0x0][0x0][0x0][0x1][\n]&quot;
17:52:01.443 [docker-java-stream-506992285] DEBUG com.github.dockerjava.zerodep.shaded.org.apache.hc.client5.http.wire - http-outgoing-1 &lt;&lt; &quot;[\r][\n]&quot;
17:52:01.444 [docker-java-stream-506992285] DEBUG com.github.dockerjava.zerodep.shaded.org.apache.hc.client5.http.wire - http-outgoing-1 &lt;&lt; &quot;16a[\r][\n]&quot;
17:52:01.445 [docker-java-stream-506992285] DEBUG com.github.dockerjava.zerodep.shaded.org.apache.hc.client5.http.wire - http-outgoing-1 &lt;&lt; &quot;[0x1][0x0][0x0][0x0][0x0][0x0][0x0]CThe database cluster will be initialized with locale &quot;en_US.utf8&quot;.[\n]&quot;
17:52:01.447 [docker-java-stream-506992285] DEBUG com.github.dockerjava.zerodep.shaded.org.apache.hc.client5.http.wire - http-outgoing-1 &lt;&lt; &quot;[0x1][0x0][0x0][0x0][0x0][0x0][0x0]BThe default database encoding has accordingly been set to &quot;UTF8&quot;.[\n]&quot;
17:52:01.447 [docker-java-stream-506992285] DEBUG com.github.dockerjava.zerodep.shaded.org.apache.hc.client5.http.wire - http-outgoing-1 &lt;&lt; &quot;[0x1][0x0][0x0][0x0][0x0][0x0][0x0]@The default text search configuration will be set to &quot;english&quot;.[\n]&quot;
17:52:01.447 [docker-java-stream-506992285] DEBUG com.github.dockerjava.zerodep.shaded.org.apache.hc.client5.http.wire - http-outgoing-1 &lt;&lt; &quot;[0x1][0x0][0x0][0x0][0x0][0x0][0x0][0x1][\n]&quot;
17:52:01.447 [docker-java-stream-506992285] DEBUG com.github.dockerjava.zerodep.shaded.org.apache.hc.client5.http.wire - http-outgoing-1 &lt;&lt; &quot;[0x1][0x0][0x0][0x0][0x0][0x0][0x0]&quot;Data page checksums are disabled.[\n]&quot;
17:52:01.447 [docker-java-stream-506992285] DEBUG com.github.dockerjava.zerodep.shaded.org.apache.hc.client5.http.wire - http-outgoing-1 &lt;&lt; &quot;[0x1][0x0][0x0][0x0][0x0][0x0][0x0][0x1][\n]&quot;
17:52:01.448 [docker-java-stream-506992285] DEBUG com.github.dockerjava.zerodep.shaded.org.apache.hc.client5.http.wire - http-outgoing-1 &lt;&lt; &quot;[0x1][0x0][0x0][0x0][0x0][0x0][0x0]Ifixing permissions on existing directory /var/lib/postgresql/data ... ok[\n]&quot;
17:52:01.449 [docker-java-stream-506992285] DEBUG com.github.dockerjava.zerodep.shaded.org.apache.hc.client5.http.wire - http-outgoing-1 &lt;&lt; &quot;[\r][\n]&quot;
17:52:01.449 [main] DEBUG org.testcontainers.containers.output.WaitingConsumer - STDOUT: 
17:52:01.449 [main] DEBUG org.testcontainers.containers.output.WaitingConsumer - STDOUT: 
17:52:01.449 [main] DEBUG org.testcontainers.containers.output.WaitingConsumer - STDOUT: fixing permissions on existing directory /var/lib/postgresql/data ... ok
17:52:01.449 [main] DEBUG org.testcontainers.containers.output.WaitingConsumer - STDOUT: Data page checksums are disabled.
17:52:01.450 [main] DEBUG org.testcontainers.containers.output.WaitingConsumer - STDOUT: 
17:52:01.451 [docker-java-stream-506992285] DEBUG com.github.dockerjava.zerodep.shaded.org.apache.hc.client5.http.wire - http-outgoing-1 &lt;&lt; &quot;68[\r][\n]&quot;
17:52:01.452 [docker-java-stream-506992285] DEBUG com.github.dockerjava.zerodep.shaded.org.apache.hc.client5.http.wire - http-outgoing-1 &lt;&lt; &quot;[0x1][0x0][0x0][0x0][0x0][0x0][0x0][0x1f]creating subdirectories ... ok[\n]&quot;
17:52:01.452 [docker-java-stream-506992285] DEBUG com.github.dockerjava.zerodep.shaded.org.apache.hc.client5.http.wire - http-outgoing-1 &lt;&lt; &quot;[0x1][0x0][0x0][0x0][0x0][0x0][0x0]9selecting dynamic shared memory implementation ... posix[\n]&quot;
17:52:01.452 [docker-java-stream-506992285] DEBUG com.github.dockerjava.zerodep.shaded.org.apache.hc.client5.http.wire - http-outgoing-1 &lt;&lt; &quot;[\r][\n]&quot;
17:52:01.451 [main] DEBUG org.testcontainers.containers.output.WaitingConsumer - STDOUT: The default text search configuration will be set to &quot;english&quot;.
17:52:01.453 [main] DEBUG org.testcontainers.containers.output.WaitingConsumer - STDOUT: selecting dynamic shared memory implementation ... posix
17:52:01.454 [main] DEBUG org.testcontainers.containers.output.WaitingConsumer - STDOUT: creating subdirectories ... ok
17:52:01.454 [main] DEBUG org.testcontainers.containers.output.WaitingConsumer - STDOUT: The default database encoding has accordingly been set to &quot;UTF8&quot;.
17:52:01.455 [main] DEBUG org.testcontainers.containers.output.WaitingConsumer - STDOUT: The database cluster will be initialized with locale &quot;en_US.utf8&quot;.
17:52:01.455 [main] DEBUG org.testcontainers.containers.output.WaitingConsumer - STDOUT: This user must also own the server process.
17:52:01.455 [main] DEBUG org.testcontainers.containers.output.WaitingConsumer - STDOUT: The files belonging to this database system will be owned by user &quot;postgres&quot;.
17:52:01.504 [docker-java-stream-506992285] DEBUG com.github.dockerjava.zerodep.shaded.org.apache.hc.client5.http.wire - http-outgoing-1 &lt;&lt; &quot;32[\r][\n]&quot;
17:52:01.504 [docker-java-stream-506992285] DEBUG com.github.dockerjava.zerodep.shaded.org.apache.hc.client5.http.wire - http-outgoing-1 &lt;&lt; &quot;[0x1][0x0][0x0][0x0][0x0][0x0][0x0]*selecting default max_connections ... 100[\n]&quot;
17:52:01.504 [docker-java-stream-506992285] DEBUG com.github.dockerjava.zerodep.shaded.org.apache.hc.client5.http.wire - http-outgoing-1 &lt;&lt; &quot;[\r][\n]&quot;
17:52:01.505 [main] DEBUG org.testcontainers.containers.output.WaitingConsumer - STDOUT: selecting default max_connections ... 100
17:52:01.527 [docker-java-stream-506992285] DEBUG com.github.dockerjava.zerodep.shaded.org.apache.hc.client5.http.wire - http-outgoing-1 &lt;&lt; &quot;33[\r][\n]&quot;
17:52:01.527 [docker-java-stream-506992285] DEBUG com.github.dockerjava.zerodep.shaded.org.apache.hc.client5.http.wire - http-outgoing-1 &lt;&lt; &quot;[0x1][0x0][0x0][0x0][0x0][0x0][0x0]+selecting default shared_buffers ... 128MB[\n]&quot;
17:52:01.527 [docker-java-stream-506992285] DEBUG com.github.dockerjava.zerodep.shaded.org.apache.hc.client5.http.wire - http-outgoing-1 &lt;&lt; &quot;[\r][\n]&quot;
17:52:01.527 [main] DEBUG org.testcontainers.containers.output.WaitingConsumer - STDOUT: selecting default shared_buffers ... 128MB
17:52:01.542 [docker-java-stream-506992285] DEBUG com.github.dockerjava.zerodep.shaded.org.apache.hc.client5.http.wire - http-outgoing-1 &lt;&lt; &quot;30[\r][\n]&quot;
17:52:01.542 [docker-java-stream-506992285] DEBUG com.github.dockerjava.zerodep.shaded.org.apache.hc.client5.http.wire - http-outgoing-1 &lt;&lt; &quot;[0x1][0x0][0x0][0x0][0x0][0x0][0x0](selecting default time zone ... Etc/UTC[\n]&quot;
17:52:01.542 [docker-java-stream-506992285] DEBUG com.github.dockerjava.zerodep.shaded.org.apache.hc.client5.http.wire - http-outgoing-1 &lt;&lt; &quot;[\r][\n]&quot;
17:52:01.542 [main] DEBUG org.testcontainers.containers.output.WaitingConsumer - STDOUT: selecting default time zone ... Etc/UTC
17:52:01.548 [docker-java-stream-506992285] DEBUG com.github.dockerjava.zerodep.shaded.org.apache.hc.client5.http.wire - http-outgoing-1 &lt;&lt; &quot;2c[\r][\n]&quot;
17:52:01.549 [docker-java-stream-506992285] DEBUG com.github.dockerjava.zerodep.shaded.org.apache.hc.client5.http.wire - http-outgoing-1 &lt;&lt; &quot;[0x1][0x0][0x0][0x0][0x0][0x0][0x0]$creating configuration files ... ok[\n]&quot;
17:52:01.549 [docker-java-stream-506992285] DEBUG com.github.dockerjava.zerodep.shaded.org.apache.hc.client5.http.wire - http-outgoing-1 &lt;&lt; &quot;[\r][\n]&quot;
17:52:01.555 [main] DEBUG org.testcontainers.containers.output.WaitingConsumer - STDOUT: creating configuration files ... ok
17:52:02.101 [docker-java-stream-506992285] DEBUG com.github.dockerjava.zerodep.shaded.org.apache.hc.client5.http.wire - http-outgoing-1 &lt;&lt; &quot;28[\r][\n]&quot;
17:52:02.102 [docker-java-stream-506992285] DEBUG com.github.dockerjava.zerodep.shaded.org.apache.hc.client5.http.wire - http-outgoing-1 &lt;&lt; &quot;[0x1][0x0][0x0][0x0][0x0][0x0][0x0] running bootstrap script ... ok[\n]&quot;
17:52:02.102 [docker-java-stream-506992285] DEBUG com.github.dockerjava.zerodep.shaded.org.apache.hc.client5.http.wire - http-outgoing-1 &lt;&lt; &quot;[\r][\n]&quot;
17:52:02.103 [main] DEBUG org.testcontainers.containers.output.WaitingConsumer - STDOUT: running bootstrap script ... ok
17:52:03.263 [docker-java-stream-506992285] DEBUG com.github.dockerjava.zerodep.shaded.org.apache.hc.client5.http.wire - http-outgoing-1 &lt;&lt; &quot;38[\r][\n]&quot;
17:52:03.263 [docker-java-stream-506992285] DEBUG com.github.dockerjava.zerodep.shaded.org.apache.hc.client5.http.wire - http-outgoing-1 &lt;&lt; &quot;[0x1][0x0][0x0][0x0][0x0][0x0][0x0]0performing post-bootstrap initialization ... ok[\n]&quot;
17:52:03.263 [docker-java-stream-506992285] DEBUG com.github.dockerjava.zerodep.shaded.org.apache.hc.client5.http.wire - http-outgoing-1 &lt;&lt; &quot;[\r][\n]&quot;
17:52:03.264 [main] DEBUG org.testcontainers.containers.output.WaitingConsumer - STDOUT: performing post-bootstrap initialization ... ok
17:52:03.652 [docker-java-stream-506992285] DEBUG com.github.dockerjava.zerodep.shaded.org.apache.hc.client5.http.wire - http-outgoing-1 &lt;&lt; &quot;1ad[\r][\n]&quot;
17:52:03.652 [docker-java-stream-506992285] DEBUG com.github.dockerjava.zerodep.shaded.org.apache.hc.client5.http.wire - http-outgoing-1 &lt;&lt; &quot;[0x1][0x0][0x0][0x0][0x0][0x0][0x0][0x1c]syncing data to disk ... ok[\n]&quot;
17:52:03.652 [docker-java-stream-506992285] DEBUG com.github.dockerjava.zerodep.shaded.org.apache.hc.client5.http.wire - http-outgoing-1 &lt;&lt; &quot;[0x1][0x0][0x0][0x0][0x0][0x0][0x0][0x1][\n]&quot;
17:52:03.652 [docker-java-stream-506992285] DEBUG com.github.dockerjava.zerodep.shaded.org.apache.hc.client5.http.wire - http-outgoing-1 &lt;&lt; &quot;[0x1][0x0][0x0][0x0][0x0][0x0][0x0][0x1][\n]&quot;
17:52:03.652 [docker-java-stream-506992285] DEBUG com.github.dockerjava.zerodep.shaded.org.apache.hc.client5.http.wire - http-outgoing-1 &lt;&lt; &quot;[0x1][0x0][0x0][0x0][0x0][0x0][0x0]6Success. You can now start the database server using:[\n]&quot;
17:52:03.652 [docker-java-stream-506992285] DEBUG com.github.dockerjava.zerodep.shaded.org.apache.hc.client5.http.wire - http-outgoing-1 &lt;&lt; &quot;[0x1][0x0][0x0][0x0][0x0][0x0][0x0][0x1][\n]&quot;
17:52:03.652 [docker-java-stream-506992285] DEBUG com.github.dockerjava.zerodep.shaded.org.apache.hc.client5.http.wire - http-outgoing-1 &lt;&lt; &quot;[0x1][0x0][0x0][0x0][0x0][0x0][0x0]8    pg_ctl -D /var/lib/postgresql/data -l logfile start[\n]&quot;
17:52:03.652 [docker-java-stream-506992285] DEBUG com.github.dockerjava.zerodep.shaded.org.apache.hc.client5.http.wire - http-outgoing-1 &lt;&lt; &quot;[0x1][0x0][0x0][0x0][0x0][0x0][0x0][0x1][\n]&quot;
17:52:03.652 [docker-java-stream-506992285] DEBUG com.github.dockerjava.zerodep.shaded.org.apache.hc.client5.http.wire - http-outgoing-1 &lt;&lt; &quot;[0x2][0x0][0x0][0x0][0x0][0x0][0x0]Ginitdb: warning: enabling &quot;trust&quot; authentication for local connections[\n]&quot;
17:52:03.652 [docker-java-stream-506992285] DEBUG com.github.dockerjava.zerodep.shaded.org.apache.hc.client5.http.wire - http-outgoing-1 &lt;&lt; &quot;[0x2][0x0][0x0][0x0][0x0][0x0][0x0][0xffffff90]initdb: hint: You can change this by editing pg_hba.conf or using the option -A, or --auth-local and --auth-host, the next time you run initdb.[\n]&quot;
17:52:03.652 [docker-java-stream-506992285] DEBUG com.github.dockerjava.zerodep.shaded.org.apache.hc.client5.http.wire - http-outgoing-1 &lt;&lt; &quot;[\r][\n]&quot;
17:52:03.660 [main] DEBUG org.testcontainers.containers.output.WaitingConsumer - STDERR: initdb: hint: You can change this by editing pg_hba.conf or using the option -A, or --auth-local and --auth-host, the next time you run initdb.
17:52:03.660 [main] DEBUG org.testcontainers.containers.output.WaitingConsumer - STDERR: initdb: warning: enabling &quot;trust&quot; authentication for local connections
17:52:03.661 [main] DEBUG org.testcontainers.containers.output.WaitingConsumer - STDOUT: 
17:52:03.661 [main] DEBUG org.testcontainers.containers.output.WaitingConsumer - STDOUT:     pg_ctl -D /var/lib/postgresql/data -l logfile start
17:52:03.662 [main] DEBUG org.testcontainers.containers.output.WaitingConsumer - STDOUT: 
17:52:03.662 [main] DEBUG org.testcontainers.containers.output.WaitingConsumer - STDOUT: Success. You can now start the database server using:
17:52:03.662 [main] DEBUG org.testcontainers.containers.output.WaitingConsumer - STDOUT: 
17:52:03.662 [main] DEBUG org.testcontainers.containers.output.WaitingConsumer - STDOUT: 
17:52:03.663 [main] DEBUG org.testcontainers.containers.output.WaitingConsumer - STDOUT: syncing data to disk ... ok
17:52:03.719 [docker-java-stream-506992285] DEBUG com.github.dockerjava.zerodep.shaded.org.apache.hc.client5.http.wire - http-outgoing-1 &lt;&lt; &quot;137[\r][\n]&quot;
17:52:03.719 [docker-java-stream-506992285] DEBUG com.github.dockerjava.zerodep.shaded.org.apache.hc.client5.http.wire - http-outgoing-1 &lt;&lt; &quot;[0x1][0x0][0x0][0x0][0x0][0x0][0x0][0xffffffc3]waiting for server to start....2023-08-14 14:52:03.711 UTC [49] LOG:  starting PostgreSQL 15.3 (Debian 15.3-1.pgdg120+1) on x86_64-pc-linux-gnu, compiled by gcc (Debian 12.2.0-14) 12.2.0, 64-bit[\n]&quot;
17:52:03.720 [docker-java-stream-506992285] DEBUG com.github.dockerjava.zerodep.shaded.org.apache.hc.client5.http.wire - http-outgoing-1 &lt;&lt; &quot;[0x1][0x0][0x0][0x0][0x0][0x0][0x0]d2023-08-14 14:52:03.711 UTC [49] LOG:  listening on Unix socket &quot;/var/run/postgresql/.s.PGSQL.5432&quot;[\n]&quot;
17:52:03.720 [docker-java-stream-506992285] DEBUG com.github.dockerjava.zerodep.shaded.org.apache.hc.client5.http.wire - http-outgoing-1 &lt;&lt; &quot;[\r][\n]&quot;
17:52:03.721 [main] DEBUG org.testcontainers.containers.output.WaitingConsumer - STDOUT: 2023-08-14 14:52:03.711 UTC [49] LOG:  listening on Unix socket &quot;/var/run/postgresql/.s.PGSQL.5432&quot;
17:52:03.722 [main] DEBUG org.testcontainers.containers.output.WaitingConsumer - STDOUT: waiting for server to start....2023-08-14 14:52:03.711 UTC [49] LOG:  starting PostgreSQL 15.3 (Debian 15.3-1.pgdg120+1) on x86_64-pc-linux-gnu, compiled by gcc (Debian 12.2.0-14) 12.2.0, 64-bit
17:52:03.722 [docker-java-stream-506992285] DEBUG com.github.dockerjava.zerodep.shaded.org.apache.hc.client5.http.wire - http-outgoing-1 &lt;&lt; &quot;68[\r][\n]&quot;
17:52:03.722 [docker-java-stream-506992285] DEBUG com.github.dockerjava.zerodep.shaded.org.apache.hc.client5.http.wire - http-outgoing-1 &lt;&lt; &quot;[0x1][0x0][0x0][0x0][0x0][0x0][0x0]`2023-08-14 14:52:03.715 UTC [52] LOG:  database system was shut down at 2023-08-14 14:52:03 UTC[\n]&quot;
17:52:03.722 [docker-java-stream-506992285] DEBUG com.github.dockerjava.zerodep.shaded.org.apache.hc.client5.http.wire - http-outgoing-1 &lt;&lt; &quot;[\r][\n]&quot;
17:52:03.731 [docker-java-stream-506992285] DEBUG com.github.dockerjava.zerodep.shaded.org.apache.hc.client5.http.wire - http-outgoing-1 &lt;&lt; &quot;5e[\r][\n]&quot;
17:52:03.731 [docker-java-stream-506992285] DEBUG com.github.dockerjava.zerodep.shaded.org.apache.hc.client5.http.wire - http-outgoing-1 &lt;&lt; &quot;[0x1][0x0][0x0][0x0][0x0][0x0][0x0]V2023-08-14 14:52:03.725 UTC [49] LOG:  database system is ready to accept connections[\n]&quot;
17:52:03.731 [docker-java-stream-506992285] DEBUG com.github.dockerjava.zerodep.shaded.org.apache.hc.client5.http.wire - http-outgoing-1 &lt;&lt; &quot;[\r][\n]&quot;
17:52:03.739 [main] DEBUG org.testcontainers.containers.output.WaitingConsumer - STDOUT: 2023-08-14 14:52:03.725 UTC [49] LOG:  database system is ready to accept connections
17:52:03.739 [main] DEBUG org.testcontainers.containers.output.WaitingConsumer - STDOUT: 2023-08-14 14:52:03.715 UTC [52] LOG:  database system was shut down at 2023-08-14 14:52:03 UTC
17:52:03.794 [docker-java-stream-506992285] DEBUG com.github.dockerjava.zerodep.shaded.org.apache.hc.client5.http.wire - http-outgoing-1 &lt;&lt; &quot;25[\r][\n]&quot;
17:52:03.794 [docker-java-stream-506992285] DEBUG com.github.dockerjava.zerodep.shaded.org.apache.hc.client5.http.wire - http-outgoing-1 &lt;&lt; &quot;[0x1][0x0][0x0][0x0][0x0][0x0][0x0][0x6] done[\n]&quot;
17:52:03.794 [docker-java-stream-506992285] DEBUG com.github.dockerjava.zerodep.shaded.org.apache.hc.client5.http.wire - http-outgoing-1 &lt;&lt; &quot;[0x1][0x0][0x0][0x0][0x0][0x0][0x0][0xf]server started[\n]&quot;
17:52:03.794 [docker-java-stream-506992285] DEBUG com.github.dockerjava.zerodep.shaded.org.apache.hc.client5.http.wire - http-outgoing-1 &lt;&lt; &quot;[\r][\n]&quot;
17:52:03.794 [main] DEBUG org.testcontainers.containers.output.WaitingConsumer - STDOUT: server started
17:52:03.794 [main] DEBUG org.testcontainers.containers.output.WaitingConsumer - STDOUT:  done
17:52:04.172 [docker-java-stream-506992285] DEBUG com.github.dockerjava.zerodep.shaded.org.apache.hc.client5.http.wire - http-outgoing-1 &lt;&lt; &quot;18[\r][\n]&quot;
17:52:04.172 [docker-java-stream-506992285] DEBUG com.github.dockerjava.zerodep.shaded.org.apache.hc.client5.http.wire - http-outgoing-1 &lt;&lt; &quot;[0x1][0x0][0x0][0x0][0x0][0x0][0x0][0x10]CREATE DATABASE[\n]&quot;
17:52:04.172 [docker-java-stream-506992285] DEBUG com.github.dockerjava.zerodep.shaded.org.apache.hc.client5.http.wire - http-outgoing-1 &lt;&lt; &quot;[\r][\n]&quot;
17:52:04.172 [main] DEBUG org.testcontainers.containers.output.WaitingConsumer - STDOUT: CREATE DATABASE
17:52:04.173 [docker-java-stream-506992285] DEBUG com.github.dockerjava.zerodep.shaded.org.apache.hc.client5.http.wire - http-outgoing-1 &lt;&lt; &quot;6f[\r][\n]&quot;
17:52:04.174 [docker-java-stream-506992285] DEBUG com.github.dockerjava.zerodep.shaded.org.apache.hc.client5.http.wire - http-outgoing-1 &lt;&lt; &quot;[0x1][0x0][0x0][0x0][0x0][0x0][0x0][0x1][\n]&quot;
17:52:04.174 [docker-java-stream-506992285] DEBUG com.github.dockerjava.zerodep.shaded.org.apache.hc.client5.http.wire - http-outgoing-1 &lt;&lt; &quot;[0x1][0x0][0x0][0x0][0x0][0x0][0x0][0x1][\n]&quot;
17:52:04.174 [docker-java-stream-506992285] DEBUG com.github.dockerjava.zerodep.shaded.org.apache.hc.client5.http.wire - http-outgoing-1 &lt;&lt; &quot;[0x1][0x0][0x0][0x0][0x0][0x0][0x0]L/usr/local/bin/docker-entrypoint.sh: ignoring /docker-entrypoint-initdb.d/*[\n]&quot;
17:52:04.174 [docker-java-stream-506992285] DEBUG com.github.dockerjava.zerodep.shaded.org.apache.hc.client5.http.wire - http-outgoing-1 &lt;&lt; &quot;[0x1][0x0][0x0][0x0][0x0][0x0][0x0][0x1][\n]&quot;
17:52:04.174 [docker-java-stream-506992285] DEBUG com.github.dockerjava.zerodep.shaded.org.apache.hc.client5.http.wire - http-outgoing-1 &lt;&lt; &quot;[\r][\n]&quot;
17:52:04.178 [docker-java-stream-506992285] DEBUG com.github.dockerjava.zerodep.shaded.org.apache.hc.client5.http.wire - http-outgoing-1 &lt;&lt; &quot;c1[\r][\n]&quot;
17:52:04.178 [docker-java-stream-506992285] DEBUG com.github.dockerjava.zerodep.shaded.org.apache.hc.client5.http.wire - http-outgoing-1 &lt;&lt; &quot;[0x1][0x0][0x0][0x0][0x0][0x0][0x0]hwaiting for server to shut down...2023-08-14 14:52:04.170 UTC [49] LOG:  received fast shutdown request[\n]&quot;
17:52:04.178 [docker-java-stream-506992285] DEBUG com.github.dockerjava.zerodep.shaded.org.apache.hc.client5.http.wire - http-outgoing-1 &lt;&lt; &quot;[0x1][0x0][0x0][0x0][0x0][0x0][0x0]I.2023-08-14 14:52:04.170 UTC [49] LOG:  aborting any active transactions[\n]&quot;
17:52:04.178 [docker-java-stream-506992285] DEBUG com.github.dockerjava.zerodep.shaded.org.apache.hc.client5.http.wire - http-outgoing-1 &lt;&lt; &quot;[\r][\n]&quot;
17:52:04.185 [docker-java-stream-506992285] DEBUG com.github.dockerjava.zerodep.shaded.org.apache.hc.client5.http.wire - http-outgoing-1 &lt;&lt; &quot;81[\r][\n]&quot;
17:52:04.185 [docker-java-stream-506992285] DEBUG com.github.dockerjava.zerodep.shaded.org.apache.hc.client5.http.wire - http-outgoing-1 &lt;&lt; &quot;[0x1][0x0][0x0][0x0][0x0][0x0][0x0]y2023-08-14 14:52:04.179 UTC [49] LOG:  background worker &quot;logical replication launcher&quot; (PID 55) exited with exit code 1[\n]&quot;
17:52:04.185 [docker-java-stream-506992285] DEBUG com.github.dockerjava.zerodep.shaded.org.apache.hc.client5.http.wire - http-outgoing-1 &lt;&lt; &quot;[\r][\n]&quot;
17:52:04.189 [docker-java-stream-506992285] DEBUG com.github.dockerjava.zerodep.shaded.org.apache.hc.client5.http.wire - http-outgoing-1 &lt;&lt; &quot;94[\r][\n]&quot;
17:52:04.189 [docker-java-stream-506992285] DEBUG com.github.dockerjava.zerodep.shaded.org.apache.hc.client5.http.wire - http-outgoing-1 &lt;&lt; &quot;[0x1][0x0][0x0][0x0][0x0][0x0][0x0]52023-08-14 14:52:04.182 UTC [50] LOG:  shutting down[\n]&quot;
17:52:04.189 [docker-java-stream-506992285] DEBUG com.github.dockerjava.zerodep.shaded.org.apache.hc.client5.http.wire - http-outgoing-1 &lt;&lt; &quot;[0x1][0x0][0x0][0x0][0x0][0x0][0x0]O2023-08-14 14:52:04.183 UTC [50] LOG:  checkpoint starting: shutdown immediate[\n]&quot;
17:52:04.189 [docker-java-stream-506992285] DEBUG com.github.dockerjava.zerodep.shaded.org.apache.hc.client5.http.wire - http-outgoing-1 &lt;&lt; &quot;[\r][\n]&quot;
17:52:04.195 [main] DEBUG org.testcontainers.containers.output.WaitingConsumer - STDOUT: 2023-08-14 14:52:04.183 UTC [50] LOG:  checkpoint starting: shutdown immediate
17:52:04.196 [main] DEBUG org.testcontainers.containers.output.WaitingConsumer - STDOUT: 2023-08-14 14:52:04.182 UTC [50] LOG:  shutting down
17:52:04.197 [main] DEBUG org.testcontainers.containers.output.WaitingConsumer - STDOUT: 2023-08-14 14:52:04.179 UTC [49] LOG:  background worker &quot;logical replication launcher&quot; (PID 55) exited with exit code 1
17:52:04.197 [main] DEBUG org.testcontainers.containers.output.WaitingConsumer - STDOUT: .2023-08-14 14:52:04.170 UTC [49] LOG:  aborting any active transactions
17:52:04.197 [main] DEBUG org.testcontainers.containers.output.WaitingConsumer - STDOUT: waiting for server to shut down...2023-08-14 14:52:04.170 UTC [49] LOG:  received fast shutdown request
17:52:04.197 [main] DEBUG org.testcontainers.containers.output.WaitingConsumer - STDOUT: 
17:52:04.197 [main] DEBUG org.testcontainers.containers.output.WaitingConsumer - STDOUT: /usr/local/bin/docker-entrypoint.sh: ignoring /docker-entrypoint-initdb.d/*
17:52:04.198 [main] DEBUG org.testcontainers.containers.output.WaitingConsumer - STDOUT: 
17:52:04.199 [main] DEBUG org.testcontainers.containers.output.WaitingConsumer - STDOUT: 
17:52:04.226 [docker-java-stream-506992285] DEBUG com.github.dockerjava.zerodep.shaded.org.apache.hc.client5.http.wire - http-outgoing-1 &lt;&lt; &quot;109[\r][\n]&quot;
17:52:04.226 [docker-java-stream-506992285] DEBUG com.github.dockerjava.zerodep.shaded.org.apache.hc.client5.http.wire - http-outgoing-1 &lt;&lt; &quot;[0x1][0x0][0x0][0x0][0x0][0x0][0x1][0x1]2023-08-14 14:52:04.220 UTC [50] LOG:  checkpoint complete: wrote 918 buffers (5.6%); 0 WAL file(s) added, 0 removed, 0 recycled; write=0.037 s, sync=0.001 s, total=0.038 s; sync files=0, longest=0.000 s, average=0.000 s; distance=4223 kB, estimate=4223 kB[\n]&quot;
17:52:04.226 [docker-java-stream-506992285] DEBUG com.github.dockerjava.zerodep.shaded.org.apache.hc.client5.http.wire - http-outgoing-1 &lt;&lt; &quot;[\r][\n]&quot;
17:52:04.227 [main] DEBUG org.testcontainers.containers.output.WaitingConsumer - STDOUT: 2023-08-14 14:52:04.220 UTC [50] LOG:  checkpoint complete: wrote 918 buffers (5.6%); 0 WAL file(s) added, 0 removed, 0 recycled; write=0.037 s, sync=0.001 s, total=0.038 s; sync files=0, longest=0.000 s, average=0.000 s; distance=4223 kB, estimate=4223 kB
17:52:04.240 [docker-java-stream-506992285] DEBUG com.github.dockerjava.zerodep.shaded.org.apache.hc.client5.http.wire - http-outgoing-1 &lt;&lt; &quot;4c[\r][\n]&quot;
17:52:04.240 [docker-java-stream-506992285] DEBUG com.github.dockerjava.zerodep.shaded.org.apache.hc.client5.http.wire - http-outgoing-1 &lt;&lt; &quot;[0x1][0x0][0x0][0x0][0x0][0x0][0x0]D2023-08-14 14:52:04.234 UTC [49] LOG:  database system is shut down[\n]&quot;
17:52:04.240 [docker-java-stream-506992285] DEBUG com.github.dockerjava.zerodep.shaded.org.apache.hc.client5.http.wire - http-outgoing-1 &lt;&lt; &quot;[\r][\n]&quot;
17:52:04.242 [main] DEBUG org.testcontainers.containers.output.WaitingConsumer - STDOUT: 2023-08-14 14:52:04.234 UTC [49] LOG:  database system is shut down
17:52:04.276 [docker-java-stream-506992285] DEBUG com.github.dockerjava.zerodep.shaded.org.apache.hc.client5.http.wire - http-outgoing-1 &lt;&lt; &quot;25[\r][\n]&quot;
17:52:04.276 [docker-java-stream-506992285] DEBUG com.github.dockerjava.zerodep.shaded.org.apache.hc.client5.http.wire - http-outgoing-1 &lt;&lt; &quot;[0x1][0x0][0x0][0x0][0x0][0x0][0x0][0x6] done[\n]&quot;
17:52:04.277 [docker-java-stream-506992285] DEBUG com.github.dockerjava.zerodep.shaded.org.apache.hc.client5.http.wire - http-outgoing-1 &lt;&lt; &quot;[0x1][0x0][0x0][0x0][0x0][0x0][0x0][0xf]server stopped[\n]&quot;
17:52:04.277 [docker-java-stream-506992285] DEBUG com.github.dockerjava.zerodep.shaded.org.apache.hc.client5.http.wire - http-outgoing-1 &lt;&lt; &quot;[\r][\n]&quot;
17:52:04.277 [main] DEBUG org.testcontainers.containers.output.WaitingConsumer - STDOUT:  done
17:52:04.277 [main] DEBUG org.testcontainers.containers.output.WaitingConsumer - STDOUT: server stopped
17:52:04.281 [docker-java-stream-506992285] DEBUG com.github.dockerjava.zerodep.shaded.org.apache.hc.client5.http.wire - http-outgoing-1 &lt;&lt; &quot;50[\r][\n]&quot;
17:52:04.281 [docker-java-stream-506992285] DEBUG com.github.dockerjava.zerodep.shaded.org.apache.hc.client5.http.wire - http-outgoing-1 &lt;&lt; &quot;[0x1][0x0][0x0][0x0][0x0][0x0][0x0][0x1][\n]&quot;
17:52:04.281 [docker-java-stream-506992285] DEBUG com.github.dockerjava.zerodep.shaded.org.apache.hc.client5.http.wire - http-outgoing-1 &lt;&lt; &quot;[0x1][0x0][0x0][0x0][0x0][0x0][0x0]6PostgreSQL init process complete; ready for start up.[\n]&quot;
17:52:04.281 [docker-java-stream-506992285] DEBUG com.github.dockerjava.zerodep.shaded.org.apache.hc.client5.http.wire - http-outgoing-1 &lt;&lt; &quot;[0x1][0x0][0x0][0x0][0x0][0x0][0x0][0x1][\n]&quot;
17:52:04.281 [docker-java-stream-506992285] DEBUG com.github.dockerjava.zerodep.shaded.org.apache.hc.client5.http.wire - http-outgoing-1 &lt;&lt; &quot;[\r][\n]&quot;
17:52:04.289 [main] DEBUG org.testcontainers.containers.output.WaitingConsumer - STDOUT: 
17:52:04.289 [main] DEBUG org.testcontainers.containers.output.WaitingConsumer - STDOUT: PostgreSQL init process complete; ready for start up.
17:52:04.289 [main] DEBUG org.testcontainers.containers.output.WaitingConsumer - STDOUT: 
17:52:04.303 [docker-java-stream-506992285] DEBUG com.github.dockerjava.zerodep.shaded.org.apache.hc.client5.http.wire - http-outgoing-1 &lt;&lt; &quot;ab[\r][\n]&quot;
17:52:04.303 [docker-java-stream-506992285] DEBUG com.github.dockerjava.zerodep.shaded.org.apache.hc.client5.http.wire - http-outgoing-1 &lt;&lt; &quot;[0x2][0x0][0x0][0x0][0x0][0x0][0x0][0xffffffa3]2023-08-14 14:52:04.297 UTC [1] LOG:  starting PostgreSQL 15.3 (Debian 15.3-1.pgdg120+1) on x86_64-pc-linux-gnu, compiled by gcc (Debian 12.2.0-14) 12.2.0, 64-bit[\n]&quot;
17:52:04.303 [docker-java-stream-506992285] DEBUG com.github.dockerjava.zerodep.shaded.org.apache.hc.client5.http.wire - http-outgoing-1 &lt;&lt; &quot;[\r][\n]&quot;
17:52:04.305 [main] DEBUG org.testcontainers.containers.output.WaitingConsumer - STDERR: 2023-08-14 14:52:04.297 UTC [1] LOG:  starting PostgreSQL 15.3 (Debian 15.3-1.pgdg120+1) on x86_64-pc-linux-gnu, compiled by gcc (Debian 12.2.0-14) 12.2.0, 64-bit
17:52:04.309 [docker-java-stream-506992285] DEBUG com.github.dockerjava.zerodep.shaded.org.apache.hc.client5.http.wire - http-outgoing-1 &lt;&lt; &quot;120[\r][\n]&quot;
17:52:04.310 [docker-java-stream-506992285] DEBUG com.github.dockerjava.zerodep.shaded.org.apache.hc.client5.http.wire - http-outgoing-1 &lt;&lt; &quot;[0x2][0x0][0x0][0x0][0x0][0x0][0x0]U2023-08-14 14:52:04.299 UTC [1] LOG:  listening on IPv4 address &quot;0.0.0.0&quot;, port 5432[\n]&quot;
17:52:04.310 [docker-java-stream-506992285] DEBUG com.github.dockerjava.zerodep.shaded.org.apache.hc.client5.http.wire - http-outgoing-1 &lt;&lt; &quot;[0x2][0x0][0x0][0x0][0x0][0x0][0x0]P2023-08-14 14:52:04.299 UTC [1] LOG:  listening on IPv6 address &quot;::&quot;, port 5432[\n]&quot;
17:52:04.310 [docker-java-stream-506992285] DEBUG com.github.dockerjava.zerodep.shaded.org.apache.hc.client5.http.wire - http-outgoing-1 &lt;&lt; &quot;[0x2][0x0][0x0][0x0][0x0][0x0][0x0]c2023-08-14 14:52:04.300 UTC [1] LOG:  listening on Unix socket &quot;/var/run/postgresql/.s.PGSQL.5432&quot;[\n]&quot;
17:52:04.310 [docker-java-stream-506992285] DEBUG com.github.dockerjava.zerodep.shaded.org.apache.hc.client5.http.wire - http-outgoing-1 &lt;&lt; &quot;[\r][\n]&quot;
17:52:04.311 [docker-java-stream-506992285] DEBUG com.github.dockerjava.zerodep.shaded.org.apache.hc.client5.http.wire - http-outgoing-1 &lt;&lt; &quot;68[\r][\n]&quot;
17:52:04.311 [docker-java-stream-506992285] DEBUG com.github.dockerjava.zerodep.shaded.org.apache.hc.client5.http.wire - http-outgoing-1 &lt;&lt; &quot;[0x2][0x0][0x0][0x0][0x0][0x0][0x0]`2023-08-14 14:52:04.303 UTC [65] LOG:  database system was shut down at 2023-08-14 14:52:04 UTC[\n]&quot;
17:52:04.311 [docker-java-stream-506992285] DEBUG com.github.dockerjava.zerodep.shaded.org.apache.hc.client5.http.wire - http-outgoing-1 &lt;&lt; &quot;[\r][\n]&quot;
17:52:04.314 [docker-java-stream-506992285] DEBUG com.github.dockerjava.zerodep.shaded.org.apache.hc.client5.http.wire - http-outgoing-1 &lt;&lt; &quot;5d[\r][\n]&quot;
17:52:04.315 [docker-java-stream-506992285] DEBUG com.github.dockerjava.zerodep.shaded.org.apache.hc.client5.http.wire - http-outgoing-1 &lt;&lt; &quot;[0x2][0x0][0x0][0x0][0x0][0x0][0x0]U2023-08-14 14:52:04.308 UTC [1] LOG:  database system is ready to accept connections[\n]&quot;
17:52:04.315 [docker-java-stream-506992285] DEBUG com.github.dockerjava.zerodep.shaded.org.apache.hc.client5.http.wire - http-outgoing-1 &lt;&lt; &quot;[\r][\n]&quot;
17:52:04.320 [main] DEBUG org.testcontainers.containers.output.WaitingConsumer - STDERR: 2023-08-14 14:52:04.308 UTC [1] LOG:  database system is ready to accept connections
17:52:04.320 [main] DEBUG com.github.dockerjava.zerodep.shaded.org.apache.hc.client5.http.impl.classic.InternalHttpClient - ep-0000000F: cancel
17:52:04.320 [main] DEBUG com.github.dockerjava.zerodep.shaded.org.apache.hc.client5.http.impl.io.DefaultManagedHttpClientConnection - http-outgoing-1: close connection IMMEDIATE
17:52:04.320 [main] DEBUG com.github.dockerjava.zerodep.shaded.org.apache.hc.client5.http.impl.classic.InternalHttpClient - ep-0000000F: endpoint closed
17:52:04.320 [docker-java-stream-506992285] DEBUG com.github.dockerjava.zerodep.shaded.org.apache.hc.client5.http.wire - http-outgoing-1 &lt;&lt; &quot;end of stream&quot;
17:52:04.321 [main] DEBUG com.github.dockerjava.zerodep.shaded.org.apache.hc.client5.http.impl.classic.InternalHttpClient - ep-0000000F: discarding endpoint
17:52:04.321 [main] DEBUG com.github.dockerjava.zerodep.shaded.org.apache.hc.client5.http.impl.io.PoolingHttpClientConnectionManager - ep-0000000F: releasing endpoint
17:52:04.321 [main] DEBUG com.github.dockerjava.zerodep.shaded.org.apache.hc.client5.http.impl.io.PoolingHttpClientConnectionManager - ep-0000000F: connection is not kept alive
17:52:04.321 [main] DEBUG com.github.dockerjava.zerodep.shaded.org.apache.hc.client5.http.impl.io.PoolingHttpClientConnectionManager - ep-0000000F: connection released [route: {}-&gt;npipe://localhost:2375][total available: 0; route allocated: 0 of 2147483647; total allocated: 0 of 2147483647]
17:52:04.322 [docker-java-stream-506992285] DEBUG com.github.dockerjava.zerodep.shaded.org.apache.hc.client5.http.wire - http-outgoing-1 &lt;&lt; &quot;[read] I/O error: java.nio.channels.ClosedChannelException&quot;
17:52:04.322 [docker-java-stream-506992285] DEBUG com.github.dockerjava.zerodep.ApacheDockerHttpClientImpl$ApacheResponse - Failed to close the response
java.io.IOException: java.nio.channels.ClosedChannelException
	at java.base/java.nio.channels.Channels$1.read(Channels.java:166)
	at com.github.dockerjava.zerodep.shaded.org.apache.hc.client5.http.impl.io.LoggingInputStream.read(LoggingInputStream.java:81)
	at com.github.dockerjava.zerodep.shaded.org.apache.hc.core5.http.impl.io.SessionInputBufferImpl.fillBuffer(SessionInputBufferImpl.java:149)
	at com.github.dockerjava.zerodep.shaded.org.apache.hc.core5.http.impl.io.SessionInputBufferImpl.readLine(SessionInputBufferImpl.java:280)
	at com.github.dockerjava.zerodep.shaded.org.apache.hc.core5.http.impl.io.ChunkedInputStream.getChunkSize(ChunkedInputStream.java:261)
	at com.github.dockerjava.zerodep.shaded.org.apache.hc.core5.http.impl.io.ChunkedInputStream.nextChunk(ChunkedInputStream.java:222)
	at com.github.dockerjava.zerodep.shaded.org.apache.hc.core5.http.impl.io.ChunkedInputStream.read(ChunkedInputStream.java:147)
	at com.github.dockerjava.zerodep.shaded.org.apache.hc.core5.http.impl.io.ChunkedInputStream.close(ChunkedInputStream.java:314)
	at com.github.dockerjava.zerodep.shaded.org.apache.hc.core5.io.Closer.close(Closer.java:48)
	at com.github.dockerjava.zerodep.shaded.org.apache.hc.core5.http.impl.io.IncomingHttpEntity.close(IncomingHttpEntity.java:111)
	at com.github.dockerjava.zerodep.shaded.org.apache.hc.core5.http.io.entity.HttpEntityWrapper.close(HttpEntityWrapper.java:120)
	at com.github.dockerjava.zerodep.shaded.org.apache.hc.core5.io.Closer.close(Closer.java:48)
	at com.github.dockerjava.zerodep.shaded.org.apache.hc.core5.http.message.BasicClassicHttpResponse.close(BasicClassicHttpResponse.java:93)
	at com.github.dockerjava.zerodep.shaded.org.apache.hc.client5.http.impl.classic.CloseableHttpResponse.close(CloseableHttpResponse.java:200)
	at com.github.dockerjava.zerodep.ApacheDockerHttpClientImpl$ApacheResponse.close(ApacheDockerHttpClientImpl.java:256)
	at org.testcontainers.shaded.com.github.dockerjava.core.DefaultInvocationBuilder.lambda$executeAndStream$1(DefaultInvocationBuilder.java:277)
	at java.base/java.lang.Thread.run(Thread.java:1589)
Caused by: java.nio.channels.ClosedChannelException: null
	at java.base/sun.nio.ch.WindowsAsynchronousFileChannelImpl.implRead(WindowsAsynchronousFileChannelImpl.java:521)
	at java.base/sun.nio.ch.AsynchronousFileChannelImpl.read(AsynchronousFileChannelImpl.java:229)
	at com.github.dockerjava.transport.NamedPipeSocket$AsynchronousFileByteChannel.read(NamedPipeSocket.java:117)
	at java.base/java.nio.channels.Channels$1.read(Channels.java:164)
	... 16 common frames omitted
17:52:04.323 [main] DEBUG com.github.dockerjava.zerodep.shaded.org.apache.hc.client5.http.wire - http-outgoing-1 &lt;&lt; &quot;[read] I/O error: java.nio.channels.ClosedChannelException&quot;
17:52:04.324 [main] DEBUG com.github.dockerjava.zerodep.ApacheDockerHttpClientImpl$ApacheResponse - Failed to close the response
java.io.IOException: java.nio.channels.ClosedChannelException
	at java.base/java.nio.channels.Channels$1.read(Channels.java:166)
	at com.github.dockerjava.zerodep.shaded.org.apache.hc.client5.http.impl.io.LoggingInputStream.read(LoggingInputStream.java:81)
	at com.github.dockerjava.zerodep.shaded.org.apache.hc.core5.http.impl.io.SessionInputBufferImpl.fillBuffer(SessionInputBufferImpl.java:149)
	at com.github.dockerjava.zerodep.shaded.org.apache.hc.core5.http.impl.io.SessionInputBufferImpl.readLine(SessionInputBufferImpl.java:280)
	at com.github.dockerjava.zerodep.shaded.org.apache.hc.core5.http.impl.io.ChunkedInputStream.getChunkSize(ChunkedInputStream.java:261)
	at com.github.dockerjava.zerodep.shaded.org.apache.hc.core5.http.impl.io.ChunkedInputStream.nextChunk(ChunkedInputStream.java:222)
	at com.github.dockerjava.zerodep.shaded.org.apache.hc.core5.http.impl.io.ChunkedInputStream.read(ChunkedInputStream.java:147)
	at com.github.dockerjava.zerodep.shaded.org.apache.hc.core5.http.impl.io.ChunkedInputStream.close(ChunkedInputStream.java:314)
	at com.github.dockerjava.zerodep.shaded.org.apache.hc.core5.io.Closer.close(Closer.java:48)
	at com.github.dockerjava.zerodep.shaded.org.apache.hc.core5.http.impl.io.IncomingHttpEntity.close(IncomingHttpEntity.java:111)
	at com.github.dockerjava.zerodep.shaded.org.apache.hc.core5.http.io.entity.HttpEntityWrapper.close(HttpEntityWrapper.java:120)
	at com.github.dockerjava.zerodep.shaded.org.apache.hc.core5.io.Closer.close(Closer.java:48)
	at com.github.dockerjava.zerodep.shaded.org.apache.hc.core5.http.message.BasicClassicHttpResponse.close(BasicClassicHttpResponse.java:93)
	at com.github.dockerjava.zerodep.shaded.org.apache.hc.client5.http.impl.classic.CloseableHttpResponse.close(CloseableHttpResponse.java:200)
	at com.github.dockerjava.zerodep.ApacheDockerHttpClientImpl$ApacheResponse.close(ApacheDockerHttpClientImpl.java:256)
	at org.testcontainers.shaded.com.github.dockerjava.core.DefaultInvocationBuilder.lambda$null$0(DefaultInvocationBuilder.java:272)
	at com.github.dockerjava.api.async.ResultCallbackTemplate.close(ResultCallbackTemplate.java:77)
	at org.testcontainers.containers.output.FrameConsumerResultCallback.close(FrameConsumerResultCallback.java:69)
	at org.testcontainers.containers.wait.strategy.LogMessageWaitStrategy.waitUntilReady(LogMessageWaitStrategy.java:49)
	at org.testcontainers.containers.wait.strategy.AbstractWaitStrategy.waitUntilReady(AbstractWaitStrategy.java:52)
	at org.testcontainers.containers.PostgreSQLContainer.waitUntilContainerStarted(PostgreSQLContainer.java:140)
	at org.testcontainers.containers.GenericContainer.tryStart(GenericContainer.java:490)
	at org.testcontainers.containers.GenericContainer.lambda$doStart$0(GenericContainer.java:344)
	at org.rnorth.ducttape.unreliables.Unreliables.retryUntilSuccess(Unreliables.java:81)
	at org.testcontainers.containers.GenericContainer.doStart(GenericContainer.java:334)
	at org.testcontainers.containers.GenericContainer.start(GenericContainer.java:322)
	at environment.IntegrationEnvironment.&lt;clinit&gt;(IntegrationEnvironment.java:31)
	at java.base/jdk.internal.misc.Unsafe.ensureClassInitialized0(Native Method)
	at java.base/jdk.internal.misc.Unsafe.ensureClassInitialized(Unsafe.java:1160)
	at java.base/jdk.internal.reflect.MethodHandleAccessorFactory.ensureClassInitialized(MethodHandleAccessorFactory.java:300)
	at java.base/jdk.internal.reflect.MethodHandleAccessorFactory.newConstructorAccessor(MethodHandleAccessorFactory.java:103)
	at java.base/jdk.internal.reflect.ReflectionFactory.newConstructorAccessor(ReflectionFactory.java:201)
	at java.base/java.lang.reflect.Constructor.acquireConstructorAccessor(Constructor.java:547)
	at java.base/java.lang.reflect.Constructor.newInstanceWithCaller(Constructor.java:497)
	at java.base/java.lang.reflect.Constructor.newInstance(Constructor.java:484)
	at org.junit.runners.BlockJUnit4ClassRunner.createTest(BlockJUnit4ClassRunner.java:250)
	at org.junit.runners.BlockJUnit4ClassRunner.createTest(BlockJUnit4ClassRunner.java:260)
	at org.junit.runners.BlockJUnit4ClassRunner$2.runReflectiveCall(BlockJUnit4ClassRunner.java:309)
	at org.junit.internal.runners.model.ReflectiveCallable.run(ReflectiveCallable.java:12)
	at org.junit.runners.BlockJUnit4ClassRunner.methodBlock(BlockJUnit4ClassRunner.java:306)
	at org.junit.runners.BlockJUnit4ClassRunner$1.evaluate(BlockJUnit4ClassRunner.java:100)
	at org.junit.runners.ParentRunner.runLeaf(ParentRunner.java:366)
	at org.junit.runners.BlockJUnit4ClassRunner.runChild(BlockJUnit4ClassRunner.java:103)
	at org.junit.runners.BlockJUnit4ClassRunner.runChild(BlockJUnit4ClassRunner.java:63)
	at org.junit.runners.ParentRunner$4.run(ParentRunner.java:331)
	at org.junit.runners.ParentRunner$1.schedule(ParentRunner.java:79)
	at org.junit.runners.ParentRunner.runChildren(ParentRunner.java:329)
	at org.junit.runners.ParentRunner.access$100(ParentRunner.java:66)
	at org.junit.runners.ParentRunner$2.evaluate(ParentRunner.java:293)
	at org.junit.runners.ParentRunner$3.evaluate(ParentRunner.java:306)
	at org.junit.runners.ParentRunner.run(ParentRunner.java:413)
	at org.apache.maven.surefire.junit4.JUnit4Provider.execute(JUnit4Provider.java:252)
	at org.apache.maven.surefire.junit4.JUnit4Provider.executeTestSet(JUnit4Provider.java:141)
	at org.apache.maven.surefire.junit4.JUnit4Provider.invoke(JUnit4Provider.java:112)
	at java.base/jdk.internal.reflect.DirectMethodHandleAccessor.invoke(DirectMethodHandleAccessor.java:104)
	at java.base/java.lang.reflect.Method.invoke(Method.java:578)
	at org.apache.maven.surefire.util.ReflectionUtils.invokeMethodWithArray(ReflectionUtils.java:189)
	at org.apache.maven.surefire.booter.ProviderFactory$ProviderProxy.invoke(ProviderFactory.java:165)
	at org.apache.maven.surefire.booter.ProviderFactory.invokeProvider(ProviderFactory.java:85)
	at org.apache.maven.surefire.booter.ForkedBooter.runSuitesInProcess(ForkedBooter.java:115)
	at org.apache.maven.surefire.booter.ForkedBooter.main(ForkedBooter.java:75)
Caused by: java.nio.channels.ClosedChannelException: null
	at java.base/sun.nio.ch.WindowsAsynchronousFileChannelImpl.implRead(WindowsAsynchronousFileChannelImpl.java:521)
	at java.base/sun.nio.ch.AsynchronousFileChannelImpl.read(AsynchronousFileChannelImpl.java:229)
	at com.github.dockerjava.transport.NamedPipeSocket$AsynchronousFileByteChannel.read(NamedPipeSocket.java:117)
	at java.base/java.nio.channels.Channels$1.read(Channels.java:164)
	... 60 common frames omitted
17:52:04.325 [main] INFO tc.postgres:15 - Container postgres:15 started in PT4.668809S
17:52:04.327 [main] INFO tc.postgres:15 - Container is started (JDBC URL: jdbc:postgresql://localhost:13621/test?loggerLevel=OFF)
</system-out>
    <system-err>авг. 14, 2023 5:52:05 PM liquibase.database
INFO: Set default schema name to public
авг. 14, 2023 5:52:05 PM liquibase.lockservice
INFO: Successfully acquired change log lock
авг. 14, 2023 5:52:06 PM liquibase.changelog
INFO: Creating database history table with name: public.databasechangelog
авг. 14, 2023 5:52:06 PM liquibase.changelog
INFO: Reading from public.databasechangelog
авг. 14, 2023 5:52:06 PM liquibase.lockservice
INFO: Successfully released change log lock
</system-err>
  </testcase>
</testsuite>