<?xml version="1.0" encoding="UTF-8"?>
<testsuite xmlns:xsi="http://www.w3.org/2001/XMLSchema-instance" xsi:noNamespaceSchemaLocation="https://maven.apache.org/surefire/maven-surefire-plugin/xsd/surefire-test-report-3.0.xsd" version="3.0" name="ga12.CommandsTest" time="1.659" tests="2" errors="0" skipped="0" failures="0">
  <properties>
    <property name="java.specification.version" value="17"/>
    <property name="sun.cpu.isalist" value="amd64"/>
    <property name="sun.jnu.encoding" value="Cp1251"/>
    <property name="java.class.path" value="C:\Users\ga12\SpringLearning\SpringLearning\bot\target\test-classes;C:\Users\ga12\SpringLearning\SpringLearning\bot\target\classes;C:\Users\ga12\.m2\repository\org\springframework\boot\spring-boot-starter-web\3.0.1\spring-boot-starter-web-3.0.1.jar;C:\Users\ga12\.m2\repository\org\springframework\boot\spring-boot-starter\3.0.1\spring-boot-starter-3.0.1.jar;C:\Users\ga12\.m2\repository\org\springframework\boot\spring-boot-starter-logging\3.0.1\spring-boot-starter-logging-3.0.1.jar;C:\Users\ga12\.m2\repository\ch\qos\logback\logback-classic\1.4.5\logback-classic-1.4.5.jar;C:\Users\ga12\.m2\repository\ch\qos\logback\logback-core\1.4.5\logback-core-1.4.5.jar;C:\Users\ga12\.m2\repository\org\apache\logging\log4j\log4j-to-slf4j\2.19.0\log4j-to-slf4j-2.19.0.jar;C:\Users\ga12\.m2\repository\org\apache\logging\log4j\log4j-api\2.19.0\log4j-api-2.19.0.jar;C:\Users\ga12\.m2\repository\org\slf4j\jul-to-slf4j\2.0.6\jul-to-slf4j-2.0.6.jar;C:\Users\ga12\.m2\repository\jakarta\annotation\jakarta.annotation-api\2.1.1\jakarta.annotation-api-2.1.1.jar;C:\Users\ga12\.m2\repository\org\yaml\snakeyaml\1.33\snakeyaml-1.33.jar;C:\Users\ga12\.m2\repository\org\springframework\boot\spring-boot-starter-json\3.0.1\spring-boot-starter-json-3.0.1.jar;C:\Users\ga12\.m2\repository\com\fasterxml\jackson\core\jackson-databind\2.14.1\jackson-databind-2.14.1.jar;C:\Users\ga12\.m2\repository\com\fasterxml\jackson\core\jackson-annotations\2.14.1\jackson-annotations-2.14.1.jar;C:\Users\ga12\.m2\repository\com\fasterxml\jackson\core\jackson-core\2.14.1\jackson-core-2.14.1.jar;C:\Users\ga12\.m2\repository\com\fasterxml\jackson\datatype\jackson-datatype-jdk8\2.14.1\jackson-datatype-jdk8-2.14.1.jar;C:\Users\ga12\.m2\repository\com\fasterxml\jackson\datatype\jackson-datatype-jsr310\2.14.1\jackson-datatype-jsr310-2.14.1.jar;C:\Users\ga12\.m2\repository\com\fasterxml\jackson\module\jackson-module-parameter-names\2.14.1\jackson-module-parameter-names-2.14.1.jar;C:\Users\ga12\.m2\repository\org\springframework\boot\spring-boot-starter-tomcat\3.0.1\spring-boot-starter-tomcat-3.0.1.jar;C:\Users\ga12\.m2\repository\org\apache\tomcat\embed\tomcat-embed-core\10.1.4\tomcat-embed-core-10.1.4.jar;C:\Users\ga12\.m2\repository\org\apache\tomcat\embed\tomcat-embed-websocket\10.1.4\tomcat-embed-websocket-10.1.4.jar;C:\Users\ga12\.m2\repository\org\springframework\spring-web\6.0.3\spring-web-6.0.3.jar;C:\Users\ga12\.m2\repository\io\micrometer\micrometer-observation\1.10.2\micrometer-observation-1.10.2.jar;C:\Users\ga12\.m2\repository\io\micrometer\micrometer-commons\1.10.2\micrometer-commons-1.10.2.jar;C:\Users\ga12\.m2\repository\org\springframework\spring-webmvc\6.0.3\spring-webmvc-6.0.3.jar;C:\Users\ga12\.m2\repository\org\springframework\spring-aop\6.0.3\spring-aop-6.0.3.jar;C:\Users\ga12\.m2\repository\org\springframework\spring-context\6.0.3\spring-context-6.0.3.jar;C:\Users\ga12\.m2\repository\org\springframework\spring-expression\6.0.3\spring-expression-6.0.3.jar;C:\Users\ga12\.m2\repository\org\springframework\boot\spring-boot-starter-validation\3.0.1\spring-boot-starter-validation-3.0.1.jar;C:\Users\ga12\.m2\repository\org\apache\tomcat\embed\tomcat-embed-el\10.1.4\tomcat-embed-el-10.1.4.jar;C:\Users\ga12\.m2\repository\org\hibernate\validator\hibernate-validator\8.0.0.Final\hibernate-validator-8.0.0.Final.jar;C:\Users\ga12\.m2\repository\jakarta\validation\jakarta.validation-api\3.0.2\jakarta.validation-api-3.0.2.jar;C:\Users\ga12\.m2\repository\org\jboss\logging\jboss-logging\3.5.0.Final\jboss-logging-3.5.0.Final.jar;C:\Users\ga12\.m2\repository\com\fasterxml\classmate\1.5.1\classmate-1.5.1.jar;C:\Users\ga12\.m2\repository\org\springframework\boot\spring-boot-devtools\3.0.1\spring-boot-devtools-3.0.1.jar;C:\Users\ga12\.m2\repository\org\springframework\boot\spring-boot\3.0.1\spring-boot-3.0.1.jar;C:\Users\ga12\.m2\repository\org\springframework\boot\spring-boot-autoconfigure\3.0.1\spring-boot-autoconfigure-3.0.1.jar;C:\Users\ga12\.m2\repository\org\springframework\boot\spring-boot-configuration-processor\3.0.1\spring-boot-configuration-processor-3.0.1.jar;C:\Users\ga12\.m2\repository\org\springframework\spring-context-indexer\6.0.3\spring-context-indexer-6.0.3.jar;C:\Users\ga12\.m2\repository\org\projectlombok\lombok\1.18.24\lombok-1.18.24.jar;C:\Users\ga12\.m2\repository\org\springdoc\springdoc-openapi-starter-webmvc-ui\2.0.2\springdoc-openapi-starter-webmvc-ui-2.0.2.jar;C:\Users\ga12\.m2\repository\org\springdoc\springdoc-openapi-starter-webmvc-api\2.0.2\springdoc-openapi-starter-webmvc-api-2.0.2.jar;C:\Users\ga12\.m2\repository\org\springdoc\springdoc-openapi-starter-common\2.0.2\springdoc-openapi-starter-common-2.0.2.jar;C:\Users\ga12\.m2\repository\io\swagger\core\v3\swagger-core-jakarta\2.2.7\swagger-core-jakarta-2.2.7.jar;C:\Users\ga12\.m2\repository\org\apache\commons\commons-lang3\3.12.0\commons-lang3-3.12.0.jar;C:\Users\ga12\.m2\repository\io\swagger\core\v3\swagger-annotations-jakarta\2.2.7\swagger-annotations-jakarta-2.2.7.jar;C:\Users\ga12\.m2\repository\io\swagger\core\v3\swagger-models-jakarta\2.2.7\swagger-models-jakarta-2.2.7.jar;C:\Users\ga12\.m2\repository\com\fasterxml\jackson\dataformat\jackson-dataformat-yaml\2.14.1\jackson-dataformat-yaml-2.14.1.jar;C:\Users\ga12\.m2\repository\org\webjars\swagger-ui\4.15.5\swagger-ui-4.15.5.jar;C:\Users\ga12\.m2\repository\org\webjars\webjars-locator-core\0.52\webjars-locator-core-0.52.jar;C:\Users\ga12\.m2\repository\org\slf4j\slf4j-api\2.0.6\slf4j-api-2.0.6.jar;C:\Users\ga12\.m2\repository\io\github\classgraph\classgraph\4.8.149\classgraph-4.8.149.jar;C:\Users\ga12\.m2\repository\com\github\pengrad\java-telegram-bot-api\6.7.0\java-telegram-bot-api-6.7.0.jar;C:\Users\ga12\.m2\repository\com\google\code\gson\gson\2.9.1\gson-2.9.1.jar;C:\Users\ga12\.m2\repository\com\squareup\okhttp3\okhttp\4.10.0\okhttp-4.10.0.jar;C:\Users\ga12\.m2\repository\com\squareup\okio\okio-jvm\3.0.0\okio-jvm-3.0.0.jar;C:\Users\ga12\.m2\repository\org\jetbrains\kotlin\kotlin-stdlib-common\1.7.22\kotlin-stdlib-common-1.7.22.jar;C:\Users\ga12\.m2\repository\org\jetbrains\kotlin\kotlin-stdlib\1.7.22\kotlin-stdlib-1.7.22.jar;C:\Users\ga12\.m2\repository\com\squareup\okhttp3\logging-interceptor\4.10.0\logging-interceptor-4.10.0.jar;C:\Users\ga12\.m2\repository\org\jetbrains\kotlin\kotlin-stdlib-jdk8\1.7.22\kotlin-stdlib-jdk8-1.7.22.jar;C:\Users\ga12\.m2\repository\org\jetbrains\kotlin\kotlin-stdlib-jdk7\1.7.22\kotlin-stdlib-jdk7-1.7.22.jar;C:\Users\ga12\.m2\repository\org\springframework\spring-webflux\6.0.3\spring-webflux-6.0.3.jar;C:\Users\ga12\.m2\repository\org\springframework\spring-beans\6.0.3\spring-beans-6.0.3.jar;C:\Users\ga12\.m2\repository\org\springframework\spring-core\6.0.3\spring-core-6.0.3.jar;C:\Users\ga12\.m2\repository\org\springframework\spring-jcl\6.0.3\spring-jcl-6.0.3.jar;C:\Users\ga12\.m2\repository\io\projectreactor\reactor-core\3.5.1\reactor-core-3.5.1.jar;C:\Users\ga12\.m2\repository\org\reactivestreams\reactive-streams\1.0.4\reactive-streams-1.0.4.jar;C:\Users\ga12\.m2\repository\org\springframework\boot\spring-boot-starter-test\3.0.1\spring-boot-starter-test-3.0.1.jar;C:\Users\ga12\.m2\repository\org\springframework\boot\spring-boot-test\3.0.1\spring-boot-test-3.0.1.jar;C:\Users\ga12\.m2\repository\org\springframework\boot\spring-boot-test-autoconfigure\3.0.1\spring-boot-test-autoconfigure-3.0.1.jar;C:\Users\ga12\.m2\repository\com\jayway\jsonpath\json-path\2.7.0\json-path-2.7.0.jar;C:\Users\ga12\.m2\repository\net\minidev\json-smart\2.4.8\json-smart-2.4.8.jar;C:\Users\ga12\.m2\repository\net\minidev\accessors-smart\2.4.8\accessors-smart-2.4.8.jar;C:\Users\ga12\.m2\repository\org\ow2\asm\asm\9.1\asm-9.1.jar;C:\Users\ga12\.m2\repository\jakarta\xml\bind\jakarta.xml.bind-api\4.0.0\jakarta.xml.bind-api-4.0.0.jar;C:\Users\ga12\.m2\repository\jakarta\activation\jakarta.activation-api\2.1.0\jakarta.activation-api-2.1.0.jar;C:\Users\ga12\.m2\repository\org\assertj\assertj-core\3.23.1\assertj-core-3.23.1.jar;C:\Users\ga12\.m2\repository\net\bytebuddy\byte-buddy\1.12.20\byte-buddy-1.12.20.jar;C:\Users\ga12\.m2\repository\org\hamcrest\hamcrest\2.2\hamcrest-2.2.jar;C:\Users\ga12\.m2\repository\org\junit\jupiter\junit-jupiter\5.9.1\junit-jupiter-5.9.1.jar;C:\Users\ga12\.m2\repository\org\junit\jupiter\junit-jupiter-api\5.9.1\junit-jupiter-api-5.9.1.jar;C:\Users\ga12\.m2\repository\org\opentest4j\opentest4j\1.2.0\opentest4j-1.2.0.jar;C:\Users\ga12\.m2\repository\org\junit\platform\junit-platform-commons\1.9.1\junit-platform-commons-1.9.1.jar;C:\Users\ga12\.m2\repository\org\apiguardian\apiguardian-api\1.1.2\apiguardian-api-1.1.2.jar;C:\Users\ga12\.m2\repository\org\junit\jupiter\junit-jupiter-params\5.9.1\junit-jupiter-params-5.9.1.jar;C:\Users\ga12\.m2\repository\org\junit\jupiter\junit-jupiter-engine\5.9.1\junit-jupiter-engine-5.9.1.jar;C:\Users\ga12\.m2\repository\org\junit\platform\junit-platform-engine\1.9.1\junit-platform-engine-1.9.1.jar;C:\Users\ga12\.m2\repository\org\mockito\mockito-core\4.8.1\mockito-core-4.8.1.jar;C:\Users\ga12\.m2\repository\net\bytebuddy\byte-buddy-agent\1.12.20\byte-buddy-agent-1.12.20.jar;C:\Users\ga12\.m2\repository\org\objenesis\objenesis\3.2\objenesis-3.2.jar;C:\Users\ga12\.m2\repository\org\mockito\mockito-junit-jupiter\4.8.1\mockito-junit-jupiter-4.8.1.jar;C:\Users\ga12\.m2\repository\org\skyscreamer\jsonassert\1.5.1\jsonassert-1.5.1.jar;C:\Users\ga12\.m2\repository\com\vaadin\external\google\android-json\0.0.20131108.vaadin1\android-json-0.0.20131108.vaadin1.jar;C:\Users\ga12\.m2\repository\org\springframework\spring-test\6.0.3\spring-test-6.0.3.jar;C:\Users\ga12\.m2\repository\org\xmlunit\xmlunit-core\2.9.0\xmlunit-core-2.9.0.jar;C:\Users\ga12\.m2\repository\org\jetbrains\annotations\23.1.0\annotations-23.1.0.jar;"/>
    <property name="java.vm.vendor" value="Eclipse Adoptium"/>
    <property name="sun.arch.data.model" value="64"/>
    <property name="user.variant" value=""/>
    <property name="java.vendor.url" value="https://adoptium.net/"/>
    <property name="user.timezone" value="Europe/Moscow"/>
    <property name="os.name" value="Windows 10"/>
    <property name="java.vm.specification.version" value="17"/>
    <property name="sun.java.launcher" value="SUN_STANDARD"/>
    <property name="user.country" value="RU"/>
    <property name="sun.boot.library.path" value="C:\Program Files\Eclipse Adoptium\jdk-17.0.7.7-hotspot\bin"/>
    <property name="sun.java.command" value="C:\Users\ga12\AppData\Local\Temp\surefire12865889577969260734\surefirebooter-20230814182515795_3.jar C:\Users\ga12\AppData\Local\Temp\surefire12865889577969260734 2023-08-14T18-25-15_460-jvmRun1 surefire-20230814182515795_1tmp surefire_0-20230814182515795_2tmp"/>
    <property name="jdk.debug" value="release"/>
    <property name="surefire.test.class.path" value="C:\Users\ga12\SpringLearning\SpringLearning\bot\target\test-classes;C:\Users\ga12\SpringLearning\SpringLearning\bot\target\classes;C:\Users\ga12\.m2\repository\org\springframework\boot\spring-boot-starter-web\3.0.1\spring-boot-starter-web-3.0.1.jar;C:\Users\ga12\.m2\repository\org\springframework\boot\spring-boot-starter\3.0.1\spring-boot-starter-3.0.1.jar;C:\Users\ga12\.m2\repository\org\springframework\boot\spring-boot-starter-logging\3.0.1\spring-boot-starter-logging-3.0.1.jar;C:\Users\ga12\.m2\repository\ch\qos\logback\logback-classic\1.4.5\logback-classic-1.4.5.jar;C:\Users\ga12\.m2\repository\ch\qos\logback\logback-core\1.4.5\logback-core-1.4.5.jar;C:\Users\ga12\.m2\repository\org\apache\logging\log4j\log4j-to-slf4j\2.19.0\log4j-to-slf4j-2.19.0.jar;C:\Users\ga12\.m2\repository\org\apache\logging\log4j\log4j-api\2.19.0\log4j-api-2.19.0.jar;C:\Users\ga12\.m2\repository\org\slf4j\jul-to-slf4j\2.0.6\jul-to-slf4j-2.0.6.jar;C:\Users\ga12\.m2\repository\jakarta\annotation\jakarta.annotation-api\2.1.1\jakarta.annotation-api-2.1.1.jar;C:\Users\ga12\.m2\repository\org\yaml\snakeyaml\1.33\snakeyaml-1.33.jar;C:\Users\ga12\.m2\repository\org\springframework\boot\spring-boot-starter-json\3.0.1\spring-boot-starter-json-3.0.1.jar;C:\Users\ga12\.m2\repository\com\fasterxml\jackson\core\jackson-databind\2.14.1\jackson-databind-2.14.1.jar;C:\Users\ga12\.m2\repository\com\fasterxml\jackson\core\jackson-annotations\2.14.1\jackson-annotations-2.14.1.jar;C:\Users\ga12\.m2\repository\com\fasterxml\jackson\core\jackson-core\2.14.1\jackson-core-2.14.1.jar;C:\Users\ga12\.m2\repository\com\fasterxml\jackson\datatype\jackson-datatype-jdk8\2.14.1\jackson-datatype-jdk8-2.14.1.jar;C:\Users\ga12\.m2\repository\com\fasterxml\jackson\datatype\jackson-datatype-jsr310\2.14.1\jackson-datatype-jsr310-2.14.1.jar;C:\Users\ga12\.m2\repository\com\fasterxml\jackson\module\jackson-module-parameter-names\2.14.1\jackson-module-parameter-names-2.14.1.jar;C:\Users\ga12\.m2\repository\org\springframework\boot\spring-boot-starter-tomcat\3.0.1\spring-boot-starter-tomcat-3.0.1.jar;C:\Users\ga12\.m2\repository\org\apache\tomcat\embed\tomcat-embed-core\10.1.4\tomcat-embed-core-10.1.4.jar;C:\Users\ga12\.m2\repository\org\apache\tomcat\embed\tomcat-embed-websocket\10.1.4\tomcat-embed-websocket-10.1.4.jar;C:\Users\ga12\.m2\repository\org\springframework\spring-web\6.0.3\spring-web-6.0.3.jar;C:\Users\ga12\.m2\repository\io\micrometer\micrometer-observation\1.10.2\micrometer-observation-1.10.2.jar;C:\Users\ga12\.m2\repository\io\micrometer\micrometer-commons\1.10.2\micrometer-commons-1.10.2.jar;C:\Users\ga12\.m2\repository\org\springframework\spring-webmvc\6.0.3\spring-webmvc-6.0.3.jar;C:\Users\ga12\.m2\repository\org\springframework\spring-aop\6.0.3\spring-aop-6.0.3.jar;C:\Users\ga12\.m2\repository\org\springframework\spring-context\6.0.3\spring-context-6.0.3.jar;C:\Users\ga12\.m2\repository\org\springframework\spring-expression\6.0.3\spring-expression-6.0.3.jar;C:\Users\ga12\.m2\repository\org\springframework\boot\spring-boot-starter-validation\3.0.1\spring-boot-starter-validation-3.0.1.jar;C:\Users\ga12\.m2\repository\org\apache\tomcat\embed\tomcat-embed-el\10.1.4\tomcat-embed-el-10.1.4.jar;C:\Users\ga12\.m2\repository\org\hibernate\validator\hibernate-validator\8.0.0.Final\hibernate-validator-8.0.0.Final.jar;C:\Users\ga12\.m2\repository\jakarta\validation\jakarta.validation-api\3.0.2\jakarta.validation-api-3.0.2.jar;C:\Users\ga12\.m2\repository\org\jboss\logging\jboss-logging\3.5.0.Final\jboss-logging-3.5.0.Final.jar;C:\Users\ga12\.m2\repository\com\fasterxml\classmate\1.5.1\classmate-1.5.1.jar;C:\Users\ga12\.m2\repository\org\springframework\boot\spring-boot-devtools\3.0.1\spring-boot-devtools-3.0.1.jar;C:\Users\ga12\.m2\repository\org\springframework\boot\spring-boot\3.0.1\spring-boot-3.0.1.jar;C:\Users\ga12\.m2\repository\org\springframework\boot\spring-boot-autoconfigure\3.0.1\spring-boot-autoconfigure-3.0.1.jar;C:\Users\ga12\.m2\repository\org\springframework\boot\spring-boot-configuration-processor\3.0.1\spring-boot-configuration-processor-3.0.1.jar;C:\Users\ga12\.m2\repository\org\springframework\spring-context-indexer\6.0.3\spring-context-indexer-6.0.3.jar;C:\Users\ga12\.m2\repository\org\projectlombok\lombok\1.18.24\lombok-1.18.24.jar;C:\Users\ga12\.m2\repository\org\springdoc\springdoc-openapi-starter-webmvc-ui\2.0.2\springdoc-openapi-starter-webmvc-ui-2.0.2.jar;C:\Users\ga12\.m2\repository\org\springdoc\springdoc-openapi-starter-webmvc-api\2.0.2\springdoc-openapi-starter-webmvc-api-2.0.2.jar;C:\Users\ga12\.m2\repository\org\springdoc\springdoc-openapi-starter-common\2.0.2\springdoc-openapi-starter-common-2.0.2.jar;C:\Users\ga12\.m2\repository\io\swagger\core\v3\swagger-core-jakarta\2.2.7\swagger-core-jakarta-2.2.7.jar;C:\Users\ga12\.m2\repository\org\apache\commons\commons-lang3\3.12.0\commons-lang3-3.12.0.jar;C:\Users\ga12\.m2\repository\io\swagger\core\v3\swagger-annotations-jakarta\2.2.7\swagger-annotations-jakarta-2.2.7.jar;C:\Users\ga12\.m2\repository\io\swagger\core\v3\swagger-models-jakarta\2.2.7\swagger-models-jakarta-2.2.7.jar;C:\Users\ga12\.m2\repository\com\fasterxml\jackson\dataformat\jackson-dataformat-yaml\2.14.1\jackson-dataformat-yaml-2.14.1.jar;C:\Users\ga12\.m2\repository\org\webjars\swagger-ui\4.15.5\swagger-ui-4.15.5.jar;C:\Users\ga12\.m2\repository\org\webjars\webjars-locator-core\0.52\webjars-locator-core-0.52.jar;C:\Users\ga12\.m2\repository\org\slf4j\slf4j-api\2.0.6\slf4j-api-2.0.6.jar;C:\Users\ga12\.m2\repository\io\github\classgraph\classgraph\4.8.149\classgraph-4.8.149.jar;C:\Users\ga12\.m2\repository\com\github\pengrad\java-telegram-bot-api\6.7.0\java-telegram-bot-api-6.7.0.jar;C:\Users\ga12\.m2\repository\com\google\code\gson\gson\2.9.1\gson-2.9.1.jar;C:\Users\ga12\.m2\repository\com\squareup\okhttp3\okhttp\4.10.0\okhttp-4.10.0.jar;C:\Users\ga12\.m2\repository\com\squareup\okio\okio-jvm\3.0.0\okio-jvm-3.0.0.jar;C:\Users\ga12\.m2\repository\org\jetbrains\kotlin\kotlin-stdlib-common\1.7.22\kotlin-stdlib-common-1.7.22.jar;C:\Users\ga12\.m2\repository\org\jetbrains\kotlin\kotlin-stdlib\1.7.22\kotlin-stdlib-1.7.22.jar;C:\Users\ga12\.m2\repository\com\squareup\okhttp3\logging-interceptor\4.10.0\logging-interceptor-4.10.0.jar;C:\Users\ga12\.m2\repository\org\jetbrains\kotlin\kotlin-stdlib-jdk8\1.7.22\kotlin-stdlib-jdk8-1.7.22.jar;C:\Users\ga12\.m2\repository\org\jetbrains\kotlin\kotlin-stdlib-jdk7\1.7.22\kotlin-stdlib-jdk7-1.7.22.jar;C:\Users\ga12\.m2\repository\org\springframework\spring-webflux\6.0.3\spring-webflux-6.0.3.jar;C:\Users\ga12\.m2\repository\org\springframework\spring-beans\6.0.3\spring-beans-6.0.3.jar;C:\Users\ga12\.m2\repository\org\springframework\spring-core\6.0.3\spring-core-6.0.3.jar;C:\Users\ga12\.m2\repository\org\springframework\spring-jcl\6.0.3\spring-jcl-6.0.3.jar;C:\Users\ga12\.m2\repository\io\projectreactor\reactor-core\3.5.1\reactor-core-3.5.1.jar;C:\Users\ga12\.m2\repository\org\reactivestreams\reactive-streams\1.0.4\reactive-streams-1.0.4.jar;C:\Users\ga12\.m2\repository\org\springframework\boot\spring-boot-starter-test\3.0.1\spring-boot-starter-test-3.0.1.jar;C:\Users\ga12\.m2\repository\org\springframework\boot\spring-boot-test\3.0.1\spring-boot-test-3.0.1.jar;C:\Users\ga12\.m2\repository\org\springframework\boot\spring-boot-test-autoconfigure\3.0.1\spring-boot-test-autoconfigure-3.0.1.jar;C:\Users\ga12\.m2\repository\com\jayway\jsonpath\json-path\2.7.0\json-path-2.7.0.jar;C:\Users\ga12\.m2\repository\net\minidev\json-smart\2.4.8\json-smart-2.4.8.jar;C:\Users\ga12\.m2\repository\net\minidev\accessors-smart\2.4.8\accessors-smart-2.4.8.jar;C:\Users\ga12\.m2\repository\org\ow2\asm\asm\9.1\asm-9.1.jar;C:\Users\ga12\.m2\repository\jakarta\xml\bind\jakarta.xml.bind-api\4.0.0\jakarta.xml.bind-api-4.0.0.jar;C:\Users\ga12\.m2\repository\jakarta\activation\jakarta.activation-api\2.1.0\jakarta.activation-api-2.1.0.jar;C:\Users\ga12\.m2\repository\org\assertj\assertj-core\3.23.1\assertj-core-3.23.1.jar;C:\Users\ga12\.m2\repository\net\bytebuddy\byte-buddy\1.12.20\byte-buddy-1.12.20.jar;C:\Users\ga12\.m2\repository\org\hamcrest\hamcrest\2.2\hamcrest-2.2.jar;C:\Users\ga12\.m2\repository\org\junit\jupiter\junit-jupiter\5.9.1\junit-jupiter-5.9.1.jar;C:\Users\ga12\.m2\repository\org\junit\jupiter\junit-jupiter-api\5.9.1\junit-jupiter-api-5.9.1.jar;C:\Users\ga12\.m2\repository\org\opentest4j\opentest4j\1.2.0\opentest4j-1.2.0.jar;C:\Users\ga12\.m2\repository\org\junit\platform\junit-platform-commons\1.9.1\junit-platform-commons-1.9.1.jar;C:\Users\ga12\.m2\repository\org\apiguardian\apiguardian-api\1.1.2\apiguardian-api-1.1.2.jar;C:\Users\ga12\.m2\repository\org\junit\jupiter\junit-jupiter-params\5.9.1\junit-jupiter-params-5.9.1.jar;C:\Users\ga12\.m2\repository\org\junit\jupiter\junit-jupiter-engine\5.9.1\junit-jupiter-engine-5.9.1.jar;C:\Users\ga12\.m2\repository\org\junit\platform\junit-platform-engine\1.9.1\junit-platform-engine-1.9.1.jar;C:\Users\ga12\.m2\repository\org\mockito\mockito-core\4.8.1\mockito-core-4.8.1.jar;C:\Users\ga12\.m2\repository\net\bytebuddy\byte-buddy-agent\1.12.20\byte-buddy-agent-1.12.20.jar;C:\Users\ga12\.m2\repository\org\objenesis\objenesis\3.2\objenesis-3.2.jar;C:\Users\ga12\.m2\repository\org\mockito\mockito-junit-jupiter\4.8.1\mockito-junit-jupiter-4.8.1.jar;C:\Users\ga12\.m2\repository\org\skyscreamer\jsonassert\1.5.1\jsonassert-1.5.1.jar;C:\Users\ga12\.m2\repository\com\vaadin\external\google\android-json\0.0.20131108.vaadin1\android-json-0.0.20131108.vaadin1.jar;C:\Users\ga12\.m2\repository\org\springframework\spring-test\6.0.3\spring-test-6.0.3.jar;C:\Users\ga12\.m2\repository\org\xmlunit\xmlunit-core\2.9.0\xmlunit-core-2.9.0.jar;C:\Users\ga12\.m2\repository\org\jetbrains\annotations\23.1.0\annotations-23.1.0.jar;"/>
    <property name="sun.cpu.endian" value="little"/>
    <property name="user.home" value="C:\Users\ga12"/>
    <property name="user.language" value="ru"/>
    <property name="java.specification.vendor" value="Oracle Corporation"/>
    <property name="java.version.date" value="2023-04-18"/>
    <property name="java.home" value="C:\Program Files\Eclipse Adoptium\jdk-17.0.7.7-hotspot"/>
    <property name="file.separator" value="\"/>
    <property name="basedir" value="C:\Users\ga12\SpringLearning\SpringLearning\bot"/>
    <property name="java.vm.compressedOopsMode" value="32-bit"/>
    <property name="line.separator" value="&#10;"/>
    <property name="java.vm.specification.vendor" value="Oracle Corporation"/>
    <property name="java.specification.name" value="Java Platform API Specification"/>
    <property name="surefire.real.class.path" value="C:\Users\ga12\AppData\Local\Temp\surefire12865889577969260734\surefirebooter-20230814182515795_3.jar"/>
    <property name="user.script" value=""/>
    <property name="sun.management.compiler" value="HotSpot 64-Bit Tiered Compilers"/>
    <property name="java.runtime.version" value="17.0.7+7"/>
    <property name="user.name" value="ga12"/>
    <property name="path.separator" value=";"/>
    <property name="os.version" value="10.0"/>
    <property name="java.runtime.name" value="OpenJDK Runtime Environment"/>
    <property name="file.encoding" value="Cp1251"/>
    <property name="java.vm.name" value="OpenJDK 64-Bit Server VM"/>
    <property name="java.vendor.version" value="Temurin-17.0.7+7"/>
    <property name="localRepository" value="C:\Users\ga12\.m2\repository"/>
    <property name="java.vendor.url.bug" value="https://github.com/adoptium/adoptium-support/issues"/>
    <property name="java.io.tmpdir" value="C:\Users\ga12\AppData\Local\Temp\"/>
    <property name="java.version" value="17.0.7"/>
    <property name="user.dir" value="C:\Users\ga12\SpringLearning\SpringLearning\bot"/>
    <property name="os.arch" value="amd64"/>
    <property name="java.vm.specification.name" value="Java Virtual Machine Specification"/>
    <property name="sun.os.patch.level" value=""/>
    <property name="native.encoding" value="Cp1251"/>
    <property name="java.library.path" value="C:\Program Files\Eclipse Adoptium\jdk-17.0.7.7-hotspot\bin;C:\Windows\Sun\Java\bin;C:\Windows\system32;C:\Windows;C:\Program Files\Eclipse Adoptium\jdk-17.0.7.7-hotspot\bin;C:\Program Files\Common Files\Oracle\Java\javapath;C:\ProgramData\Oracle\Java\javapath;C:\Windows\system32;C:\Windows;C:\Windows\System32\Wbem;C:\Windows\System32\WindowsPowerShell\v1.0\;C:\Windows\System32\OpenSSH\;C:\Program Files (x86)\NVIDIA Corporation\PhysX\Common;C:\Program Files\dotnet\;C:\Program Files\Microsoft SQL Server\130\Tools\Binn\;C:\Program Files\Microsoft SQL Server\Client SDK\ODBC\170\Tools\Binn\;C:\Program Files\Common Files\Autodesk Shared\;C:\Program Files\Microsoft SQL Server\120\Tools\Binn\;C:\Program Files\apache-maven-3.9.3\bin;;C:\Program Files\Docker\Docker\resources\bin;C:\Users\ga12\AppData\Local\Programs\Python\Python311\Scripts\;C:\Users\ga12\AppData\Local\Programs\Python\Python311\;C:\Users\ga12\AppData\Local\Microsoft\WindowsApps;C:\Users\ga12\.dotnet\tools;C:\Program Files\JetBrains\CLion 2022.2.3\bin;C:\Users\ga12\AppData\Local\GitHubDesktop\bin;C:\Program Files\JetBrains\IntelliJ IDEA 2022.3.2\bin;C:\Users\ga12\AppData\Local\atom\bin;."/>
    <property name="java.vm.info" value="mixed mode, sharing"/>
    <property name="java.vendor" value="Eclipse Adoptium"/>
    <property name="java.vm.version" value="17.0.7+7"/>
    <property name="sun.io.unicode.encoding" value="UnicodeLittle"/>
    <property name="java.class.version" value="61.0"/>
  </properties>
  <testcase name="listCommandWhenHasElements_thenReturnThem" classname="ga12.CommandsTest" time="1.576">
    <system-out><![CDATA[18:25:18.777 [main] DEBUG org.springframework.test.util.ReflectionTestUtils - Setting field 'message' of type [null] on target object [Update{update_id=null, message=null, edited_message=null, channel_post=null, edited_channel_post=null, inline_query=null, chosen_inline_result=null, callback_query=null, shipping_query=null, pre_checkout_query=null, poll=null, poll_answer=null, my_chat_member=null, chat_member=null, chat_join_request=null}] or target class [class com.pengrad.telegrambot.model.Update] to value [Message{message_id=null, message_thread_id=null, from=null, sender_chat=null, date=null, chat=null, forward_from=null, forward_from_chat=null, forward_from_message_id=null, forward_signature='null', forward_sender_name='null', forward_date=null, is_topic_message=null, is_automatic_forward=null, reply_to_message=null, via_bot=null, edit_date=null, has_protected_content=null, has_media_spoiler=null, media_group_id='null', author_signature='null', text='null', entities=null, caption_entities=null, audio=null, document=null, animation=null, game=null, photo=null, sticker=null, video=null, voice=null, video_note=null, caption='null', contact=null, location=null, venue=null, poll=null, dice=null, new_chat_members=null, left_chat_member=null, new_chat_title='null', new_chat_photo=null, delete_chat_photo=null, group_chat_created=null, supergroup_chat_created=null, channel_chat_created=null, message_auto_delete_timer_changed=null, migrate_to_chat_id=null, migrate_from_chat_id=null, pinned_message=null, invoice=null, successful_payment=null, user_shared=null, chat_shared=null, connected_website='null', passport_data=null, proximity_alert_triggered=null, forum_topic_created=null, forum_topic_edited=null, forum_topic_closed=null, forum_topic_reopened=null, general_forum_topic_hidden=null, general_forum_topic_unhidden=null, write_access_allowed=null, video_chat_started=null, video_chat_ended=null, video_chat_participants_invited=null, video_chat_scheduled=null, reply_markup=null, web_app_data=null}]
18:25:18.796 [main] DEBUG org.springframework.test.util.ReflectionTestUtils - Setting field 'chat' of type [null] on target object [Message{message_id=null, message_thread_id=null, from=null, sender_chat=null, date=null, chat=null, forward_from=null, forward_from_chat=null, forward_from_message_id=null, forward_signature='null', forward_sender_name='null', forward_date=null, is_topic_message=null, is_automatic_forward=null, reply_to_message=null, via_bot=null, edit_date=null, has_protected_content=null, has_media_spoiler=null, media_group_id='null', author_signature='null', text='null', entities=null, caption_entities=null, audio=null, document=null, animation=null, game=null, photo=null, sticker=null, video=null, voice=null, video_note=null, caption='null', contact=null, location=null, venue=null, poll=null, dice=null, new_chat_members=null, left_chat_member=null, new_chat_title='null', new_chat_photo=null, delete_chat_photo=null, group_chat_created=null, supergroup_chat_created=null, channel_chat_created=null, message_auto_delete_timer_changed=null, migrate_to_chat_id=null, migrate_from_chat_id=null, pinned_message=null, invoice=null, successful_payment=null, user_shared=null, chat_shared=null, connected_website='null', passport_data=null, proximity_alert_triggered=null, forum_topic_created=null, forum_topic_edited=null, forum_topic_closed=null, forum_topic_reopened=null, general_forum_topic_hidden=null, general_forum_topic_unhidden=null, write_access_allowed=null, video_chat_started=null, video_chat_ended=null, video_chat_participants_invited=null, video_chat_scheduled=null, reply_markup=null, web_app_data=null}] or target class [class com.pengrad.telegrambot.model.Message] to value [Chat{id=null, type=null, first_name='null', last_name='null', is_forum=null, username='null', title='null', photo=null, active_usernames=null, emoji_status_custom_emoji_id='null', bio='null', has_private_forwards=null, has_restricted_voice_and_video_messages=null, has_hidden_members=null, has_aggressive_anti_spam_enabled=null, join_to_send_messages=null, join_by_request=null, description='null', invite_link='null', pinned_message=null, permissions=null, slow_mode_delay=null, message_auto_delete_time=null, has_protected_content=null, sticker_set_name='null', can_set_sticker_set=null, linked_chat_id=null, location=null}]
18:25:18.798 [main] DEBUG org.springframework.test.util.ReflectionTestUtils - Setting field 'id' of type [null] on target object [Chat{id=null, type=null, first_name='null', last_name='null', is_forum=null, username='null', title='null', photo=null, active_usernames=null, emoji_status_custom_emoji_id='null', bio='null', has_private_forwards=null, has_restricted_voice_and_video_messages=null, has_hidden_members=null, has_aggressive_anti_spam_enabled=null, join_to_send_messages=null, join_by_request=null, description='null', invite_link='null', pinned_message=null, permissions=null, slow_mode_delay=null, message_auto_delete_time=null, has_protected_content=null, sticker_set_name='null', can_set_sticker_set=null, linked_chat_id=null, location=null}] or target class [class com.pengrad.telegrambot.model.Chat] to value [1]
]]></system-out>
  </testcase>
  <testcase name="listCommandWhenEmpty_shouldReturnSpecialMessageTest" classname="ga12.CommandsTest" time="0.019">
    <system-out><![CDATA[18:25:19.002 [main] DEBUG org.springframework.test.util.ReflectionTestUtils - Setting field 'message' of type [null] on target object [Update{update_id=null, message=null, edited_message=null, channel_post=null, edited_channel_post=null, inline_query=null, chosen_inline_result=null, callback_query=null, shipping_query=null, pre_checkout_query=null, poll=null, poll_answer=null, my_chat_member=null, chat_member=null, chat_join_request=null}] or target class [class com.pengrad.telegrambot.model.Update] to value [Message{message_id=null, message_thread_id=null, from=null, sender_chat=null, date=null, chat=null, forward_from=null, forward_from_chat=null, forward_from_message_id=null, forward_signature='null', forward_sender_name='null', forward_date=null, is_topic_message=null, is_automatic_forward=null, reply_to_message=null, via_bot=null, edit_date=null, has_protected_content=null, has_media_spoiler=null, media_group_id='null', author_signature='null', text='null', entities=null, caption_entities=null, audio=null, document=null, animation=null, game=null, photo=null, sticker=null, video=null, voice=null, video_note=null, caption='null', contact=null, location=null, venue=null, poll=null, dice=null, new_chat_members=null, left_chat_member=null, new_chat_title='null', new_chat_photo=null, delete_chat_photo=null, group_chat_created=null, supergroup_chat_created=null, channel_chat_created=null, message_auto_delete_timer_changed=null, migrate_to_chat_id=null, migrate_from_chat_id=null, pinned_message=null, invoice=null, successful_payment=null, user_shared=null, chat_shared=null, connected_website='null', passport_data=null, proximity_alert_triggered=null, forum_topic_created=null, forum_topic_edited=null, forum_topic_closed=null, forum_topic_reopened=null, general_forum_topic_hidden=null, general_forum_topic_unhidden=null, write_access_allowed=null, video_chat_started=null, video_chat_ended=null, video_chat_participants_invited=null, video_chat_scheduled=null, reply_markup=null, web_app_data=null}]
18:25:19.003 [main] DEBUG org.springframework.test.util.ReflectionTestUtils - Setting field 'chat' of type [null] on target object [Message{message_id=null, message_thread_id=null, from=null, sender_chat=null, date=null, chat=null, forward_from=null, forward_from_chat=null, forward_from_message_id=null, forward_signature='null', forward_sender_name='null', forward_date=null, is_topic_message=null, is_automatic_forward=null, reply_to_message=null, via_bot=null, edit_date=null, has_protected_content=null, has_media_spoiler=null, media_group_id='null', author_signature='null', text='null', entities=null, caption_entities=null, audio=null, document=null, animation=null, game=null, photo=null, sticker=null, video=null, voice=null, video_note=null, caption='null', contact=null, location=null, venue=null, poll=null, dice=null, new_chat_members=null, left_chat_member=null, new_chat_title='null', new_chat_photo=null, delete_chat_photo=null, group_chat_created=null, supergroup_chat_created=null, channel_chat_created=null, message_auto_delete_timer_changed=null, migrate_to_chat_id=null, migrate_from_chat_id=null, pinned_message=null, invoice=null, successful_payment=null, user_shared=null, chat_shared=null, connected_website='null', passport_data=null, proximity_alert_triggered=null, forum_topic_created=null, forum_topic_edited=null, forum_topic_closed=null, forum_topic_reopened=null, general_forum_topic_hidden=null, general_forum_topic_unhidden=null, write_access_allowed=null, video_chat_started=null, video_chat_ended=null, video_chat_participants_invited=null, video_chat_scheduled=null, reply_markup=null, web_app_data=null}] or target class [class com.pengrad.telegrambot.model.Message] to value [Chat{id=null, type=null, first_name='null', last_name='null', is_forum=null, username='null', title='null', photo=null, active_usernames=null, emoji_status_custom_emoji_id='null', bio='null', has_private_forwards=null, has_restricted_voice_and_video_messages=null, has_hidden_members=null, has_aggressive_anti_spam_enabled=null, join_to_send_messages=null, join_by_request=null, description='null', invite_link='null', pinned_message=null, permissions=null, slow_mode_delay=null, message_auto_delete_time=null, has_protected_content=null, sticker_set_name='null', can_set_sticker_set=null, linked_chat_id=null, location=null}]
18:25:19.004 [main] DEBUG org.springframework.test.util.ReflectionTestUtils - Setting field 'id' of type [null] on target object [Chat{id=null, type=null, first_name='null', last_name='null', is_forum=null, username='null', title='null', photo=null, active_usernames=null, emoji_status_custom_emoji_id='null', bio='null', has_private_forwards=null, has_restricted_voice_and_video_messages=null, has_hidden_members=null, has_aggressive_anti_spam_enabled=null, join_to_send_messages=null, join_by_request=null, description='null', invite_link='null', pinned_message=null, permissions=null, slow_mode_delay=null, message_auto_delete_time=null, has_protected_content=null, sticker_set_name='null', can_set_sticker_set=null, linked_chat_id=null, location=null}] or target class [class com.pengrad.telegrambot.model.Chat] to value [1]
]]></system-out>
  </testcase>
</testsuite>